Vivado Simulator 2018.3
Time resolution is 1 ps
 Block Memory Generator module loading initial data...
 Block Memory Generator data initialization complete.
Block Memory Generator module MNIST_Solver_TB.DUT.in_buf.ram.inst.native_mem_module.blk_mem_gen_v8_4_2_inst is using a behavioral model for simulation which will not precisely model memory collision behavior.
 Block Memory Generator module loading initial data...
 Block Memory Generator data initialization complete.
Block Memory Generator module MNIST_Solver_TB.DUT.obuf_gen[0].c1_obuf.ram.inst.native_mem_module.blk_mem_gen_v8_4_2_inst is using a behavioral model for simulation which will not precisely model memory collision behavior.
 Block Memory Generator module loading initial data...
 Block Memory Generator data initialization complete.
Block Memory Generator module MNIST_Solver_TB.DUT.obuf_gen[0].mp_obuf.ram.inst.native_mem_module.blk_mem_gen_v8_4_2_inst is using a behavioral model for simulation which will not precisely model memory collision behavior.
 Block Memory Generator module loading initial data...
 Block Memory Generator data initialization complete.
Block Memory Generator module MNIST_Solver_TB.DUT.obuf_gen[1].c1_obuf.ram.inst.native_mem_module.blk_mem_gen_v8_4_2_inst is using a behavioral model for simulation which will not precisely model memory collision behavior.
 Block Memory Generator module loading initial data...
 Block Memory Generator data initialization complete.
Block Memory Generator module MNIST_Solver_TB.DUT.obuf_gen[1].mp_obuf.ram.inst.native_mem_module.blk_mem_gen_v8_4_2_inst is using a behavioral model for simulation which will not precisely model memory collision behavior.
 Block Memory Generator module loading initial data...
 Block Memory Generator data initialization complete.
Block Memory Generator module MNIST_Solver_TB.DUT.obuf_gen[2].c1_obuf.ram.inst.native_mem_module.blk_mem_gen_v8_4_2_inst is using a behavioral model for simulation which will not precisely model memory collision behavior.
 Block Memory Generator module loading initial data...
 Block Memory Generator data initialization complete.
Block Memory Generator module MNIST_Solver_TB.DUT.obuf_gen[2].mp_obuf.ram.inst.native_mem_module.blk_mem_gen_v8_4_2_inst is using a behavioral model for simulation which will not precisely model memory collision behavior.
 Block Memory Generator module loading initial data...
 Block Memory Generator data initialization complete.
Block Memory Generator module MNIST_Solver_TB.DUT.obuf_gen[3].c1_obuf.ram.inst.native_mem_module.blk_mem_gen_v8_4_2_inst is using a behavioral model for simulation which will not precisely model memory collision behavior.
 Block Memory Generator module loading initial data...
 Block Memory Generator data initialization complete.
Block Memory Generator module MNIST_Solver_TB.DUT.obuf_gen[3].mp_obuf.ram.inst.native_mem_module.blk_mem_gen_v8_4_2_inst is using a behavioral model for simulation which will not precisely model memory collision behavior.
 Block Memory Generator module loading initial data...
 Block Memory Generator data initialization complete.
Block Memory Generator module MNIST_Solver_TB.DUT.obuf_gen[4].c1_obuf.ram.inst.native_mem_module.blk_mem_gen_v8_4_2_inst is using a behavioral model for simulation which will not precisely model memory collision behavior.
 Block Memory Generator module loading initial data...
 Block Memory Generator data initialization complete.
Block Memory Generator module MNIST_Solver_TB.DUT.obuf_gen[4].mp_obuf.ram.inst.native_mem_module.blk_mem_gen_v8_4_2_inst is using a behavioral model for simulation which will not precisely model memory collision behavior.
 Block Memory Generator module loading initial data...
 Block Memory Generator data initialization complete.
Block Memory Generator module MNIST_Solver_TB.DUT.obuf_gen[5].c1_obuf.ram.inst.native_mem_module.blk_mem_gen_v8_4_2_inst is using a behavioral model for simulation which will not precisely model memory collision behavior.
 Block Memory Generator module loading initial data...
 Block Memory Generator data initialization complete.
Block Memory Generator module MNIST_Solver_TB.DUT.obuf_gen[5].mp_obuf.ram.inst.native_mem_module.blk_mem_gen_v8_4_2_inst is using a behavioral model for simulation which will not precisely model memory collision behavior.
 Block Memory Generator module loading initial data...
 Block Memory Generator data initialization complete.
Block Memory Generator module MNIST_Solver_TB.DUT.conv_2_obuf_gen[0].c2_obuf.ram.inst.native_mem_module.blk_mem_gen_v8_4_2_inst is using a behavioral model for simulation which will not precisely model memory collision behavior.
 Block Memory Generator module loading initial data...
 Block Memory Generator data initialization complete.
Block Memory Generator module MNIST_Solver_TB.DUT.conv_2_obuf_gen[1].c2_obuf.ram.inst.native_mem_module.blk_mem_gen_v8_4_2_inst is using a behavioral model for simulation which will not precisely model memory collision behavior.
 Block Memory Generator module loading initial data...
 Block Memory Generator data initialization complete.
Block Memory Generator module MNIST_Solver_TB.DUT.conv_2_obuf_gen[2].c2_obuf.ram.inst.native_mem_module.blk_mem_gen_v8_4_2_inst is using a behavioral model for simulation which will not precisely model memory collision behavior.
 Block Memory Generator module loading initial data...
 Block Memory Generator data initialization complete.
Block Memory Generator module MNIST_Solver_TB.DUT.conv_2_obuf_gen[3].c2_obuf.ram.inst.native_mem_module.blk_mem_gen_v8_4_2_inst is using a behavioral model for simulation which will not precisely model memory collision behavior.
 Block Memory Generator module loading initial data...
 Block Memory Generator data initialization complete.
Block Memory Generator module MNIST_Solver_TB.DUT.conv_2_obuf_gen[4].c2_obuf.ram.inst.native_mem_module.blk_mem_gen_v8_4_2_inst is using a behavioral model for simulation which will not precisely model memory collision behavior.
 Block Memory Generator module loading initial data...
 Block Memory Generator data initialization complete.
Block Memory Generator module MNIST_Solver_TB.DUT.conv_2_obuf_gen[5].c2_obuf.ram.inst.native_mem_module.blk_mem_gen_v8_4_2_inst is using a behavioral model for simulation which will not precisely model memory collision behavior.
 Block Memory Generator module loading initial data...
 Block Memory Generator data initialization complete.
Block Memory Generator module MNIST_Solver_TB.DUT.conv_2_obuf_gen[6].c2_obuf.ram.inst.native_mem_module.blk_mem_gen_v8_4_2_inst is using a behavioral model for simulation which will not precisely model memory collision behavior.
 Block Memory Generator module loading initial data...
 Block Memory Generator data initialization complete.
Block Memory Generator module MNIST_Solver_TB.DUT.conv_2_obuf_gen[7].c2_obuf.ram.inst.native_mem_module.blk_mem_gen_v8_4_2_inst is using a behavioral model for simulation which will not precisely model memory collision behavior.
 Block Memory Generator module loading initial data...
 Block Memory Generator data initialization complete.
Block Memory Generator module MNIST_Solver_TB.DUT.conv_2_obuf_gen[8].c2_obuf.ram.inst.native_mem_module.blk_mem_gen_v8_4_2_inst is using a behavioral model for simulation which will not precisely model memory collision behavior.
 Block Memory Generator module loading initial data...
 Block Memory Generator data initialization complete.
Block Memory Generator module MNIST_Solver_TB.DUT.conv_2_obuf_gen[9].c2_obuf.ram.inst.native_mem_module.blk_mem_gen_v8_4_2_inst is using a behavioral model for simulation which will not precisely model memory collision behavior.
 Block Memory Generator module loading initial data...
 Block Memory Generator data initialization complete.
Block Memory Generator module MNIST_Solver_TB.DUT.conv_2_obuf_gen[10].c2_obuf.ram.inst.native_mem_module.blk_mem_gen_v8_4_2_inst is using a behavioral model for simulation which will not precisely model memory collision behavior.
 Block Memory Generator module loading initial data...
 Block Memory Generator data initialization complete.
Block Memory Generator module MNIST_Solver_TB.DUT.conv_2_obuf_gen[11].c2_obuf.ram.inst.native_mem_module.blk_mem_gen_v8_4_2_inst is using a behavioral model for simulation which will not precisely model memory collision behavior.
 Block Memory Generator module loading initial data...
 Block Memory Generator data initialization complete.
Block Memory Generator module MNIST_Solver_TB.DUT.conv_2_obuf_gen[12].c2_obuf.ram.inst.native_mem_module.blk_mem_gen_v8_4_2_inst is using a behavioral model for simulation which will not precisely model memory collision behavior.
 Block Memory Generator module loading initial data...
 Block Memory Generator data initialization complete.
Block Memory Generator module MNIST_Solver_TB.DUT.conv_2_obuf_gen[13].c2_obuf.ram.inst.native_mem_module.blk_mem_gen_v8_4_2_inst is using a behavioral model for simulation which will not precisely model memory collision behavior.
 Block Memory Generator module loading initial data...
 Block Memory Generator data initialization complete.
Block Memory Generator module MNIST_Solver_TB.DUT.conv_2_obuf_gen[14].c2_obuf.ram.inst.native_mem_module.blk_mem_gen_v8_4_2_inst is using a behavioral model for simulation which will not precisely model memory collision behavior.
 Block Memory Generator module loading initial data...
 Block Memory Generator data initialization complete.
Block Memory Generator module MNIST_Solver_TB.DUT.conv_2_obuf_gen[15].c2_obuf.ram.inst.native_mem_module.blk_mem_gen_v8_4_2_inst is using a behavioral model for simulation which will not precisely model memory collision behavior.
 Block Memory Generator module loading initial data...
 Block Memory Generator data initialization complete.
Block Memory Generator module MNIST_Solver_TB.DUT.conv_2_obuf_gen[16].c2_obuf.ram.inst.native_mem_module.blk_mem_gen_v8_4_2_inst is using a behavioral model for simulation which will not precisely model memory collision behavior.
 Block Memory Generator module loading initial data...
 Block Memory Generator data initialization complete.
Block Memory Generator module MNIST_Solver_TB.DUT.conv_2_obuf_gen[17].c2_obuf.ram.inst.native_mem_module.blk_mem_gen_v8_4_2_inst is using a behavioral model for simulation which will not precisely model memory collision behavior.
 Block Memory Generator module loading initial data...
 Block Memory Generator data initialization complete.
Block Memory Generator module MNIST_Solver_TB.DUT.conv_2_obuf_gen[18].c2_obuf.ram.inst.native_mem_module.blk_mem_gen_v8_4_2_inst is using a behavioral model for simulation which will not precisely model memory collision behavior.
 Block Memory Generator module loading initial data...
 Block Memory Generator data initialization complete.
Block Memory Generator module MNIST_Solver_TB.DUT.conv_2_obuf_gen[19].c2_obuf.ram.inst.native_mem_module.blk_mem_gen_v8_4_2_inst is using a behavioral model for simulation which will not precisely model memory collision behavior.
blk_mem_gen_v8_4_2 collision detected at time: 450000, Instance: MNIST_Solver_TB.DUT.in_buf.ram.inst.native_mem_module.blk_mem_gen_v8_4_2_inst, A write address: 0, B read address: 0
 Block Memory Generator module loading initial data...
 Block Memory Generator data initialization complete.
Block Memory Generator module MNIST_Solver_TB.DUT.in_buf.ram.inst.native_mem_module.blk_mem_gen_v8_4_2_inst is using a behavioral model for simulation which will not precisely model memory collision behavior.
 Block Memory Generator module loading initial data...
 Block Memory Generator data initialization complete.
Block Memory Generator module MNIST_Solver_TB.DUT.obuf_gen[0].c1_obuf.ram.inst.native_mem_module.blk_mem_gen_v8_4_2_inst is using a behavioral model for simulation which will not precisely model memory collision behavior.
 Block Memory Generator module loading initial data...
 Block Memory Generator data initialization complete.
Block Memory Generator module MNIST_Solver_TB.DUT.obuf_gen[0].mp_obuf.ram.inst.native_mem_module.blk_mem_gen_v8_4_2_inst is using a behavioral model for simulation which will not precisely model memory collision behavior.
 Block Memory Generator module loading initial data...
 Block Memory Generator data initialization complete.
Block Memory Generator module MNIST_Solver_TB.DUT.obuf_gen[1].c1_obuf.ram.inst.native_mem_module.blk_mem_gen_v8_4_2_inst is using a behavioral model for simulation which will not precisely model memory collision behavior.
 Block Memory Generator module loading initial data...
 Block Memory Generator data initialization complete.
Block Memory Generator module MNIST_Solver_TB.DUT.obuf_gen[1].mp_obuf.ram.inst.native_mem_module.blk_mem_gen_v8_4_2_inst is using a behavioral model for simulation which will not precisely model memory collision behavior.
 Block Memory Generator module loading initial data...
 Block Memory Generator data initialization complete.
Block Memory Generator module MNIST_Solver_TB.DUT.obuf_gen[2].c1_obuf.ram.inst.native_mem_module.blk_mem_gen_v8_4_2_inst is using a behavioral model for simulation which will not precisely model memory collision behavior.
 Block Memory Generator module loading initial data...
 Block Memory Generator data initialization complete.
Block Memory Generator module MNIST_Solver_TB.DUT.obuf_gen[2].mp_obuf.ram.inst.native_mem_module.blk_mem_gen_v8_4_2_inst is using a behavioral model for simulation which will not precisely model memory collision behavior.
 Block Memory Generator module loading initial data...
 Block Memory Generator data initialization complete.
Block Memory Generator module MNIST_Solver_TB.DUT.obuf_gen[3].c1_obuf.ram.inst.native_mem_module.blk_mem_gen_v8_4_2_inst is using a behavioral model for simulation which will not precisely model memory collision behavior.
 Block Memory Generator module loading initial data...
 Block Memory Generator data initialization complete.
Block Memory Generator module MNIST_Solver_TB.DUT.obuf_gen[3].mp_obuf.ram.inst.native_mem_module.blk_mem_gen_v8_4_2_inst is using a behavioral model for simulation which will not precisely model memory collision behavior.
 Block Memory Generator module loading initial data...
 Block Memory Generator data initialization complete.
Block Memory Generator module MNIST_Solver_TB.DUT.obuf_gen[4].c1_obuf.ram.inst.native_mem_module.blk_mem_gen_v8_4_2_inst is using a behavioral model for simulation which will not precisely model memory collision behavior.
 Block Memory Generator module loading initial data...
 Block Memory Generator data initialization complete.
Block Memory Generator module MNIST_Solver_TB.DUT.obuf_gen[4].mp_obuf.ram.inst.native_mem_module.blk_mem_gen_v8_4_2_inst is using a behavioral model for simulation which will not precisely model memory collision behavior.
 Block Memory Generator module loading initial data...
 Block Memory Generator data initialization complete.
Block Memory Generator module MNIST_Solver_TB.DUT.obuf_gen[5].c1_obuf.ram.inst.native_mem_module.blk_mem_gen_v8_4_2_inst is using a behavioral model for simulation which will not precisely model memory collision behavior.
 Block Memory Generator module loading initial data...
 Block Memory Generator data initialization complete.
Block Memory Generator module MNIST_Solver_TB.DUT.obuf_gen[5].mp_obuf.ram.inst.native_mem_module.blk_mem_gen_v8_4_2_inst is using a behavioral model for simulation which will not precisely model memory collision behavior.
 Block Memory Generator module loading initial data...
 Block Memory Generator data initialization complete.
Block Memory Generator module MNIST_Solver_TB.DUT.conv_2_obuf_gen[0].c2_obuf.ram.inst.native_mem_module.blk_mem_gen_v8_4_2_inst is using a behavioral model for simulation which will not precisely model memory collision behavior.
 Block Memory Generator module loading initial data...
 Block Memory Generator data initialization complete.
Block Memory Generator module MNIST_Solver_TB.DUT.conv_2_obuf_gen[1].c2_obuf.ram.inst.native_mem_module.blk_mem_gen_v8_4_2_inst is using a behavioral model for simulation which will not precisely model memory collision behavior.
 Block Memory Generator module loading initial data...
 Block Memory Generator data initialization complete.
Block Memory Generator module MNIST_Solver_TB.DUT.conv_2_obuf_gen[2].c2_obuf.ram.inst.native_mem_module.blk_mem_gen_v8_4_2_inst is using a behavioral model for simulation which will not precisely model memory collision behavior.
 Block Memory Generator module loading initial data...
 Block Memory Generator data initialization complete.
Block Memory Generator module MNIST_Solver_TB.DUT.conv_2_obuf_gen[3].c2_obuf.ram.inst.native_mem_module.blk_mem_gen_v8_4_2_inst is using a behavioral model for simulation which will not precisely model memory collision behavior.
 Block Memory Generator module loading initial data...
 Block Memory Generator data initialization complete.
Block Memory Generator module MNIST_Solver_TB.DUT.conv_2_obuf_gen[4].c2_obuf.ram.inst.native_mem_module.blk_mem_gen_v8_4_2_inst is using a behavioral model for simulation which will not precisely model memory collision behavior.
 Block Memory Generator module loading initial data...
 Block Memory Generator data initialization complete.
Block Memory Generator module MNIST_Solver_TB.DUT.conv_2_obuf_gen[5].c2_obuf.ram.inst.native_mem_module.blk_mem_gen_v8_4_2_inst is using a behavioral model for simulation which will not precisely model memory collision behavior.
 Block Memory Generator module loading initial data...
 Block Memory Generator data initialization complete.
Block Memory Generator module MNIST_Solver_TB.DUT.conv_2_obuf_gen[6].c2_obuf.ram.inst.native_mem_module.blk_mem_gen_v8_4_2_inst is using a behavioral model for simulation which will not precisely model memory collision behavior.
 Block Memory Generator module loading initial data...
 Block Memory Generator data initialization complete.
Block Memory Generator module MNIST_Solver_TB.DUT.conv_2_obuf_gen[7].c2_obuf.ram.inst.native_mem_module.blk_mem_gen_v8_4_2_inst is using a behavioral model for simulation which will not precisely model memory collision behavior.
 Block Memory Generator module loading initial data...
 Block Memory Generator data initialization complete.
Block Memory Generator module MNIST_Solver_TB.DUT.conv_2_obuf_gen[8].c2_obuf.ram.inst.native_mem_module.blk_mem_gen_v8_4_2_inst is using a behavioral model for simulation which will not precisely model memory collision behavior.
 Block Memory Generator module loading initial data...
 Block Memory Generator data initialization complete.
Block Memory Generator module MNIST_Solver_TB.DUT.conv_2_obuf_gen[9].c2_obuf.ram.inst.native_mem_module.blk_mem_gen_v8_4_2_inst is using a behavioral model for simulation which will not precisely model memory collision behavior.
 Block Memory Generator module loading initial data...
 Block Memory Generator data initialization complete.
Block Memory Generator module MNIST_Solver_TB.DUT.conv_2_obuf_gen[10].c2_obuf.ram.inst.native_mem_module.blk_mem_gen_v8_4_2_inst is using a behavioral model for simulation which will not precisely model memory collision behavior.
 Block Memory Generator module loading initial data...
 Block Memory Generator data initialization complete.
Block Memory Generator module MNIST_Solver_TB.DUT.conv_2_obuf_gen[11].c2_obuf.ram.inst.native_mem_module.blk_mem_gen_v8_4_2_inst is using a behavioral model for simulation which will not precisely model memory collision behavior.
 Block Memory Generator module loading initial data...
 Block Memory Generator data initialization complete.
Block Memory Generator module MNIST_Solver_TB.DUT.conv_2_obuf_gen[12].c2_obuf.ram.inst.native_mem_module.blk_mem_gen_v8_4_2_inst is using a behavioral model for simulation which will not precisely model memory collision behavior.
 Block Memory Generator module loading initial data...
 Block Memory Generator data initialization complete.
Block Memory Generator module MNIST_Solver_TB.DUT.conv_2_obuf_gen[13].c2_obuf.ram.inst.native_mem_module.blk_mem_gen_v8_4_2_inst is using a behavioral model for simulation which will not precisely model memory collision behavior.
 Block Memory Generator module loading initial data...
 Block Memory Generator data initialization complete.
Block Memory Generator module MNIST_Solver_TB.DUT.conv_2_obuf_gen[14].c2_obuf.ram.inst.native_mem_module.blk_mem_gen_v8_4_2_inst is using a behavioral model for simulation which will not precisely model memory collision behavior.
 Block Memory Generator module loading initial data...
 Block Memory Generator data initialization complete.
Block Memory Generator module MNIST_Solver_TB.DUT.conv_2_obuf_gen[15].c2_obuf.ram.inst.native_mem_module.blk_mem_gen_v8_4_2_inst is using a behavioral model for simulation which will not precisely model memory collision behavior.
 Block Memory Generator module loading initial data...
 Block Memory Generator data initialization complete.
Block Memory Generator module MNIST_Solver_TB.DUT.conv_2_obuf_gen[16].c2_obuf.ram.inst.native_mem_module.blk_mem_gen_v8_4_2_inst is using a behavioral model for simulation which will not precisely model memory collision behavior.
 Block Memory Generator module loading initial data...
 Block Memory Generator data initialization complete.
Block Memory Generator module MNIST_Solver_TB.DUT.conv_2_obuf_gen[17].c2_obuf.ram.inst.native_mem_module.blk_mem_gen_v8_4_2_inst is using a behavioral model for simulation which will not precisely model memory collision behavior.
 Block Memory Generator module loading initial data...
 Block Memory Generator data initialization complete.
Block Memory Generator module MNIST_Solver_TB.DUT.conv_2_obuf_gen[18].c2_obuf.ram.inst.native_mem_module.blk_mem_gen_v8_4_2_inst is using a behavioral model for simulation which will not precisely model memory collision behavior.
 Block Memory Generator module loading initial data...
 Block Memory Generator data initialization complete.
Block Memory Generator module MNIST_Solver_TB.DUT.conv_2_obuf_gen[19].c2_obuf.ram.inst.native_mem_module.blk_mem_gen_v8_4_2_inst is using a behavioral model for simulation which will not precisely model memory collision behavior.
blk_mem_gen_v8_4_2 collision detected at time: 450000, Instance: MNIST_Solver_TB.DUT.in_buf.ram.inst.native_mem_module.blk_mem_gen_v8_4_2_inst, A write address: 0, B read address: 0
blk_mem_gen_v8_4_2 collision detected at time: 80250000, Instance: MNIST_Solver_TB.DUT.obuf_gen[0].c1_obuf.ram.inst.native_mem_module.blk_mem_gen_v8_4_2_inst, A write address: 0, B read address: 0
blk_mem_gen_v8_4_2 collision detected at time: 80250000, Instance: MNIST_Solver_TB.DUT.obuf_gen[1].c1_obuf.ram.inst.native_mem_module.blk_mem_gen_v8_4_2_inst, A write address: 0, B read address: 0
blk_mem_gen_v8_4_2 collision detected at time: 80250000, Instance: MNIST_Solver_TB.DUT.obuf_gen[2].c1_obuf.ram.inst.native_mem_module.blk_mem_gen_v8_4_2_inst, A write address: 0, B read address: 0
blk_mem_gen_v8_4_2 collision detected at time: 80250000, Instance: MNIST_Solver_TB.DUT.obuf_gen[3].c1_obuf.ram.inst.native_mem_module.blk_mem_gen_v8_4_2_inst, A write address: 0, B read address: 0
blk_mem_gen_v8_4_2 collision detected at time: 80250000, Instance: MNIST_Solver_TB.DUT.obuf_gen[4].c1_obuf.ram.inst.native_mem_module.blk_mem_gen_v8_4_2_inst, A write address: 0, B read address: 0
blk_mem_gen_v8_4_2 collision detected at time: 80250000, Instance: MNIST_Solver_TB.DUT.obuf_gen[5].c1_obuf.ram.inst.native_mem_module.blk_mem_gen_v8_4_2_inst, A write address: 0, B read address: 0
blk_mem_gen_v8_4_2 collision detected at time: 1177750000, Instance: MNIST_Solver_TB.DUT.obuf_gen[0].mp_obuf.ram.inst.native_mem_module.blk_mem_gen_v8_4_2_inst, A write address: 0, B read address: 0
blk_mem_gen_v8_4_2 collision detected at time: 1177750000, Instance: MNIST_Solver_TB.DUT.obuf_gen[1].mp_obuf.ram.inst.native_mem_module.blk_mem_gen_v8_4_2_inst, A write address: 0, B read address: 0
blk_mem_gen_v8_4_2 collision detected at time: 1177750000, Instance: MNIST_Solver_TB.DUT.obuf_gen[2].mp_obuf.ram.inst.native_mem_module.blk_mem_gen_v8_4_2_inst, A write address: 0, B read address: 0
blk_mem_gen_v8_4_2 collision detected at time: 1177750000, Instance: MNIST_Solver_TB.DUT.obuf_gen[3].mp_obuf.ram.inst.native_mem_module.blk_mem_gen_v8_4_2_inst, A write address: 0, B read address: 0
blk_mem_gen_v8_4_2 collision detected at time: 1177750000, Instance: MNIST_Solver_TB.DUT.obuf_gen[4].mp_obuf.ram.inst.native_mem_module.blk_mem_gen_v8_4_2_inst, A write address: 0, B read address: 0
blk_mem_gen_v8_4_2 collision detected at time: 1177750000, Instance: MNIST_Solver_TB.DUT.obuf_gen[5].mp_obuf.ram.inst.native_mem_module.blk_mem_gen_v8_4_2_inst, A write address: 0, B read address: 0
blk_mem_gen_v8_4_2 collision detected at time: 1263150000, Instance: MNIST_Solver_TB.DUT.conv_2_obuf_gen[0].c2_obuf.ram.inst.native_mem_module.blk_mem_gen_v8_4_2_inst, A write address: 0, B read address: 0
blk_mem_gen_v8_4_2 collision detected at time: 1263150000, Instance: MNIST_Solver_TB.DUT.conv_2_obuf_gen[1].c2_obuf.ram.inst.native_mem_module.blk_mem_gen_v8_4_2_inst, A write address: 0, B read address: 0
blk_mem_gen_v8_4_2 collision detected at time: 1263150000, Instance: MNIST_Solver_TB.DUT.conv_2_obuf_gen[2].c2_obuf.ram.inst.native_mem_module.blk_mem_gen_v8_4_2_inst, A write address: 0, B read address: 0
blk_mem_gen_v8_4_2 collision detected at time: 1263150000, Instance: MNIST_Solver_TB.DUT.conv_2_obuf_gen[3].c2_obuf.ram.inst.native_mem_module.blk_mem_gen_v8_4_2_inst, A write address: 0, B read address: 0
blk_mem_gen_v8_4_2 collision detected at time: 1263150000, Instance: MNIST_Solver_TB.DUT.conv_2_obuf_gen[4].c2_obuf.ram.inst.native_mem_module.blk_mem_gen_v8_4_2_inst, A write address: 0, B read address: 0
blk_mem_gen_v8_4_2 collision detected at time: 1263150000, Instance: MNIST_Solver_TB.DUT.conv_2_obuf_gen[5].c2_obuf.ram.inst.native_mem_module.blk_mem_gen_v8_4_2_inst, A write address: 0, B read address: 0
blk_mem_gen_v8_4_2 collision detected at time: 1263150000, Instance: MNIST_Solver_TB.DUT.conv_2_obuf_gen[6].c2_obuf.ram.inst.native_mem_module.blk_mem_gen_v8_4_2_inst, A write address: 0, B read address: 0
blk_mem_gen_v8_4_2 collision detected at time: 1263150000, Instance: MNIST_Solver_TB.DUT.conv_2_obuf_gen[7].c2_obuf.ram.inst.native_mem_module.blk_mem_gen_v8_4_2_inst, A write address: 0, B read address: 0
blk_mem_gen_v8_4_2 collision detected at time: 1263150000, Instance: MNIST_Solver_TB.DUT.conv_2_obuf_gen[8].c2_obuf.ram.inst.native_mem_module.blk_mem_gen_v8_4_2_inst, A write address: 0, B read address: 0
blk_mem_gen_v8_4_2 collision detected at time: 1263150000, Instance: MNIST_Solver_TB.DUT.conv_2_obuf_gen[9].c2_obuf.ram.inst.native_mem_module.blk_mem_gen_v8_4_2_inst, A write address: 0, B read address: 0
blk_mem_gen_v8_4_2 collision detected at time: 1263150000, Instance: MNIST_Solver_TB.DUT.conv_2_obuf_gen[10].c2_obuf.ram.inst.native_mem_module.blk_mem_gen_v8_4_2_inst, A write address: 0, B read address: 0
blk_mem_gen_v8_4_2 collision detected at time: 1263150000, Instance: MNIST_Solver_TB.DUT.conv_2_obuf_gen[11].c2_obuf.ram.inst.native_mem_module.blk_mem_gen_v8_4_2_inst, A write address: 0, B read address: 0
blk_mem_gen_v8_4_2 collision detected at time: 1263150000, Instance: MNIST_Solver_TB.DUT.conv_2_obuf_gen[12].c2_obuf.ram.inst.native_mem_module.blk_mem_gen_v8_4_2_inst, A write address: 0, B read address: 0
blk_mem_gen_v8_4_2 collision detected at time: 1263150000, Instance: MNIST_Solver_TB.DUT.conv_2_obuf_gen[13].c2_obuf.ram.inst.native_mem_module.blk_mem_gen_v8_4_2_inst, A write address: 0, B read address: 0
blk_mem_gen_v8_4_2 collision detected at time: 1263150000, Instance: MNIST_Solver_TB.DUT.conv_2_obuf_gen[14].c2_obuf.ram.inst.native_mem_module.blk_mem_gen_v8_4_2_inst, A write address: 0, B read address: 0
blk_mem_gen_v8_4_2 collision detected at time: 1263150000, Instance: MNIST_Solver_TB.DUT.conv_2_obuf_gen[15].c2_obuf.ram.inst.native_mem_module.blk_mem_gen_v8_4_2_inst, A write address: 0, B read address: 0
blk_mem_gen_v8_4_2 collision detected at time: 1263150000, Instance: MNIST_Solver_TB.DUT.conv_2_obuf_gen[16].c2_obuf.ram.inst.native_mem_module.blk_mem_gen_v8_4_2_inst, A write address: 0, B read address: 0
blk_mem_gen_v8_4_2 collision detected at time: 1263150000, Instance: MNIST_Solver_TB.DUT.conv_2_obuf_gen[17].c2_obuf.ram.inst.native_mem_module.blk_mem_gen_v8_4_2_inst, A write address: 0, B read address: 0
blk_mem_gen_v8_4_2 collision detected at time: 1263150000, Instance: MNIST_Solver_TB.DUT.conv_2_obuf_gen[18].c2_obuf.ram.inst.native_mem_module.blk_mem_gen_v8_4_2_inst, A write address: 0, B read address: 0
blk_mem_gen_v8_4_2 collision detected at time: 1263150000, Instance: MNIST_Solver_TB.DUT.conv_2_obuf_gen[19].c2_obuf.ram.inst.native_mem_module.blk_mem_gen_v8_4_2_inst, A write address: 0, B read address: 0
Prediction:  8 Label:  8 Expected:  8
IP/UDP/MAC stuff works on frame           0 iter           0
blk_mem_gen_v8_4_2 collision detected at time: 1758050000, Instance: MNIST_Solver_TB.DUT.in_buf.ram.inst.native_mem_module.blk_mem_gen_v8_4_2_inst, A write address: 0, B read address: 0
blk_mem_gen_v8_4_2 collision detected at time: 1837850000, Instance: MNIST_Solver_TB.DUT.obuf_gen[0].c1_obuf.ram.inst.native_mem_module.blk_mem_gen_v8_4_2_inst, A write address: 0, B read address: 0
blk_mem_gen_v8_4_2 collision detected at time: 1837850000, Instance: MNIST_Solver_TB.DUT.obuf_gen[1].c1_obuf.ram.inst.native_mem_module.blk_mem_gen_v8_4_2_inst, A write address: 0, B read address: 0
blk_mem_gen_v8_4_2 collision detected at time: 1837850000, Instance: MNIST_Solver_TB.DUT.obuf_gen[2].c1_obuf.ram.inst.native_mem_module.blk_mem_gen_v8_4_2_inst, A write address: 0, B read address: 0
blk_mem_gen_v8_4_2 collision detected at time: 1837850000, Instance: MNIST_Solver_TB.DUT.obuf_gen[3].c1_obuf.ram.inst.native_mem_module.blk_mem_gen_v8_4_2_inst, A write address: 0, B read address: 0
blk_mem_gen_v8_4_2 collision detected at time: 1837850000, Instance: MNIST_Solver_TB.DUT.obuf_gen[4].c1_obuf.ram.inst.native_mem_module.blk_mem_gen_v8_4_2_inst, A write address: 0, B read address: 0
blk_mem_gen_v8_4_2 collision detected at time: 1837850000, Instance: MNIST_Solver_TB.DUT.obuf_gen[5].c1_obuf.ram.inst.native_mem_module.blk_mem_gen_v8_4_2_inst, A write address: 0, B read address: 0
blk_mem_gen_v8_4_2 collision detected at time: 2935350000, Instance: MNIST_Solver_TB.DUT.obuf_gen[0].mp_obuf.ram.inst.native_mem_module.blk_mem_gen_v8_4_2_inst, A write address: 0, B read address: 0
blk_mem_gen_v8_4_2 collision detected at time: 2935350000, Instance: MNIST_Solver_TB.DUT.obuf_gen[1].mp_obuf.ram.inst.native_mem_module.blk_mem_gen_v8_4_2_inst, A write address: 0, B read address: 0
blk_mem_gen_v8_4_2 collision detected at time: 2935350000, Instance: MNIST_Solver_TB.DUT.obuf_gen[2].mp_obuf.ram.inst.native_mem_module.blk_mem_gen_v8_4_2_inst, A write address: 0, B read address: 0
blk_mem_gen_v8_4_2 collision detected at time: 2935350000, Instance: MNIST_Solver_TB.DUT.obuf_gen[3].mp_obuf.ram.inst.native_mem_module.blk_mem_gen_v8_4_2_inst, A write address: 0, B read address: 0
blk_mem_gen_v8_4_2 collision detected at time: 2935350000, Instance: MNIST_Solver_TB.DUT.obuf_gen[4].mp_obuf.ram.inst.native_mem_module.blk_mem_gen_v8_4_2_inst, A write address: 0, B read address: 0
blk_mem_gen_v8_4_2 collision detected at time: 2935350000, Instance: MNIST_Solver_TB.DUT.obuf_gen[5].mp_obuf.ram.inst.native_mem_module.blk_mem_gen_v8_4_2_inst, A write address: 0, B read address: 0
blk_mem_gen_v8_4_2 collision detected at time: 3026150000, Instance: MNIST_Solver_TB.DUT.conv_2_obuf_gen[0].c2_obuf.ram.inst.native_mem_module.blk_mem_gen_v8_4_2_inst, A write address: 1, B read address: 1
blk_mem_gen_v8_4_2 collision detected at time: 3026150000, Instance: MNIST_Solver_TB.DUT.conv_2_obuf_gen[1].c2_obuf.ram.inst.native_mem_module.blk_mem_gen_v8_4_2_inst, A write address: 1, B read address: 1
blk_mem_gen_v8_4_2 collision detected at time: 3026150000, Instance: MNIST_Solver_TB.DUT.conv_2_obuf_gen[2].c2_obuf.ram.inst.native_mem_module.blk_mem_gen_v8_4_2_inst, A write address: 1, B read address: 1
blk_mem_gen_v8_4_2 collision detected at time: 3026150000, Instance: MNIST_Solver_TB.DUT.conv_2_obuf_gen[3].c2_obuf.ram.inst.native_mem_module.blk_mem_gen_v8_4_2_inst, A write address: 1, B read address: 1
blk_mem_gen_v8_4_2 collision detected at time: 3026150000, Instance: MNIST_Solver_TB.DUT.conv_2_obuf_gen[4].c2_obuf.ram.inst.native_mem_module.blk_mem_gen_v8_4_2_inst, A write address: 1, B read address: 1
blk_mem_gen_v8_4_2 collision detected at time: 3026150000, Instance: MNIST_Solver_TB.DUT.conv_2_obuf_gen[5].c2_obuf.ram.inst.native_mem_module.blk_mem_gen_v8_4_2_inst, A write address: 1, B read address: 1
blk_mem_gen_v8_4_2 collision detected at time: 3026150000, Instance: MNIST_Solver_TB.DUT.conv_2_obuf_gen[6].c2_obuf.ram.inst.native_mem_module.blk_mem_gen_v8_4_2_inst, A write address: 1, B read address: 1
blk_mem_gen_v8_4_2 collision detected at time: 3026150000, Instance: MNIST_Solver_TB.DUT.conv_2_obuf_gen[7].c2_obuf.ram.inst.native_mem_module.blk_mem_gen_v8_4_2_inst, A write address: 1, B read address: 1
blk_mem_gen_v8_4_2 collision detected at time: 3026150000, Instance: MNIST_Solver_TB.DUT.conv_2_obuf_gen[8].c2_obuf.ram.inst.native_mem_module.blk_mem_gen_v8_4_2_inst, A write address: 1, B read address: 1
blk_mem_gen_v8_4_2 collision detected at time: 3026150000, Instance: MNIST_Solver_TB.DUT.conv_2_obuf_gen[9].c2_obuf.ram.inst.native_mem_module.blk_mem_gen_v8_4_2_inst, A write address: 1, B read address: 1
blk_mem_gen_v8_4_2 collision detected at time: 3026150000, Instance: MNIST_Solver_TB.DUT.conv_2_obuf_gen[10].c2_obuf.ram.inst.native_mem_module.blk_mem_gen_v8_4_2_inst, A write address: 1, B read address: 1
blk_mem_gen_v8_4_2 collision detected at time: 3026150000, Instance: MNIST_Solver_TB.DUT.conv_2_obuf_gen[11].c2_obuf.ram.inst.native_mem_module.blk_mem_gen_v8_4_2_inst, A write address: 1, B read address: 1
blk_mem_gen_v8_4_2 collision detected at time: 3026150000, Instance: MNIST_Solver_TB.DUT.conv_2_obuf_gen[12].c2_obuf.ram.inst.native_mem_module.blk_mem_gen_v8_4_2_inst, A write address: 1, B read address: 1
blk_mem_gen_v8_4_2 collision detected at time: 3026150000, Instance: MNIST_Solver_TB.DUT.conv_2_obuf_gen[13].c2_obuf.ram.inst.native_mem_module.blk_mem_gen_v8_4_2_inst, A write address: 1, B read address: 1
blk_mem_gen_v8_4_2 collision detected at time: 3026150000, Instance: MNIST_Solver_TB.DUT.conv_2_obuf_gen[14].c2_obuf.ram.inst.native_mem_module.blk_mem_gen_v8_4_2_inst, A write address: 1, B read address: 1
blk_mem_gen_v8_4_2 collision detected at time: 3026150000, Instance: MNIST_Solver_TB.DUT.conv_2_obuf_gen[15].c2_obuf.ram.inst.native_mem_module.blk_mem_gen_v8_4_2_inst, A write address: 1, B read address: 1
blk_mem_gen_v8_4_2 collision detected at time: 3026150000, Instance: MNIST_Solver_TB.DUT.conv_2_obuf_gen[16].c2_obuf.ram.inst.native_mem_module.blk_mem_gen_v8_4_2_inst, A write address: 1, B read address: 1
blk_mem_gen_v8_4_2 collision detected at time: 3026150000, Instance: MNIST_Solver_TB.DUT.conv_2_obuf_gen[17].c2_obuf.ram.inst.native_mem_module.blk_mem_gen_v8_4_2_inst, A write address: 1, B read address: 1
blk_mem_gen_v8_4_2 collision detected at time: 3026150000, Instance: MNIST_Solver_TB.DUT.conv_2_obuf_gen[18].c2_obuf.ram.inst.native_mem_module.blk_mem_gen_v8_4_2_inst, A write address: 1, B read address: 1
blk_mem_gen_v8_4_2 collision detected at time: 3026150000, Instance: MNIST_Solver_TB.DUT.conv_2_obuf_gen[19].c2_obuf.ram.inst.native_mem_module.blk_mem_gen_v8_4_2_inst, A write address: 1, B read address: 1
Prediction:  1 Label:  1 Expected:  1
IP/UDP/MAC stuff works on frame           1 iter           0
blk_mem_gen_v8_4_2 collision detected at time: 3515050000, Instance: MNIST_Solver_TB.DUT.in_buf.ram.inst.native_mem_module.blk_mem_gen_v8_4_2_inst, A write address: 0, B read address: 0
blk_mem_gen_v8_4_2 collision detected at time: 3594850000, Instance: MNIST_Solver_TB.DUT.obuf_gen[0].c1_obuf.ram.inst.native_mem_module.blk_mem_gen_v8_4_2_inst, A write address: 0, B read address: 0
blk_mem_gen_v8_4_2 collision detected at time: 3594850000, Instance: MNIST_Solver_TB.DUT.obuf_gen[1].c1_obuf.ram.inst.native_mem_module.blk_mem_gen_v8_4_2_inst, A write address: 0, B read address: 0
blk_mem_gen_v8_4_2 collision detected at time: 3594850000, Instance: MNIST_Solver_TB.DUT.obuf_gen[2].c1_obuf.ram.inst.native_mem_module.blk_mem_gen_v8_4_2_inst, A write address: 0, B read address: 0
blk_mem_gen_v8_4_2 collision detected at time: 3594850000, Instance: MNIST_Solver_TB.DUT.obuf_gen[3].c1_obuf.ram.inst.native_mem_module.blk_mem_gen_v8_4_2_inst, A write address: 0, B read address: 0
blk_mem_gen_v8_4_2 collision detected at time: 3594850000, Instance: MNIST_Solver_TB.DUT.obuf_gen[4].c1_obuf.ram.inst.native_mem_module.blk_mem_gen_v8_4_2_inst, A write address: 0, B read address: 0
blk_mem_gen_v8_4_2 collision detected at time: 3594850000, Instance: MNIST_Solver_TB.DUT.obuf_gen[5].c1_obuf.ram.inst.native_mem_module.blk_mem_gen_v8_4_2_inst, A write address: 0, B read address: 0
blk_mem_gen_v8_4_2 collision detected at time: 4692350000, Instance: MNIST_Solver_TB.DUT.obuf_gen[0].mp_obuf.ram.inst.native_mem_module.blk_mem_gen_v8_4_2_inst, A write address: 0, B read address: 0
blk_mem_gen_v8_4_2 collision detected at time: 4692350000, Instance: MNIST_Solver_TB.DUT.obuf_gen[1].mp_obuf.ram.inst.native_mem_module.blk_mem_gen_v8_4_2_inst, A write address: 0, B read address: 0
blk_mem_gen_v8_4_2 collision detected at time: 4692350000, Instance: MNIST_Solver_TB.DUT.obuf_gen[2].mp_obuf.ram.inst.native_mem_module.blk_mem_gen_v8_4_2_inst, A write address: 0, B read address: 0
blk_mem_gen_v8_4_2 collision detected at time: 4692350000, Instance: MNIST_Solver_TB.DUT.obuf_gen[3].mp_obuf.ram.inst.native_mem_module.blk_mem_gen_v8_4_2_inst, A write address: 0, B read address: 0
blk_mem_gen_v8_4_2 collision detected at time: 4692350000, Instance: MNIST_Solver_TB.DUT.obuf_gen[4].mp_obuf.ram.inst.native_mem_module.blk_mem_gen_v8_4_2_inst, A write address: 0, B read address: 0
blk_mem_gen_v8_4_2 collision detected at time: 4692350000, Instance: MNIST_Solver_TB.DUT.obuf_gen[5].mp_obuf.ram.inst.native_mem_module.blk_mem_gen_v8_4_2_inst, A write address: 0, B read address: 0
blk_mem_gen_v8_4_2 collision detected at time: 4783150000, Instance: MNIST_Solver_TB.DUT.conv_2_obuf_gen[0].c2_obuf.ram.inst.native_mem_module.blk_mem_gen_v8_4_2_inst, A write address: 1, B read address: 1
blk_mem_gen_v8_4_2 collision detected at time: 4783150000, Instance: MNIST_Solver_TB.DUT.conv_2_obuf_gen[1].c2_obuf.ram.inst.native_mem_module.blk_mem_gen_v8_4_2_inst, A write address: 1, B read address: 1
blk_mem_gen_v8_4_2 collision detected at time: 4783150000, Instance: MNIST_Solver_TB.DUT.conv_2_obuf_gen[2].c2_obuf.ram.inst.native_mem_module.blk_mem_gen_v8_4_2_inst, A write address: 1, B read address: 1
blk_mem_gen_v8_4_2 collision detected at time: 4783150000, Instance: MNIST_Solver_TB.DUT.conv_2_obuf_gen[3].c2_obuf.ram.inst.native_mem_module.blk_mem_gen_v8_4_2_inst, A write address: 1, B read address: 1
blk_mem_gen_v8_4_2 collision detected at time: 4783150000, Instance: MNIST_Solver_TB.DUT.conv_2_obuf_gen[4].c2_obuf.ram.inst.native_mem_module.blk_mem_gen_v8_4_2_inst, A write address: 1, B read address: 1
blk_mem_gen_v8_4_2 collision detected at time: 4783150000, Instance: MNIST_Solver_TB.DUT.conv_2_obuf_gen[5].c2_obuf.ram.inst.native_mem_module.blk_mem_gen_v8_4_2_inst, A write address: 1, B read address: 1
blk_mem_gen_v8_4_2 collision detected at time: 4783150000, Instance: MNIST_Solver_TB.DUT.conv_2_obuf_gen[6].c2_obuf.ram.inst.native_mem_module.blk_mem_gen_v8_4_2_inst, A write address: 1, B read address: 1
blk_mem_gen_v8_4_2 collision detected at time: 4783150000, Instance: MNIST_Solver_TB.DUT.conv_2_obuf_gen[7].c2_obuf.ram.inst.native_mem_module.blk_mem_gen_v8_4_2_inst, A write address: 1, B read address: 1
blk_mem_gen_v8_4_2 collision detected at time: 4783150000, Instance: MNIST_Solver_TB.DUT.conv_2_obuf_gen[8].c2_obuf.ram.inst.native_mem_module.blk_mem_gen_v8_4_2_inst, A write address: 1, B read address: 1
blk_mem_gen_v8_4_2 collision detected at time: 4783150000, Instance: MNIST_Solver_TB.DUT.conv_2_obuf_gen[9].c2_obuf.ram.inst.native_mem_module.blk_mem_gen_v8_4_2_inst, A write address: 1, B read address: 1
blk_mem_gen_v8_4_2 collision detected at time: 4783150000, Instance: MNIST_Solver_TB.DUT.conv_2_obuf_gen[10].c2_obuf.ram.inst.native_mem_module.blk_mem_gen_v8_4_2_inst, A write address: 1, B read address: 1
blk_mem_gen_v8_4_2 collision detected at time: 4783150000, Instance: MNIST_Solver_TB.DUT.conv_2_obuf_gen[11].c2_obuf.ram.inst.native_mem_module.blk_mem_gen_v8_4_2_inst, A write address: 1, B read address: 1
blk_mem_gen_v8_4_2 collision detected at time: 4783150000, Instance: MNIST_Solver_TB.DUT.conv_2_obuf_gen[12].c2_obuf.ram.inst.native_mem_module.blk_mem_gen_v8_4_2_inst, A write address: 1, B read address: 1
blk_mem_gen_v8_4_2 collision detected at time: 4783150000, Instance: MNIST_Solver_TB.DUT.conv_2_obuf_gen[13].c2_obuf.ram.inst.native_mem_module.blk_mem_gen_v8_4_2_inst, A write address: 1, B read address: 1
blk_mem_gen_v8_4_2 collision detected at time: 4783150000, Instance: MNIST_Solver_TB.DUT.conv_2_obuf_gen[14].c2_obuf.ram.inst.native_mem_module.blk_mem_gen_v8_4_2_inst, A write address: 1, B read address: 1
blk_mem_gen_v8_4_2 collision detected at time: 4783150000, Instance: MNIST_Solver_TB.DUT.conv_2_obuf_gen[15].c2_obuf.ram.inst.native_mem_module.blk_mem_gen_v8_4_2_inst, A write address: 1, B read address: 1
blk_mem_gen_v8_4_2 collision detected at time: 4783150000, Instance: MNIST_Solver_TB.DUT.conv_2_obuf_gen[16].c2_obuf.ram.inst.native_mem_module.blk_mem_gen_v8_4_2_inst, A write address: 1, B read address: 1
blk_mem_gen_v8_4_2 collision detected at time: 4783150000, Instance: MNIST_Solver_TB.DUT.conv_2_obuf_gen[17].c2_obuf.ram.inst.native_mem_module.blk_mem_gen_v8_4_2_inst, A write address: 1, B read address: 1
blk_mem_gen_v8_4_2 collision detected at time: 4783150000, Instance: MNIST_Solver_TB.DUT.conv_2_obuf_gen[18].c2_obuf.ram.inst.native_mem_module.blk_mem_gen_v8_4_2_inst, A write address: 1, B read address: 1
blk_mem_gen_v8_4_2 collision detected at time: 4783150000, Instance: MNIST_Solver_TB.DUT.conv_2_obuf_gen[19].c2_obuf.ram.inst.native_mem_module.blk_mem_gen_v8_4_2_inst, A write address: 1, B read address: 1
Prediction:  9 Label:  7 Expected:  9
IP/UDP/MAC stuff works on frame           2 iter           0
blk_mem_gen_v8_4_2 collision detected at time: 5272050000, Instance: MNIST_Solver_TB.DUT.in_buf.ram.inst.native_mem_module.blk_mem_gen_v8_4_2_inst, A write address: 0, B read address: 0
blk_mem_gen_v8_4_2 collision detected at time: 5351850000, Instance: MNIST_Solver_TB.DUT.obuf_gen[0].c1_obuf.ram.inst.native_mem_module.blk_mem_gen_v8_4_2_inst, A write address: 0, B read address: 0
blk_mem_gen_v8_4_2 collision detected at time: 5351850000, Instance: MNIST_Solver_TB.DUT.obuf_gen[1].c1_obuf.ram.inst.native_mem_module.blk_mem_gen_v8_4_2_inst, A write address: 0, B read address: 0
blk_mem_gen_v8_4_2 collision detected at time: 5351850000, Instance: MNIST_Solver_TB.DUT.obuf_gen[2].c1_obuf.ram.inst.native_mem_module.blk_mem_gen_v8_4_2_inst, A write address: 0, B read address: 0
blk_mem_gen_v8_4_2 collision detected at time: 5351850000, Instance: MNIST_Solver_TB.DUT.obuf_gen[3].c1_obuf.ram.inst.native_mem_module.blk_mem_gen_v8_4_2_inst, A write address: 0, B read address: 0
blk_mem_gen_v8_4_2 collision detected at time: 5351850000, Instance: MNIST_Solver_TB.DUT.obuf_gen[4].c1_obuf.ram.inst.native_mem_module.blk_mem_gen_v8_4_2_inst, A write address: 0, B read address: 0
blk_mem_gen_v8_4_2 collision detected at time: 5351850000, Instance: MNIST_Solver_TB.DUT.obuf_gen[5].c1_obuf.ram.inst.native_mem_module.blk_mem_gen_v8_4_2_inst, A write address: 0, B read address: 0
blk_mem_gen_v8_4_2 collision detected at time: 6449350000, Instance: MNIST_Solver_TB.DUT.obuf_gen[0].mp_obuf.ram.inst.native_mem_module.blk_mem_gen_v8_4_2_inst, A write address: 0, B read address: 0
blk_mem_gen_v8_4_2 collision detected at time: 6449350000, Instance: MNIST_Solver_TB.DUT.obuf_gen[1].mp_obuf.ram.inst.native_mem_module.blk_mem_gen_v8_4_2_inst, A write address: 0, B read address: 0
blk_mem_gen_v8_4_2 collision detected at time: 6449350000, Instance: MNIST_Solver_TB.DUT.obuf_gen[2].mp_obuf.ram.inst.native_mem_module.blk_mem_gen_v8_4_2_inst, A write address: 0, B read address: 0
blk_mem_gen_v8_4_2 collision detected at time: 6449350000, Instance: MNIST_Solver_TB.DUT.obuf_gen[3].mp_obuf.ram.inst.native_mem_module.blk_mem_gen_v8_4_2_inst, A write address: 0, B read address: 0
blk_mem_gen_v8_4_2 collision detected at time: 6449350000, Instance: MNIST_Solver_TB.DUT.obuf_gen[4].mp_obuf.ram.inst.native_mem_module.blk_mem_gen_v8_4_2_inst, A write address: 0, B read address: 0
blk_mem_gen_v8_4_2 collision detected at time: 6449350000, Instance: MNIST_Solver_TB.DUT.obuf_gen[5].mp_obuf.ram.inst.native_mem_module.blk_mem_gen_v8_4_2_inst, A write address: 0, B read address: 0
blk_mem_gen_v8_4_2 collision detected at time: 6540150000, Instance: MNIST_Solver_TB.DUT.conv_2_obuf_gen[0].c2_obuf.ram.inst.native_mem_module.blk_mem_gen_v8_4_2_inst, A write address: 1, B read address: 1
blk_mem_gen_v8_4_2 collision detected at time: 6540150000, Instance: MNIST_Solver_TB.DUT.conv_2_obuf_gen[1].c2_obuf.ram.inst.native_mem_module.blk_mem_gen_v8_4_2_inst, A write address: 1, B read address: 1
blk_mem_gen_v8_4_2 collision detected at time: 6540150000, Instance: MNIST_Solver_TB.DUT.conv_2_obuf_gen[2].c2_obuf.ram.inst.native_mem_module.blk_mem_gen_v8_4_2_inst, A write address: 1, B read address: 1
blk_mem_gen_v8_4_2 collision detected at time: 6540150000, Instance: MNIST_Solver_TB.DUT.conv_2_obuf_gen[3].c2_obuf.ram.inst.native_mem_module.blk_mem_gen_v8_4_2_inst, A write address: 1, B read address: 1
blk_mem_gen_v8_4_2 collision detected at time: 6540150000, Instance: MNIST_Solver_TB.DUT.conv_2_obuf_gen[4].c2_obuf.ram.inst.native_mem_module.blk_mem_gen_v8_4_2_inst, A write address: 1, B read address: 1
blk_mem_gen_v8_4_2 collision detected at time: 6540150000, Instance: MNIST_Solver_TB.DUT.conv_2_obuf_gen[5].c2_obuf.ram.inst.native_mem_module.blk_mem_gen_v8_4_2_inst, A write address: 1, B read address: 1
blk_mem_gen_v8_4_2 collision detected at time: 6540150000, Instance: MNIST_Solver_TB.DUT.conv_2_obuf_gen[6].c2_obuf.ram.inst.native_mem_module.blk_mem_gen_v8_4_2_inst, A write address: 1, B read address: 1
blk_mem_gen_v8_4_2 collision detected at time: 6540150000, Instance: MNIST_Solver_TB.DUT.conv_2_obuf_gen[7].c2_obuf.ram.inst.native_mem_module.blk_mem_gen_v8_4_2_inst, A write address: 1, B read address: 1
blk_mem_gen_v8_4_2 collision detected at time: 6540150000, Instance: MNIST_Solver_TB.DUT.conv_2_obuf_gen[8].c2_obuf.ram.inst.native_mem_module.blk_mem_gen_v8_4_2_inst, A write address: 1, B read address: 1
blk_mem_gen_v8_4_2 collision detected at time: 6540150000, Instance: MNIST_Solver_TB.DUT.conv_2_obuf_gen[9].c2_obuf.ram.inst.native_mem_module.blk_mem_gen_v8_4_2_inst, A write address: 1, B read address: 1
blk_mem_gen_v8_4_2 collision detected at time: 6540150000, Instance: MNIST_Solver_TB.DUT.conv_2_obuf_gen[10].c2_obuf.ram.inst.native_mem_module.blk_mem_gen_v8_4_2_inst, A write address: 1, B read address: 1
blk_mem_gen_v8_4_2 collision detected at time: 6540150000, Instance: MNIST_Solver_TB.DUT.conv_2_obuf_gen[11].c2_obuf.ram.inst.native_mem_module.blk_mem_gen_v8_4_2_inst, A write address: 1, B read address: 1
blk_mem_gen_v8_4_2 collision detected at time: 6540150000, Instance: MNIST_Solver_TB.DUT.conv_2_obuf_gen[12].c2_obuf.ram.inst.native_mem_module.blk_mem_gen_v8_4_2_inst, A write address: 1, B read address: 1
blk_mem_gen_v8_4_2 collision detected at time: 6540150000, Instance: MNIST_Solver_TB.DUT.conv_2_obuf_gen[13].c2_obuf.ram.inst.native_mem_module.blk_mem_gen_v8_4_2_inst, A write address: 1, B read address: 1
blk_mem_gen_v8_4_2 collision detected at time: 6540150000, Instance: MNIST_Solver_TB.DUT.conv_2_obuf_gen[14].c2_obuf.ram.inst.native_mem_module.blk_mem_gen_v8_4_2_inst, A write address: 1, B read address: 1
blk_mem_gen_v8_4_2 collision detected at time: 6540150000, Instance: MNIST_Solver_TB.DUT.conv_2_obuf_gen[15].c2_obuf.ram.inst.native_mem_module.blk_mem_gen_v8_4_2_inst, A write address: 1, B read address: 1
blk_mem_gen_v8_4_2 collision detected at time: 6540150000, Instance: MNIST_Solver_TB.DUT.conv_2_obuf_gen[16].c2_obuf.ram.inst.native_mem_module.blk_mem_gen_v8_4_2_inst, A write address: 1, B read address: 1
blk_mem_gen_v8_4_2 collision detected at time: 6540150000, Instance: MNIST_Solver_TB.DUT.conv_2_obuf_gen[17].c2_obuf.ram.inst.native_mem_module.blk_mem_gen_v8_4_2_inst, A write address: 1, B read address: 1
blk_mem_gen_v8_4_2 collision detected at time: 6540150000, Instance: MNIST_Solver_TB.DUT.conv_2_obuf_gen[18].c2_obuf.ram.inst.native_mem_module.blk_mem_gen_v8_4_2_inst, A write address: 1, B read address: 1
blk_mem_gen_v8_4_2 collision detected at time: 6540150000, Instance: MNIST_Solver_TB.DUT.conv_2_obuf_gen[19].c2_obuf.ram.inst.native_mem_module.blk_mem_gen_v8_4_2_inst, A write address: 1, B read address: 1
Prediction:  7 Label:  9 Expected:  7
IP/UDP/MAC stuff works on frame           3 iter           0
blk_mem_gen_v8_4_2 collision detected at time: 7029050000, Instance: MNIST_Solver_TB.DUT.in_buf.ram.inst.native_mem_module.blk_mem_gen_v8_4_2_inst, A write address: 0, B read address: 0
blk_mem_gen_v8_4_2 collision detected at time: 7108850000, Instance: MNIST_Solver_TB.DUT.obuf_gen[0].c1_obuf.ram.inst.native_mem_module.blk_mem_gen_v8_4_2_inst, A write address: 0, B read address: 0
blk_mem_gen_v8_4_2 collision detected at time: 7108850000, Instance: MNIST_Solver_TB.DUT.obuf_gen[1].c1_obuf.ram.inst.native_mem_module.blk_mem_gen_v8_4_2_inst, A write address: 0, B read address: 0
blk_mem_gen_v8_4_2 collision detected at time: 7108850000, Instance: MNIST_Solver_TB.DUT.obuf_gen[2].c1_obuf.ram.inst.native_mem_module.blk_mem_gen_v8_4_2_inst, A write address: 0, B read address: 0
blk_mem_gen_v8_4_2 collision detected at time: 7108850000, Instance: MNIST_Solver_TB.DUT.obuf_gen[3].c1_obuf.ram.inst.native_mem_module.blk_mem_gen_v8_4_2_inst, A write address: 0, B read address: 0
blk_mem_gen_v8_4_2 collision detected at time: 7108850000, Instance: MNIST_Solver_TB.DUT.obuf_gen[4].c1_obuf.ram.inst.native_mem_module.blk_mem_gen_v8_4_2_inst, A write address: 0, B read address: 0
blk_mem_gen_v8_4_2 collision detected at time: 7108850000, Instance: MNIST_Solver_TB.DUT.obuf_gen[5].c1_obuf.ram.inst.native_mem_module.blk_mem_gen_v8_4_2_inst, A write address: 0, B read address: 0
blk_mem_gen_v8_4_2 collision detected at time: 8206350000, Instance: MNIST_Solver_TB.DUT.obuf_gen[0].mp_obuf.ram.inst.native_mem_module.blk_mem_gen_v8_4_2_inst, A write address: 0, B read address: 0
blk_mem_gen_v8_4_2 collision detected at time: 8206350000, Instance: MNIST_Solver_TB.DUT.obuf_gen[1].mp_obuf.ram.inst.native_mem_module.blk_mem_gen_v8_4_2_inst, A write address: 0, B read address: 0
blk_mem_gen_v8_4_2 collision detected at time: 8206350000, Instance: MNIST_Solver_TB.DUT.obuf_gen[2].mp_obuf.ram.inst.native_mem_module.blk_mem_gen_v8_4_2_inst, A write address: 0, B read address: 0
blk_mem_gen_v8_4_2 collision detected at time: 8206350000, Instance: MNIST_Solver_TB.DUT.obuf_gen[3].mp_obuf.ram.inst.native_mem_module.blk_mem_gen_v8_4_2_inst, A write address: 0, B read address: 0
blk_mem_gen_v8_4_2 collision detected at time: 8206350000, Instance: MNIST_Solver_TB.DUT.obuf_gen[4].mp_obuf.ram.inst.native_mem_module.blk_mem_gen_v8_4_2_inst, A write address: 0, B read address: 0
blk_mem_gen_v8_4_2 collision detected at time: 8206350000, Instance: MNIST_Solver_TB.DUT.obuf_gen[5].mp_obuf.ram.inst.native_mem_module.blk_mem_gen_v8_4_2_inst, A write address: 0, B read address: 0
blk_mem_gen_v8_4_2 collision detected at time: 8297150000, Instance: MNIST_Solver_TB.DUT.conv_2_obuf_gen[0].c2_obuf.ram.inst.native_mem_module.blk_mem_gen_v8_4_2_inst, A write address: 1, B read address: 1
blk_mem_gen_v8_4_2 collision detected at time: 8297150000, Instance: MNIST_Solver_TB.DUT.conv_2_obuf_gen[1].c2_obuf.ram.inst.native_mem_module.blk_mem_gen_v8_4_2_inst, A write address: 1, B read address: 1
blk_mem_gen_v8_4_2 collision detected at time: 8297150000, Instance: MNIST_Solver_TB.DUT.conv_2_obuf_gen[2].c2_obuf.ram.inst.native_mem_module.blk_mem_gen_v8_4_2_inst, A write address: 1, B read address: 1
blk_mem_gen_v8_4_2 collision detected at time: 8297150000, Instance: MNIST_Solver_TB.DUT.conv_2_obuf_gen[3].c2_obuf.ram.inst.native_mem_module.blk_mem_gen_v8_4_2_inst, A write address: 1, B read address: 1
blk_mem_gen_v8_4_2 collision detected at time: 8297150000, Instance: MNIST_Solver_TB.DUT.conv_2_obuf_gen[4].c2_obuf.ram.inst.native_mem_module.blk_mem_gen_v8_4_2_inst, A write address: 1, B read address: 1
blk_mem_gen_v8_4_2 collision detected at time: 8297150000, Instance: MNIST_Solver_TB.DUT.conv_2_obuf_gen[5].c2_obuf.ram.inst.native_mem_module.blk_mem_gen_v8_4_2_inst, A write address: 1, B read address: 1
blk_mem_gen_v8_4_2 collision detected at time: 8297150000, Instance: MNIST_Solver_TB.DUT.conv_2_obuf_gen[6].c2_obuf.ram.inst.native_mem_module.blk_mem_gen_v8_4_2_inst, A write address: 1, B read address: 1
blk_mem_gen_v8_4_2 collision detected at time: 8297150000, Instance: MNIST_Solver_TB.DUT.conv_2_obuf_gen[7].c2_obuf.ram.inst.native_mem_module.blk_mem_gen_v8_4_2_inst, A write address: 1, B read address: 1
blk_mem_gen_v8_4_2 collision detected at time: 8297150000, Instance: MNIST_Solver_TB.DUT.conv_2_obuf_gen[8].c2_obuf.ram.inst.native_mem_module.blk_mem_gen_v8_4_2_inst, A write address: 1, B read address: 1
blk_mem_gen_v8_4_2 collision detected at time: 8297150000, Instance: MNIST_Solver_TB.DUT.conv_2_obuf_gen[9].c2_obuf.ram.inst.native_mem_module.blk_mem_gen_v8_4_2_inst, A write address: 1, B read address: 1
blk_mem_gen_v8_4_2 collision detected at time: 8297150000, Instance: MNIST_Solver_TB.DUT.conv_2_obuf_gen[10].c2_obuf.ram.inst.native_mem_module.blk_mem_gen_v8_4_2_inst, A write address: 1, B read address: 1
blk_mem_gen_v8_4_2 collision detected at time: 8297150000, Instance: MNIST_Solver_TB.DUT.conv_2_obuf_gen[11].c2_obuf.ram.inst.native_mem_module.blk_mem_gen_v8_4_2_inst, A write address: 1, B read address: 1
blk_mem_gen_v8_4_2 collision detected at time: 8297150000, Instance: MNIST_Solver_TB.DUT.conv_2_obuf_gen[12].c2_obuf.ram.inst.native_mem_module.blk_mem_gen_v8_4_2_inst, A write address: 1, B read address: 1
blk_mem_gen_v8_4_2 collision detected at time: 8297150000, Instance: MNIST_Solver_TB.DUT.conv_2_obuf_gen[13].c2_obuf.ram.inst.native_mem_module.blk_mem_gen_v8_4_2_inst, A write address: 1, B read address: 1
blk_mem_gen_v8_4_2 collision detected at time: 8297150000, Instance: MNIST_Solver_TB.DUT.conv_2_obuf_gen[14].c2_obuf.ram.inst.native_mem_module.blk_mem_gen_v8_4_2_inst, A write address: 1, B read address: 1
blk_mem_gen_v8_4_2 collision detected at time: 8297150000, Instance: MNIST_Solver_TB.DUT.conv_2_obuf_gen[15].c2_obuf.ram.inst.native_mem_module.blk_mem_gen_v8_4_2_inst, A write address: 1, B read address: 1
blk_mem_gen_v8_4_2 collision detected at time: 8297150000, Instance: MNIST_Solver_TB.DUT.conv_2_obuf_gen[16].c2_obuf.ram.inst.native_mem_module.blk_mem_gen_v8_4_2_inst, A write address: 1, B read address: 1
blk_mem_gen_v8_4_2 collision detected at time: 8297150000, Instance: MNIST_Solver_TB.DUT.conv_2_obuf_gen[17].c2_obuf.ram.inst.native_mem_module.blk_mem_gen_v8_4_2_inst, A write address: 1, B read address: 1
blk_mem_gen_v8_4_2 collision detected at time: 8297150000, Instance: MNIST_Solver_TB.DUT.conv_2_obuf_gen[18].c2_obuf.ram.inst.native_mem_module.blk_mem_gen_v8_4_2_inst, A write address: 1, B read address: 1
blk_mem_gen_v8_4_2 collision detected at time: 8297150000, Instance: MNIST_Solver_TB.DUT.conv_2_obuf_gen[19].c2_obuf.ram.inst.native_mem_module.blk_mem_gen_v8_4_2_inst, A write address: 1, B read address: 1
Prediction:  3 Label:  3 Expected:  3
IP/UDP/MAC stuff works on frame           4 iter           0
blk_mem_gen_v8_4_2 collision detected at time: 8786050000, Instance: MNIST_Solver_TB.DUT.in_buf.ram.inst.native_mem_module.blk_mem_gen_v8_4_2_inst, A write address: 0, B read address: 0
blk_mem_gen_v8_4_2 collision detected at time: 8865850000, Instance: MNIST_Solver_TB.DUT.obuf_gen[0].c1_obuf.ram.inst.native_mem_module.blk_mem_gen_v8_4_2_inst, A write address: 0, B read address: 0
blk_mem_gen_v8_4_2 collision detected at time: 8865850000, Instance: MNIST_Solver_TB.DUT.obuf_gen[1].c1_obuf.ram.inst.native_mem_module.blk_mem_gen_v8_4_2_inst, A write address: 0, B read address: 0
blk_mem_gen_v8_4_2 collision detected at time: 8865850000, Instance: MNIST_Solver_TB.DUT.obuf_gen[2].c1_obuf.ram.inst.native_mem_module.blk_mem_gen_v8_4_2_inst, A write address: 0, B read address: 0
blk_mem_gen_v8_4_2 collision detected at time: 8865850000, Instance: MNIST_Solver_TB.DUT.obuf_gen[3].c1_obuf.ram.inst.native_mem_module.blk_mem_gen_v8_4_2_inst, A write address: 0, B read address: 0
blk_mem_gen_v8_4_2 collision detected at time: 8865850000, Instance: MNIST_Solver_TB.DUT.obuf_gen[4].c1_obuf.ram.inst.native_mem_module.blk_mem_gen_v8_4_2_inst, A write address: 0, B read address: 0
blk_mem_gen_v8_4_2 collision detected at time: 8865850000, Instance: MNIST_Solver_TB.DUT.obuf_gen[5].c1_obuf.ram.inst.native_mem_module.blk_mem_gen_v8_4_2_inst, A write address: 0, B read address: 0
blk_mem_gen_v8_4_2 collision detected at time: 9963350000, Instance: MNIST_Solver_TB.DUT.obuf_gen[0].mp_obuf.ram.inst.native_mem_module.blk_mem_gen_v8_4_2_inst, A write address: 0, B read address: 0
blk_mem_gen_v8_4_2 collision detected at time: 9963350000, Instance: MNIST_Solver_TB.DUT.obuf_gen[1].mp_obuf.ram.inst.native_mem_module.blk_mem_gen_v8_4_2_inst, A write address: 0, B read address: 0
blk_mem_gen_v8_4_2 collision detected at time: 9963350000, Instance: MNIST_Solver_TB.DUT.obuf_gen[2].mp_obuf.ram.inst.native_mem_module.blk_mem_gen_v8_4_2_inst, A write address: 0, B read address: 0
blk_mem_gen_v8_4_2 collision detected at time: 9963350000, Instance: MNIST_Solver_TB.DUT.obuf_gen[3].mp_obuf.ram.inst.native_mem_module.blk_mem_gen_v8_4_2_inst, A write address: 0, B read address: 0
blk_mem_gen_v8_4_2 collision detected at time: 9963350000, Instance: MNIST_Solver_TB.DUT.obuf_gen[4].mp_obuf.ram.inst.native_mem_module.blk_mem_gen_v8_4_2_inst, A write address: 0, B read address: 0
blk_mem_gen_v8_4_2 collision detected at time: 9963350000, Instance: MNIST_Solver_TB.DUT.obuf_gen[5].mp_obuf.ram.inst.native_mem_module.blk_mem_gen_v8_4_2_inst, A write address: 0, B read address: 0
blk_mem_gen_v8_4_2 collision detected at time: 10054150000, Instance: MNIST_Solver_TB.DUT.conv_2_obuf_gen[0].c2_obuf.ram.inst.native_mem_module.blk_mem_gen_v8_4_2_inst, A write address: 1, B read address: 1
blk_mem_gen_v8_4_2 collision detected at time: 10054150000, Instance: MNIST_Solver_TB.DUT.conv_2_obuf_gen[1].c2_obuf.ram.inst.native_mem_module.blk_mem_gen_v8_4_2_inst, A write address: 1, B read address: 1
blk_mem_gen_v8_4_2 collision detected at time: 10054150000, Instance: MNIST_Solver_TB.DUT.conv_2_obuf_gen[2].c2_obuf.ram.inst.native_mem_module.blk_mem_gen_v8_4_2_inst, A write address: 1, B read address: 1
blk_mem_gen_v8_4_2 collision detected at time: 10054150000, Instance: MNIST_Solver_TB.DUT.conv_2_obuf_gen[3].c2_obuf.ram.inst.native_mem_module.blk_mem_gen_v8_4_2_inst, A write address: 1, B read address: 1
blk_mem_gen_v8_4_2 collision detected at time: 10054150000, Instance: MNIST_Solver_TB.DUT.conv_2_obuf_gen[4].c2_obuf.ram.inst.native_mem_module.blk_mem_gen_v8_4_2_inst, A write address: 1, B read address: 1
blk_mem_gen_v8_4_2 collision detected at time: 10054150000, Instance: MNIST_Solver_TB.DUT.conv_2_obuf_gen[5].c2_obuf.ram.inst.native_mem_module.blk_mem_gen_v8_4_2_inst, A write address: 1, B read address: 1
blk_mem_gen_v8_4_2 collision detected at time: 10054150000, Instance: MNIST_Solver_TB.DUT.conv_2_obuf_gen[6].c2_obuf.ram.inst.native_mem_module.blk_mem_gen_v8_4_2_inst, A write address: 1, B read address: 1
blk_mem_gen_v8_4_2 collision detected at time: 10054150000, Instance: MNIST_Solver_TB.DUT.conv_2_obuf_gen[7].c2_obuf.ram.inst.native_mem_module.blk_mem_gen_v8_4_2_inst, A write address: 1, B read address: 1
blk_mem_gen_v8_4_2 collision detected at time: 10054150000, Instance: MNIST_Solver_TB.DUT.conv_2_obuf_gen[8].c2_obuf.ram.inst.native_mem_module.blk_mem_gen_v8_4_2_inst, A write address: 1, B read address: 1
blk_mem_gen_v8_4_2 collision detected at time: 10054150000, Instance: MNIST_Solver_TB.DUT.conv_2_obuf_gen[9].c2_obuf.ram.inst.native_mem_module.blk_mem_gen_v8_4_2_inst, A write address: 1, B read address: 1
blk_mem_gen_v8_4_2 collision detected at time: 10054150000, Instance: MNIST_Solver_TB.DUT.conv_2_obuf_gen[10].c2_obuf.ram.inst.native_mem_module.blk_mem_gen_v8_4_2_inst, A write address: 1, B read address: 1
blk_mem_gen_v8_4_2 collision detected at time: 10054150000, Instance: MNIST_Solver_TB.DUT.conv_2_obuf_gen[11].c2_obuf.ram.inst.native_mem_module.blk_mem_gen_v8_4_2_inst, A write address: 1, B read address: 1
blk_mem_gen_v8_4_2 collision detected at time: 10054150000, Instance: MNIST_Solver_TB.DUT.conv_2_obuf_gen[12].c2_obuf.ram.inst.native_mem_module.blk_mem_gen_v8_4_2_inst, A write address: 1, B read address: 1
blk_mem_gen_v8_4_2 collision detected at time: 10054150000, Instance: MNIST_Solver_TB.DUT.conv_2_obuf_gen[13].c2_obuf.ram.inst.native_mem_module.blk_mem_gen_v8_4_2_inst, A write address: 1, B read address: 1
blk_mem_gen_v8_4_2 collision detected at time: 10054150000, Instance: MNIST_Solver_TB.DUT.conv_2_obuf_gen[14].c2_obuf.ram.inst.native_mem_module.blk_mem_gen_v8_4_2_inst, A write address: 1, B read address: 1
blk_mem_gen_v8_4_2 collision detected at time: 10054150000, Instance: MNIST_Solver_TB.DUT.conv_2_obuf_gen[15].c2_obuf.ram.inst.native_mem_module.blk_mem_gen_v8_4_2_inst, A write address: 1, B read address: 1
blk_mem_gen_v8_4_2 collision detected at time: 10054150000, Instance: MNIST_Solver_TB.DUT.conv_2_obuf_gen[16].c2_obuf.ram.inst.native_mem_module.blk_mem_gen_v8_4_2_inst, A write address: 1, B read address: 1
blk_mem_gen_v8_4_2 collision detected at time: 10054150000, Instance: MNIST_Solver_TB.DUT.conv_2_obuf_gen[17].c2_obuf.ram.inst.native_mem_module.blk_mem_gen_v8_4_2_inst, A write address: 1, B read address: 1
blk_mem_gen_v8_4_2 collision detected at time: 10054150000, Instance: MNIST_Solver_TB.DUT.conv_2_obuf_gen[18].c2_obuf.ram.inst.native_mem_module.blk_mem_gen_v8_4_2_inst, A write address: 1, B read address: 1
blk_mem_gen_v8_4_2 collision detected at time: 10054150000, Instance: MNIST_Solver_TB.DUT.conv_2_obuf_gen[19].c2_obuf.ram.inst.native_mem_module.blk_mem_gen_v8_4_2_inst, A write address: 1, B read address: 1
Prediction:  2 Label:  2 Expected:  2
IP/UDP/MAC stuff works on frame           5 iter           0
blk_mem_gen_v8_4_2 collision detected at time: 10543050000, Instance: MNIST_Solver_TB.DUT.in_buf.ram.inst.native_mem_module.blk_mem_gen_v8_4_2_inst, A write address: 0, B read address: 0
blk_mem_gen_v8_4_2 collision detected at time: 10622850000, Instance: MNIST_Solver_TB.DUT.obuf_gen[0].c1_obuf.ram.inst.native_mem_module.blk_mem_gen_v8_4_2_inst, A write address: 0, B read address: 0
blk_mem_gen_v8_4_2 collision detected at time: 10622850000, Instance: MNIST_Solver_TB.DUT.obuf_gen[1].c1_obuf.ram.inst.native_mem_module.blk_mem_gen_v8_4_2_inst, A write address: 0, B read address: 0
blk_mem_gen_v8_4_2 collision detected at time: 10622850000, Instance: MNIST_Solver_TB.DUT.obuf_gen[2].c1_obuf.ram.inst.native_mem_module.blk_mem_gen_v8_4_2_inst, A write address: 0, B read address: 0
blk_mem_gen_v8_4_2 collision detected at time: 10622850000, Instance: MNIST_Solver_TB.DUT.obuf_gen[3].c1_obuf.ram.inst.native_mem_module.blk_mem_gen_v8_4_2_inst, A write address: 0, B read address: 0
blk_mem_gen_v8_4_2 collision detected at time: 10622850000, Instance: MNIST_Solver_TB.DUT.obuf_gen[4].c1_obuf.ram.inst.native_mem_module.blk_mem_gen_v8_4_2_inst, A write address: 0, B read address: 0
blk_mem_gen_v8_4_2 collision detected at time: 10622850000, Instance: MNIST_Solver_TB.DUT.obuf_gen[5].c1_obuf.ram.inst.native_mem_module.blk_mem_gen_v8_4_2_inst, A write address: 0, B read address: 0
blk_mem_gen_v8_4_2 collision detected at time: 11720350000, Instance: MNIST_Solver_TB.DUT.obuf_gen[0].mp_obuf.ram.inst.native_mem_module.blk_mem_gen_v8_4_2_inst, A write address: 0, B read address: 0
blk_mem_gen_v8_4_2 collision detected at time: 11720350000, Instance: MNIST_Solver_TB.DUT.obuf_gen[1].mp_obuf.ram.inst.native_mem_module.blk_mem_gen_v8_4_2_inst, A write address: 0, B read address: 0
blk_mem_gen_v8_4_2 collision detected at time: 11720350000, Instance: MNIST_Solver_TB.DUT.obuf_gen[2].mp_obuf.ram.inst.native_mem_module.blk_mem_gen_v8_4_2_inst, A write address: 0, B read address: 0
blk_mem_gen_v8_4_2 collision detected at time: 11720350000, Instance: MNIST_Solver_TB.DUT.obuf_gen[3].mp_obuf.ram.inst.native_mem_module.blk_mem_gen_v8_4_2_inst, A write address: 0, B read address: 0
blk_mem_gen_v8_4_2 collision detected at time: 11720350000, Instance: MNIST_Solver_TB.DUT.obuf_gen[4].mp_obuf.ram.inst.native_mem_module.blk_mem_gen_v8_4_2_inst, A write address: 0, B read address: 0
blk_mem_gen_v8_4_2 collision detected at time: 11720350000, Instance: MNIST_Solver_TB.DUT.obuf_gen[5].mp_obuf.ram.inst.native_mem_module.blk_mem_gen_v8_4_2_inst, A write address: 0, B read address: 0
blk_mem_gen_v8_4_2 collision detected at time: 11811150000, Instance: MNIST_Solver_TB.DUT.conv_2_obuf_gen[0].c2_obuf.ram.inst.native_mem_module.blk_mem_gen_v8_4_2_inst, A write address: 1, B read address: 1
blk_mem_gen_v8_4_2 collision detected at time: 11811150000, Instance: MNIST_Solver_TB.DUT.conv_2_obuf_gen[1].c2_obuf.ram.inst.native_mem_module.blk_mem_gen_v8_4_2_inst, A write address: 1, B read address: 1
blk_mem_gen_v8_4_2 collision detected at time: 11811150000, Instance: MNIST_Solver_TB.DUT.conv_2_obuf_gen[2].c2_obuf.ram.inst.native_mem_module.blk_mem_gen_v8_4_2_inst, A write address: 1, B read address: 1
blk_mem_gen_v8_4_2 collision detected at time: 11811150000, Instance: MNIST_Solver_TB.DUT.conv_2_obuf_gen[3].c2_obuf.ram.inst.native_mem_module.blk_mem_gen_v8_4_2_inst, A write address: 1, B read address: 1
blk_mem_gen_v8_4_2 collision detected at time: 11811150000, Instance: MNIST_Solver_TB.DUT.conv_2_obuf_gen[4].c2_obuf.ram.inst.native_mem_module.blk_mem_gen_v8_4_2_inst, A write address: 1, B read address: 1
blk_mem_gen_v8_4_2 collision detected at time: 11811150000, Instance: MNIST_Solver_TB.DUT.conv_2_obuf_gen[5].c2_obuf.ram.inst.native_mem_module.blk_mem_gen_v8_4_2_inst, A write address: 1, B read address: 1
blk_mem_gen_v8_4_2 collision detected at time: 11811150000, Instance: MNIST_Solver_TB.DUT.conv_2_obuf_gen[6].c2_obuf.ram.inst.native_mem_module.blk_mem_gen_v8_4_2_inst, A write address: 1, B read address: 1
blk_mem_gen_v8_4_2 collision detected at time: 11811150000, Instance: MNIST_Solver_TB.DUT.conv_2_obuf_gen[7].c2_obuf.ram.inst.native_mem_module.blk_mem_gen_v8_4_2_inst, A write address: 1, B read address: 1
blk_mem_gen_v8_4_2 collision detected at time: 11811150000, Instance: MNIST_Solver_TB.DUT.conv_2_obuf_gen[8].c2_obuf.ram.inst.native_mem_module.blk_mem_gen_v8_4_2_inst, A write address: 1, B read address: 1
blk_mem_gen_v8_4_2 collision detected at time: 11811150000, Instance: MNIST_Solver_TB.DUT.conv_2_obuf_gen[9].c2_obuf.ram.inst.native_mem_module.blk_mem_gen_v8_4_2_inst, A write address: 1, B read address: 1
blk_mem_gen_v8_4_2 collision detected at time: 11811150000, Instance: MNIST_Solver_TB.DUT.conv_2_obuf_gen[10].c2_obuf.ram.inst.native_mem_module.blk_mem_gen_v8_4_2_inst, A write address: 1, B read address: 1
blk_mem_gen_v8_4_2 collision detected at time: 11811150000, Instance: MNIST_Solver_TB.DUT.conv_2_obuf_gen[11].c2_obuf.ram.inst.native_mem_module.blk_mem_gen_v8_4_2_inst, A write address: 1, B read address: 1
blk_mem_gen_v8_4_2 collision detected at time: 11811150000, Instance: MNIST_Solver_TB.DUT.conv_2_obuf_gen[12].c2_obuf.ram.inst.native_mem_module.blk_mem_gen_v8_4_2_inst, A write address: 1, B read address: 1
blk_mem_gen_v8_4_2 collision detected at time: 11811150000, Instance: MNIST_Solver_TB.DUT.conv_2_obuf_gen[13].c2_obuf.ram.inst.native_mem_module.blk_mem_gen_v8_4_2_inst, A write address: 1, B read address: 1
blk_mem_gen_v8_4_2 collision detected at time: 11811150000, Instance: MNIST_Solver_TB.DUT.conv_2_obuf_gen[14].c2_obuf.ram.inst.native_mem_module.blk_mem_gen_v8_4_2_inst, A write address: 1, B read address: 1
blk_mem_gen_v8_4_2 collision detected at time: 11811150000, Instance: MNIST_Solver_TB.DUT.conv_2_obuf_gen[15].c2_obuf.ram.inst.native_mem_module.blk_mem_gen_v8_4_2_inst, A write address: 1, B read address: 1
blk_mem_gen_v8_4_2 collision detected at time: 11811150000, Instance: MNIST_Solver_TB.DUT.conv_2_obuf_gen[16].c2_obuf.ram.inst.native_mem_module.blk_mem_gen_v8_4_2_inst, A write address: 1, B read address: 1
blk_mem_gen_v8_4_2 collision detected at time: 11811150000, Instance: MNIST_Solver_TB.DUT.conv_2_obuf_gen[17].c2_obuf.ram.inst.native_mem_module.blk_mem_gen_v8_4_2_inst, A write address: 1, B read address: 1
blk_mem_gen_v8_4_2 collision detected at time: 11811150000, Instance: MNIST_Solver_TB.DUT.conv_2_obuf_gen[18].c2_obuf.ram.inst.native_mem_module.blk_mem_gen_v8_4_2_inst, A write address: 1, B read address: 1
blk_mem_gen_v8_4_2 collision detected at time: 11811150000, Instance: MNIST_Solver_TB.DUT.conv_2_obuf_gen[19].c2_obuf.ram.inst.native_mem_module.blk_mem_gen_v8_4_2_inst, A write address: 1, B read address: 1
Prediction:  4 Label:  4 Expected:  4
IP/UDP/MAC stuff works on frame           6 iter           0
blk_mem_gen_v8_4_2 collision detected at time: 12300050000, Instance: MNIST_Solver_TB.DUT.in_buf.ram.inst.native_mem_module.blk_mem_gen_v8_4_2_inst, A write address: 0, B read address: 0
blk_mem_gen_v8_4_2 collision detected at time: 12379850000, Instance: MNIST_Solver_TB.DUT.obuf_gen[0].c1_obuf.ram.inst.native_mem_module.blk_mem_gen_v8_4_2_inst, A write address: 0, B read address: 0
blk_mem_gen_v8_4_2 collision detected at time: 12379850000, Instance: MNIST_Solver_TB.DUT.obuf_gen[1].c1_obuf.ram.inst.native_mem_module.blk_mem_gen_v8_4_2_inst, A write address: 0, B read address: 0
blk_mem_gen_v8_4_2 collision detected at time: 12379850000, Instance: MNIST_Solver_TB.DUT.obuf_gen[2].c1_obuf.ram.inst.native_mem_module.blk_mem_gen_v8_4_2_inst, A write address: 0, B read address: 0
blk_mem_gen_v8_4_2 collision detected at time: 12379850000, Instance: MNIST_Solver_TB.DUT.obuf_gen[3].c1_obuf.ram.inst.native_mem_module.blk_mem_gen_v8_4_2_inst, A write address: 0, B read address: 0
blk_mem_gen_v8_4_2 collision detected at time: 12379850000, Instance: MNIST_Solver_TB.DUT.obuf_gen[4].c1_obuf.ram.inst.native_mem_module.blk_mem_gen_v8_4_2_inst, A write address: 0, B read address: 0
blk_mem_gen_v8_4_2 collision detected at time: 12379850000, Instance: MNIST_Solver_TB.DUT.obuf_gen[5].c1_obuf.ram.inst.native_mem_module.blk_mem_gen_v8_4_2_inst, A write address: 0, B read address: 0
blk_mem_gen_v8_4_2 collision detected at time: 13477350000, Instance: MNIST_Solver_TB.DUT.obuf_gen[0].mp_obuf.ram.inst.native_mem_module.blk_mem_gen_v8_4_2_inst, A write address: 0, B read address: 0
blk_mem_gen_v8_4_2 collision detected at time: 13477350000, Instance: MNIST_Solver_TB.DUT.obuf_gen[1].mp_obuf.ram.inst.native_mem_module.blk_mem_gen_v8_4_2_inst, A write address: 0, B read address: 0
blk_mem_gen_v8_4_2 collision detected at time: 13477350000, Instance: MNIST_Solver_TB.DUT.obuf_gen[2].mp_obuf.ram.inst.native_mem_module.blk_mem_gen_v8_4_2_inst, A write address: 0, B read address: 0
blk_mem_gen_v8_4_2 collision detected at time: 13477350000, Instance: MNIST_Solver_TB.DUT.obuf_gen[3].mp_obuf.ram.inst.native_mem_module.blk_mem_gen_v8_4_2_inst, A write address: 0, B read address: 0
blk_mem_gen_v8_4_2 collision detected at time: 13477350000, Instance: MNIST_Solver_TB.DUT.obuf_gen[4].mp_obuf.ram.inst.native_mem_module.blk_mem_gen_v8_4_2_inst, A write address: 0, B read address: 0
blk_mem_gen_v8_4_2 collision detected at time: 13477350000, Instance: MNIST_Solver_TB.DUT.obuf_gen[5].mp_obuf.ram.inst.native_mem_module.blk_mem_gen_v8_4_2_inst, A write address: 0, B read address: 0
blk_mem_gen_v8_4_2 collision detected at time: 13568150000, Instance: MNIST_Solver_TB.DUT.conv_2_obuf_gen[0].c2_obuf.ram.inst.native_mem_module.blk_mem_gen_v8_4_2_inst, A write address: 1, B read address: 1
blk_mem_gen_v8_4_2 collision detected at time: 13568150000, Instance: MNIST_Solver_TB.DUT.conv_2_obuf_gen[1].c2_obuf.ram.inst.native_mem_module.blk_mem_gen_v8_4_2_inst, A write address: 1, B read address: 1
blk_mem_gen_v8_4_2 collision detected at time: 13568150000, Instance: MNIST_Solver_TB.DUT.conv_2_obuf_gen[2].c2_obuf.ram.inst.native_mem_module.blk_mem_gen_v8_4_2_inst, A write address: 1, B read address: 1
blk_mem_gen_v8_4_2 collision detected at time: 13568150000, Instance: MNIST_Solver_TB.DUT.conv_2_obuf_gen[3].c2_obuf.ram.inst.native_mem_module.blk_mem_gen_v8_4_2_inst, A write address: 1, B read address: 1
blk_mem_gen_v8_4_2 collision detected at time: 13568150000, Instance: MNIST_Solver_TB.DUT.conv_2_obuf_gen[4].c2_obuf.ram.inst.native_mem_module.blk_mem_gen_v8_4_2_inst, A write address: 1, B read address: 1
blk_mem_gen_v8_4_2 collision detected at time: 13568150000, Instance: MNIST_Solver_TB.DUT.conv_2_obuf_gen[5].c2_obuf.ram.inst.native_mem_module.blk_mem_gen_v8_4_2_inst, A write address: 1, B read address: 1
blk_mem_gen_v8_4_2 collision detected at time: 13568150000, Instance: MNIST_Solver_TB.DUT.conv_2_obuf_gen[6].c2_obuf.ram.inst.native_mem_module.blk_mem_gen_v8_4_2_inst, A write address: 1, B read address: 1
blk_mem_gen_v8_4_2 collision detected at time: 13568150000, Instance: MNIST_Solver_TB.DUT.conv_2_obuf_gen[7].c2_obuf.ram.inst.native_mem_module.blk_mem_gen_v8_4_2_inst, A write address: 1, B read address: 1
blk_mem_gen_v8_4_2 collision detected at time: 13568150000, Instance: MNIST_Solver_TB.DUT.conv_2_obuf_gen[8].c2_obuf.ram.inst.native_mem_module.blk_mem_gen_v8_4_2_inst, A write address: 1, B read address: 1
blk_mem_gen_v8_4_2 collision detected at time: 13568150000, Instance: MNIST_Solver_TB.DUT.conv_2_obuf_gen[9].c2_obuf.ram.inst.native_mem_module.blk_mem_gen_v8_4_2_inst, A write address: 1, B read address: 1
blk_mem_gen_v8_4_2 collision detected at time: 13568150000, Instance: MNIST_Solver_TB.DUT.conv_2_obuf_gen[10].c2_obuf.ram.inst.native_mem_module.blk_mem_gen_v8_4_2_inst, A write address: 1, B read address: 1
blk_mem_gen_v8_4_2 collision detected at time: 13568150000, Instance: MNIST_Solver_TB.DUT.conv_2_obuf_gen[11].c2_obuf.ram.inst.native_mem_module.blk_mem_gen_v8_4_2_inst, A write address: 1, B read address: 1
blk_mem_gen_v8_4_2 collision detected at time: 13568150000, Instance: MNIST_Solver_TB.DUT.conv_2_obuf_gen[12].c2_obuf.ram.inst.native_mem_module.blk_mem_gen_v8_4_2_inst, A write address: 1, B read address: 1
blk_mem_gen_v8_4_2 collision detected at time: 13568150000, Instance: MNIST_Solver_TB.DUT.conv_2_obuf_gen[13].c2_obuf.ram.inst.native_mem_module.blk_mem_gen_v8_4_2_inst, A write address: 1, B read address: 1
blk_mem_gen_v8_4_2 collision detected at time: 13568150000, Instance: MNIST_Solver_TB.DUT.conv_2_obuf_gen[14].c2_obuf.ram.inst.native_mem_module.blk_mem_gen_v8_4_2_inst, A write address: 1, B read address: 1
blk_mem_gen_v8_4_2 collision detected at time: 13568150000, Instance: MNIST_Solver_TB.DUT.conv_2_obuf_gen[15].c2_obuf.ram.inst.native_mem_module.blk_mem_gen_v8_4_2_inst, A write address: 1, B read address: 1
blk_mem_gen_v8_4_2 collision detected at time: 13568150000, Instance: MNIST_Solver_TB.DUT.conv_2_obuf_gen[16].c2_obuf.ram.inst.native_mem_module.blk_mem_gen_v8_4_2_inst, A write address: 1, B read address: 1
blk_mem_gen_v8_4_2 collision detected at time: 13568150000, Instance: MNIST_Solver_TB.DUT.conv_2_obuf_gen[17].c2_obuf.ram.inst.native_mem_module.blk_mem_gen_v8_4_2_inst, A write address: 1, B read address: 1
blk_mem_gen_v8_4_2 collision detected at time: 13568150000, Instance: MNIST_Solver_TB.DUT.conv_2_obuf_gen[18].c2_obuf.ram.inst.native_mem_module.blk_mem_gen_v8_4_2_inst, A write address: 1, B read address: 1
blk_mem_gen_v8_4_2 collision detected at time: 13568150000, Instance: MNIST_Solver_TB.DUT.conv_2_obuf_gen[19].c2_obuf.ram.inst.native_mem_module.blk_mem_gen_v8_4_2_inst, A write address: 1, B read address: 1
Prediction:  8 Label:  8 Expected:  8
IP/UDP/MAC stuff works on frame           7 iter           0
blk_mem_gen_v8_4_2 collision detected at time: 14057050000, Instance: MNIST_Solver_TB.DUT.in_buf.ram.inst.native_mem_module.blk_mem_gen_v8_4_2_inst, A write address: 0, B read address: 0
blk_mem_gen_v8_4_2 collision detected at time: 14136850000, Instance: MNIST_Solver_TB.DUT.obuf_gen[0].c1_obuf.ram.inst.native_mem_module.blk_mem_gen_v8_4_2_inst, A write address: 0, B read address: 0
blk_mem_gen_v8_4_2 collision detected at time: 14136850000, Instance: MNIST_Solver_TB.DUT.obuf_gen[1].c1_obuf.ram.inst.native_mem_module.blk_mem_gen_v8_4_2_inst, A write address: 0, B read address: 0
blk_mem_gen_v8_4_2 collision detected at time: 14136850000, Instance: MNIST_Solver_TB.DUT.obuf_gen[2].c1_obuf.ram.inst.native_mem_module.blk_mem_gen_v8_4_2_inst, A write address: 0, B read address: 0
blk_mem_gen_v8_4_2 collision detected at time: 14136850000, Instance: MNIST_Solver_TB.DUT.obuf_gen[3].c1_obuf.ram.inst.native_mem_module.blk_mem_gen_v8_4_2_inst, A write address: 0, B read address: 0
blk_mem_gen_v8_4_2 collision detected at time: 14136850000, Instance: MNIST_Solver_TB.DUT.obuf_gen[4].c1_obuf.ram.inst.native_mem_module.blk_mem_gen_v8_4_2_inst, A write address: 0, B read address: 0
blk_mem_gen_v8_4_2 collision detected at time: 14136850000, Instance: MNIST_Solver_TB.DUT.obuf_gen[5].c1_obuf.ram.inst.native_mem_module.blk_mem_gen_v8_4_2_inst, A write address: 0, B read address: 0
blk_mem_gen_v8_4_2 collision detected at time: 15234350000, Instance: MNIST_Solver_TB.DUT.obuf_gen[0].mp_obuf.ram.inst.native_mem_module.blk_mem_gen_v8_4_2_inst, A write address: 0, B read address: 0
blk_mem_gen_v8_4_2 collision detected at time: 15234350000, Instance: MNIST_Solver_TB.DUT.obuf_gen[1].mp_obuf.ram.inst.native_mem_module.blk_mem_gen_v8_4_2_inst, A write address: 0, B read address: 0
blk_mem_gen_v8_4_2 collision detected at time: 15234350000, Instance: MNIST_Solver_TB.DUT.obuf_gen[2].mp_obuf.ram.inst.native_mem_module.blk_mem_gen_v8_4_2_inst, A write address: 0, B read address: 0
blk_mem_gen_v8_4_2 collision detected at time: 15234350000, Instance: MNIST_Solver_TB.DUT.obuf_gen[3].mp_obuf.ram.inst.native_mem_module.blk_mem_gen_v8_4_2_inst, A write address: 0, B read address: 0
blk_mem_gen_v8_4_2 collision detected at time: 15234350000, Instance: MNIST_Solver_TB.DUT.obuf_gen[4].mp_obuf.ram.inst.native_mem_module.blk_mem_gen_v8_4_2_inst, A write address: 0, B read address: 0
blk_mem_gen_v8_4_2 collision detected at time: 15234350000, Instance: MNIST_Solver_TB.DUT.obuf_gen[5].mp_obuf.ram.inst.native_mem_module.blk_mem_gen_v8_4_2_inst, A write address: 0, B read address: 0
blk_mem_gen_v8_4_2 collision detected at time: 15325150000, Instance: MNIST_Solver_TB.DUT.conv_2_obuf_gen[0].c2_obuf.ram.inst.native_mem_module.blk_mem_gen_v8_4_2_inst, A write address: 1, B read address: 1
blk_mem_gen_v8_4_2 collision detected at time: 15325150000, Instance: MNIST_Solver_TB.DUT.conv_2_obuf_gen[1].c2_obuf.ram.inst.native_mem_module.blk_mem_gen_v8_4_2_inst, A write address: 1, B read address: 1
blk_mem_gen_v8_4_2 collision detected at time: 15325150000, Instance: MNIST_Solver_TB.DUT.conv_2_obuf_gen[2].c2_obuf.ram.inst.native_mem_module.blk_mem_gen_v8_4_2_inst, A write address: 1, B read address: 1
blk_mem_gen_v8_4_2 collision detected at time: 15325150000, Instance: MNIST_Solver_TB.DUT.conv_2_obuf_gen[3].c2_obuf.ram.inst.native_mem_module.blk_mem_gen_v8_4_2_inst, A write address: 1, B read address: 1
blk_mem_gen_v8_4_2 collision detected at time: 15325150000, Instance: MNIST_Solver_TB.DUT.conv_2_obuf_gen[4].c2_obuf.ram.inst.native_mem_module.blk_mem_gen_v8_4_2_inst, A write address: 1, B read address: 1
blk_mem_gen_v8_4_2 collision detected at time: 15325150000, Instance: MNIST_Solver_TB.DUT.conv_2_obuf_gen[5].c2_obuf.ram.inst.native_mem_module.blk_mem_gen_v8_4_2_inst, A write address: 1, B read address: 1
blk_mem_gen_v8_4_2 collision detected at time: 15325150000, Instance: MNIST_Solver_TB.DUT.conv_2_obuf_gen[6].c2_obuf.ram.inst.native_mem_module.blk_mem_gen_v8_4_2_inst, A write address: 1, B read address: 1
blk_mem_gen_v8_4_2 collision detected at time: 15325150000, Instance: MNIST_Solver_TB.DUT.conv_2_obuf_gen[7].c2_obuf.ram.inst.native_mem_module.blk_mem_gen_v8_4_2_inst, A write address: 1, B read address: 1
blk_mem_gen_v8_4_2 collision detected at time: 15325150000, Instance: MNIST_Solver_TB.DUT.conv_2_obuf_gen[8].c2_obuf.ram.inst.native_mem_module.blk_mem_gen_v8_4_2_inst, A write address: 1, B read address: 1
blk_mem_gen_v8_4_2 collision detected at time: 15325150000, Instance: MNIST_Solver_TB.DUT.conv_2_obuf_gen[9].c2_obuf.ram.inst.native_mem_module.blk_mem_gen_v8_4_2_inst, A write address: 1, B read address: 1
blk_mem_gen_v8_4_2 collision detected at time: 15325150000, Instance: MNIST_Solver_TB.DUT.conv_2_obuf_gen[10].c2_obuf.ram.inst.native_mem_module.blk_mem_gen_v8_4_2_inst, A write address: 1, B read address: 1
blk_mem_gen_v8_4_2 collision detected at time: 15325150000, Instance: MNIST_Solver_TB.DUT.conv_2_obuf_gen[11].c2_obuf.ram.inst.native_mem_module.blk_mem_gen_v8_4_2_inst, A write address: 1, B read address: 1
blk_mem_gen_v8_4_2 collision detected at time: 15325150000, Instance: MNIST_Solver_TB.DUT.conv_2_obuf_gen[12].c2_obuf.ram.inst.native_mem_module.blk_mem_gen_v8_4_2_inst, A write address: 1, B read address: 1
blk_mem_gen_v8_4_2 collision detected at time: 15325150000, Instance: MNIST_Solver_TB.DUT.conv_2_obuf_gen[13].c2_obuf.ram.inst.native_mem_module.blk_mem_gen_v8_4_2_inst, A write address: 1, B read address: 1
blk_mem_gen_v8_4_2 collision detected at time: 15325150000, Instance: MNIST_Solver_TB.DUT.conv_2_obuf_gen[14].c2_obuf.ram.inst.native_mem_module.blk_mem_gen_v8_4_2_inst, A write address: 1, B read address: 1
blk_mem_gen_v8_4_2 collision detected at time: 15325150000, Instance: MNIST_Solver_TB.DUT.conv_2_obuf_gen[15].c2_obuf.ram.inst.native_mem_module.blk_mem_gen_v8_4_2_inst, A write address: 1, B read address: 1
blk_mem_gen_v8_4_2 collision detected at time: 15325150000, Instance: MNIST_Solver_TB.DUT.conv_2_obuf_gen[16].c2_obuf.ram.inst.native_mem_module.blk_mem_gen_v8_4_2_inst, A write address: 1, B read address: 1
blk_mem_gen_v8_4_2 collision detected at time: 15325150000, Instance: MNIST_Solver_TB.DUT.conv_2_obuf_gen[17].c2_obuf.ram.inst.native_mem_module.blk_mem_gen_v8_4_2_inst, A write address: 1, B read address: 1
blk_mem_gen_v8_4_2 collision detected at time: 15325150000, Instance: MNIST_Solver_TB.DUT.conv_2_obuf_gen[18].c2_obuf.ram.inst.native_mem_module.blk_mem_gen_v8_4_2_inst, A write address: 1, B read address: 1
blk_mem_gen_v8_4_2 collision detected at time: 15325150000, Instance: MNIST_Solver_TB.DUT.conv_2_obuf_gen[19].c2_obuf.ram.inst.native_mem_module.blk_mem_gen_v8_4_2_inst, A write address: 1, B read address: 1
Prediction:  0 Label:  0 Expected:  0
IP/UDP/MAC stuff works on frame           8 iter           0
blk_mem_gen_v8_4_2 collision detected at time: 15814050000, Instance: MNIST_Solver_TB.DUT.in_buf.ram.inst.native_mem_module.blk_mem_gen_v8_4_2_inst, A write address: 0, B read address: 0
blk_mem_gen_v8_4_2 collision detected at time: 15893850000, Instance: MNIST_Solver_TB.DUT.obuf_gen[0].c1_obuf.ram.inst.native_mem_module.blk_mem_gen_v8_4_2_inst, A write address: 0, B read address: 0
blk_mem_gen_v8_4_2 collision detected at time: 15893850000, Instance: MNIST_Solver_TB.DUT.obuf_gen[1].c1_obuf.ram.inst.native_mem_module.blk_mem_gen_v8_4_2_inst, A write address: 0, B read address: 0
blk_mem_gen_v8_4_2 collision detected at time: 15893850000, Instance: MNIST_Solver_TB.DUT.obuf_gen[2].c1_obuf.ram.inst.native_mem_module.blk_mem_gen_v8_4_2_inst, A write address: 0, B read address: 0
blk_mem_gen_v8_4_2 collision detected at time: 15893850000, Instance: MNIST_Solver_TB.DUT.obuf_gen[3].c1_obuf.ram.inst.native_mem_module.blk_mem_gen_v8_4_2_inst, A write address: 0, B read address: 0
blk_mem_gen_v8_4_2 collision detected at time: 15893850000, Instance: MNIST_Solver_TB.DUT.obuf_gen[4].c1_obuf.ram.inst.native_mem_module.blk_mem_gen_v8_4_2_inst, A write address: 0, B read address: 0
blk_mem_gen_v8_4_2 collision detected at time: 15893850000, Instance: MNIST_Solver_TB.DUT.obuf_gen[5].c1_obuf.ram.inst.native_mem_module.blk_mem_gen_v8_4_2_inst, A write address: 0, B read address: 0
blk_mem_gen_v8_4_2 collision detected at time: 16991350000, Instance: MNIST_Solver_TB.DUT.obuf_gen[0].mp_obuf.ram.inst.native_mem_module.blk_mem_gen_v8_4_2_inst, A write address: 0, B read address: 0
blk_mem_gen_v8_4_2 collision detected at time: 16991350000, Instance: MNIST_Solver_TB.DUT.obuf_gen[1].mp_obuf.ram.inst.native_mem_module.blk_mem_gen_v8_4_2_inst, A write address: 0, B read address: 0
blk_mem_gen_v8_4_2 collision detected at time: 16991350000, Instance: MNIST_Solver_TB.DUT.obuf_gen[2].mp_obuf.ram.inst.native_mem_module.blk_mem_gen_v8_4_2_inst, A write address: 0, B read address: 0
blk_mem_gen_v8_4_2 collision detected at time: 16991350000, Instance: MNIST_Solver_TB.DUT.obuf_gen[3].mp_obuf.ram.inst.native_mem_module.blk_mem_gen_v8_4_2_inst, A write address: 0, B read address: 0
blk_mem_gen_v8_4_2 collision detected at time: 16991350000, Instance: MNIST_Solver_TB.DUT.obuf_gen[4].mp_obuf.ram.inst.native_mem_module.blk_mem_gen_v8_4_2_inst, A write address: 0, B read address: 0
blk_mem_gen_v8_4_2 collision detected at time: 16991350000, Instance: MNIST_Solver_TB.DUT.obuf_gen[5].mp_obuf.ram.inst.native_mem_module.blk_mem_gen_v8_4_2_inst, A write address: 0, B read address: 0
blk_mem_gen_v8_4_2 collision detected at time: 17082150000, Instance: MNIST_Solver_TB.DUT.conv_2_obuf_gen[0].c2_obuf.ram.inst.native_mem_module.blk_mem_gen_v8_4_2_inst, A write address: 1, B read address: 1
blk_mem_gen_v8_4_2 collision detected at time: 17082150000, Instance: MNIST_Solver_TB.DUT.conv_2_obuf_gen[1].c2_obuf.ram.inst.native_mem_module.blk_mem_gen_v8_4_2_inst, A write address: 1, B read address: 1
blk_mem_gen_v8_4_2 collision detected at time: 17082150000, Instance: MNIST_Solver_TB.DUT.conv_2_obuf_gen[2].c2_obuf.ram.inst.native_mem_module.blk_mem_gen_v8_4_2_inst, A write address: 1, B read address: 1
blk_mem_gen_v8_4_2 collision detected at time: 17082150000, Instance: MNIST_Solver_TB.DUT.conv_2_obuf_gen[3].c2_obuf.ram.inst.native_mem_module.blk_mem_gen_v8_4_2_inst, A write address: 1, B read address: 1
blk_mem_gen_v8_4_2 collision detected at time: 17082150000, Instance: MNIST_Solver_TB.DUT.conv_2_obuf_gen[4].c2_obuf.ram.inst.native_mem_module.blk_mem_gen_v8_4_2_inst, A write address: 1, B read address: 1
blk_mem_gen_v8_4_2 collision detected at time: 17082150000, Instance: MNIST_Solver_TB.DUT.conv_2_obuf_gen[5].c2_obuf.ram.inst.native_mem_module.blk_mem_gen_v8_4_2_inst, A write address: 1, B read address: 1
blk_mem_gen_v8_4_2 collision detected at time: 17082150000, Instance: MNIST_Solver_TB.DUT.conv_2_obuf_gen[6].c2_obuf.ram.inst.native_mem_module.blk_mem_gen_v8_4_2_inst, A write address: 1, B read address: 1
blk_mem_gen_v8_4_2 collision detected at time: 17082150000, Instance: MNIST_Solver_TB.DUT.conv_2_obuf_gen[7].c2_obuf.ram.inst.native_mem_module.blk_mem_gen_v8_4_2_inst, A write address: 1, B read address: 1
blk_mem_gen_v8_4_2 collision detected at time: 17082150000, Instance: MNIST_Solver_TB.DUT.conv_2_obuf_gen[8].c2_obuf.ram.inst.native_mem_module.blk_mem_gen_v8_4_2_inst, A write address: 1, B read address: 1
blk_mem_gen_v8_4_2 collision detected at time: 17082150000, Instance: MNIST_Solver_TB.DUT.conv_2_obuf_gen[9].c2_obuf.ram.inst.native_mem_module.blk_mem_gen_v8_4_2_inst, A write address: 1, B read address: 1
blk_mem_gen_v8_4_2 collision detected at time: 17082150000, Instance: MNIST_Solver_TB.DUT.conv_2_obuf_gen[10].c2_obuf.ram.inst.native_mem_module.blk_mem_gen_v8_4_2_inst, A write address: 1, B read address: 1
blk_mem_gen_v8_4_2 collision detected at time: 17082150000, Instance: MNIST_Solver_TB.DUT.conv_2_obuf_gen[11].c2_obuf.ram.inst.native_mem_module.blk_mem_gen_v8_4_2_inst, A write address: 1, B read address: 1
blk_mem_gen_v8_4_2 collision detected at time: 17082150000, Instance: MNIST_Solver_TB.DUT.conv_2_obuf_gen[12].c2_obuf.ram.inst.native_mem_module.blk_mem_gen_v8_4_2_inst, A write address: 1, B read address: 1
blk_mem_gen_v8_4_2 collision detected at time: 17082150000, Instance: MNIST_Solver_TB.DUT.conv_2_obuf_gen[13].c2_obuf.ram.inst.native_mem_module.blk_mem_gen_v8_4_2_inst, A write address: 1, B read address: 1
blk_mem_gen_v8_4_2 collision detected at time: 17082150000, Instance: MNIST_Solver_TB.DUT.conv_2_obuf_gen[14].c2_obuf.ram.inst.native_mem_module.blk_mem_gen_v8_4_2_inst, A write address: 1, B read address: 1
blk_mem_gen_v8_4_2 collision detected at time: 17082150000, Instance: MNIST_Solver_TB.DUT.conv_2_obuf_gen[15].c2_obuf.ram.inst.native_mem_module.blk_mem_gen_v8_4_2_inst, A write address: 1, B read address: 1
blk_mem_gen_v8_4_2 collision detected at time: 17082150000, Instance: MNIST_Solver_TB.DUT.conv_2_obuf_gen[16].c2_obuf.ram.inst.native_mem_module.blk_mem_gen_v8_4_2_inst, A write address: 1, B read address: 1
blk_mem_gen_v8_4_2 collision detected at time: 17082150000, Instance: MNIST_Solver_TB.DUT.conv_2_obuf_gen[17].c2_obuf.ram.inst.native_mem_module.blk_mem_gen_v8_4_2_inst, A write address: 1, B read address: 1
blk_mem_gen_v8_4_2 collision detected at time: 17082150000, Instance: MNIST_Solver_TB.DUT.conv_2_obuf_gen[18].c2_obuf.ram.inst.native_mem_module.blk_mem_gen_v8_4_2_inst, A write address: 1, B read address: 1
blk_mem_gen_v8_4_2 collision detected at time: 17082150000, Instance: MNIST_Solver_TB.DUT.conv_2_obuf_gen[19].c2_obuf.ram.inst.native_mem_module.blk_mem_gen_v8_4_2_inst, A write address: 1, B read address: 1
Prediction:  9 Label:  9 Expected:  9
IP/UDP/MAC stuff works on frame           9 iter           0
PASS! All outputs matched label or expected result!
$finish called at time : 17571 us : File "/home/andrew/infernet/accelerator/MNIST_Solver/MNIST_Solver.srcs/sim_1/new/MNIST_Solver_TB.sv" Line 163
