INFO: [VRFC 10-2263] Analyzing SystemVerilog file "/home/andrew/infernet/accelerator/MNIST_Solver/MNIST_Solver.srcs/sources_1/new/Conv1_Frame_Buffer.sv" into library xil_defaultlib
INFO: [VRFC 10-311] analyzing module Conv_1_Frame_Buffer
INFO: [VRFC 10-2263] Analyzing SystemVerilog file "/home/andrew/infernet/accelerator/MNIST_Solver/MNIST_Solver.srcs/sources_1/new/Conv_1_Channel.sv" into library xil_defaultlib
INFO: [VRFC 10-311] analyzing module Conv_1_Channel
INFO: [VRFC 10-2263] Analyzing SystemVerilog file "/home/andrew/infernet/accelerator/MNIST_Solver/MNIST_Solver.srcs/sources_1/imports/rtl/Conv_Kernel_2by2.sv" into library xil_defaultlib
INFO: [VRFC 10-311] analyzing module Conv_Kernel_2by2
INFO: [VRFC 10-2263] Analyzing SystemVerilog file "/home/andrew/infernet/accelerator/MNIST_Solver/MNIST_Solver.srcs/sources_1/imports/new/Conv_Kernel_3by3.sv" into library xil_defaultlib
INFO: [VRFC 10-311] analyzing module Conv_Kernel_3by3
INFO: [VRFC 10-2263] Analyzing SystemVerilog file "/home/andrew/infernet/accelerator/MNIST_Solver/MNIST_Solver.srcs/sources_1/new/Conv_Layer_1.sv" into library xil_defaultlib
INFO: [VRFC 10-311] analyzing module Conv_Layer_1
INFO: [VRFC 10-2263] Analyzing SystemVerilog file "/home/andrew/infernet/accelerator/MNIST_Solver/MNIST_Solver.srcs/sources_1/new/Conv_Layer_2.sv" into library xil_defaultlib
INFO: [VRFC 10-311] analyzing module Conv_Layer_2
INFO: [VRFC 10-2263] Analyzing SystemVerilog file "/home/andrew/infernet/accelerator/MNIST_Solver/MNIST_Solver.srcs/sources_1/imports/rtl/FP_Round.sv" into library xil_defaultlib
INFO: [VRFC 10-311] analyzing module FP_Round
INFO: [VRFC 10-2263] Analyzing SystemVerilog file "/home/andrew/infernet/accelerator/MNIST_Solver/MNIST_Solver.srcs/sources_1/new/Max_Pool_2D.sv" into library xil_defaultlib
INFO: [VRFC 10-311] analyzing module Max_Pool_2D
INFO: [VRFC 10-2263] Analyzing SystemVerilog file "/home/andrew/infernet/accelerator/MNIST_Solver/MNIST_Solver.srcs/sources_1/new/Max_Pool_Layer.sv" into library xil_defaultlib
INFO: [VRFC 10-311] analyzing module Max_Pool_Layer
INFO: [VRFC 10-2263] Analyzing SystemVerilog file "/home/andrew/infernet/accelerator/MNIST_Solver/MNIST_Solver.srcs/sources_1/imports/rtl/ReLU.sv" into library xil_defaultlib
INFO: [VRFC 10-311] analyzing module ReLU
INFO: [VRFC 10-2263] Analyzing SystemVerilog file "/home/andrew/infernet/accelerator/MNIST_Solver/MNIST_Solver.srcs/sources_1/new/MNIST_Solver.sv" into library xil_defaultlib
INFO: [VRFC 10-311] analyzing module MNIST_Solver
INFO: [VRFC 10-2263] Analyzing SystemVerilog file "/home/andrew/infernet/accelerator/MNIST_Solver/MNIST_Solver.srcs/sources_1/imports/new/Conv_1_Channel_TB.sv" into library xil_defaultlib
INFO: [VRFC 10-311] analyzing module Conv_1_Channel_TB
INFO: [VRFC 10-2263] Analyzing SystemVerilog file "/home/andrew/infernet/accelerator/MNIST_Solver/MNIST_Solver.srcs/sources_1/new/Conv_2_Weight_Buffer.sv" into library xil_defaultlib
INFO: [VRFC 10-311] analyzing module Conv_2_Weight_Buffer
INFO: [VRFC 10-2263] Analyzing SystemVerilog file "/home/andrew/infernet/accelerator/MNIST_Solver/MNIST_Solver.srcs/sources_1/new/Global_Average_Layer.sv" into library xil_defaultlib
INFO: [VRFC 10-311] analyzing module Global_Average_Layer
INFO: [VRFC 10-2263] Analyzing SystemVerilog file "/home/andrew/infernet/accelerator/MNIST_Solver/MNIST_Solver.srcs/sources_1/new/Fully_Connected_Layer.sv" into library xil_defaultlib
INFO: [VRFC 10-311] analyzing module Fully_Connected_Layer
INFO: [VRFC 10-2263] Analyzing SystemVerilog file "/home/andrew/infernet/accelerator/MNIST_Solver/MNIST_Solver.srcs/sources_1/new/FC_Weight_Buffer.sv" into library xil_defaultlib
INFO: [VRFC 10-311] analyzing module FC_Weight_Buffer
INFO: [VRFC 10-2263] Analyzing SystemVerilog file "/home/andrew/infernet/accelerator/MNIST_Solver/MNIST_Solver.srcs/sources_1/new/One_Hot_Encoder.sv" into library xil_defaultlib
INFO: [VRFC 10-311] analyzing module One_Hot_Encoder
INFO: [VRFC 10-2263] Analyzing SystemVerilog file "/home/andrew/infernet/accelerator/MNIST_Solver/MNIST_Solver.srcs/sim_1/new/MNIST_Solver_TB.sv" into library xil_defaultlib
INFO: [VRFC 10-311] analyzing module MNIST_Solver_TB
INFO: [VRFC 10-2263] Analyzing SystemVerilog file "/home/andrew/infernet/accelerator/MNIST_Solver/MNIST_Solver.srcs/sim_1/new/Max_Pool_2D_TB.sv" into library xil_defaultlib
INFO: [VRFC 10-311] analyzing module Max_Pool_2D_TB
INFO: [VRFC 10-2263] Analyzing SystemVerilog file "/home/andrew/infernet/accelerator/MNIST_Solver/MNIST_Solver.srcs/sim_1/new/Conv_Layer_1_TB.sv" into library xil_defaultlib
INFO: [VRFC 10-311] analyzing module Conv_Layer_1_TB
INFO: [VRFC 10-2263] Analyzing SystemVerilog file "/home/andrew/infernet/accelerator/MNIST_Solver/MNIST_Solver.srcs/sim_1/new/Conv_Kernel_TB.sv" into library xil_defaultlib
INFO: [VRFC 10-311] analyzing module Conv_Kernel_TB
INFO: [VRFC 10-2263] Analyzing SystemVerilog file "/home/andrew/infernet/accelerator/MNIST_Solver/MNIST_Solver.srcs/sim_1/new/FP_Round_TB.sv" into library xil_defaultlib
INFO: [VRFC 10-311] analyzing module FP_Round_TB
INFO: [VRFC 10-2263] Analyzing SystemVerilog file "/home/andrew/infernet/accelerator/MNIST_Solver/MNIST_Solver.srcs/sim_1/new/Conv_2_Weight_Buffer_TB.sv" into library xil_defaultlib
INFO: [VRFC 10-311] analyzing module Conv_2_Weight_Buffer_TB
