22:47:20 INFO  : Registering command handlers for SDK TCF services
22:47:21 INFO  : Launching XSCT server: xsct -n -interactive /media/psf/Home/Development/Verilog/ECE532/Lab/group/server/Echo_Server_Demo/project/project.sdk/temp_xsdb_launch_script.tcl
22:47:24 INFO  : XSCT server has started successfully.
22:47:24 INFO  : Successfully done setting XSCT server connection channel  
22:47:25 INFO  : Successfully done setting SDK workspace  
22:47:25 INFO  : Processing command line option -hwspec /media/psf/Home/Development/Verilog/ECE532/Lab/group/server/Echo_Server_Demo/project/project.sdk/design_1_wrapper.hdf.
22:50:58 INFO  : Refreshed build settings on project rtos_raw_test
15:29:34 INFO  : Refreshed build settings on project nortos_ref
15:33:59 INFO  : Refreshed build settings on project nortos_ref
15:34:43 INFO  : Refreshed build settings on project nortos_ref
01:25:24 INFO  : Registering command handlers for SDK TCF services
01:25:25 INFO  : Launching XSCT server: xsct -n -interactive /media/psf/Home/Development/Verilog/ECE532/Lab/group/server/Echo_Server_Demo/project/project.sdk/temp_xsdb_launch_script.tcl
01:25:28 INFO  : XSCT server has started successfully.
01:25:28 INFO  : Successfully done setting XSCT server connection channel  
01:25:28 INFO  : Successfully done setting SDK workspace  
01:25:28 INFO  : Processing command line option -hwspec /media/psf/Home/Development/Verilog/ECE532/Lab/group/server/Echo_Server_Demo/project/project.sdk/design_1_wrapper.hdf.
01:25:28 INFO  : Checking for hwspec changes in the project design_1_wrapper_hw_platform_0.
12:37:20 INFO  : Refreshed build settings on project nortos_udp_lb
15:50:16 INFO  : Refreshed build settings on project nortos_udp_lb
15:50:28 INFO  : Refreshed build settings on project nortos_udp_lb
15:50:42 INFO  : Refreshed build settings on project nortos_udp_lb
15:50:56 INFO  : Refreshed build settings on project nortos_udp_lb
00:04:21 INFO  : Registering command handlers for SDK TCF services
00:04:22 INFO  : Launching XSCT server: xsct.bat -interactive W:\ECE532\Project\ece532-project\lb\project\project.sdk\temp_xsdb_launch_script.tcl
00:04:24 INFO  : XSCT server has started successfully.
00:04:24 INFO  : Successfully done setting XSCT server connection channel  
00:04:24 INFO  : Successfully done setting SDK workspace  
00:06:50 INFO  : Connected to target on host '127.0.0.1' and port '3121'.
00:06:52 INFO  : Jtag cable 'Digilent Nexys4DDR 210292646033A' is selected.
00:06:52 INFO  : 'jtag frequency' command is executed.
00:06:54 INFO  : 'targets -set -filter {jtag_cable_name =~ "Digilent Nexys4DDR 210292646033A" && level==0} -index 0' command is executed.
00:06:57 INFO  : FPGA configured successfully with bitstream "W:/ECE532/Project/ece532-project/lb/project/project.sdk/design_1_wrapper_hw_platform_0/design_1_wrapper.bit"
00:06:58 INFO  : 'configparams mdm-detect-bscan-mask 2' command is executed.
00:06:59 INFO  : Context for processor 'microblaze_0' is selected.
00:06:59 INFO  : Processor reset is completed for 'microblaze_0'.
00:07:01 INFO  : Context for processor 'microblaze_0' is selected.
00:07:01 INFO  : The application 'W:/ECE532/Project/ece532-project/lb/project/project.sdk/nortos_udp_lb/Debug/nortos_udp_lb.elf' is downloaded to processor 'microblaze_0'.
00:07:01 INFO  : ----------------XSDB Script----------------
connect -url tcp:127.0.0.1:3121
targets -set -filter {jtag_cable_name =~ "Digilent Nexys4DDR 210292646033A" && level==0} -index 0
fpga -file W:/ECE532/Project/ece532-project/lb/project/project.sdk/design_1_wrapper_hw_platform_0/design_1_wrapper.bit
configparams mdm-detect-bscan-mask 2
targets -set -nocase -filter {name =~ "microblaze*#0" && bscan=="USER2"  && jtag_cable_name =~ "Digilent Nexys4DDR 210292646033A"} -index 0
rst -processor
targets -set -nocase -filter {name =~ "microblaze*#0" && bscan=="USER2"  && jtag_cable_name =~ "Digilent Nexys4DDR 210292646033A"} -index 0
dow W:/ECE532/Project/ece532-project/lb/project/project.sdk/nortos_udp_lb/Debug/nortos_udp_lb.elf
----------------End of Script----------------

00:07:02 INFO  : Context for processor 'microblaze_0' is selected.
00:07:02 INFO  : 'con' command is executed.
00:07:02 INFO  : ----------------XSDB Script (After Launch)----------------
targets -set -nocase -filter {name =~ "microblaze*#0" && bscan=="USER2"  && jtag_cable_name =~ "Digilent Nexys4DDR 210292646033A"} -index 0
con
----------------End of Script----------------

00:07:02 INFO  : Disconnected from the channel tcfchan#1.
00:08:54 INFO  : Connected to target on host '127.0.0.1' and port '3121'.
00:08:56 INFO  : Jtag cable 'Digilent Nexys4DDR 210292646033A' is selected.
00:08:56 INFO  : 'jtag frequency' command is executed.
00:08:56 INFO  : 'targets -set -filter {jtag_cable_name =~ "Digilent Nexys4DDR 210292646033A" && level==0} -index 0' command is executed.
00:08:59 INFO  : FPGA configured successfully with bitstream "W:/ECE532/Project/ece532-project/lb/project/project.sdk/design_1_wrapper_hw_platform_0/design_1_wrapper.bit"
00:08:59 INFO  : 'configparams mdm-detect-bscan-mask 2' command is executed.
00:09:00 INFO  : Context for processor 'microblaze_0' is selected.
00:09:00 INFO  : Processor reset is completed for 'microblaze_0'.
00:09:00 INFO  : Context for processor 'microblaze_0' is selected.
00:09:01 INFO  : The application 'W:/ECE532/Project/ece532-project/lb/project/project.sdk/nortos_udp_lb/Debug/nortos_udp_lb.elf' is downloaded to processor 'microblaze_0'.
00:09:01 INFO  : ----------------XSDB Script----------------
connect -url tcp:127.0.0.1:3121
targets -set -filter {jtag_cable_name =~ "Digilent Nexys4DDR 210292646033A" && level==0} -index 0
fpga -file W:/ECE532/Project/ece532-project/lb/project/project.sdk/design_1_wrapper_hw_platform_0/design_1_wrapper.bit
configparams mdm-detect-bscan-mask 2
targets -set -nocase -filter {name =~ "microblaze*#0" && bscan=="USER2"  && jtag_cable_name =~ "Digilent Nexys4DDR 210292646033A"} -index 0
rst -processor
targets -set -nocase -filter {name =~ "microblaze*#0" && bscan=="USER2"  && jtag_cable_name =~ "Digilent Nexys4DDR 210292646033A"} -index 0
dow W:/ECE532/Project/ece532-project/lb/project/project.sdk/nortos_udp_lb/Debug/nortos_udp_lb.elf
----------------End of Script----------------

00:09:02 INFO  : Context for processor 'microblaze_0' is selected.
00:09:02 INFO  : 'con' command is executed.
00:09:02 INFO  : ----------------XSDB Script (After Launch)----------------
targets -set -nocase -filter {name =~ "microblaze*#0" && bscan=="USER2"  && jtag_cable_name =~ "Digilent Nexys4DDR 210292646033A"} -index 0
con
----------------End of Script----------------

00:09:02 INFO  : Disconnected from the channel tcfchan#2.
00:28:01 INFO  : Connected to target on host '127.0.0.1' and port '3121'.
00:28:02 INFO  : Jtag cable 'Digilent Nexys4DDR 210292646033A' is selected.
00:28:02 INFO  : 'jtag frequency' command is executed.
00:28:03 INFO  : 'targets -set -filter {jtag_cable_name =~ "Digilent Nexys4DDR 210292646033A" && level==0} -index 0' command is executed.
00:28:06 INFO  : FPGA configured successfully with bitstream "W:/ECE532/Project/ece532-project/lb/project/project.sdk/design_1_wrapper_hw_platform_0/design_1_wrapper.bit"
00:28:06 INFO  : 'configparams mdm-detect-bscan-mask 2' command is executed.
00:28:06 INFO  : Context for processor 'microblaze_0' is selected.
00:28:06 INFO  : Processor reset is completed for 'microblaze_0'.
00:28:06 INFO  : Context for processor 'microblaze_0' is selected.
00:28:07 INFO  : The application 'W:/ECE532/Project/ece532-project/lb/project/project.sdk/nortos_udp_lb/Debug/nortos_udp_lb.elf' is downloaded to processor 'microblaze_0'.
00:28:07 INFO  : ----------------XSDB Script----------------
connect -url tcp:127.0.0.1:3121
targets -set -filter {jtag_cable_name =~ "Digilent Nexys4DDR 210292646033A" && level==0} -index 0
fpga -file W:/ECE532/Project/ece532-project/lb/project/project.sdk/design_1_wrapper_hw_platform_0/design_1_wrapper.bit
configparams mdm-detect-bscan-mask 2
targets -set -nocase -filter {name =~ "microblaze*#0" && bscan=="USER2"  && jtag_cable_name =~ "Digilent Nexys4DDR 210292646033A"} -index 0
rst -processor
targets -set -nocase -filter {name =~ "microblaze*#0" && bscan=="USER2"  && jtag_cable_name =~ "Digilent Nexys4DDR 210292646033A"} -index 0
dow W:/ECE532/Project/ece532-project/lb/project/project.sdk/nortos_udp_lb/Debug/nortos_udp_lb.elf
----------------End of Script----------------

00:28:08 INFO  : Context for processor 'microblaze_0' is selected.
00:28:08 INFO  : 'con' command is executed.
00:28:08 INFO  : ----------------XSDB Script (After Launch)----------------
targets -set -nocase -filter {name =~ "microblaze*#0" && bscan=="USER2"  && jtag_cable_name =~ "Digilent Nexys4DDR 210292646033A"} -index 0
con
----------------End of Script----------------

00:28:08 INFO  : Disconnected from the channel tcfchan#3.
01:04:49 INFO  : Connected to target on host '127.0.0.1' and port '3121'.
01:04:50 INFO  : Jtag cable 'Digilent Nexys4DDR 210292646033A' is selected.
01:04:50 INFO  : 'jtag frequency' command is executed.
01:04:51 INFO  : 'targets -set -filter {jtag_cable_name =~ "Digilent Nexys4DDR 210292646033A" && level==0} -index 0' command is executed.
01:04:54 INFO  : FPGA configured successfully with bitstream "W:/ECE532/Project/ece532-project/lb/project/project.sdk/design_1_wrapper_hw_platform_0/design_1_wrapper.bit"
01:04:54 INFO  : 'configparams mdm-detect-bscan-mask 2' command is executed.
01:04:54 INFO  : Context for processor 'microblaze_0' is selected.
01:04:54 INFO  : Processor reset is completed for 'microblaze_0'.
01:04:54 INFO  : Context for processor 'microblaze_0' is selected.
01:04:55 INFO  : The application 'W:/ECE532/Project/ece532-project/lb/project/project.sdk/nortos_udp_lb/Release/nortos_udp_lb.elf' is downloaded to processor 'microblaze_0'.
01:04:55 INFO  : ----------------XSDB Script----------------
connect -url tcp:127.0.0.1:3121
targets -set -filter {jtag_cable_name =~ "Digilent Nexys4DDR 210292646033A" && level==0} -index 0
fpga -file W:/ECE532/Project/ece532-project/lb/project/project.sdk/design_1_wrapper_hw_platform_0/design_1_wrapper.bit
configparams mdm-detect-bscan-mask 2
targets -set -nocase -filter {name =~ "microblaze*#0" && bscan=="USER2"  && jtag_cable_name =~ "Digilent Nexys4DDR 210292646033A"} -index 0
rst -processor
targets -set -nocase -filter {name =~ "microblaze*#0" && bscan=="USER2"  && jtag_cable_name =~ "Digilent Nexys4DDR 210292646033A"} -index 0
dow W:/ECE532/Project/ece532-project/lb/project/project.sdk/nortos_udp_lb/Release/nortos_udp_lb.elf
----------------End of Script----------------

01:04:56 INFO  : Context for processor 'microblaze_0' is selected.
01:04:56 INFO  : 'con' command is executed.
01:04:56 INFO  : ----------------XSDB Script (After Launch)----------------
targets -set -nocase -filter {name =~ "microblaze*#0" && bscan=="USER2"  && jtag_cable_name =~ "Digilent Nexys4DDR 210292646033A"} -index 0
con
----------------End of Script----------------

01:04:56 INFO  : Disconnected from the channel tcfchan#4.
01:09:55 INFO  : Connected to target on host '127.0.0.1' and port '3121'.
01:09:56 INFO  : Jtag cable 'Digilent Nexys4DDR 210292646033A' is selected.
01:09:56 INFO  : 'jtag frequency' command is executed.
01:09:57 INFO  : 'targets -set -filter {jtag_cable_name =~ "Digilent Nexys4DDR 210292646033A" && level==0} -index 0' command is executed.
01:10:00 INFO  : FPGA configured successfully with bitstream "W:/ECE532/Project/ece532-project/lb/project/project.sdk/design_1_wrapper_hw_platform_0/design_1_wrapper.bit"
01:10:00 INFO  : 'configparams mdm-detect-bscan-mask 2' command is executed.
01:10:00 INFO  : Context for processor 'microblaze_0' is selected.
01:10:00 INFO  : Processor reset is completed for 'microblaze_0'.
01:10:00 INFO  : Context for processor 'microblaze_0' is selected.
01:10:01 INFO  : The application 'W:/ECE532/Project/ece532-project/lb/project/project.sdk/nortos_udp_lb/Release/nortos_udp_lb.elf' is downloaded to processor 'microblaze_0'.
01:10:01 INFO  : ----------------XSDB Script----------------
connect -url tcp:127.0.0.1:3121
targets -set -filter {jtag_cable_name =~ "Digilent Nexys4DDR 210292646033A" && level==0} -index 0
fpga -file W:/ECE532/Project/ece532-project/lb/project/project.sdk/design_1_wrapper_hw_platform_0/design_1_wrapper.bit
configparams mdm-detect-bscan-mask 2
targets -set -nocase -filter {name =~ "microblaze*#0" && bscan=="USER2"  && jtag_cable_name =~ "Digilent Nexys4DDR 210292646033A"} -index 0
rst -processor
targets -set -nocase -filter {name =~ "microblaze*#0" && bscan=="USER2"  && jtag_cable_name =~ "Digilent Nexys4DDR 210292646033A"} -index 0
dow W:/ECE532/Project/ece532-project/lb/project/project.sdk/nortos_udp_lb/Release/nortos_udp_lb.elf
----------------End of Script----------------

01:10:02 INFO  : Context for processor 'microblaze_0' is selected.
01:10:02 INFO  : 'con' command is executed.
01:10:02 INFO  : ----------------XSDB Script (After Launch)----------------
targets -set -nocase -filter {name =~ "microblaze*#0" && bscan=="USER2"  && jtag_cable_name =~ "Digilent Nexys4DDR 210292646033A"} -index 0
con
----------------End of Script----------------

01:10:02 INFO  : Disconnected from the channel tcfchan#5.
01:12:18 INFO  : Connected to target on host '127.0.0.1' and port '3121'.
01:12:19 INFO  : Jtag cable 'Digilent Nexys4DDR 210292646033A' is selected.
01:12:19 INFO  : 'jtag frequency' command is executed.
01:12:20 INFO  : 'targets -set -filter {jtag_cable_name =~ "Digilent Nexys4DDR 210292646033A" && level==0} -index 0' command is executed.
01:12:23 INFO  : FPGA configured successfully with bitstream "W:/ECE532/Project/ece532-project/lb/project/project.sdk/design_1_wrapper_hw_platform_0/design_1_wrapper.bit"
01:12:23 INFO  : 'configparams mdm-detect-bscan-mask 2' command is executed.
01:12:24 INFO  : Context for processor 'microblaze_0' is selected.
01:12:24 INFO  : Processor reset is completed for 'microblaze_0'.
01:12:24 INFO  : Context for processor 'microblaze_0' is selected.
01:12:25 INFO  : The application 'W:/ECE532/Project/ece532-project/lb/project/project.sdk/nortos_udp_lb/Release/nortos_udp_lb.elf' is downloaded to processor 'microblaze_0'.
01:12:25 INFO  : ----------------XSDB Script----------------
connect -url tcp:127.0.0.1:3121
targets -set -filter {jtag_cable_name =~ "Digilent Nexys4DDR 210292646033A" && level==0} -index 0
fpga -file W:/ECE532/Project/ece532-project/lb/project/project.sdk/design_1_wrapper_hw_platform_0/design_1_wrapper.bit
configparams mdm-detect-bscan-mask 2
targets -set -nocase -filter {name =~ "microblaze*#0" && bscan=="USER2"  && jtag_cable_name =~ "Digilent Nexys4DDR 210292646033A"} -index 0
rst -processor
targets -set -nocase -filter {name =~ "microblaze*#0" && bscan=="USER2"  && jtag_cable_name =~ "Digilent Nexys4DDR 210292646033A"} -index 0
dow W:/ECE532/Project/ece532-project/lb/project/project.sdk/nortos_udp_lb/Release/nortos_udp_lb.elf
----------------End of Script----------------

01:12:26 INFO  : Context for processor 'microblaze_0' is selected.
01:12:26 INFO  : 'con' command is executed.
01:12:26 INFO  : ----------------XSDB Script (After Launch)----------------
targets -set -nocase -filter {name =~ "microblaze*#0" && bscan=="USER2"  && jtag_cable_name =~ "Digilent Nexys4DDR 210292646033A"} -index 0
con
----------------End of Script----------------

01:12:26 INFO  : Disconnected from the channel tcfchan#6.
