INFO: [VRFC 10-2263] Analyzing Verilog file "/home/andrew/infernet/accelerator/MNIST_Solver/MNIST_Solver.sim/sim_1/impl/func/xsim/MNIST_Solver_TB_func_impl.v" into library xil_defaultlib
INFO: [VRFC 10-311] analyzing module Conv_1_BRAM
INFO: [VRFC 10-311] analyzing module Conv_1_BRAM_HD1089
INFO: [VRFC 10-311] analyzing module Conv_1_BRAM_HD1096
INFO: [VRFC 10-311] analyzing module Conv_1_BRAM_HD1103
INFO: [VRFC 10-311] analyzing module Conv_1_BRAM_HD1110
INFO: [VRFC 10-311] analyzing module Conv_1_BRAM_HD1117
INFO: [VRFC 10-311] analyzing module Conv_1_BRAM_HD1124
INFO: [VRFC 10-311] analyzing module Conv_1_BRAM_HD1131
INFO: [VRFC 10-311] analyzing module Conv_1_BRAM_HD1138
INFO: [VRFC 10-311] analyzing module Conv_1_BRAM_HD1145
INFO: [VRFC 10-311] analyzing module Conv_1_BRAM_HD1152
INFO: [VRFC 10-311] analyzing module Conv_1_BRAM_HD1159
INFO: [VRFC 10-311] analyzing module Conv_1_BRAM_HD1166
INFO: [VRFC 10-311] analyzing module Conv_1_BRAM_HD1173
INFO: [VRFC 10-311] analyzing module Conv_1_BRAM_HD1180
INFO: [VRFC 10-311] analyzing module Conv_1_BRAM_HD1187
INFO: [VRFC 10-311] analyzing module Conv_1_BRAM_HD1194
INFO: [VRFC 10-311] analyzing module Conv_1_BRAM_HD1201
INFO: [VRFC 10-311] analyzing module Conv_1_BRAM_HD1208
INFO: [VRFC 10-311] analyzing module Conv_1_BRAM_HD1215
INFO: [VRFC 10-311] analyzing module Conv_1_BRAM_HD1222
INFO: [VRFC 10-311] analyzing module Conv_1_BRAM_HD1229
INFO: [VRFC 10-311] analyzing module Conv_1_BRAM_HD1236
INFO: [VRFC 10-311] analyzing module Conv_1_BRAM_HD1243
INFO: [VRFC 10-311] analyzing module Conv_1_BRAM_HD1250
INFO: [VRFC 10-311] analyzing module Conv_1_BRAM_HD1257
INFO: [VRFC 10-311] analyzing module Conv_1_BRAM_HD1264
INFO: [VRFC 10-311] analyzing module Conv_1_BRAM_HD1271
INFO: [VRFC 10-311] analyzing module Conv_1_BRAM_HD1278
INFO: [VRFC 10-311] analyzing module Conv_1_BRAM_HD1285
INFO: [VRFC 10-311] analyzing module Conv_1_BRAM_HD1292
INFO: [VRFC 10-311] analyzing module Conv_1_BRAM_HD1299
INFO: [VRFC 10-311] analyzing module Conv_1_BRAM_HD1306
INFO: [VRFC 10-311] analyzing module Conv_1_Frame_Buffer
INFO: [VRFC 10-311] analyzing module Conv_1_Frame_Buffer__xdcDup__1
INFO: [VRFC 10-311] analyzing module Conv_1_Frame_Buffer__xdcDup__10
INFO: [VRFC 10-311] analyzing module Conv_1_Frame_Buffer__xdcDup__11
INFO: [VRFC 10-311] analyzing module Conv_1_Frame_Buffer__xdcDup__12
INFO: [VRFC 10-311] analyzing module Conv_1_Frame_Buffer__xdcDup__13
INFO: [VRFC 10-311] analyzing module Conv_1_Frame_Buffer__xdcDup__14
INFO: [VRFC 10-311] analyzing module Conv_1_Frame_Buffer__xdcDup__15
INFO: [VRFC 10-311] analyzing module Conv_1_Frame_Buffer__xdcDup__16
INFO: [VRFC 10-311] analyzing module Conv_1_Frame_Buffer__xdcDup__17
INFO: [VRFC 10-311] analyzing module Conv_1_Frame_Buffer__xdcDup__18
INFO: [VRFC 10-311] analyzing module Conv_1_Frame_Buffer__xdcDup__19
INFO: [VRFC 10-311] analyzing module Conv_1_Frame_Buffer__xdcDup__2
INFO: [VRFC 10-311] analyzing module Conv_1_Frame_Buffer__xdcDup__20
INFO: [VRFC 10-311] analyzing module Conv_1_Frame_Buffer__xdcDup__21
INFO: [VRFC 10-311] analyzing module Conv_1_Frame_Buffer__xdcDup__22
INFO: [VRFC 10-311] analyzing module Conv_1_Frame_Buffer__xdcDup__23
INFO: [VRFC 10-311] analyzing module Conv_1_Frame_Buffer__xdcDup__24
INFO: [VRFC 10-311] analyzing module Conv_1_Frame_Buffer__xdcDup__25
INFO: [VRFC 10-311] analyzing module Conv_1_Frame_Buffer__xdcDup__26
INFO: [VRFC 10-311] analyzing module Conv_1_Frame_Buffer__xdcDup__27
INFO: [VRFC 10-311] analyzing module Conv_1_Frame_Buffer__xdcDup__28
INFO: [VRFC 10-311] analyzing module Conv_1_Frame_Buffer__xdcDup__29
INFO: [VRFC 10-311] analyzing module Conv_1_Frame_Buffer__xdcDup__3
INFO: [VRFC 10-311] analyzing module Conv_1_Frame_Buffer__xdcDup__30
INFO: [VRFC 10-311] analyzing module Conv_1_Frame_Buffer__xdcDup__31
INFO: [VRFC 10-311] analyzing module Conv_1_Frame_Buffer__xdcDup__32
INFO: [VRFC 10-311] analyzing module Conv_1_Frame_Buffer__xdcDup__4
INFO: [VRFC 10-311] analyzing module Conv_1_Frame_Buffer__xdcDup__5
INFO: [VRFC 10-311] analyzing module Conv_1_Frame_Buffer__xdcDup__6
INFO: [VRFC 10-311] analyzing module Conv_1_Frame_Buffer__xdcDup__7
INFO: [VRFC 10-311] analyzing module Conv_1_Frame_Buffer__xdcDup__8
INFO: [VRFC 10-311] analyzing module Conv_1_Frame_Buffer__xdcDup__9
INFO: [VRFC 10-311] analyzing module Conv_2_Weight_Buffer
INFO: [VRFC 10-311] analyzing module Conv_Kernel_2by2
INFO: [VRFC 10-311] analyzing module Conv_Kernel_2by2__xdcDup__1
INFO: [VRFC 10-311] analyzing module Conv_Kernel_2by2__xdcDup__10
INFO: [VRFC 10-311] analyzing module Conv_Kernel_2by2__xdcDup__11
INFO: [VRFC 10-311] analyzing module Conv_Kernel_2by2__xdcDup__12
INFO: [VRFC 10-311] analyzing module Conv_Kernel_2by2__xdcDup__13
INFO: [VRFC 10-311] analyzing module Conv_Kernel_2by2__xdcDup__14
INFO: [VRFC 10-311] analyzing module Conv_Kernel_2by2__xdcDup__15
INFO: [VRFC 10-311] analyzing module Conv_Kernel_2by2__xdcDup__16
INFO: [VRFC 10-311] analyzing module Conv_Kernel_2by2__xdcDup__17
INFO: [VRFC 10-311] analyzing module Conv_Kernel_2by2__xdcDup__18
INFO: [VRFC 10-311] analyzing module Conv_Kernel_2by2__xdcDup__19
INFO: [VRFC 10-311] analyzing module Conv_Kernel_2by2__xdcDup__2
INFO: [VRFC 10-311] analyzing module Conv_Kernel_2by2__xdcDup__3
INFO: [VRFC 10-311] analyzing module Conv_Kernel_2by2__xdcDup__4
INFO: [VRFC 10-311] analyzing module Conv_Kernel_2by2__xdcDup__5
INFO: [VRFC 10-311] analyzing module Conv_Kernel_2by2__xdcDup__6
INFO: [VRFC 10-311] analyzing module Conv_Kernel_2by2__xdcDup__7
INFO: [VRFC 10-311] analyzing module Conv_Kernel_2by2__xdcDup__8
INFO: [VRFC 10-311] analyzing module Conv_Kernel_2by2__xdcDup__9
INFO: [VRFC 10-311] analyzing module Conv_Kernel_3by3
INFO: [VRFC 10-311] analyzing module Conv_Kernel_3by3__parameterized0
INFO: [VRFC 10-311] analyzing module Conv_Kernel_3by3__parameterized1
INFO: [VRFC 10-311] analyzing module Conv_Kernel_3by3__parameterized2
INFO: [VRFC 10-311] analyzing module Conv_Kernel_3by3__parameterized3
INFO: [VRFC 10-311] analyzing module Conv_Kernel_3by3__parameterized4
INFO: [VRFC 10-311] analyzing module Conv_Layer_1
INFO: [VRFC 10-311] analyzing module Conv_Layer_2
INFO: [VRFC 10-311] analyzing module MNIST_Solver
INFO: [VRFC 10-311] analyzing module Max_Pool_Layer
INFO: [VRFC 10-311] analyzing module Mult_Add_Pipelined_COL
INFO: [VRFC 10-311] analyzing module Mult_Add_Pipelined_COL_HD1001
INFO: [VRFC 10-311] analyzing module Mult_Add_Pipelined_COL_HD1008
INFO: [VRFC 10-311] analyzing module Mult_Add_Pipelined_COL_HD1015
INFO: [VRFC 10-311] analyzing module Mult_Add_Pipelined_COL_HD1022
INFO: [VRFC 10-311] analyzing module Mult_Add_Pipelined_COL_HD1029
INFO: [VRFC 10-311] analyzing module Mult_Add_Pipelined_COL_HD1036
INFO: [VRFC 10-311] analyzing module Mult_Add_Pipelined_COL_HD1043
INFO: [VRFC 10-311] analyzing module Mult_Add_Pipelined_COL_HD1050
INFO: [VRFC 10-311] analyzing module Mult_Add_Pipelined_COL_HD308
INFO: [VRFC 10-311] analyzing module Mult_Add_Pipelined_COL_HD315
INFO: [VRFC 10-311] analyzing module Mult_Add_Pipelined_COL_HD322
INFO: [VRFC 10-311] analyzing module Mult_Add_Pipelined_COL_HD329
INFO: [VRFC 10-311] analyzing module Mult_Add_Pipelined_COL_HD336
INFO: [VRFC 10-311] analyzing module Mult_Add_Pipelined_COL_HD343
INFO: [VRFC 10-311] analyzing module Mult_Add_Pipelined_COL_HD350
INFO: [VRFC 10-311] analyzing module Mult_Add_Pipelined_COL_HD357
INFO: [VRFC 10-311] analyzing module Mult_Add_Pipelined_COL_HD364
INFO: [VRFC 10-311] analyzing module Mult_Add_Pipelined_COL_HD371
INFO: [VRFC 10-311] analyzing module Mult_Add_Pipelined_COL_HD378
INFO: [VRFC 10-311] analyzing module Mult_Add_Pipelined_COL_HD385
INFO: [VRFC 10-311] analyzing module Mult_Add_Pipelined_COL_HD392
INFO: [VRFC 10-311] analyzing module Mult_Add_Pipelined_COL_HD399
INFO: [VRFC 10-311] analyzing module Mult_Add_Pipelined_COL_HD406
INFO: [VRFC 10-311] analyzing module Mult_Add_Pipelined_COL_HD413
INFO: [VRFC 10-311] analyzing module Mult_Add_Pipelined_COL_HD420
INFO: [VRFC 10-311] analyzing module Mult_Add_Pipelined_COL_HD427
INFO: [VRFC 10-311] analyzing module Mult_Add_Pipelined_COL_HD434
INFO: [VRFC 10-311] analyzing module Mult_Add_Pipelined_COL_HD441
INFO: [VRFC 10-311] analyzing module Mult_Add_Pipelined_COL_HD448
INFO: [VRFC 10-311] analyzing module Mult_Add_Pipelined_COL_HD455
INFO: [VRFC 10-311] analyzing module Mult_Add_Pipelined_COL_HD462
INFO: [VRFC 10-311] analyzing module Mult_Add_Pipelined_COL_HD469
INFO: [VRFC 10-311] analyzing module Mult_Add_Pipelined_COL_HD476
INFO: [VRFC 10-311] analyzing module Mult_Add_Pipelined_COL_HD483
INFO: [VRFC 10-311] analyzing module Mult_Add_Pipelined_COL_HD490
INFO: [VRFC 10-311] analyzing module Mult_Add_Pipelined_COL_HD497
INFO: [VRFC 10-311] analyzing module Mult_Add_Pipelined_COL_HD504
INFO: [VRFC 10-311] analyzing module Mult_Add_Pipelined_COL_HD511
INFO: [VRFC 10-311] analyzing module Mult_Add_Pipelined_COL_HD518
INFO: [VRFC 10-311] analyzing module Mult_Add_Pipelined_COL_HD525
INFO: [VRFC 10-311] analyzing module Mult_Add_Pipelined_COL_HD532
INFO: [VRFC 10-311] analyzing module Mult_Add_Pipelined_COL_HD539
INFO: [VRFC 10-311] analyzing module Mult_Add_Pipelined_COL_HD546
INFO: [VRFC 10-311] analyzing module Mult_Add_Pipelined_COL_HD553
INFO: [VRFC 10-311] analyzing module Mult_Add_Pipelined_COL_HD560
INFO: [VRFC 10-311] analyzing module Mult_Add_Pipelined_COL_HD567
INFO: [VRFC 10-311] analyzing module Mult_Add_Pipelined_COL_HD574
INFO: [VRFC 10-311] analyzing module Mult_Add_Pipelined_COL_HD581
INFO: [VRFC 10-311] analyzing module Mult_Add_Pipelined_COL_HD588
INFO: [VRFC 10-311] analyzing module Mult_Add_Pipelined_COL_HD595
INFO: [VRFC 10-311] analyzing module Mult_Add_Pipelined_COL_HD602
INFO: [VRFC 10-311] analyzing module Mult_Add_Pipelined_COL_HD609
INFO: [VRFC 10-311] analyzing module Mult_Add_Pipelined_COL_HD616
INFO: [VRFC 10-311] analyzing module Mult_Add_Pipelined_COL_HD623
INFO: [VRFC 10-311] analyzing module Mult_Add_Pipelined_COL_HD630
INFO: [VRFC 10-311] analyzing module Mult_Add_Pipelined_COL_HD637
INFO: [VRFC 10-311] analyzing module Mult_Add_Pipelined_COL_HD644
INFO: [VRFC 10-311] analyzing module Mult_Add_Pipelined_COL_HD651
INFO: [VRFC 10-311] analyzing module Mult_Add_Pipelined_COL_HD658
INFO: [VRFC 10-311] analyzing module Mult_Add_Pipelined_COL_HD665
INFO: [VRFC 10-311] analyzing module Mult_Add_Pipelined_COL_HD672
INFO: [VRFC 10-311] analyzing module Mult_Add_Pipelined_COL_HD679
INFO: [VRFC 10-311] analyzing module Mult_Add_Pipelined_COL_HD686
INFO: [VRFC 10-311] analyzing module Mult_Add_Pipelined_COL_HD693
INFO: [VRFC 10-311] analyzing module Mult_Add_Pipelined_COL_HD700
INFO: [VRFC 10-311] analyzing module Mult_Add_Pipelined_COL_HD707
INFO: [VRFC 10-311] analyzing module Mult_Add_Pipelined_COL_HD714
INFO: [VRFC 10-311] analyzing module Mult_Add_Pipelined_COL_HD721
INFO: [VRFC 10-311] analyzing module Mult_Add_Pipelined_COL_HD728
INFO: [VRFC 10-311] analyzing module Mult_Add_Pipelined_COL_HD735
INFO: [VRFC 10-311] analyzing module Mult_Add_Pipelined_COL_HD742
INFO: [VRFC 10-311] analyzing module Mult_Add_Pipelined_COL_HD749
INFO: [VRFC 10-311] analyzing module Mult_Add_Pipelined_COL_HD756
INFO: [VRFC 10-311] analyzing module Mult_Add_Pipelined_COL_HD763
INFO: [VRFC 10-311] analyzing module Mult_Add_Pipelined_COL_HD770
INFO: [VRFC 10-311] analyzing module Mult_Add_Pipelined_COL_HD777
INFO: [VRFC 10-311] analyzing module Mult_Add_Pipelined_COL_HD784
INFO: [VRFC 10-311] analyzing module Mult_Add_Pipelined_COL_HD791
INFO: [VRFC 10-311] analyzing module Mult_Add_Pipelined_COL_HD798
INFO: [VRFC 10-311] analyzing module Mult_Add_Pipelined_COL_HD805
INFO: [VRFC 10-311] analyzing module Mult_Add_Pipelined_COL_HD812
INFO: [VRFC 10-311] analyzing module Mult_Add_Pipelined_COL_HD819
INFO: [VRFC 10-311] analyzing module Mult_Add_Pipelined_COL_HD826
INFO: [VRFC 10-311] analyzing module Mult_Add_Pipelined_COL_HD833
INFO: [VRFC 10-311] analyzing module Mult_Add_Pipelined_COL_HD840
INFO: [VRFC 10-311] analyzing module Mult_Add_Pipelined_COL_HD847
INFO: [VRFC 10-311] analyzing module Mult_Add_Pipelined_COL_HD854
INFO: [VRFC 10-311] analyzing module Mult_Add_Pipelined_COL_HD861
INFO: [VRFC 10-311] analyzing module Mult_Add_Pipelined_COL_HD868
INFO: [VRFC 10-311] analyzing module Mult_Add_Pipelined_COL_HD875
INFO: [VRFC 10-311] analyzing module Mult_Add_Pipelined_COL_HD882
INFO: [VRFC 10-311] analyzing module Mult_Add_Pipelined_COL_HD889
INFO: [VRFC 10-311] analyzing module Mult_Add_Pipelined_COL_HD896
INFO: [VRFC 10-311] analyzing module Mult_Add_Pipelined_COL_HD903
INFO: [VRFC 10-311] analyzing module Mult_Add_Pipelined_COL_HD910
INFO: [VRFC 10-311] analyzing module Mult_Add_Pipelined_COL_HD917
INFO: [VRFC 10-311] analyzing module Mult_Add_Pipelined_COL_HD924
INFO: [VRFC 10-311] analyzing module Mult_Add_Pipelined_COL_HD931
INFO: [VRFC 10-311] analyzing module Mult_Add_Pipelined_COL_HD938
INFO: [VRFC 10-311] analyzing module Mult_Add_Pipelined_COL_HD945
INFO: [VRFC 10-311] analyzing module Mult_Add_Pipelined_COL_HD952
INFO: [VRFC 10-311] analyzing module Mult_Add_Pipelined_COL_HD959
INFO: [VRFC 10-311] analyzing module Mult_Add_Pipelined_COL_HD966
INFO: [VRFC 10-311] analyzing module Mult_Add_Pipelined_COL_HD973
INFO: [VRFC 10-311] analyzing module Mult_Add_Pipelined_COL_HD980
INFO: [VRFC 10-311] analyzing module Mult_Add_Pipelined_COL_HD987
INFO: [VRFC 10-311] analyzing module Mult_Add_Pipelined_COL_HD994
INFO: [VRFC 10-311] analyzing module Mult_Add_Pipelined_NC
INFO: [VRFC 10-311] analyzing module Mult_Add_Pipelined_NC_HD103
INFO: [VRFC 10-311] analyzing module Mult_Add_Pipelined_NC_HD110
INFO: [VRFC 10-311] analyzing module Mult_Add_Pipelined_NC_HD117
INFO: [VRFC 10-311] analyzing module Mult_Add_Pipelined_NC_HD124
INFO: [VRFC 10-311] analyzing module Mult_Add_Pipelined_NC_HD131
INFO: [VRFC 10-311] analyzing module Mult_Add_Pipelined_NC_HD138
INFO: [VRFC 10-311] analyzing module Mult_Add_Pipelined_NC_HD145
INFO: [VRFC 10-311] analyzing module Mult_Add_Pipelined_NC_HD152
INFO: [VRFC 10-311] analyzing module Mult_Add_Pipelined_NC_HD159
INFO: [VRFC 10-311] analyzing module Mult_Add_Pipelined_NC_HD166
INFO: [VRFC 10-311] analyzing module Mult_Add_Pipelined_NC_HD173
INFO: [VRFC 10-311] analyzing module Mult_Add_Pipelined_NC_HD180
INFO: [VRFC 10-311] analyzing module Mult_Add_Pipelined_NC_HD187
INFO: [VRFC 10-311] analyzing module Mult_Add_Pipelined_NC_HD194
INFO: [VRFC 10-311] analyzing module Mult_Add_Pipelined_NC_HD26
INFO: [VRFC 10-311] analyzing module Mult_Add_Pipelined_NC_HD33
INFO: [VRFC 10-311] analyzing module Mult_Add_Pipelined_NC_HD40
INFO: [VRFC 10-311] analyzing module Mult_Add_Pipelined_NC_HD47
INFO: [VRFC 10-311] analyzing module Mult_Add_Pipelined_NC_HD54
INFO: [VRFC 10-311] analyzing module Mult_Add_Pipelined_NC_HD61
INFO: [VRFC 10-311] analyzing module Mult_Add_Pipelined_NC_HD68
INFO: [VRFC 10-311] analyzing module Mult_Add_Pipelined_NC_HD75
INFO: [VRFC 10-311] analyzing module Mult_Add_Pipelined_NC_HD82
INFO: [VRFC 10-311] analyzing module Mult_Add_Pipelined_NC_HD89
INFO: [VRFC 10-311] analyzing module Mult_Add_Pipelined_NC_HD96
INFO: [VRFC 10-311] analyzing module Conv_1_BRAM_blk_mem_gen_generic_cstr
INFO: [VRFC 10-311] analyzing module Conv_1_BRAM_blk_mem_gen_generic_cstr_HD1121
INFO: [VRFC 10-311] analyzing module Conv_1_BRAM_blk_mem_gen_generic_cstr_HD1310
INFO: [VRFC 10-311] analyzing module Conv_1_BRAM_blk_mem_gen_prim_width
INFO: [VRFC 10-311] analyzing module Conv_1_BRAM_blk_mem_gen_prim_width_HD1122
INFO: [VRFC 10-311] analyzing module Conv_1_BRAM_blk_mem_gen_prim_width_HD1311
INFO: [VRFC 10-311] analyzing module Conv_1_BRAM_blk_mem_gen_prim_wrapper_init
INFO: [VRFC 10-311] analyzing module Conv_1_BRAM_blk_mem_gen_prim_wrapper_init_HD1123
INFO: [VRFC 10-311] analyzing module Conv_1_BRAM_blk_mem_gen_prim_wrapper_init_HD1312
INFO: [VRFC 10-311] analyzing module Conv_1_BRAM_blk_mem_gen_top
INFO: [VRFC 10-311] analyzing module Conv_1_BRAM_blk_mem_gen_top_HD1120
INFO: [VRFC 10-311] analyzing module Conv_1_BRAM_blk_mem_gen_top_HD1309
INFO: [VRFC 10-311] analyzing module Conv_1_BRAM_blk_mem_gen_v8_4_2
INFO: [VRFC 10-311] analyzing module Conv_1_BRAM_blk_mem_gen_v8_4_2_HD1090
INFO: [VRFC 10-311] analyzing module Conv_1_BRAM_blk_mem_gen_v8_4_2_HD1097
INFO: [VRFC 10-311] analyzing module Conv_1_BRAM_blk_mem_gen_v8_4_2_HD1104
INFO: [VRFC 10-311] analyzing module Conv_1_BRAM_blk_mem_gen_v8_4_2_HD1111
INFO: [VRFC 10-311] analyzing module Conv_1_BRAM_blk_mem_gen_v8_4_2_HD1118
INFO: [VRFC 10-311] analyzing module Conv_1_BRAM_blk_mem_gen_v8_4_2_HD1125
INFO: [VRFC 10-311] analyzing module Conv_1_BRAM_blk_mem_gen_v8_4_2_HD1132
INFO: [VRFC 10-311] analyzing module Conv_1_BRAM_blk_mem_gen_v8_4_2_HD1139
INFO: [VRFC 10-311] analyzing module Conv_1_BRAM_blk_mem_gen_v8_4_2_HD1146
INFO: [VRFC 10-311] analyzing module Conv_1_BRAM_blk_mem_gen_v8_4_2_HD1153
INFO: [VRFC 10-311] analyzing module Conv_1_BRAM_blk_mem_gen_v8_4_2_HD1160
INFO: [VRFC 10-311] analyzing module Conv_1_BRAM_blk_mem_gen_v8_4_2_HD1167
INFO: [VRFC 10-311] analyzing module Conv_1_BRAM_blk_mem_gen_v8_4_2_HD1174
INFO: [VRFC 10-311] analyzing module Conv_1_BRAM_blk_mem_gen_v8_4_2_HD1181
INFO: [VRFC 10-311] analyzing module Conv_1_BRAM_blk_mem_gen_v8_4_2_HD1188
INFO: [VRFC 10-311] analyzing module Conv_1_BRAM_blk_mem_gen_v8_4_2_HD1195
INFO: [VRFC 10-311] analyzing module Conv_1_BRAM_blk_mem_gen_v8_4_2_HD1202
INFO: [VRFC 10-311] analyzing module Conv_1_BRAM_blk_mem_gen_v8_4_2_HD1209
INFO: [VRFC 10-311] analyzing module Conv_1_BRAM_blk_mem_gen_v8_4_2_HD1216
INFO: [VRFC 10-311] analyzing module Conv_1_BRAM_blk_mem_gen_v8_4_2_HD1223
INFO: [VRFC 10-311] analyzing module Conv_1_BRAM_blk_mem_gen_v8_4_2_HD1230
INFO: [VRFC 10-311] analyzing module Conv_1_BRAM_blk_mem_gen_v8_4_2_HD1237
INFO: [VRFC 10-311] analyzing module Conv_1_BRAM_blk_mem_gen_v8_4_2_HD1244
INFO: [VRFC 10-311] analyzing module Conv_1_BRAM_blk_mem_gen_v8_4_2_HD1251
INFO: [VRFC 10-311] analyzing module Conv_1_BRAM_blk_mem_gen_v8_4_2_HD1258
INFO: [VRFC 10-311] analyzing module Conv_1_BRAM_blk_mem_gen_v8_4_2_HD1265
INFO: [VRFC 10-311] analyzing module Conv_1_BRAM_blk_mem_gen_v8_4_2_HD1272
INFO: [VRFC 10-311] analyzing module Conv_1_BRAM_blk_mem_gen_v8_4_2_HD1279
INFO: [VRFC 10-311] analyzing module Conv_1_BRAM_blk_mem_gen_v8_4_2_HD1286
INFO: [VRFC 10-311] analyzing module Conv_1_BRAM_blk_mem_gen_v8_4_2_HD1293
INFO: [VRFC 10-311] analyzing module Conv_1_BRAM_blk_mem_gen_v8_4_2_HD1300
INFO: [VRFC 10-311] analyzing module Conv_1_BRAM_blk_mem_gen_v8_4_2_HD1307
INFO: [VRFC 10-311] analyzing module Conv_1_BRAM_blk_mem_gen_v8_4_2_synth
INFO: [VRFC 10-311] analyzing module Conv_1_BRAM_blk_mem_gen_v8_4_2_synth_HD1119
INFO: [VRFC 10-311] analyzing module Conv_1_BRAM_blk_mem_gen_v8_4_2_synth_HD1308
INFO: [VRFC 10-311] analyzing module Mult_Add_Pipelined_COL_xbip_multadd_v3_0_13
INFO: [VRFC 10-311] analyzing module Mult_Add_Pipelined_COL_xbip_multadd_v3_0_13_HD1002
INFO: [VRFC 10-311] analyzing module Mult_Add_Pipelined_COL_xbip_multadd_v3_0_13_HD1009
INFO: [VRFC 10-311] analyzing module Mult_Add_Pipelined_COL_xbip_multadd_v3_0_13_HD1016
INFO: [VRFC 10-311] analyzing module Mult_Add_Pipelined_COL_xbip_multadd_v3_0_13_HD1023
INFO: [VRFC 10-311] analyzing module Mult_Add_Pipelined_COL_xbip_multadd_v3_0_13_HD1030
INFO: [VRFC 10-311] analyzing module Mult_Add_Pipelined_COL_xbip_multadd_v3_0_13_HD1037
INFO: [VRFC 10-311] analyzing module Mult_Add_Pipelined_COL_xbip_multadd_v3_0_13_HD1044
INFO: [VRFC 10-311] analyzing module Mult_Add_Pipelined_COL_xbip_multadd_v3_0_13_HD1051
INFO: [VRFC 10-311] analyzing module Mult_Add_Pipelined_COL_xbip_multadd_v3_0_13_HD309
INFO: [VRFC 10-311] analyzing module Mult_Add_Pipelined_COL_xbip_multadd_v3_0_13_HD316
INFO: [VRFC 10-311] analyzing module Mult_Add_Pipelined_COL_xbip_multadd_v3_0_13_HD323
INFO: [VRFC 10-311] analyzing module Mult_Add_Pipelined_COL_xbip_multadd_v3_0_13_HD330
INFO: [VRFC 10-311] analyzing module Mult_Add_Pipelined_COL_xbip_multadd_v3_0_13_HD337
INFO: [VRFC 10-311] analyzing module Mult_Add_Pipelined_COL_xbip_multadd_v3_0_13_HD344
INFO: [VRFC 10-311] analyzing module Mult_Add_Pipelined_COL_xbip_multadd_v3_0_13_HD351
INFO: [VRFC 10-311] analyzing module Mult_Add_Pipelined_COL_xbip_multadd_v3_0_13_HD358
INFO: [VRFC 10-311] analyzing module Mult_Add_Pipelined_COL_xbip_multadd_v3_0_13_HD365
INFO: [VRFC 10-311] analyzing module Mult_Add_Pipelined_COL_xbip_multadd_v3_0_13_HD372
INFO: [VRFC 10-311] analyzing module Mult_Add_Pipelined_COL_xbip_multadd_v3_0_13_HD379
INFO: [VRFC 10-311] analyzing module Mult_Add_Pipelined_COL_xbip_multadd_v3_0_13_HD386
INFO: [VRFC 10-311] analyzing module Mult_Add_Pipelined_COL_xbip_multadd_v3_0_13_HD393
INFO: [VRFC 10-311] analyzing module Mult_Add_Pipelined_COL_xbip_multadd_v3_0_13_HD400
INFO: [VRFC 10-311] analyzing module Mult_Add_Pipelined_COL_xbip_multadd_v3_0_13_HD407
INFO: [VRFC 10-311] analyzing module Mult_Add_Pipelined_COL_xbip_multadd_v3_0_13_HD414
INFO: [VRFC 10-311] analyzing module Mult_Add_Pipelined_COL_xbip_multadd_v3_0_13_HD421
INFO: [VRFC 10-311] analyzing module Mult_Add_Pipelined_COL_xbip_multadd_v3_0_13_HD428
INFO: [VRFC 10-311] analyzing module Mult_Add_Pipelined_COL_xbip_multadd_v3_0_13_HD435
INFO: [VRFC 10-311] analyzing module Mult_Add_Pipelined_COL_xbip_multadd_v3_0_13_HD442
INFO: [VRFC 10-311] analyzing module Mult_Add_Pipelined_COL_xbip_multadd_v3_0_13_HD449
INFO: [VRFC 10-311] analyzing module Mult_Add_Pipelined_COL_xbip_multadd_v3_0_13_HD456
INFO: [VRFC 10-311] analyzing module Mult_Add_Pipelined_COL_xbip_multadd_v3_0_13_HD463
INFO: [VRFC 10-311] analyzing module Mult_Add_Pipelined_COL_xbip_multadd_v3_0_13_HD470
INFO: [VRFC 10-311] analyzing module Mult_Add_Pipelined_COL_xbip_multadd_v3_0_13_HD477
INFO: [VRFC 10-311] analyzing module Mult_Add_Pipelined_COL_xbip_multadd_v3_0_13_HD484
INFO: [VRFC 10-311] analyzing module Mult_Add_Pipelined_COL_xbip_multadd_v3_0_13_HD491
INFO: [VRFC 10-311] analyzing module Mult_Add_Pipelined_COL_xbip_multadd_v3_0_13_HD498
INFO: [VRFC 10-311] analyzing module Mult_Add_Pipelined_COL_xbip_multadd_v3_0_13_HD505
INFO: [VRFC 10-311] analyzing module Mult_Add_Pipelined_COL_xbip_multadd_v3_0_13_HD512
INFO: [VRFC 10-311] analyzing module Mult_Add_Pipelined_COL_xbip_multadd_v3_0_13_HD519
INFO: [VRFC 10-311] analyzing module Mult_Add_Pipelined_COL_xbip_multadd_v3_0_13_HD526
INFO: [VRFC 10-311] analyzing module Mult_Add_Pipelined_COL_xbip_multadd_v3_0_13_HD533
INFO: [VRFC 10-311] analyzing module Mult_Add_Pipelined_COL_xbip_multadd_v3_0_13_HD540
INFO: [VRFC 10-311] analyzing module Mult_Add_Pipelined_COL_xbip_multadd_v3_0_13_HD547
INFO: [VRFC 10-311] analyzing module Mult_Add_Pipelined_COL_xbip_multadd_v3_0_13_HD554
INFO: [VRFC 10-311] analyzing module Mult_Add_Pipelined_COL_xbip_multadd_v3_0_13_HD561
INFO: [VRFC 10-311] analyzing module Mult_Add_Pipelined_COL_xbip_multadd_v3_0_13_HD568
INFO: [VRFC 10-311] analyzing module Mult_Add_Pipelined_COL_xbip_multadd_v3_0_13_HD575
INFO: [VRFC 10-311] analyzing module Mult_Add_Pipelined_COL_xbip_multadd_v3_0_13_HD582
INFO: [VRFC 10-311] analyzing module Mult_Add_Pipelined_COL_xbip_multadd_v3_0_13_HD589
INFO: [VRFC 10-311] analyzing module Mult_Add_Pipelined_COL_xbip_multadd_v3_0_13_HD596
INFO: [VRFC 10-311] analyzing module Mult_Add_Pipelined_COL_xbip_multadd_v3_0_13_HD603
INFO: [VRFC 10-311] analyzing module Mult_Add_Pipelined_COL_xbip_multadd_v3_0_13_HD610
INFO: [VRFC 10-311] analyzing module Mult_Add_Pipelined_COL_xbip_multadd_v3_0_13_HD617
INFO: [VRFC 10-311] analyzing module Mult_Add_Pipelined_COL_xbip_multadd_v3_0_13_HD624
INFO: [VRFC 10-311] analyzing module Mult_Add_Pipelined_COL_xbip_multadd_v3_0_13_HD631
INFO: [VRFC 10-311] analyzing module Mult_Add_Pipelined_COL_xbip_multadd_v3_0_13_HD638
INFO: [VRFC 10-311] analyzing module Mult_Add_Pipelined_COL_xbip_multadd_v3_0_13_HD645
INFO: [VRFC 10-311] analyzing module Mult_Add_Pipelined_COL_xbip_multadd_v3_0_13_HD652
INFO: [VRFC 10-311] analyzing module Mult_Add_Pipelined_COL_xbip_multadd_v3_0_13_HD659
INFO: [VRFC 10-311] analyzing module Mult_Add_Pipelined_COL_xbip_multadd_v3_0_13_HD666
INFO: [VRFC 10-311] analyzing module Mult_Add_Pipelined_COL_xbip_multadd_v3_0_13_HD673
INFO: [VRFC 10-311] analyzing module Mult_Add_Pipelined_COL_xbip_multadd_v3_0_13_HD680
INFO: [VRFC 10-311] analyzing module Mult_Add_Pipelined_COL_xbip_multadd_v3_0_13_HD687
INFO: [VRFC 10-311] analyzing module Mult_Add_Pipelined_COL_xbip_multadd_v3_0_13_HD694
INFO: [VRFC 10-311] analyzing module Mult_Add_Pipelined_COL_xbip_multadd_v3_0_13_HD701
INFO: [VRFC 10-311] analyzing module Mult_Add_Pipelined_COL_xbip_multadd_v3_0_13_HD708
INFO: [VRFC 10-311] analyzing module Mult_Add_Pipelined_COL_xbip_multadd_v3_0_13_HD715
INFO: [VRFC 10-311] analyzing module Mult_Add_Pipelined_COL_xbip_multadd_v3_0_13_HD722
INFO: [VRFC 10-311] analyzing module Mult_Add_Pipelined_COL_xbip_multadd_v3_0_13_HD729
INFO: [VRFC 10-311] analyzing module Mult_Add_Pipelined_COL_xbip_multadd_v3_0_13_HD736
INFO: [VRFC 10-311] analyzing module Mult_Add_Pipelined_COL_xbip_multadd_v3_0_13_HD743
INFO: [VRFC 10-311] analyzing module Mult_Add_Pipelined_COL_xbip_multadd_v3_0_13_HD750
INFO: [VRFC 10-311] analyzing module Mult_Add_Pipelined_COL_xbip_multadd_v3_0_13_HD757
INFO: [VRFC 10-311] analyzing module Mult_Add_Pipelined_COL_xbip_multadd_v3_0_13_HD764
INFO: [VRFC 10-311] analyzing module Mult_Add_Pipelined_COL_xbip_multadd_v3_0_13_HD771
INFO: [VRFC 10-311] analyzing module Mult_Add_Pipelined_COL_xbip_multadd_v3_0_13_HD778
INFO: [VRFC 10-311] analyzing module Mult_Add_Pipelined_COL_xbip_multadd_v3_0_13_HD785
INFO: [VRFC 10-311] analyzing module Mult_Add_Pipelined_COL_xbip_multadd_v3_0_13_HD792
INFO: [VRFC 10-311] analyzing module Mult_Add_Pipelined_COL_xbip_multadd_v3_0_13_HD799
INFO: [VRFC 10-311] analyzing module Mult_Add_Pipelined_COL_xbip_multadd_v3_0_13_HD806
INFO: [VRFC 10-311] analyzing module Mult_Add_Pipelined_COL_xbip_multadd_v3_0_13_HD813
INFO: [VRFC 10-311] analyzing module Mult_Add_Pipelined_COL_xbip_multadd_v3_0_13_HD820
INFO: [VRFC 10-311] analyzing module Mult_Add_Pipelined_COL_xbip_multadd_v3_0_13_HD827
INFO: [VRFC 10-311] analyzing module Mult_Add_Pipelined_COL_xbip_multadd_v3_0_13_HD834
INFO: [VRFC 10-311] analyzing module Mult_Add_Pipelined_COL_xbip_multadd_v3_0_13_HD841
INFO: [VRFC 10-311] analyzing module Mult_Add_Pipelined_COL_xbip_multadd_v3_0_13_HD848
INFO: [VRFC 10-311] analyzing module Mult_Add_Pipelined_COL_xbip_multadd_v3_0_13_HD855
INFO: [VRFC 10-311] analyzing module Mult_Add_Pipelined_COL_xbip_multadd_v3_0_13_HD862
INFO: [VRFC 10-311] analyzing module Mult_Add_Pipelined_COL_xbip_multadd_v3_0_13_HD869
INFO: [VRFC 10-311] analyzing module Mult_Add_Pipelined_COL_xbip_multadd_v3_0_13_HD876
INFO: [VRFC 10-311] analyzing module Mult_Add_Pipelined_COL_xbip_multadd_v3_0_13_HD883
INFO: [VRFC 10-311] analyzing module Mult_Add_Pipelined_COL_xbip_multadd_v3_0_13_HD890
INFO: [VRFC 10-311] analyzing module Mult_Add_Pipelined_COL_xbip_multadd_v3_0_13_HD897
INFO: [VRFC 10-311] analyzing module Mult_Add_Pipelined_COL_xbip_multadd_v3_0_13_HD904
INFO: [VRFC 10-311] analyzing module Mult_Add_Pipelined_COL_xbip_multadd_v3_0_13_HD911
INFO: [VRFC 10-311] analyzing module Mult_Add_Pipelined_COL_xbip_multadd_v3_0_13_HD918
INFO: [VRFC 10-311] analyzing module Mult_Add_Pipelined_COL_xbip_multadd_v3_0_13_HD925
INFO: [VRFC 10-311] analyzing module Mult_Add_Pipelined_COL_xbip_multadd_v3_0_13_HD932
INFO: [VRFC 10-311] analyzing module Mult_Add_Pipelined_COL_xbip_multadd_v3_0_13_HD939
INFO: [VRFC 10-311] analyzing module Mult_Add_Pipelined_COL_xbip_multadd_v3_0_13_HD946
INFO: [VRFC 10-311] analyzing module Mult_Add_Pipelined_COL_xbip_multadd_v3_0_13_HD953
INFO: [VRFC 10-311] analyzing module Mult_Add_Pipelined_COL_xbip_multadd_v3_0_13_HD960
INFO: [VRFC 10-311] analyzing module Mult_Add_Pipelined_COL_xbip_multadd_v3_0_13_HD967
INFO: [VRFC 10-311] analyzing module Mult_Add_Pipelined_COL_xbip_multadd_v3_0_13_HD974
INFO: [VRFC 10-311] analyzing module Mult_Add_Pipelined_COL_xbip_multadd_v3_0_13_HD981
INFO: [VRFC 10-311] analyzing module Mult_Add_Pipelined_COL_xbip_multadd_v3_0_13_HD988
INFO: [VRFC 10-311] analyzing module Mult_Add_Pipelined_COL_xbip_multadd_v3_0_13_HD995
INFO: [VRFC 10-311] analyzing module Mult_Add_Pipelined_NC_xbip_multadd_v3_0_13
INFO: [VRFC 10-311] analyzing module Mult_Add_Pipelined_NC_xbip_multadd_v3_0_13_HD104
INFO: [VRFC 10-311] analyzing module Mult_Add_Pipelined_NC_xbip_multadd_v3_0_13_HD111
INFO: [VRFC 10-311] analyzing module Mult_Add_Pipelined_NC_xbip_multadd_v3_0_13_HD118
INFO: [VRFC 10-311] analyzing module Mult_Add_Pipelined_NC_xbip_multadd_v3_0_13_HD125
INFO: [VRFC 10-311] analyzing module Mult_Add_Pipelined_NC_xbip_multadd_v3_0_13_HD132
INFO: [VRFC 10-311] analyzing module Mult_Add_Pipelined_NC_xbip_multadd_v3_0_13_HD139
INFO: [VRFC 10-311] analyzing module Mult_Add_Pipelined_NC_xbip_multadd_v3_0_13_HD146
INFO: [VRFC 10-311] analyzing module Mult_Add_Pipelined_NC_xbip_multadd_v3_0_13_HD153
INFO: [VRFC 10-311] analyzing module Mult_Add_Pipelined_NC_xbip_multadd_v3_0_13_HD160
INFO: [VRFC 10-311] analyzing module Mult_Add_Pipelined_NC_xbip_multadd_v3_0_13_HD167
INFO: [VRFC 10-311] analyzing module Mult_Add_Pipelined_NC_xbip_multadd_v3_0_13_HD174
INFO: [VRFC 10-311] analyzing module Mult_Add_Pipelined_NC_xbip_multadd_v3_0_13_HD181
INFO: [VRFC 10-311] analyzing module Mult_Add_Pipelined_NC_xbip_multadd_v3_0_13_HD188
INFO: [VRFC 10-311] analyzing module Mult_Add_Pipelined_NC_xbip_multadd_v3_0_13_HD195
INFO: [VRFC 10-311] analyzing module Mult_Add_Pipelined_NC_xbip_multadd_v3_0_13_HD27
INFO: [VRFC 10-311] analyzing module Mult_Add_Pipelined_NC_xbip_multadd_v3_0_13_HD34
INFO: [VRFC 10-311] analyzing module Mult_Add_Pipelined_NC_xbip_multadd_v3_0_13_HD41
INFO: [VRFC 10-311] analyzing module Mult_Add_Pipelined_NC_xbip_multadd_v3_0_13_HD48
INFO: [VRFC 10-311] analyzing module Mult_Add_Pipelined_NC_xbip_multadd_v3_0_13_HD55
INFO: [VRFC 10-311] analyzing module Mult_Add_Pipelined_NC_xbip_multadd_v3_0_13_HD62
INFO: [VRFC 10-311] analyzing module Mult_Add_Pipelined_NC_xbip_multadd_v3_0_13_HD69
INFO: [VRFC 10-311] analyzing module Mult_Add_Pipelined_NC_xbip_multadd_v3_0_13_HD76
INFO: [VRFC 10-311] analyzing module Mult_Add_Pipelined_NC_xbip_multadd_v3_0_13_HD83
INFO: [VRFC 10-311] analyzing module Mult_Add_Pipelined_NC_xbip_multadd_v3_0_13_HD90
INFO: [VRFC 10-311] analyzing module Mult_Add_Pipelined_NC_xbip_multadd_v3_0_13_HD97
INFO: [VRFC 10-311] analyzing module Mult_Add_Pipelined_COL_multadd_dsp
INFO: [VRFC 10-311] analyzing module Mult_Add_Pipelined_COL_multadd_dsp_HD1004
INFO: [VRFC 10-311] analyzing module Mult_Add_Pipelined_COL_multadd_dsp_HD1011
INFO: [VRFC 10-311] analyzing module Mult_Add_Pipelined_COL_multadd_dsp_HD1018
INFO: [VRFC 10-311] analyzing module Mult_Add_Pipelined_COL_multadd_dsp_HD1025
INFO: [VRFC 10-311] analyzing module Mult_Add_Pipelined_COL_multadd_dsp_HD1032
INFO: [VRFC 10-311] analyzing module Mult_Add_Pipelined_COL_multadd_dsp_HD1039
INFO: [VRFC 10-311] analyzing module Mult_Add_Pipelined_COL_multadd_dsp_HD1046
INFO: [VRFC 10-311] analyzing module Mult_Add_Pipelined_COL_multadd_dsp_HD1053
INFO: [VRFC 10-311] analyzing module Mult_Add_Pipelined_COL_multadd_dsp_HD311
INFO: [VRFC 10-311] analyzing module Mult_Add_Pipelined_COL_multadd_dsp_HD318
INFO: [VRFC 10-311] analyzing module Mult_Add_Pipelined_COL_multadd_dsp_HD325
INFO: [VRFC 10-311] analyzing module Mult_Add_Pipelined_COL_multadd_dsp_HD332
INFO: [VRFC 10-311] analyzing module Mult_Add_Pipelined_COL_multadd_dsp_HD339
INFO: [VRFC 10-311] analyzing module Mult_Add_Pipelined_COL_multadd_dsp_HD346
INFO: [VRFC 10-311] analyzing module Mult_Add_Pipelined_COL_multadd_dsp_HD353
INFO: [VRFC 10-311] analyzing module Mult_Add_Pipelined_COL_multadd_dsp_HD360
INFO: [VRFC 10-311] analyzing module Mult_Add_Pipelined_COL_multadd_dsp_HD367
INFO: [VRFC 10-311] analyzing module Mult_Add_Pipelined_COL_multadd_dsp_HD374
INFO: [VRFC 10-311] analyzing module Mult_Add_Pipelined_COL_multadd_dsp_HD381
INFO: [VRFC 10-311] analyzing module Mult_Add_Pipelined_COL_multadd_dsp_HD388
INFO: [VRFC 10-311] analyzing module Mult_Add_Pipelined_COL_multadd_dsp_HD395
INFO: [VRFC 10-311] analyzing module Mult_Add_Pipelined_COL_multadd_dsp_HD402
INFO: [VRFC 10-311] analyzing module Mult_Add_Pipelined_COL_multadd_dsp_HD409
INFO: [VRFC 10-311] analyzing module Mult_Add_Pipelined_COL_multadd_dsp_HD416
INFO: [VRFC 10-311] analyzing module Mult_Add_Pipelined_COL_multadd_dsp_HD423
INFO: [VRFC 10-311] analyzing module Mult_Add_Pipelined_COL_multadd_dsp_HD430
INFO: [VRFC 10-311] analyzing module Mult_Add_Pipelined_COL_multadd_dsp_HD437
INFO: [VRFC 10-311] analyzing module Mult_Add_Pipelined_COL_multadd_dsp_HD444
INFO: [VRFC 10-311] analyzing module Mult_Add_Pipelined_COL_multadd_dsp_HD451
INFO: [VRFC 10-311] analyzing module Mult_Add_Pipelined_COL_multadd_dsp_HD458
INFO: [VRFC 10-311] analyzing module Mult_Add_Pipelined_COL_multadd_dsp_HD465
INFO: [VRFC 10-311] analyzing module Mult_Add_Pipelined_COL_multadd_dsp_HD472
INFO: [VRFC 10-311] analyzing module Mult_Add_Pipelined_COL_multadd_dsp_HD479
INFO: [VRFC 10-311] analyzing module Mult_Add_Pipelined_COL_multadd_dsp_HD486
INFO: [VRFC 10-311] analyzing module Mult_Add_Pipelined_COL_multadd_dsp_HD493
INFO: [VRFC 10-311] analyzing module Mult_Add_Pipelined_COL_multadd_dsp_HD500
INFO: [VRFC 10-311] analyzing module Mult_Add_Pipelined_COL_multadd_dsp_HD507
INFO: [VRFC 10-311] analyzing module Mult_Add_Pipelined_COL_multadd_dsp_HD514
INFO: [VRFC 10-311] analyzing module Mult_Add_Pipelined_COL_multadd_dsp_HD521
INFO: [VRFC 10-311] analyzing module Mult_Add_Pipelined_COL_multadd_dsp_HD528
INFO: [VRFC 10-311] analyzing module Mult_Add_Pipelined_COL_multadd_dsp_HD535
INFO: [VRFC 10-311] analyzing module Mult_Add_Pipelined_COL_multadd_dsp_HD542
INFO: [VRFC 10-311] analyzing module Mult_Add_Pipelined_COL_multadd_dsp_HD549
INFO: [VRFC 10-311] analyzing module Mult_Add_Pipelined_COL_multadd_dsp_HD556
INFO: [VRFC 10-311] analyzing module Mult_Add_Pipelined_COL_multadd_dsp_HD563
INFO: [VRFC 10-311] analyzing module Mult_Add_Pipelined_COL_multadd_dsp_HD570
INFO: [VRFC 10-311] analyzing module Mult_Add_Pipelined_COL_multadd_dsp_HD577
INFO: [VRFC 10-311] analyzing module Mult_Add_Pipelined_COL_multadd_dsp_HD584
INFO: [VRFC 10-311] analyzing module Mult_Add_Pipelined_COL_multadd_dsp_HD591
INFO: [VRFC 10-311] analyzing module Mult_Add_Pipelined_COL_multadd_dsp_HD598
INFO: [VRFC 10-311] analyzing module Mult_Add_Pipelined_COL_multadd_dsp_HD605
INFO: [VRFC 10-311] analyzing module Mult_Add_Pipelined_COL_multadd_dsp_HD612
INFO: [VRFC 10-311] analyzing module Mult_Add_Pipelined_COL_multadd_dsp_HD619
INFO: [VRFC 10-311] analyzing module Mult_Add_Pipelined_COL_multadd_dsp_HD626
INFO: [VRFC 10-311] analyzing module Mult_Add_Pipelined_COL_multadd_dsp_HD633
INFO: [VRFC 10-311] analyzing module Mult_Add_Pipelined_COL_multadd_dsp_HD640
INFO: [VRFC 10-311] analyzing module Mult_Add_Pipelined_COL_multadd_dsp_HD647
INFO: [VRFC 10-311] analyzing module Mult_Add_Pipelined_COL_multadd_dsp_HD654
INFO: [VRFC 10-311] analyzing module Mult_Add_Pipelined_COL_multadd_dsp_HD661
INFO: [VRFC 10-311] analyzing module Mult_Add_Pipelined_COL_multadd_dsp_HD668
INFO: [VRFC 10-311] analyzing module Mult_Add_Pipelined_COL_multadd_dsp_HD675
INFO: [VRFC 10-311] analyzing module Mult_Add_Pipelined_COL_multadd_dsp_HD682
INFO: [VRFC 10-311] analyzing module Mult_Add_Pipelined_COL_multadd_dsp_HD689
INFO: [VRFC 10-311] analyzing module Mult_Add_Pipelined_COL_multadd_dsp_HD696
INFO: [VRFC 10-311] analyzing module Mult_Add_Pipelined_COL_multadd_dsp_HD703
INFO: [VRFC 10-311] analyzing module Mult_Add_Pipelined_COL_multadd_dsp_HD710
INFO: [VRFC 10-311] analyzing module Mult_Add_Pipelined_COL_multadd_dsp_HD717
INFO: [VRFC 10-311] analyzing module Mult_Add_Pipelined_COL_multadd_dsp_HD724
INFO: [VRFC 10-311] analyzing module Mult_Add_Pipelined_COL_multadd_dsp_HD731
INFO: [VRFC 10-311] analyzing module Mult_Add_Pipelined_COL_multadd_dsp_HD738
INFO: [VRFC 10-311] analyzing module Mult_Add_Pipelined_COL_multadd_dsp_HD745
INFO: [VRFC 10-311] analyzing module Mult_Add_Pipelined_COL_multadd_dsp_HD752
INFO: [VRFC 10-311] analyzing module Mult_Add_Pipelined_COL_multadd_dsp_HD759
INFO: [VRFC 10-311] analyzing module Mult_Add_Pipelined_COL_multadd_dsp_HD766
INFO: [VRFC 10-311] analyzing module Mult_Add_Pipelined_COL_multadd_dsp_HD773
INFO: [VRFC 10-311] analyzing module Mult_Add_Pipelined_COL_multadd_dsp_HD780
INFO: [VRFC 10-311] analyzing module Mult_Add_Pipelined_COL_multadd_dsp_HD787
INFO: [VRFC 10-311] analyzing module Mult_Add_Pipelined_COL_multadd_dsp_HD794
INFO: [VRFC 10-311] analyzing module Mult_Add_Pipelined_COL_multadd_dsp_HD801
INFO: [VRFC 10-311] analyzing module Mult_Add_Pipelined_COL_multadd_dsp_HD808
INFO: [VRFC 10-311] analyzing module Mult_Add_Pipelined_COL_multadd_dsp_HD815
INFO: [VRFC 10-311] analyzing module Mult_Add_Pipelined_COL_multadd_dsp_HD822
INFO: [VRFC 10-311] analyzing module Mult_Add_Pipelined_COL_multadd_dsp_HD829
INFO: [VRFC 10-311] analyzing module Mult_Add_Pipelined_COL_multadd_dsp_HD836
INFO: [VRFC 10-311] analyzing module Mult_Add_Pipelined_COL_multadd_dsp_HD843
INFO: [VRFC 10-311] analyzing module Mult_Add_Pipelined_COL_multadd_dsp_HD850
INFO: [VRFC 10-311] analyzing module Mult_Add_Pipelined_COL_multadd_dsp_HD857
INFO: [VRFC 10-311] analyzing module Mult_Add_Pipelined_COL_multadd_dsp_HD864
INFO: [VRFC 10-311] analyzing module Mult_Add_Pipelined_COL_multadd_dsp_HD871
INFO: [VRFC 10-311] analyzing module Mult_Add_Pipelined_COL_multadd_dsp_HD878
INFO: [VRFC 10-311] analyzing module Mult_Add_Pipelined_COL_multadd_dsp_HD885
INFO: [VRFC 10-311] analyzing module Mult_Add_Pipelined_COL_multadd_dsp_HD892
INFO: [VRFC 10-311] analyzing module Mult_Add_Pipelined_COL_multadd_dsp_HD899
INFO: [VRFC 10-311] analyzing module Mult_Add_Pipelined_COL_multadd_dsp_HD906
INFO: [VRFC 10-311] analyzing module Mult_Add_Pipelined_COL_multadd_dsp_HD913
INFO: [VRFC 10-311] analyzing module Mult_Add_Pipelined_COL_multadd_dsp_HD920
INFO: [VRFC 10-311] analyzing module Mult_Add_Pipelined_COL_multadd_dsp_HD927
INFO: [VRFC 10-311] analyzing module Mult_Add_Pipelined_COL_multadd_dsp_HD934
INFO: [VRFC 10-311] analyzing module Mult_Add_Pipelined_COL_multadd_dsp_HD941
INFO: [VRFC 10-311] analyzing module Mult_Add_Pipelined_COL_multadd_dsp_HD948
INFO: [VRFC 10-311] analyzing module Mult_Add_Pipelined_COL_multadd_dsp_HD955
INFO: [VRFC 10-311] analyzing module Mult_Add_Pipelined_COL_multadd_dsp_HD962
INFO: [VRFC 10-311] analyzing module Mult_Add_Pipelined_COL_multadd_dsp_HD969
INFO: [VRFC 10-311] analyzing module Mult_Add_Pipelined_COL_multadd_dsp_HD976
INFO: [VRFC 10-311] analyzing module Mult_Add_Pipelined_COL_multadd_dsp_HD983
INFO: [VRFC 10-311] analyzing module Mult_Add_Pipelined_COL_multadd_dsp_HD990
INFO: [VRFC 10-311] analyzing module Mult_Add_Pipelined_COL_multadd_dsp_HD997
INFO: [VRFC 10-311] analyzing module Mult_Add_Pipelined_COL_xbip_dsp48_multadd_synth
INFO: [VRFC 10-311] analyzing module Mult_Add_Pipelined_COL_xbip_dsp48_multadd_synth_HD1006
INFO: [VRFC 10-311] analyzing module Mult_Add_Pipelined_COL_xbip_dsp48_multadd_synth_HD1013
INFO: [VRFC 10-311] analyzing module Mult_Add_Pipelined_COL_xbip_dsp48_multadd_synth_HD1020
INFO: [VRFC 10-311] analyzing module Mult_Add_Pipelined_COL_xbip_dsp48_multadd_synth_HD1027
INFO: [VRFC 10-311] analyzing module Mult_Add_Pipelined_COL_xbip_dsp48_multadd_synth_HD1034
INFO: [VRFC 10-311] analyzing module Mult_Add_Pipelined_COL_xbip_dsp48_multadd_synth_HD1041
INFO: [VRFC 10-311] analyzing module Mult_Add_Pipelined_COL_xbip_dsp48_multadd_synth_HD1048
INFO: [VRFC 10-311] analyzing module Mult_Add_Pipelined_COL_xbip_dsp48_multadd_synth_HD1055
INFO: [VRFC 10-311] analyzing module Mult_Add_Pipelined_COL_xbip_dsp48_multadd_synth_HD313
INFO: [VRFC 10-311] analyzing module Mult_Add_Pipelined_COL_xbip_dsp48_multadd_synth_HD320
INFO: [VRFC 10-311] analyzing module Mult_Add_Pipelined_COL_xbip_dsp48_multadd_synth_HD327
INFO: [VRFC 10-311] analyzing module Mult_Add_Pipelined_COL_xbip_dsp48_multadd_synth_HD334
INFO: [VRFC 10-311] analyzing module Mult_Add_Pipelined_COL_xbip_dsp48_multadd_synth_HD341
INFO: [VRFC 10-311] analyzing module Mult_Add_Pipelined_COL_xbip_dsp48_multadd_synth_HD348
INFO: [VRFC 10-311] analyzing module Mult_Add_Pipelined_COL_xbip_dsp48_multadd_synth_HD355
INFO: [VRFC 10-311] analyzing module Mult_Add_Pipelined_COL_xbip_dsp48_multadd_synth_HD362
INFO: [VRFC 10-311] analyzing module Mult_Add_Pipelined_COL_xbip_dsp48_multadd_synth_HD369
INFO: [VRFC 10-311] analyzing module Mult_Add_Pipelined_COL_xbip_dsp48_multadd_synth_HD376
INFO: [VRFC 10-311] analyzing module Mult_Add_Pipelined_COL_xbip_dsp48_multadd_synth_HD383
INFO: [VRFC 10-311] analyzing module Mult_Add_Pipelined_COL_xbip_dsp48_multadd_synth_HD390
INFO: [VRFC 10-311] analyzing module Mult_Add_Pipelined_COL_xbip_dsp48_multadd_synth_HD397
INFO: [VRFC 10-311] analyzing module Mult_Add_Pipelined_COL_xbip_dsp48_multadd_synth_HD404
INFO: [VRFC 10-311] analyzing module Mult_Add_Pipelined_COL_xbip_dsp48_multadd_synth_HD411
INFO: [VRFC 10-311] analyzing module Mult_Add_Pipelined_COL_xbip_dsp48_multadd_synth_HD418
INFO: [VRFC 10-311] analyzing module Mult_Add_Pipelined_COL_xbip_dsp48_multadd_synth_HD425
INFO: [VRFC 10-311] analyzing module Mult_Add_Pipelined_COL_xbip_dsp48_multadd_synth_HD432
INFO: [VRFC 10-311] analyzing module Mult_Add_Pipelined_COL_xbip_dsp48_multadd_synth_HD439
INFO: [VRFC 10-311] analyzing module Mult_Add_Pipelined_COL_xbip_dsp48_multadd_synth_HD446
INFO: [VRFC 10-311] analyzing module Mult_Add_Pipelined_COL_xbip_dsp48_multadd_synth_HD453
INFO: [VRFC 10-311] analyzing module Mult_Add_Pipelined_COL_xbip_dsp48_multadd_synth_HD460
INFO: [VRFC 10-311] analyzing module Mult_Add_Pipelined_COL_xbip_dsp48_multadd_synth_HD467
INFO: [VRFC 10-311] analyzing module Mult_Add_Pipelined_COL_xbip_dsp48_multadd_synth_HD474
INFO: [VRFC 10-311] analyzing module Mult_Add_Pipelined_COL_xbip_dsp48_multadd_synth_HD481
INFO: [VRFC 10-311] analyzing module Mult_Add_Pipelined_COL_xbip_dsp48_multadd_synth_HD488
INFO: [VRFC 10-311] analyzing module Mult_Add_Pipelined_COL_xbip_dsp48_multadd_synth_HD495
INFO: [VRFC 10-311] analyzing module Mult_Add_Pipelined_COL_xbip_dsp48_multadd_synth_HD502
INFO: [VRFC 10-311] analyzing module Mult_Add_Pipelined_COL_xbip_dsp48_multadd_synth_HD509
INFO: [VRFC 10-311] analyzing module Mult_Add_Pipelined_COL_xbip_dsp48_multadd_synth_HD516
INFO: [VRFC 10-311] analyzing module Mult_Add_Pipelined_COL_xbip_dsp48_multadd_synth_HD523
INFO: [VRFC 10-311] analyzing module Mult_Add_Pipelined_COL_xbip_dsp48_multadd_synth_HD530
INFO: [VRFC 10-311] analyzing module Mult_Add_Pipelined_COL_xbip_dsp48_multadd_synth_HD537
INFO: [VRFC 10-311] analyzing module Mult_Add_Pipelined_COL_xbip_dsp48_multadd_synth_HD544
INFO: [VRFC 10-311] analyzing module Mult_Add_Pipelined_COL_xbip_dsp48_multadd_synth_HD551
INFO: [VRFC 10-311] analyzing module Mult_Add_Pipelined_COL_xbip_dsp48_multadd_synth_HD558
INFO: [VRFC 10-311] analyzing module Mult_Add_Pipelined_COL_xbip_dsp48_multadd_synth_HD565
INFO: [VRFC 10-311] analyzing module Mult_Add_Pipelined_COL_xbip_dsp48_multadd_synth_HD572
INFO: [VRFC 10-311] analyzing module Mult_Add_Pipelined_COL_xbip_dsp48_multadd_synth_HD579
INFO: [VRFC 10-311] analyzing module Mult_Add_Pipelined_COL_xbip_dsp48_multadd_synth_HD586
INFO: [VRFC 10-311] analyzing module Mult_Add_Pipelined_COL_xbip_dsp48_multadd_synth_HD593
INFO: [VRFC 10-311] analyzing module Mult_Add_Pipelined_COL_xbip_dsp48_multadd_synth_HD600
INFO: [VRFC 10-311] analyzing module Mult_Add_Pipelined_COL_xbip_dsp48_multadd_synth_HD607
INFO: [VRFC 10-311] analyzing module Mult_Add_Pipelined_COL_xbip_dsp48_multadd_synth_HD614
INFO: [VRFC 10-311] analyzing module Mult_Add_Pipelined_COL_xbip_dsp48_multadd_synth_HD621
INFO: [VRFC 10-311] analyzing module Mult_Add_Pipelined_COL_xbip_dsp48_multadd_synth_HD628
INFO: [VRFC 10-311] analyzing module Mult_Add_Pipelined_COL_xbip_dsp48_multadd_synth_HD635
INFO: [VRFC 10-311] analyzing module Mult_Add_Pipelined_COL_xbip_dsp48_multadd_synth_HD642
INFO: [VRFC 10-311] analyzing module Mult_Add_Pipelined_COL_xbip_dsp48_multadd_synth_HD649
INFO: [VRFC 10-311] analyzing module Mult_Add_Pipelined_COL_xbip_dsp48_multadd_synth_HD656
INFO: [VRFC 10-311] analyzing module Mult_Add_Pipelined_COL_xbip_dsp48_multadd_synth_HD663
INFO: [VRFC 10-311] analyzing module Mult_Add_Pipelined_COL_xbip_dsp48_multadd_synth_HD670
INFO: [VRFC 10-311] analyzing module Mult_Add_Pipelined_COL_xbip_dsp48_multadd_synth_HD677
INFO: [VRFC 10-311] analyzing module Mult_Add_Pipelined_COL_xbip_dsp48_multadd_synth_HD684
INFO: [VRFC 10-311] analyzing module Mult_Add_Pipelined_COL_xbip_dsp48_multadd_synth_HD691
INFO: [VRFC 10-311] analyzing module Mult_Add_Pipelined_COL_xbip_dsp48_multadd_synth_HD698
INFO: [VRFC 10-311] analyzing module Mult_Add_Pipelined_COL_xbip_dsp48_multadd_synth_HD705
INFO: [VRFC 10-311] analyzing module Mult_Add_Pipelined_COL_xbip_dsp48_multadd_synth_HD712
INFO: [VRFC 10-311] analyzing module Mult_Add_Pipelined_COL_xbip_dsp48_multadd_synth_HD719
INFO: [VRFC 10-311] analyzing module Mult_Add_Pipelined_COL_xbip_dsp48_multadd_synth_HD726
INFO: [VRFC 10-311] analyzing module Mult_Add_Pipelined_COL_xbip_dsp48_multadd_synth_HD733
INFO: [VRFC 10-311] analyzing module Mult_Add_Pipelined_COL_xbip_dsp48_multadd_synth_HD740
INFO: [VRFC 10-311] analyzing module Mult_Add_Pipelined_COL_xbip_dsp48_multadd_synth_HD747
INFO: [VRFC 10-311] analyzing module Mult_Add_Pipelined_COL_xbip_dsp48_multadd_synth_HD754
INFO: [VRFC 10-311] analyzing module Mult_Add_Pipelined_COL_xbip_dsp48_multadd_synth_HD761
INFO: [VRFC 10-311] analyzing module Mult_Add_Pipelined_COL_xbip_dsp48_multadd_synth_HD768
INFO: [VRFC 10-311] analyzing module Mult_Add_Pipelined_COL_xbip_dsp48_multadd_synth_HD775
INFO: [VRFC 10-311] analyzing module Mult_Add_Pipelined_COL_xbip_dsp48_multadd_synth_HD782
INFO: [VRFC 10-311] analyzing module Mult_Add_Pipelined_COL_xbip_dsp48_multadd_synth_HD789
INFO: [VRFC 10-311] analyzing module Mult_Add_Pipelined_COL_xbip_dsp48_multadd_synth_HD796
INFO: [VRFC 10-311] analyzing module Mult_Add_Pipelined_COL_xbip_dsp48_multadd_synth_HD803
INFO: [VRFC 10-311] analyzing module Mult_Add_Pipelined_COL_xbip_dsp48_multadd_synth_HD810
INFO: [VRFC 10-311] analyzing module Mult_Add_Pipelined_COL_xbip_dsp48_multadd_synth_HD817
INFO: [VRFC 10-311] analyzing module Mult_Add_Pipelined_COL_xbip_dsp48_multadd_synth_HD824
INFO: [VRFC 10-311] analyzing module Mult_Add_Pipelined_COL_xbip_dsp48_multadd_synth_HD831
INFO: [VRFC 10-311] analyzing module Mult_Add_Pipelined_COL_xbip_dsp48_multadd_synth_HD838
INFO: [VRFC 10-311] analyzing module Mult_Add_Pipelined_COL_xbip_dsp48_multadd_synth_HD845
INFO: [VRFC 10-311] analyzing module Mult_Add_Pipelined_COL_xbip_dsp48_multadd_synth_HD852
INFO: [VRFC 10-311] analyzing module Mult_Add_Pipelined_COL_xbip_dsp48_multadd_synth_HD859
INFO: [VRFC 10-311] analyzing module Mult_Add_Pipelined_COL_xbip_dsp48_multadd_synth_HD866
INFO: [VRFC 10-311] analyzing module Mult_Add_Pipelined_COL_xbip_dsp48_multadd_synth_HD873
INFO: [VRFC 10-311] analyzing module Mult_Add_Pipelined_COL_xbip_dsp48_multadd_synth_HD880
INFO: [VRFC 10-311] analyzing module Mult_Add_Pipelined_COL_xbip_dsp48_multadd_synth_HD887
INFO: [VRFC 10-311] analyzing module Mult_Add_Pipelined_COL_xbip_dsp48_multadd_synth_HD894
INFO: [VRFC 10-311] analyzing module Mult_Add_Pipelined_COL_xbip_dsp48_multadd_synth_HD901
INFO: [VRFC 10-311] analyzing module Mult_Add_Pipelined_COL_xbip_dsp48_multadd_synth_HD908
INFO: [VRFC 10-311] analyzing module Mult_Add_Pipelined_COL_xbip_dsp48_multadd_synth_HD915
INFO: [VRFC 10-311] analyzing module Mult_Add_Pipelined_COL_xbip_dsp48_multadd_synth_HD922
INFO: [VRFC 10-311] analyzing module Mult_Add_Pipelined_COL_xbip_dsp48_multadd_synth_HD929
INFO: [VRFC 10-311] analyzing module Mult_Add_Pipelined_COL_xbip_dsp48_multadd_synth_HD936
INFO: [VRFC 10-311] analyzing module Mult_Add_Pipelined_COL_xbip_dsp48_multadd_synth_HD943
INFO: [VRFC 10-311] analyzing module Mult_Add_Pipelined_COL_xbip_dsp48_multadd_synth_HD950
INFO: [VRFC 10-311] analyzing module Mult_Add_Pipelined_COL_xbip_dsp48_multadd_synth_HD957
INFO: [VRFC 10-311] analyzing module Mult_Add_Pipelined_COL_xbip_dsp48_multadd_synth_HD964
INFO: [VRFC 10-311] analyzing module Mult_Add_Pipelined_COL_xbip_dsp48_multadd_synth_HD971
INFO: [VRFC 10-311] analyzing module Mult_Add_Pipelined_COL_xbip_dsp48_multadd_synth_HD978
INFO: [VRFC 10-311] analyzing module Mult_Add_Pipelined_COL_xbip_dsp48_multadd_synth_HD985
INFO: [VRFC 10-311] analyzing module Mult_Add_Pipelined_COL_xbip_dsp48_multadd_synth_HD992
INFO: [VRFC 10-311] analyzing module Mult_Add_Pipelined_COL_xbip_dsp48_multadd_synth_HD999
INFO: [VRFC 10-311] analyzing module Mult_Add_Pipelined_COL_xbip_dsp48_multadd_v3_0_5_viv
INFO: [VRFC 10-311] analyzing module Mult_Add_Pipelined_COL_xbip_dsp48_multadd_v3_0_5_viv_HD1005
INFO: [VRFC 10-311] analyzing module Mult_Add_Pipelined_COL_xbip_dsp48_multadd_v3_0_5_viv_HD1012
INFO: [VRFC 10-311] analyzing module Mult_Add_Pipelined_COL_xbip_dsp48_multadd_v3_0_5_viv_HD1019
INFO: [VRFC 10-311] analyzing module Mult_Add_Pipelined_COL_xbip_dsp48_multadd_v3_0_5_viv_HD1026
INFO: [VRFC 10-311] analyzing module Mult_Add_Pipelined_COL_xbip_dsp48_multadd_v3_0_5_viv_HD1033
INFO: [VRFC 10-311] analyzing module Mult_Add_Pipelined_COL_xbip_dsp48_multadd_v3_0_5_viv_HD1040
INFO: [VRFC 10-311] analyzing module Mult_Add_Pipelined_COL_xbip_dsp48_multadd_v3_0_5_viv_HD1047
INFO: [VRFC 10-311] analyzing module Mult_Add_Pipelined_COL_xbip_dsp48_multadd_v3_0_5_viv_HD1054
INFO: [VRFC 10-311] analyzing module Mult_Add_Pipelined_COL_xbip_dsp48_multadd_v3_0_5_viv_HD312
INFO: [VRFC 10-311] analyzing module Mult_Add_Pipelined_COL_xbip_dsp48_multadd_v3_0_5_viv_HD319
INFO: [VRFC 10-311] analyzing module Mult_Add_Pipelined_COL_xbip_dsp48_multadd_v3_0_5_viv_HD326
INFO: [VRFC 10-311] analyzing module Mult_Add_Pipelined_COL_xbip_dsp48_multadd_v3_0_5_viv_HD333
INFO: [VRFC 10-311] analyzing module Mult_Add_Pipelined_COL_xbip_dsp48_multadd_v3_0_5_viv_HD340
INFO: [VRFC 10-311] analyzing module Mult_Add_Pipelined_COL_xbip_dsp48_multadd_v3_0_5_viv_HD347
INFO: [VRFC 10-311] analyzing module Mult_Add_Pipelined_COL_xbip_dsp48_multadd_v3_0_5_viv_HD354
INFO: [VRFC 10-311] analyzing module Mult_Add_Pipelined_COL_xbip_dsp48_multadd_v3_0_5_viv_HD361
INFO: [VRFC 10-311] analyzing module Mult_Add_Pipelined_COL_xbip_dsp48_multadd_v3_0_5_viv_HD368
INFO: [VRFC 10-311] analyzing module Mult_Add_Pipelined_COL_xbip_dsp48_multadd_v3_0_5_viv_HD375
INFO: [VRFC 10-311] analyzing module Mult_Add_Pipelined_COL_xbip_dsp48_multadd_v3_0_5_viv_HD382
INFO: [VRFC 10-311] analyzing module Mult_Add_Pipelined_COL_xbip_dsp48_multadd_v3_0_5_viv_HD389
INFO: [VRFC 10-311] analyzing module Mult_Add_Pipelined_COL_xbip_dsp48_multadd_v3_0_5_viv_HD396
INFO: [VRFC 10-311] analyzing module Mult_Add_Pipelined_COL_xbip_dsp48_multadd_v3_0_5_viv_HD403
INFO: [VRFC 10-311] analyzing module Mult_Add_Pipelined_COL_xbip_dsp48_multadd_v3_0_5_viv_HD410
INFO: [VRFC 10-311] analyzing module Mult_Add_Pipelined_COL_xbip_dsp48_multadd_v3_0_5_viv_HD417
INFO: [VRFC 10-311] analyzing module Mult_Add_Pipelined_COL_xbip_dsp48_multadd_v3_0_5_viv_HD424
INFO: [VRFC 10-311] analyzing module Mult_Add_Pipelined_COL_xbip_dsp48_multadd_v3_0_5_viv_HD431
INFO: [VRFC 10-311] analyzing module Mult_Add_Pipelined_COL_xbip_dsp48_multadd_v3_0_5_viv_HD438
INFO: [VRFC 10-311] analyzing module Mult_Add_Pipelined_COL_xbip_dsp48_multadd_v3_0_5_viv_HD445
INFO: [VRFC 10-311] analyzing module Mult_Add_Pipelined_COL_xbip_dsp48_multadd_v3_0_5_viv_HD452
INFO: [VRFC 10-311] analyzing module Mult_Add_Pipelined_COL_xbip_dsp48_multadd_v3_0_5_viv_HD459
INFO: [VRFC 10-311] analyzing module Mult_Add_Pipelined_COL_xbip_dsp48_multadd_v3_0_5_viv_HD466
INFO: [VRFC 10-311] analyzing module Mult_Add_Pipelined_COL_xbip_dsp48_multadd_v3_0_5_viv_HD473
INFO: [VRFC 10-311] analyzing module Mult_Add_Pipelined_COL_xbip_dsp48_multadd_v3_0_5_viv_HD480
INFO: [VRFC 10-311] analyzing module Mult_Add_Pipelined_COL_xbip_dsp48_multadd_v3_0_5_viv_HD487
INFO: [VRFC 10-311] analyzing module Mult_Add_Pipelined_COL_xbip_dsp48_multadd_v3_0_5_viv_HD494
INFO: [VRFC 10-311] analyzing module Mult_Add_Pipelined_COL_xbip_dsp48_multadd_v3_0_5_viv_HD501
INFO: [VRFC 10-311] analyzing module Mult_Add_Pipelined_COL_xbip_dsp48_multadd_v3_0_5_viv_HD508
INFO: [VRFC 10-311] analyzing module Mult_Add_Pipelined_COL_xbip_dsp48_multadd_v3_0_5_viv_HD515
INFO: [VRFC 10-311] analyzing module Mult_Add_Pipelined_COL_xbip_dsp48_multadd_v3_0_5_viv_HD522
INFO: [VRFC 10-311] analyzing module Mult_Add_Pipelined_COL_xbip_dsp48_multadd_v3_0_5_viv_HD529
INFO: [VRFC 10-311] analyzing module Mult_Add_Pipelined_COL_xbip_dsp48_multadd_v3_0_5_viv_HD536
INFO: [VRFC 10-311] analyzing module Mult_Add_Pipelined_COL_xbip_dsp48_multadd_v3_0_5_viv_HD543
INFO: [VRFC 10-311] analyzing module Mult_Add_Pipelined_COL_xbip_dsp48_multadd_v3_0_5_viv_HD550
INFO: [VRFC 10-311] analyzing module Mult_Add_Pipelined_COL_xbip_dsp48_multadd_v3_0_5_viv_HD557
INFO: [VRFC 10-311] analyzing module Mult_Add_Pipelined_COL_xbip_dsp48_multadd_v3_0_5_viv_HD564
INFO: [VRFC 10-311] analyzing module Mult_Add_Pipelined_COL_xbip_dsp48_multadd_v3_0_5_viv_HD571
INFO: [VRFC 10-311] analyzing module Mult_Add_Pipelined_COL_xbip_dsp48_multadd_v3_0_5_viv_HD578
INFO: [VRFC 10-311] analyzing module Mult_Add_Pipelined_COL_xbip_dsp48_multadd_v3_0_5_viv_HD585
INFO: [VRFC 10-311] analyzing module Mult_Add_Pipelined_COL_xbip_dsp48_multadd_v3_0_5_viv_HD592
INFO: [VRFC 10-311] analyzing module Mult_Add_Pipelined_COL_xbip_dsp48_multadd_v3_0_5_viv_HD599
INFO: [VRFC 10-311] analyzing module Mult_Add_Pipelined_COL_xbip_dsp48_multadd_v3_0_5_viv_HD606
INFO: [VRFC 10-311] analyzing module Mult_Add_Pipelined_COL_xbip_dsp48_multadd_v3_0_5_viv_HD613
INFO: [VRFC 10-311] analyzing module Mult_Add_Pipelined_COL_xbip_dsp48_multadd_v3_0_5_viv_HD620
INFO: [VRFC 10-311] analyzing module Mult_Add_Pipelined_COL_xbip_dsp48_multadd_v3_0_5_viv_HD627
INFO: [VRFC 10-311] analyzing module Mult_Add_Pipelined_COL_xbip_dsp48_multadd_v3_0_5_viv_HD634
INFO: [VRFC 10-311] analyzing module Mult_Add_Pipelined_COL_xbip_dsp48_multadd_v3_0_5_viv_HD641
INFO: [VRFC 10-311] analyzing module Mult_Add_Pipelined_COL_xbip_dsp48_multadd_v3_0_5_viv_HD648
INFO: [VRFC 10-311] analyzing module Mult_Add_Pipelined_COL_xbip_dsp48_multadd_v3_0_5_viv_HD655
INFO: [VRFC 10-311] analyzing module Mult_Add_Pipelined_COL_xbip_dsp48_multadd_v3_0_5_viv_HD662
INFO: [VRFC 10-311] analyzing module Mult_Add_Pipelined_COL_xbip_dsp48_multadd_v3_0_5_viv_HD669
INFO: [VRFC 10-311] analyzing module Mult_Add_Pipelined_COL_xbip_dsp48_multadd_v3_0_5_viv_HD676
INFO: [VRFC 10-311] analyzing module Mult_Add_Pipelined_COL_xbip_dsp48_multadd_v3_0_5_viv_HD683
INFO: [VRFC 10-311] analyzing module Mult_Add_Pipelined_COL_xbip_dsp48_multadd_v3_0_5_viv_HD690
INFO: [VRFC 10-311] analyzing module Mult_Add_Pipelined_COL_xbip_dsp48_multadd_v3_0_5_viv_HD697
INFO: [VRFC 10-311] analyzing module Mult_Add_Pipelined_COL_xbip_dsp48_multadd_v3_0_5_viv_HD704
INFO: [VRFC 10-311] analyzing module Mult_Add_Pipelined_COL_xbip_dsp48_multadd_v3_0_5_viv_HD711
INFO: [VRFC 10-311] analyzing module Mult_Add_Pipelined_COL_xbip_dsp48_multadd_v3_0_5_viv_HD718
INFO: [VRFC 10-311] analyzing module Mult_Add_Pipelined_COL_xbip_dsp48_multadd_v3_0_5_viv_HD725
INFO: [VRFC 10-311] analyzing module Mult_Add_Pipelined_COL_xbip_dsp48_multadd_v3_0_5_viv_HD732
INFO: [VRFC 10-311] analyzing module Mult_Add_Pipelined_COL_xbip_dsp48_multadd_v3_0_5_viv_HD739
INFO: [VRFC 10-311] analyzing module Mult_Add_Pipelined_COL_xbip_dsp48_multadd_v3_0_5_viv_HD746
INFO: [VRFC 10-311] analyzing module Mult_Add_Pipelined_COL_xbip_dsp48_multadd_v3_0_5_viv_HD753
INFO: [VRFC 10-311] analyzing module Mult_Add_Pipelined_COL_xbip_dsp48_multadd_v3_0_5_viv_HD760
INFO: [VRFC 10-311] analyzing module Mult_Add_Pipelined_COL_xbip_dsp48_multadd_v3_0_5_viv_HD767
INFO: [VRFC 10-311] analyzing module Mult_Add_Pipelined_COL_xbip_dsp48_multadd_v3_0_5_viv_HD774
INFO: [VRFC 10-311] analyzing module Mult_Add_Pipelined_COL_xbip_dsp48_multadd_v3_0_5_viv_HD781
INFO: [VRFC 10-311] analyzing module Mult_Add_Pipelined_COL_xbip_dsp48_multadd_v3_0_5_viv_HD788
INFO: [VRFC 10-311] analyzing module Mult_Add_Pipelined_COL_xbip_dsp48_multadd_v3_0_5_viv_HD795
INFO: [VRFC 10-311] analyzing module Mult_Add_Pipelined_COL_xbip_dsp48_multadd_v3_0_5_viv_HD802
INFO: [VRFC 10-311] analyzing module Mult_Add_Pipelined_COL_xbip_dsp48_multadd_v3_0_5_viv_HD809
INFO: [VRFC 10-311] analyzing module Mult_Add_Pipelined_COL_xbip_dsp48_multadd_v3_0_5_viv_HD816
INFO: [VRFC 10-311] analyzing module Mult_Add_Pipelined_COL_xbip_dsp48_multadd_v3_0_5_viv_HD823
INFO: [VRFC 10-311] analyzing module Mult_Add_Pipelined_COL_xbip_dsp48_multadd_v3_0_5_viv_HD830
INFO: [VRFC 10-311] analyzing module Mult_Add_Pipelined_COL_xbip_dsp48_multadd_v3_0_5_viv_HD837
INFO: [VRFC 10-311] analyzing module Mult_Add_Pipelined_COL_xbip_dsp48_multadd_v3_0_5_viv_HD844
INFO: [VRFC 10-311] analyzing module Mult_Add_Pipelined_COL_xbip_dsp48_multadd_v3_0_5_viv_HD851
INFO: [VRFC 10-311] analyzing module Mult_Add_Pipelined_COL_xbip_dsp48_multadd_v3_0_5_viv_HD858
INFO: [VRFC 10-311] analyzing module Mult_Add_Pipelined_COL_xbip_dsp48_multadd_v3_0_5_viv_HD865
INFO: [VRFC 10-311] analyzing module Mult_Add_Pipelined_COL_xbip_dsp48_multadd_v3_0_5_viv_HD872
INFO: [VRFC 10-311] analyzing module Mult_Add_Pipelined_COL_xbip_dsp48_multadd_v3_0_5_viv_HD879
INFO: [VRFC 10-311] analyzing module Mult_Add_Pipelined_COL_xbip_dsp48_multadd_v3_0_5_viv_HD886
INFO: [VRFC 10-311] analyzing module Mult_Add_Pipelined_COL_xbip_dsp48_multadd_v3_0_5_viv_HD893
INFO: [VRFC 10-311] analyzing module Mult_Add_Pipelined_COL_xbip_dsp48_multadd_v3_0_5_viv_HD900
INFO: [VRFC 10-311] analyzing module Mult_Add_Pipelined_COL_xbip_dsp48_multadd_v3_0_5_viv_HD907
INFO: [VRFC 10-311] analyzing module Mult_Add_Pipelined_COL_xbip_dsp48_multadd_v3_0_5_viv_HD914
INFO: [VRFC 10-311] analyzing module Mult_Add_Pipelined_COL_xbip_dsp48_multadd_v3_0_5_viv_HD921
INFO: [VRFC 10-311] analyzing module Mult_Add_Pipelined_COL_xbip_dsp48_multadd_v3_0_5_viv_HD928
INFO: [VRFC 10-311] analyzing module Mult_Add_Pipelined_COL_xbip_dsp48_multadd_v3_0_5_viv_HD935
INFO: [VRFC 10-311] analyzing module Mult_Add_Pipelined_COL_xbip_dsp48_multadd_v3_0_5_viv_HD942
INFO: [VRFC 10-311] analyzing module Mult_Add_Pipelined_COL_xbip_dsp48_multadd_v3_0_5_viv_HD949
INFO: [VRFC 10-311] analyzing module Mult_Add_Pipelined_COL_xbip_dsp48_multadd_v3_0_5_viv_HD956
INFO: [VRFC 10-311] analyzing module Mult_Add_Pipelined_COL_xbip_dsp48_multadd_v3_0_5_viv_HD963
INFO: [VRFC 10-311] analyzing module Mult_Add_Pipelined_COL_xbip_dsp48_multadd_v3_0_5_viv_HD970
INFO: [VRFC 10-311] analyzing module Mult_Add_Pipelined_COL_xbip_dsp48_multadd_v3_0_5_viv_HD977
INFO: [VRFC 10-311] analyzing module Mult_Add_Pipelined_COL_xbip_dsp48_multadd_v3_0_5_viv_HD984
INFO: [VRFC 10-311] analyzing module Mult_Add_Pipelined_COL_xbip_dsp48_multadd_v3_0_5_viv_HD991
INFO: [VRFC 10-311] analyzing module Mult_Add_Pipelined_COL_xbip_dsp48_multadd_v3_0_5_viv_HD998
INFO: [VRFC 10-311] analyzing module Mult_Add_Pipelined_COL_xbip_dsp48e1_wrapper_v3_0
INFO: [VRFC 10-311] analyzing module Mult_Add_Pipelined_COL_xbip_dsp48e1_wrapper_v3_0_HD1000
INFO: [VRFC 10-311] analyzing module Mult_Add_Pipelined_COL_xbip_dsp48e1_wrapper_v3_0_HD1007
INFO: [VRFC 10-311] analyzing module Mult_Add_Pipelined_COL_xbip_dsp48e1_wrapper_v3_0_HD1014
INFO: [VRFC 10-311] analyzing module Mult_Add_Pipelined_COL_xbip_dsp48e1_wrapper_v3_0_HD1021
INFO: [VRFC 10-311] analyzing module Mult_Add_Pipelined_COL_xbip_dsp48e1_wrapper_v3_0_HD1028
INFO: [VRFC 10-311] analyzing module Mult_Add_Pipelined_COL_xbip_dsp48e1_wrapper_v3_0_HD1035
INFO: [VRFC 10-311] analyzing module Mult_Add_Pipelined_COL_xbip_dsp48e1_wrapper_v3_0_HD1042
INFO: [VRFC 10-311] analyzing module Mult_Add_Pipelined_COL_xbip_dsp48e1_wrapper_v3_0_HD1049
INFO: [VRFC 10-311] analyzing module Mult_Add_Pipelined_COL_xbip_dsp48e1_wrapper_v3_0_HD1056
INFO: [VRFC 10-311] analyzing module Mult_Add_Pipelined_COL_xbip_dsp48e1_wrapper_v3_0_HD314
INFO: [VRFC 10-311] analyzing module Mult_Add_Pipelined_COL_xbip_dsp48e1_wrapper_v3_0_HD321
INFO: [VRFC 10-311] analyzing module Mult_Add_Pipelined_COL_xbip_dsp48e1_wrapper_v3_0_HD328
INFO: [VRFC 10-311] analyzing module Mult_Add_Pipelined_COL_xbip_dsp48e1_wrapper_v3_0_HD335
INFO: [VRFC 10-311] analyzing module Mult_Add_Pipelined_COL_xbip_dsp48e1_wrapper_v3_0_HD342
INFO: [VRFC 10-311] analyzing module Mult_Add_Pipelined_COL_xbip_dsp48e1_wrapper_v3_0_HD349
INFO: [VRFC 10-311] analyzing module Mult_Add_Pipelined_COL_xbip_dsp48e1_wrapper_v3_0_HD356
INFO: [VRFC 10-311] analyzing module Mult_Add_Pipelined_COL_xbip_dsp48e1_wrapper_v3_0_HD363
INFO: [VRFC 10-311] analyzing module Mult_Add_Pipelined_COL_xbip_dsp48e1_wrapper_v3_0_HD370
INFO: [VRFC 10-311] analyzing module Mult_Add_Pipelined_COL_xbip_dsp48e1_wrapper_v3_0_HD377
INFO: [VRFC 10-311] analyzing module Mult_Add_Pipelined_COL_xbip_dsp48e1_wrapper_v3_0_HD384
INFO: [VRFC 10-311] analyzing module Mult_Add_Pipelined_COL_xbip_dsp48e1_wrapper_v3_0_HD391
INFO: [VRFC 10-311] analyzing module Mult_Add_Pipelined_COL_xbip_dsp48e1_wrapper_v3_0_HD398
INFO: [VRFC 10-311] analyzing module Mult_Add_Pipelined_COL_xbip_dsp48e1_wrapper_v3_0_HD405
INFO: [VRFC 10-311] analyzing module Mult_Add_Pipelined_COL_xbip_dsp48e1_wrapper_v3_0_HD412
INFO: [VRFC 10-311] analyzing module Mult_Add_Pipelined_COL_xbip_dsp48e1_wrapper_v3_0_HD419
INFO: [VRFC 10-311] analyzing module Mult_Add_Pipelined_COL_xbip_dsp48e1_wrapper_v3_0_HD426
INFO: [VRFC 10-311] analyzing module Mult_Add_Pipelined_COL_xbip_dsp48e1_wrapper_v3_0_HD433
INFO: [VRFC 10-311] analyzing module Mult_Add_Pipelined_COL_xbip_dsp48e1_wrapper_v3_0_HD440
INFO: [VRFC 10-311] analyzing module Mult_Add_Pipelined_COL_xbip_dsp48e1_wrapper_v3_0_HD447
INFO: [VRFC 10-311] analyzing module Mult_Add_Pipelined_COL_xbip_dsp48e1_wrapper_v3_0_HD454
INFO: [VRFC 10-311] analyzing module Mult_Add_Pipelined_COL_xbip_dsp48e1_wrapper_v3_0_HD461
INFO: [VRFC 10-311] analyzing module Mult_Add_Pipelined_COL_xbip_dsp48e1_wrapper_v3_0_HD468
INFO: [VRFC 10-311] analyzing module Mult_Add_Pipelined_COL_xbip_dsp48e1_wrapper_v3_0_HD475
INFO: [VRFC 10-311] analyzing module Mult_Add_Pipelined_COL_xbip_dsp48e1_wrapper_v3_0_HD482
INFO: [VRFC 10-311] analyzing module Mult_Add_Pipelined_COL_xbip_dsp48e1_wrapper_v3_0_HD489
INFO: [VRFC 10-311] analyzing module Mult_Add_Pipelined_COL_xbip_dsp48e1_wrapper_v3_0_HD496
INFO: [VRFC 10-311] analyzing module Mult_Add_Pipelined_COL_xbip_dsp48e1_wrapper_v3_0_HD503
INFO: [VRFC 10-311] analyzing module Mult_Add_Pipelined_COL_xbip_dsp48e1_wrapper_v3_0_HD510
INFO: [VRFC 10-311] analyzing module Mult_Add_Pipelined_COL_xbip_dsp48e1_wrapper_v3_0_HD517
INFO: [VRFC 10-311] analyzing module Mult_Add_Pipelined_COL_xbip_dsp48e1_wrapper_v3_0_HD524
INFO: [VRFC 10-311] analyzing module Mult_Add_Pipelined_COL_xbip_dsp48e1_wrapper_v3_0_HD531
INFO: [VRFC 10-311] analyzing module Mult_Add_Pipelined_COL_xbip_dsp48e1_wrapper_v3_0_HD538
INFO: [VRFC 10-311] analyzing module Mult_Add_Pipelined_COL_xbip_dsp48e1_wrapper_v3_0_HD545
INFO: [VRFC 10-311] analyzing module Mult_Add_Pipelined_COL_xbip_dsp48e1_wrapper_v3_0_HD552
INFO: [VRFC 10-311] analyzing module Mult_Add_Pipelined_COL_xbip_dsp48e1_wrapper_v3_0_HD559
INFO: [VRFC 10-311] analyzing module Mult_Add_Pipelined_COL_xbip_dsp48e1_wrapper_v3_0_HD566
INFO: [VRFC 10-311] analyzing module Mult_Add_Pipelined_COL_xbip_dsp48e1_wrapper_v3_0_HD573
INFO: [VRFC 10-311] analyzing module Mult_Add_Pipelined_COL_xbip_dsp48e1_wrapper_v3_0_HD580
INFO: [VRFC 10-311] analyzing module Mult_Add_Pipelined_COL_xbip_dsp48e1_wrapper_v3_0_HD587
INFO: [VRFC 10-311] analyzing module Mult_Add_Pipelined_COL_xbip_dsp48e1_wrapper_v3_0_HD594
INFO: [VRFC 10-311] analyzing module Mult_Add_Pipelined_COL_xbip_dsp48e1_wrapper_v3_0_HD601
INFO: [VRFC 10-311] analyzing module Mult_Add_Pipelined_COL_xbip_dsp48e1_wrapper_v3_0_HD608
INFO: [VRFC 10-311] analyzing module Mult_Add_Pipelined_COL_xbip_dsp48e1_wrapper_v3_0_HD615
INFO: [VRFC 10-311] analyzing module Mult_Add_Pipelined_COL_xbip_dsp48e1_wrapper_v3_0_HD622
INFO: [VRFC 10-311] analyzing module Mult_Add_Pipelined_COL_xbip_dsp48e1_wrapper_v3_0_HD629
INFO: [VRFC 10-311] analyzing module Mult_Add_Pipelined_COL_xbip_dsp48e1_wrapper_v3_0_HD636
INFO: [VRFC 10-311] analyzing module Mult_Add_Pipelined_COL_xbip_dsp48e1_wrapper_v3_0_HD643
INFO: [VRFC 10-311] analyzing module Mult_Add_Pipelined_COL_xbip_dsp48e1_wrapper_v3_0_HD650
INFO: [VRFC 10-311] analyzing module Mult_Add_Pipelined_COL_xbip_dsp48e1_wrapper_v3_0_HD657
INFO: [VRFC 10-311] analyzing module Mult_Add_Pipelined_COL_xbip_dsp48e1_wrapper_v3_0_HD664
INFO: [VRFC 10-311] analyzing module Mult_Add_Pipelined_COL_xbip_dsp48e1_wrapper_v3_0_HD671
INFO: [VRFC 10-311] analyzing module Mult_Add_Pipelined_COL_xbip_dsp48e1_wrapper_v3_0_HD678
INFO: [VRFC 10-311] analyzing module Mult_Add_Pipelined_COL_xbip_dsp48e1_wrapper_v3_0_HD685
INFO: [VRFC 10-311] analyzing module Mult_Add_Pipelined_COL_xbip_dsp48e1_wrapper_v3_0_HD692
INFO: [VRFC 10-311] analyzing module Mult_Add_Pipelined_COL_xbip_dsp48e1_wrapper_v3_0_HD699
INFO: [VRFC 10-311] analyzing module Mult_Add_Pipelined_COL_xbip_dsp48e1_wrapper_v3_0_HD706
INFO: [VRFC 10-311] analyzing module Mult_Add_Pipelined_COL_xbip_dsp48e1_wrapper_v3_0_HD713
INFO: [VRFC 10-311] analyzing module Mult_Add_Pipelined_COL_xbip_dsp48e1_wrapper_v3_0_HD720
INFO: [VRFC 10-311] analyzing module Mult_Add_Pipelined_COL_xbip_dsp48e1_wrapper_v3_0_HD727
INFO: [VRFC 10-311] analyzing module Mult_Add_Pipelined_COL_xbip_dsp48e1_wrapper_v3_0_HD734
INFO: [VRFC 10-311] analyzing module Mult_Add_Pipelined_COL_xbip_dsp48e1_wrapper_v3_0_HD741
INFO: [VRFC 10-311] analyzing module Mult_Add_Pipelined_COL_xbip_dsp48e1_wrapper_v3_0_HD748
INFO: [VRFC 10-311] analyzing module Mult_Add_Pipelined_COL_xbip_dsp48e1_wrapper_v3_0_HD755
INFO: [VRFC 10-311] analyzing module Mult_Add_Pipelined_COL_xbip_dsp48e1_wrapper_v3_0_HD762
INFO: [VRFC 10-311] analyzing module Mult_Add_Pipelined_COL_xbip_dsp48e1_wrapper_v3_0_HD769
INFO: [VRFC 10-311] analyzing module Mult_Add_Pipelined_COL_xbip_dsp48e1_wrapper_v3_0_HD776
INFO: [VRFC 10-311] analyzing module Mult_Add_Pipelined_COL_xbip_dsp48e1_wrapper_v3_0_HD783
INFO: [VRFC 10-311] analyzing module Mult_Add_Pipelined_COL_xbip_dsp48e1_wrapper_v3_0_HD790
INFO: [VRFC 10-311] analyzing module Mult_Add_Pipelined_COL_xbip_dsp48e1_wrapper_v3_0_HD797
INFO: [VRFC 10-311] analyzing module Mult_Add_Pipelined_COL_xbip_dsp48e1_wrapper_v3_0_HD804
INFO: [VRFC 10-311] analyzing module Mult_Add_Pipelined_COL_xbip_dsp48e1_wrapper_v3_0_HD811
INFO: [VRFC 10-311] analyzing module Mult_Add_Pipelined_COL_xbip_dsp48e1_wrapper_v3_0_HD818
INFO: [VRFC 10-311] analyzing module Mult_Add_Pipelined_COL_xbip_dsp48e1_wrapper_v3_0_HD825
INFO: [VRFC 10-311] analyzing module Mult_Add_Pipelined_COL_xbip_dsp48e1_wrapper_v3_0_HD832
INFO: [VRFC 10-311] analyzing module Mult_Add_Pipelined_COL_xbip_dsp48e1_wrapper_v3_0_HD839
INFO: [VRFC 10-311] analyzing module Mult_Add_Pipelined_COL_xbip_dsp48e1_wrapper_v3_0_HD846
INFO: [VRFC 10-311] analyzing module Mult_Add_Pipelined_COL_xbip_dsp48e1_wrapper_v3_0_HD853
INFO: [VRFC 10-311] analyzing module Mult_Add_Pipelined_COL_xbip_dsp48e1_wrapper_v3_0_HD860
INFO: [VRFC 10-311] analyzing module Mult_Add_Pipelined_COL_xbip_dsp48e1_wrapper_v3_0_HD867
INFO: [VRFC 10-311] analyzing module Mult_Add_Pipelined_COL_xbip_dsp48e1_wrapper_v3_0_HD874
INFO: [VRFC 10-311] analyzing module Mult_Add_Pipelined_COL_xbip_dsp48e1_wrapper_v3_0_HD881
INFO: [VRFC 10-311] analyzing module Mult_Add_Pipelined_COL_xbip_dsp48e1_wrapper_v3_0_HD888
INFO: [VRFC 10-311] analyzing module Mult_Add_Pipelined_COL_xbip_dsp48e1_wrapper_v3_0_HD895
INFO: [VRFC 10-311] analyzing module Mult_Add_Pipelined_COL_xbip_dsp48e1_wrapper_v3_0_HD902
INFO: [VRFC 10-311] analyzing module Mult_Add_Pipelined_COL_xbip_dsp48e1_wrapper_v3_0_HD909
INFO: [VRFC 10-311] analyzing module Mult_Add_Pipelined_COL_xbip_dsp48e1_wrapper_v3_0_HD916
INFO: [VRFC 10-311] analyzing module Mult_Add_Pipelined_COL_xbip_dsp48e1_wrapper_v3_0_HD923
INFO: [VRFC 10-311] analyzing module Mult_Add_Pipelined_COL_xbip_dsp48e1_wrapper_v3_0_HD930
INFO: [VRFC 10-311] analyzing module Mult_Add_Pipelined_COL_xbip_dsp48e1_wrapper_v3_0_HD937
INFO: [VRFC 10-311] analyzing module Mult_Add_Pipelined_COL_xbip_dsp48e1_wrapper_v3_0_HD944
INFO: [VRFC 10-311] analyzing module Mult_Add_Pipelined_COL_xbip_dsp48e1_wrapper_v3_0_HD951
INFO: [VRFC 10-311] analyzing module Mult_Add_Pipelined_COL_xbip_dsp48e1_wrapper_v3_0_HD958
INFO: [VRFC 10-311] analyzing module Mult_Add_Pipelined_COL_xbip_dsp48e1_wrapper_v3_0_HD965
INFO: [VRFC 10-311] analyzing module Mult_Add_Pipelined_COL_xbip_dsp48e1_wrapper_v3_0_HD972
INFO: [VRFC 10-311] analyzing module Mult_Add_Pipelined_COL_xbip_dsp48e1_wrapper_v3_0_HD979
INFO: [VRFC 10-311] analyzing module Mult_Add_Pipelined_COL_xbip_dsp48e1_wrapper_v3_0_HD986
INFO: [VRFC 10-311] analyzing module Mult_Add_Pipelined_COL_xbip_dsp48e1_wrapper_v3_0_HD993
INFO: [VRFC 10-311] analyzing module Mult_Add_Pipelined_COL_xbip_multadd_v3_0_13_viv
INFO: [VRFC 10-311] analyzing module Mult_Add_Pipelined_COL_xbip_multadd_v3_0_13_viv_HD1003
INFO: [VRFC 10-311] analyzing module Mult_Add_Pipelined_COL_xbip_multadd_v3_0_13_viv_HD1010
INFO: [VRFC 10-311] analyzing module Mult_Add_Pipelined_COL_xbip_multadd_v3_0_13_viv_HD1017
INFO: [VRFC 10-311] analyzing module Mult_Add_Pipelined_COL_xbip_multadd_v3_0_13_viv_HD1024
INFO: [VRFC 10-311] analyzing module Mult_Add_Pipelined_COL_xbip_multadd_v3_0_13_viv_HD1031
INFO: [VRFC 10-311] analyzing module Mult_Add_Pipelined_COL_xbip_multadd_v3_0_13_viv_HD1038
INFO: [VRFC 10-311] analyzing module Mult_Add_Pipelined_COL_xbip_multadd_v3_0_13_viv_HD1045
INFO: [VRFC 10-311] analyzing module Mult_Add_Pipelined_COL_xbip_multadd_v3_0_13_viv_HD1052
INFO: [VRFC 10-311] analyzing module Mult_Add_Pipelined_COL_xbip_multadd_v3_0_13_viv_HD310
INFO: [VRFC 10-311] analyzing module Mult_Add_Pipelined_COL_xbip_multadd_v3_0_13_viv_HD317
INFO: [VRFC 10-311] analyzing module Mult_Add_Pipelined_COL_xbip_multadd_v3_0_13_viv_HD324
INFO: [VRFC 10-311] analyzing module Mult_Add_Pipelined_COL_xbip_multadd_v3_0_13_viv_HD331
INFO: [VRFC 10-311] analyzing module Mult_Add_Pipelined_COL_xbip_multadd_v3_0_13_viv_HD338
INFO: [VRFC 10-311] analyzing module Mult_Add_Pipelined_COL_xbip_multadd_v3_0_13_viv_HD345
INFO: [VRFC 10-311] analyzing module Mult_Add_Pipelined_COL_xbip_multadd_v3_0_13_viv_HD352
INFO: [VRFC 10-311] analyzing module Mult_Add_Pipelined_COL_xbip_multadd_v3_0_13_viv_HD359
INFO: [VRFC 10-311] analyzing module Mult_Add_Pipelined_COL_xbip_multadd_v3_0_13_viv_HD366
INFO: [VRFC 10-311] analyzing module Mult_Add_Pipelined_COL_xbip_multadd_v3_0_13_viv_HD373
INFO: [VRFC 10-311] analyzing module Mult_Add_Pipelined_COL_xbip_multadd_v3_0_13_viv_HD380
INFO: [VRFC 10-311] analyzing module Mult_Add_Pipelined_COL_xbip_multadd_v3_0_13_viv_HD387
INFO: [VRFC 10-311] analyzing module Mult_Add_Pipelined_COL_xbip_multadd_v3_0_13_viv_HD394
INFO: [VRFC 10-311] analyzing module Mult_Add_Pipelined_COL_xbip_multadd_v3_0_13_viv_HD401
INFO: [VRFC 10-311] analyzing module Mult_Add_Pipelined_COL_xbip_multadd_v3_0_13_viv_HD408
INFO: [VRFC 10-311] analyzing module Mult_Add_Pipelined_COL_xbip_multadd_v3_0_13_viv_HD415
INFO: [VRFC 10-311] analyzing module Mult_Add_Pipelined_COL_xbip_multadd_v3_0_13_viv_HD422
INFO: [VRFC 10-311] analyzing module Mult_Add_Pipelined_COL_xbip_multadd_v3_0_13_viv_HD429
INFO: [VRFC 10-311] analyzing module Mult_Add_Pipelined_COL_xbip_multadd_v3_0_13_viv_HD436
INFO: [VRFC 10-311] analyzing module Mult_Add_Pipelined_COL_xbip_multadd_v3_0_13_viv_HD443
INFO: [VRFC 10-311] analyzing module Mult_Add_Pipelined_COL_xbip_multadd_v3_0_13_viv_HD450
INFO: [VRFC 10-311] analyzing module Mult_Add_Pipelined_COL_xbip_multadd_v3_0_13_viv_HD457
INFO: [VRFC 10-311] analyzing module Mult_Add_Pipelined_COL_xbip_multadd_v3_0_13_viv_HD464
INFO: [VRFC 10-311] analyzing module Mult_Add_Pipelined_COL_xbip_multadd_v3_0_13_viv_HD471
INFO: [VRFC 10-311] analyzing module Mult_Add_Pipelined_COL_xbip_multadd_v3_0_13_viv_HD478
INFO: [VRFC 10-311] analyzing module Mult_Add_Pipelined_COL_xbip_multadd_v3_0_13_viv_HD485
INFO: [VRFC 10-311] analyzing module Mult_Add_Pipelined_COL_xbip_multadd_v3_0_13_viv_HD492
INFO: [VRFC 10-311] analyzing module Mult_Add_Pipelined_COL_xbip_multadd_v3_0_13_viv_HD499
INFO: [VRFC 10-311] analyzing module Mult_Add_Pipelined_COL_xbip_multadd_v3_0_13_viv_HD506
INFO: [VRFC 10-311] analyzing module Mult_Add_Pipelined_COL_xbip_multadd_v3_0_13_viv_HD513
INFO: [VRFC 10-311] analyzing module Mult_Add_Pipelined_COL_xbip_multadd_v3_0_13_viv_HD520
INFO: [VRFC 10-311] analyzing module Mult_Add_Pipelined_COL_xbip_multadd_v3_0_13_viv_HD527
INFO: [VRFC 10-311] analyzing module Mult_Add_Pipelined_COL_xbip_multadd_v3_0_13_viv_HD534
INFO: [VRFC 10-311] analyzing module Mult_Add_Pipelined_COL_xbip_multadd_v3_0_13_viv_HD541
INFO: [VRFC 10-311] analyzing module Mult_Add_Pipelined_COL_xbip_multadd_v3_0_13_viv_HD548
INFO: [VRFC 10-311] analyzing module Mult_Add_Pipelined_COL_xbip_multadd_v3_0_13_viv_HD555
INFO: [VRFC 10-311] analyzing module Mult_Add_Pipelined_COL_xbip_multadd_v3_0_13_viv_HD562
INFO: [VRFC 10-311] analyzing module Mult_Add_Pipelined_COL_xbip_multadd_v3_0_13_viv_HD569
INFO: [VRFC 10-311] analyzing module Mult_Add_Pipelined_COL_xbip_multadd_v3_0_13_viv_HD576
INFO: [VRFC 10-311] analyzing module Mult_Add_Pipelined_COL_xbip_multadd_v3_0_13_viv_HD583
INFO: [VRFC 10-311] analyzing module Mult_Add_Pipelined_COL_xbip_multadd_v3_0_13_viv_HD590
INFO: [VRFC 10-311] analyzing module Mult_Add_Pipelined_COL_xbip_multadd_v3_0_13_viv_HD597
INFO: [VRFC 10-311] analyzing module Mult_Add_Pipelined_COL_xbip_multadd_v3_0_13_viv_HD604
INFO: [VRFC 10-311] analyzing module Mult_Add_Pipelined_COL_xbip_multadd_v3_0_13_viv_HD611
INFO: [VRFC 10-311] analyzing module Mult_Add_Pipelined_COL_xbip_multadd_v3_0_13_viv_HD618
INFO: [VRFC 10-311] analyzing module Mult_Add_Pipelined_COL_xbip_multadd_v3_0_13_viv_HD625
INFO: [VRFC 10-311] analyzing module Mult_Add_Pipelined_COL_xbip_multadd_v3_0_13_viv_HD632
INFO: [VRFC 10-311] analyzing module Mult_Add_Pipelined_COL_xbip_multadd_v3_0_13_viv_HD639
INFO: [VRFC 10-311] analyzing module Mult_Add_Pipelined_COL_xbip_multadd_v3_0_13_viv_HD646
INFO: [VRFC 10-311] analyzing module Mult_Add_Pipelined_COL_xbip_multadd_v3_0_13_viv_HD653
INFO: [VRFC 10-311] analyzing module Mult_Add_Pipelined_COL_xbip_multadd_v3_0_13_viv_HD660
INFO: [VRFC 10-311] analyzing module Mult_Add_Pipelined_COL_xbip_multadd_v3_0_13_viv_HD667
INFO: [VRFC 10-311] analyzing module Mult_Add_Pipelined_COL_xbip_multadd_v3_0_13_viv_HD674
INFO: [VRFC 10-311] analyzing module Mult_Add_Pipelined_COL_xbip_multadd_v3_0_13_viv_HD681
INFO: [VRFC 10-311] analyzing module Mult_Add_Pipelined_COL_xbip_multadd_v3_0_13_viv_HD688
INFO: [VRFC 10-311] analyzing module Mult_Add_Pipelined_COL_xbip_multadd_v3_0_13_viv_HD695
INFO: [VRFC 10-311] analyzing module Mult_Add_Pipelined_COL_xbip_multadd_v3_0_13_viv_HD702
INFO: [VRFC 10-311] analyzing module Mult_Add_Pipelined_COL_xbip_multadd_v3_0_13_viv_HD709
INFO: [VRFC 10-311] analyzing module Mult_Add_Pipelined_COL_xbip_multadd_v3_0_13_viv_HD716
INFO: [VRFC 10-311] analyzing module Mult_Add_Pipelined_COL_xbip_multadd_v3_0_13_viv_HD723
INFO: [VRFC 10-311] analyzing module Mult_Add_Pipelined_COL_xbip_multadd_v3_0_13_viv_HD730
INFO: [VRFC 10-311] analyzing module Mult_Add_Pipelined_COL_xbip_multadd_v3_0_13_viv_HD737
INFO: [VRFC 10-311] analyzing module Mult_Add_Pipelined_COL_xbip_multadd_v3_0_13_viv_HD744
INFO: [VRFC 10-311] analyzing module Mult_Add_Pipelined_COL_xbip_multadd_v3_0_13_viv_HD751
INFO: [VRFC 10-311] analyzing module Mult_Add_Pipelined_COL_xbip_multadd_v3_0_13_viv_HD758
INFO: [VRFC 10-311] analyzing module Mult_Add_Pipelined_COL_xbip_multadd_v3_0_13_viv_HD765
INFO: [VRFC 10-311] analyzing module Mult_Add_Pipelined_COL_xbip_multadd_v3_0_13_viv_HD772
INFO: [VRFC 10-311] analyzing module Mult_Add_Pipelined_COL_xbip_multadd_v3_0_13_viv_HD779
INFO: [VRFC 10-311] analyzing module Mult_Add_Pipelined_COL_xbip_multadd_v3_0_13_viv_HD786
INFO: [VRFC 10-311] analyzing module Mult_Add_Pipelined_COL_xbip_multadd_v3_0_13_viv_HD793
INFO: [VRFC 10-311] analyzing module Mult_Add_Pipelined_COL_xbip_multadd_v3_0_13_viv_HD800
INFO: [VRFC 10-311] analyzing module Mult_Add_Pipelined_COL_xbip_multadd_v3_0_13_viv_HD807
INFO: [VRFC 10-311] analyzing module Mult_Add_Pipelined_COL_xbip_multadd_v3_0_13_viv_HD814
INFO: [VRFC 10-311] analyzing module Mult_Add_Pipelined_COL_xbip_multadd_v3_0_13_viv_HD821
INFO: [VRFC 10-311] analyzing module Mult_Add_Pipelined_COL_xbip_multadd_v3_0_13_viv_HD828
INFO: [VRFC 10-311] analyzing module Mult_Add_Pipelined_COL_xbip_multadd_v3_0_13_viv_HD835
INFO: [VRFC 10-311] analyzing module Mult_Add_Pipelined_COL_xbip_multadd_v3_0_13_viv_HD842
INFO: [VRFC 10-311] analyzing module Mult_Add_Pipelined_COL_xbip_multadd_v3_0_13_viv_HD849
INFO: [VRFC 10-311] analyzing module Mult_Add_Pipelined_COL_xbip_multadd_v3_0_13_viv_HD856
INFO: [VRFC 10-311] analyzing module Mult_Add_Pipelined_COL_xbip_multadd_v3_0_13_viv_HD863
INFO: [VRFC 10-311] analyzing module Mult_Add_Pipelined_COL_xbip_multadd_v3_0_13_viv_HD870
INFO: [VRFC 10-311] analyzing module Mult_Add_Pipelined_COL_xbip_multadd_v3_0_13_viv_HD877
INFO: [VRFC 10-311] analyzing module Mult_Add_Pipelined_COL_xbip_multadd_v3_0_13_viv_HD884
INFO: [VRFC 10-311] analyzing module Mult_Add_Pipelined_COL_xbip_multadd_v3_0_13_viv_HD891
INFO: [VRFC 10-311] analyzing module Mult_Add_Pipelined_COL_xbip_multadd_v3_0_13_viv_HD898
INFO: [VRFC 10-311] analyzing module Mult_Add_Pipelined_COL_xbip_multadd_v3_0_13_viv_HD905
INFO: [VRFC 10-311] analyzing module Mult_Add_Pipelined_COL_xbip_multadd_v3_0_13_viv_HD912
INFO: [VRFC 10-311] analyzing module Mult_Add_Pipelined_COL_xbip_multadd_v3_0_13_viv_HD919
INFO: [VRFC 10-311] analyzing module Mult_Add_Pipelined_COL_xbip_multadd_v3_0_13_viv_HD926
INFO: [VRFC 10-311] analyzing module Mult_Add_Pipelined_COL_xbip_multadd_v3_0_13_viv_HD933
INFO: [VRFC 10-311] analyzing module Mult_Add_Pipelined_COL_xbip_multadd_v3_0_13_viv_HD940
INFO: [VRFC 10-311] analyzing module Mult_Add_Pipelined_COL_xbip_multadd_v3_0_13_viv_HD947
INFO: [VRFC 10-311] analyzing module Mult_Add_Pipelined_COL_xbip_multadd_v3_0_13_viv_HD954
INFO: [VRFC 10-311] analyzing module Mult_Add_Pipelined_COL_xbip_multadd_v3_0_13_viv_HD961
INFO: [VRFC 10-311] analyzing module Mult_Add_Pipelined_COL_xbip_multadd_v3_0_13_viv_HD968
INFO: [VRFC 10-311] analyzing module Mult_Add_Pipelined_COL_xbip_multadd_v3_0_13_viv_HD975
INFO: [VRFC 10-311] analyzing module Mult_Add_Pipelined_COL_xbip_multadd_v3_0_13_viv_HD982
INFO: [VRFC 10-311] analyzing module Mult_Add_Pipelined_COL_xbip_multadd_v3_0_13_viv_HD989
INFO: [VRFC 10-311] analyzing module Mult_Add_Pipelined_COL_xbip_multadd_v3_0_13_viv_HD996
INFO: [VRFC 10-311] analyzing module Mult_Add_Pipelined_NC_multadd_dsp
INFO: [VRFC 10-311] analyzing module Mult_Add_Pipelined_NC_multadd_dsp_HD106
INFO: [VRFC 10-311] analyzing module Mult_Add_Pipelined_NC_multadd_dsp_HD113
INFO: [VRFC 10-311] analyzing module Mult_Add_Pipelined_NC_multadd_dsp_HD120
INFO: [VRFC 10-311] analyzing module Mult_Add_Pipelined_NC_multadd_dsp_HD127
INFO: [VRFC 10-311] analyzing module Mult_Add_Pipelined_NC_multadd_dsp_HD134
INFO: [VRFC 10-311] analyzing module Mult_Add_Pipelined_NC_multadd_dsp_HD141
INFO: [VRFC 10-311] analyzing module Mult_Add_Pipelined_NC_multadd_dsp_HD148
INFO: [VRFC 10-311] analyzing module Mult_Add_Pipelined_NC_multadd_dsp_HD155
INFO: [VRFC 10-311] analyzing module Mult_Add_Pipelined_NC_multadd_dsp_HD162
INFO: [VRFC 10-311] analyzing module Mult_Add_Pipelined_NC_multadd_dsp_HD169
INFO: [VRFC 10-311] analyzing module Mult_Add_Pipelined_NC_multadd_dsp_HD176
INFO: [VRFC 10-311] analyzing module Mult_Add_Pipelined_NC_multadd_dsp_HD183
INFO: [VRFC 10-311] analyzing module Mult_Add_Pipelined_NC_multadd_dsp_HD190
INFO: [VRFC 10-311] analyzing module Mult_Add_Pipelined_NC_multadd_dsp_HD197
INFO: [VRFC 10-311] analyzing module Mult_Add_Pipelined_NC_multadd_dsp_HD29
INFO: [VRFC 10-311] analyzing module Mult_Add_Pipelined_NC_multadd_dsp_HD36
INFO: [VRFC 10-311] analyzing module Mult_Add_Pipelined_NC_multadd_dsp_HD43
INFO: [VRFC 10-311] analyzing module Mult_Add_Pipelined_NC_multadd_dsp_HD50
INFO: [VRFC 10-311] analyzing module Mult_Add_Pipelined_NC_multadd_dsp_HD57
INFO: [VRFC 10-311] analyzing module Mult_Add_Pipelined_NC_multadd_dsp_HD64
INFO: [VRFC 10-311] analyzing module Mult_Add_Pipelined_NC_multadd_dsp_HD71
INFO: [VRFC 10-311] analyzing module Mult_Add_Pipelined_NC_multadd_dsp_HD78
INFO: [VRFC 10-311] analyzing module Mult_Add_Pipelined_NC_multadd_dsp_HD85
INFO: [VRFC 10-311] analyzing module Mult_Add_Pipelined_NC_multadd_dsp_HD92
INFO: [VRFC 10-311] analyzing module Mult_Add_Pipelined_NC_multadd_dsp_HD99
INFO: [VRFC 10-311] analyzing module Mult_Add_Pipelined_NC_xbip_dsp48_multadd_synth
INFO: [VRFC 10-311] analyzing module Mult_Add_Pipelined_NC_xbip_dsp48_multadd_synth_HD101
INFO: [VRFC 10-311] analyzing module Mult_Add_Pipelined_NC_xbip_dsp48_multadd_synth_HD108
INFO: [VRFC 10-311] analyzing module Mult_Add_Pipelined_NC_xbip_dsp48_multadd_synth_HD115
INFO: [VRFC 10-311] analyzing module Mult_Add_Pipelined_NC_xbip_dsp48_multadd_synth_HD122
INFO: [VRFC 10-311] analyzing module Mult_Add_Pipelined_NC_xbip_dsp48_multadd_synth_HD129
INFO: [VRFC 10-311] analyzing module Mult_Add_Pipelined_NC_xbip_dsp48_multadd_synth_HD136
INFO: [VRFC 10-311] analyzing module Mult_Add_Pipelined_NC_xbip_dsp48_multadd_synth_HD143
INFO: [VRFC 10-311] analyzing module Mult_Add_Pipelined_NC_xbip_dsp48_multadd_synth_HD150
INFO: [VRFC 10-311] analyzing module Mult_Add_Pipelined_NC_xbip_dsp48_multadd_synth_HD157
INFO: [VRFC 10-311] analyzing module Mult_Add_Pipelined_NC_xbip_dsp48_multadd_synth_HD164
INFO: [VRFC 10-311] analyzing module Mult_Add_Pipelined_NC_xbip_dsp48_multadd_synth_HD171
INFO: [VRFC 10-311] analyzing module Mult_Add_Pipelined_NC_xbip_dsp48_multadd_synth_HD178
INFO: [VRFC 10-311] analyzing module Mult_Add_Pipelined_NC_xbip_dsp48_multadd_synth_HD185
INFO: [VRFC 10-311] analyzing module Mult_Add_Pipelined_NC_xbip_dsp48_multadd_synth_HD192
INFO: [VRFC 10-311] analyzing module Mult_Add_Pipelined_NC_xbip_dsp48_multadd_synth_HD199
INFO: [VRFC 10-311] analyzing module Mult_Add_Pipelined_NC_xbip_dsp48_multadd_synth_HD31
INFO: [VRFC 10-311] analyzing module Mult_Add_Pipelined_NC_xbip_dsp48_multadd_synth_HD38
INFO: [VRFC 10-311] analyzing module Mult_Add_Pipelined_NC_xbip_dsp48_multadd_synth_HD45
INFO: [VRFC 10-311] analyzing module Mult_Add_Pipelined_NC_xbip_dsp48_multadd_synth_HD52
INFO: [VRFC 10-311] analyzing module Mult_Add_Pipelined_NC_xbip_dsp48_multadd_synth_HD59
INFO: [VRFC 10-311] analyzing module Mult_Add_Pipelined_NC_xbip_dsp48_multadd_synth_HD66
INFO: [VRFC 10-311] analyzing module Mult_Add_Pipelined_NC_xbip_dsp48_multadd_synth_HD73
INFO: [VRFC 10-311] analyzing module Mult_Add_Pipelined_NC_xbip_dsp48_multadd_synth_HD80
INFO: [VRFC 10-311] analyzing module Mult_Add_Pipelined_NC_xbip_dsp48_multadd_synth_HD87
INFO: [VRFC 10-311] analyzing module Mult_Add_Pipelined_NC_xbip_dsp48_multadd_synth_HD94
INFO: [VRFC 10-311] analyzing module Mult_Add_Pipelined_NC_xbip_dsp48_multadd_v3_0_5_viv
INFO: [VRFC 10-311] analyzing module Mult_Add_Pipelined_NC_xbip_dsp48_multadd_v3_0_5_viv_HD100
INFO: [VRFC 10-311] analyzing module Mult_Add_Pipelined_NC_xbip_dsp48_multadd_v3_0_5_viv_HD107
INFO: [VRFC 10-311] analyzing module Mult_Add_Pipelined_NC_xbip_dsp48_multadd_v3_0_5_viv_HD114
INFO: [VRFC 10-311] analyzing module Mult_Add_Pipelined_NC_xbip_dsp48_multadd_v3_0_5_viv_HD121
INFO: [VRFC 10-311] analyzing module Mult_Add_Pipelined_NC_xbip_dsp48_multadd_v3_0_5_viv_HD128
INFO: [VRFC 10-311] analyzing module Mult_Add_Pipelined_NC_xbip_dsp48_multadd_v3_0_5_viv_HD135
INFO: [VRFC 10-311] analyzing module Mult_Add_Pipelined_NC_xbip_dsp48_multadd_v3_0_5_viv_HD142
INFO: [VRFC 10-311] analyzing module Mult_Add_Pipelined_NC_xbip_dsp48_multadd_v3_0_5_viv_HD149
INFO: [VRFC 10-311] analyzing module Mult_Add_Pipelined_NC_xbip_dsp48_multadd_v3_0_5_viv_HD156
INFO: [VRFC 10-311] analyzing module Mult_Add_Pipelined_NC_xbip_dsp48_multadd_v3_0_5_viv_HD163
INFO: [VRFC 10-311] analyzing module Mult_Add_Pipelined_NC_xbip_dsp48_multadd_v3_0_5_viv_HD170
INFO: [VRFC 10-311] analyzing module Mult_Add_Pipelined_NC_xbip_dsp48_multadd_v3_0_5_viv_HD177
INFO: [VRFC 10-311] analyzing module Mult_Add_Pipelined_NC_xbip_dsp48_multadd_v3_0_5_viv_HD184
INFO: [VRFC 10-311] analyzing module Mult_Add_Pipelined_NC_xbip_dsp48_multadd_v3_0_5_viv_HD191
INFO: [VRFC 10-311] analyzing module Mult_Add_Pipelined_NC_xbip_dsp48_multadd_v3_0_5_viv_HD198
INFO: [VRFC 10-311] analyzing module Mult_Add_Pipelined_NC_xbip_dsp48_multadd_v3_0_5_viv_HD30
INFO: [VRFC 10-311] analyzing module Mult_Add_Pipelined_NC_xbip_dsp48_multadd_v3_0_5_viv_HD37
INFO: [VRFC 10-311] analyzing module Mult_Add_Pipelined_NC_xbip_dsp48_multadd_v3_0_5_viv_HD44
INFO: [VRFC 10-311] analyzing module Mult_Add_Pipelined_NC_xbip_dsp48_multadd_v3_0_5_viv_HD51
INFO: [VRFC 10-311] analyzing module Mult_Add_Pipelined_NC_xbip_dsp48_multadd_v3_0_5_viv_HD58
INFO: [VRFC 10-311] analyzing module Mult_Add_Pipelined_NC_xbip_dsp48_multadd_v3_0_5_viv_HD65
INFO: [VRFC 10-311] analyzing module Mult_Add_Pipelined_NC_xbip_dsp48_multadd_v3_0_5_viv_HD72
INFO: [VRFC 10-311] analyzing module Mult_Add_Pipelined_NC_xbip_dsp48_multadd_v3_0_5_viv_HD79
INFO: [VRFC 10-311] analyzing module Mult_Add_Pipelined_NC_xbip_dsp48_multadd_v3_0_5_viv_HD86
INFO: [VRFC 10-311] analyzing module Mult_Add_Pipelined_NC_xbip_dsp48_multadd_v3_0_5_viv_HD93
INFO: [VRFC 10-311] analyzing module Mult_Add_Pipelined_NC_xbip_dsp48e1_wrapper_v3_0
INFO: [VRFC 10-311] analyzing module Mult_Add_Pipelined_NC_xbip_dsp48e1_wrapper_v3_0_HD102
INFO: [VRFC 10-311] analyzing module Mult_Add_Pipelined_NC_xbip_dsp48e1_wrapper_v3_0_HD109
INFO: [VRFC 10-311] analyzing module Mult_Add_Pipelined_NC_xbip_dsp48e1_wrapper_v3_0_HD116
INFO: [VRFC 10-311] analyzing module Mult_Add_Pipelined_NC_xbip_dsp48e1_wrapper_v3_0_HD123
INFO: [VRFC 10-311] analyzing module Mult_Add_Pipelined_NC_xbip_dsp48e1_wrapper_v3_0_HD130
INFO: [VRFC 10-311] analyzing module Mult_Add_Pipelined_NC_xbip_dsp48e1_wrapper_v3_0_HD137
INFO: [VRFC 10-311] analyzing module Mult_Add_Pipelined_NC_xbip_dsp48e1_wrapper_v3_0_HD144
INFO: [VRFC 10-311] analyzing module Mult_Add_Pipelined_NC_xbip_dsp48e1_wrapper_v3_0_HD151
INFO: [VRFC 10-311] analyzing module Mult_Add_Pipelined_NC_xbip_dsp48e1_wrapper_v3_0_HD158
INFO: [VRFC 10-311] analyzing module Mult_Add_Pipelined_NC_xbip_dsp48e1_wrapper_v3_0_HD165
INFO: [VRFC 10-311] analyzing module Mult_Add_Pipelined_NC_xbip_dsp48e1_wrapper_v3_0_HD172
INFO: [VRFC 10-311] analyzing module Mult_Add_Pipelined_NC_xbip_dsp48e1_wrapper_v3_0_HD179
INFO: [VRFC 10-311] analyzing module Mult_Add_Pipelined_NC_xbip_dsp48e1_wrapper_v3_0_HD186
INFO: [VRFC 10-311] analyzing module Mult_Add_Pipelined_NC_xbip_dsp48e1_wrapper_v3_0_HD193
INFO: [VRFC 10-311] analyzing module Mult_Add_Pipelined_NC_xbip_dsp48e1_wrapper_v3_0_HD200
INFO: [VRFC 10-311] analyzing module Mult_Add_Pipelined_NC_xbip_dsp48e1_wrapper_v3_0_HD32
INFO: [VRFC 10-311] analyzing module Mult_Add_Pipelined_NC_xbip_dsp48e1_wrapper_v3_0_HD39
INFO: [VRFC 10-311] analyzing module Mult_Add_Pipelined_NC_xbip_dsp48e1_wrapper_v3_0_HD46
INFO: [VRFC 10-311] analyzing module Mult_Add_Pipelined_NC_xbip_dsp48e1_wrapper_v3_0_HD53
INFO: [VRFC 10-311] analyzing module Mult_Add_Pipelined_NC_xbip_dsp48e1_wrapper_v3_0_HD60
INFO: [VRFC 10-311] analyzing module Mult_Add_Pipelined_NC_xbip_dsp48e1_wrapper_v3_0_HD67
INFO: [VRFC 10-311] analyzing module Mult_Add_Pipelined_NC_xbip_dsp48e1_wrapper_v3_0_HD74
INFO: [VRFC 10-311] analyzing module Mult_Add_Pipelined_NC_xbip_dsp48e1_wrapper_v3_0_HD81
INFO: [VRFC 10-311] analyzing module Mult_Add_Pipelined_NC_xbip_dsp48e1_wrapper_v3_0_HD88
INFO: [VRFC 10-311] analyzing module Mult_Add_Pipelined_NC_xbip_dsp48e1_wrapper_v3_0_HD95
INFO: [VRFC 10-311] analyzing module Mult_Add_Pipelined_NC_xbip_multadd_v3_0_13_viv
INFO: [VRFC 10-311] analyzing module Mult_Add_Pipelined_NC_xbip_multadd_v3_0_13_viv_HD105
INFO: [VRFC 10-311] analyzing module Mult_Add_Pipelined_NC_xbip_multadd_v3_0_13_viv_HD112
INFO: [VRFC 10-311] analyzing module Mult_Add_Pipelined_NC_xbip_multadd_v3_0_13_viv_HD119
INFO: [VRFC 10-311] analyzing module Mult_Add_Pipelined_NC_xbip_multadd_v3_0_13_viv_HD126
INFO: [VRFC 10-311] analyzing module Mult_Add_Pipelined_NC_xbip_multadd_v3_0_13_viv_HD133
INFO: [VRFC 10-311] analyzing module Mult_Add_Pipelined_NC_xbip_multadd_v3_0_13_viv_HD140
INFO: [VRFC 10-311] analyzing module Mult_Add_Pipelined_NC_xbip_multadd_v3_0_13_viv_HD147
INFO: [VRFC 10-311] analyzing module Mult_Add_Pipelined_NC_xbip_multadd_v3_0_13_viv_HD154
INFO: [VRFC 10-311] analyzing module Mult_Add_Pipelined_NC_xbip_multadd_v3_0_13_viv_HD161
INFO: [VRFC 10-311] analyzing module Mult_Add_Pipelined_NC_xbip_multadd_v3_0_13_viv_HD168
INFO: [VRFC 10-311] analyzing module Mult_Add_Pipelined_NC_xbip_multadd_v3_0_13_viv_HD175
INFO: [VRFC 10-311] analyzing module Mult_Add_Pipelined_NC_xbip_multadd_v3_0_13_viv_HD182
INFO: [VRFC 10-311] analyzing module Mult_Add_Pipelined_NC_xbip_multadd_v3_0_13_viv_HD189
INFO: [VRFC 10-311] analyzing module Mult_Add_Pipelined_NC_xbip_multadd_v3_0_13_viv_HD196
INFO: [VRFC 10-311] analyzing module Mult_Add_Pipelined_NC_xbip_multadd_v3_0_13_viv_HD28
INFO: [VRFC 10-311] analyzing module Mult_Add_Pipelined_NC_xbip_multadd_v3_0_13_viv_HD35
INFO: [VRFC 10-311] analyzing module Mult_Add_Pipelined_NC_xbip_multadd_v3_0_13_viv_HD42
INFO: [VRFC 10-311] analyzing module Mult_Add_Pipelined_NC_xbip_multadd_v3_0_13_viv_HD49
INFO: [VRFC 10-311] analyzing module Mult_Add_Pipelined_NC_xbip_multadd_v3_0_13_viv_HD56
INFO: [VRFC 10-311] analyzing module Mult_Add_Pipelined_NC_xbip_multadd_v3_0_13_viv_HD63
INFO: [VRFC 10-311] analyzing module Mult_Add_Pipelined_NC_xbip_multadd_v3_0_13_viv_HD70
INFO: [VRFC 10-311] analyzing module Mult_Add_Pipelined_NC_xbip_multadd_v3_0_13_viv_HD77
INFO: [VRFC 10-311] analyzing module Mult_Add_Pipelined_NC_xbip_multadd_v3_0_13_viv_HD84
INFO: [VRFC 10-311] analyzing module Mult_Add_Pipelined_NC_xbip_multadd_v3_0_13_viv_HD91
INFO: [VRFC 10-311] analyzing module Mult_Add_Pipelined_NC_xbip_multadd_v3_0_13_viv_HD98
INFO: [VRFC 10-311] analyzing module glbl
INFO: [VRFC 10-2263] Analyzing SystemVerilog file "/home/andrew/infernet/accelerator/MNIST_Solver/MNIST_Solver.srcs/sim_1/new/MNIST_Solver_TB.sv" into library xil_defaultlib
INFO: [VRFC 10-311] analyzing module MNIST_Solver_TB
INFO: [VRFC 10-2263] Analyzing SystemVerilog file "/home/andrew/infernet/accelerator/MNIST_Solver/MNIST_Solver.srcs/sim_1/new/Max_Pool_2D_TB.sv" into library xil_defaultlib
INFO: [VRFC 10-311] analyzing module Max_Pool_2D_TB
INFO: [VRFC 10-2263] Analyzing SystemVerilog file "/home/andrew/infernet/accelerator/MNIST_Solver/MNIST_Solver.srcs/sim_1/new/Conv_Layer_1_TB.sv" into library xil_defaultlib
INFO: [VRFC 10-311] analyzing module Conv_Layer_1_TB
INFO: [VRFC 10-2263] Analyzing SystemVerilog file "/home/andrew/infernet/accelerator/MNIST_Solver/MNIST_Solver.srcs/sim_1/new/Conv_Kernel_TB.sv" into library xil_defaultlib
INFO: [VRFC 10-311] analyzing module Conv_Kernel_TB
INFO: [VRFC 10-2263] Analyzing SystemVerilog file "/home/andrew/infernet/accelerator/MNIST_Solver/MNIST_Solver.srcs/sim_1/new/FP_Round_TB.sv" into library xil_defaultlib
INFO: [VRFC 10-311] analyzing module FP_Round_TB
INFO: [VRFC 10-2263] Analyzing SystemVerilog file "/home/andrew/infernet/accelerator/MNIST_Solver/MNIST_Solver.srcs/sim_1/new/Conv_2_Weight_Buffer_TB.sv" into library xil_defaultlib
INFO: [VRFC 10-311] analyzing module Conv_2_Weight_Buffer_TB
