
*** Running vivado
    with args -log Mult_Add_NC.vds -m64 -product Vivado -mode batch -messageDb vivado.pb -notrace -source Mult_Add_NC.tcl


****** Vivado v2018.3.1 (64-bit)
  **** SW Build 2489853 on Tue Mar 26 04:18:30 MDT 2019
  **** IP Build 2486929 on Tue Mar 26 06:44:21 MDT 2019
    ** Copyright 1986-2019 Xilinx, Inc. All Rights Reserved.

source Mult_Add_NC.tcl -notrace
Command: synth_design -top Mult_Add_NC -part xc7a100tcsg324-1 -mode out_of_context
Starting synth_design
Attempting to get a license for feature 'Synthesis' and/or device 'xc7a100t'
INFO: [Common 17-349] Got license for feature 'Synthesis' and/or device 'xc7a100t'
INFO: Launching helper process for spawning children vivado processes
INFO: Helper process launched with PID 9545 
---------------------------------------------------------------------------------
Starting RTL Elaboration : Time (s): cpu = 00:00:02 ; elapsed = 00:00:02 . Memory (MB): peak = 1432.871 ; gain = 75.855 ; free physical = 11043 ; free virtual = 23647
---------------------------------------------------------------------------------
INFO: [Synth 8-638] synthesizing module 'Mult_Add_NC' [/home/andrew/infernet/misc/XOR_NN/XOR_NN.srcs/sources_1/ip/Mult_Add_NC/synth/Mult_Add_NC.vhd:73]
	Parameter C_VERBOSITY bound to: 0 - type: integer 
	Parameter C_XDEVICEFAMILY bound to: artix7 - type: string 
	Parameter C_A_WIDTH bound to: 25 - type: integer 
	Parameter C_B_WIDTH bound to: 18 - type: integer 
	Parameter C_C_WIDTH bound to: 48 - type: integer 
	Parameter C_A_TYPE bound to: 0 - type: integer 
	Parameter C_B_TYPE bound to: 0 - type: integer 
	Parameter C_C_TYPE bound to: 0 - type: integer 
	Parameter C_CE_OVERRIDES_SCLR bound to: 0 - type: integer 
	Parameter C_AB_LATENCY bound to: -1 - type: integer 
	Parameter C_C_LATENCY bound to: -1 - type: integer 
	Parameter C_OUT_HIGH bound to: 47 - type: integer 
	Parameter C_OUT_LOW bound to: 0 - type: integer 
	Parameter C_USE_PCIN bound to: 0 - type: integer 
	Parameter C_TEST_CORE bound to: 0 - type: integer 
INFO: [Synth 8-3491] module 'xbip_multadd_v3_0_13' declared at '/home/andrew/infernet/misc/XOR_NN/XOR_NN.srcs/sources_1/ip/Mult_Add_NC/hdl/xbip_multadd_v3_0_vh_rfs.vhd:2155' bound to instance 'U0' of component 'xbip_multadd_v3_0_13' [/home/andrew/infernet/misc/XOR_NN/XOR_NN.srcs/sources_1/ip/Mult_Add_NC/synth/Mult_Add_NC.vhd:134]
INFO: [Synth 8-256] done synthesizing module 'Mult_Add_NC' (7#1) [/home/andrew/infernet/misc/XOR_NN/XOR_NN.srcs/sources_1/ip/Mult_Add_NC/synth/Mult_Add_NC.vhd:73]
WARNING: [Synth 8-3331] design xbip_dsp48e1_wrapper_v3_0 has unconnected port CEA1
WARNING: [Synth 8-3331] design xbip_dsp48e1_wrapper_v3_0 has unconnected port CEA2
WARNING: [Synth 8-3331] design xbip_dsp48e1_wrapper_v3_0 has unconnected port CEB1
WARNING: [Synth 8-3331] design xbip_dsp48e1_wrapper_v3_0 has unconnected port CEB2
WARNING: [Synth 8-3331] design xbip_dsp48e1_wrapper_v3_0 has unconnected port CEAD
WARNING: [Synth 8-3331] design xbip_dsp48e1_wrapper_v3_0 has unconnected port CED
WARNING: [Synth 8-3331] design xbip_dsp48e1_wrapper_v3_0 has unconnected port CEC
WARNING: [Synth 8-3331] design xbip_dsp48e1_wrapper_v3_0 has unconnected port CECARRYIN
WARNING: [Synth 8-3331] design xbip_dsp48e1_wrapper_v3_0 has unconnected port CECTRL
WARNING: [Synth 8-3331] design xbip_dsp48e1_wrapper_v3_0 has unconnected port CEALUMODE
WARNING: [Synth 8-3331] design xbip_dsp48e1_wrapper_v3_0 has unconnected port CEINMODE
WARNING: [Synth 8-3331] design xbip_dsp48e1_wrapper_v3_0 has unconnected port CEM
WARNING: [Synth 8-3331] design xbip_dsp48e1_wrapper_v3_0 has unconnected port CEP
WARNING: [Synth 8-3331] design xbip_dsp48e1_wrapper_v3_0 has unconnected port SCLRA
WARNING: [Synth 8-3331] design xbip_dsp48e1_wrapper_v3_0 has unconnected port SCLRB
WARNING: [Synth 8-3331] design xbip_dsp48e1_wrapper_v3_0 has unconnected port SCLRC
WARNING: [Synth 8-3331] design xbip_dsp48e1_wrapper_v3_0 has unconnected port SCLRD
WARNING: [Synth 8-3331] design xbip_dsp48e1_wrapper_v3_0 has unconnected port SCLRALLCARRYIN
WARNING: [Synth 8-3331] design xbip_dsp48e1_wrapper_v3_0 has unconnected port SCLRCTRL
WARNING: [Synth 8-3331] design xbip_dsp48e1_wrapper_v3_0 has unconnected port SCLRALUMODE
WARNING: [Synth 8-3331] design xbip_dsp48e1_wrapper_v3_0 has unconnected port SCLRINMODE
WARNING: [Synth 8-3331] design xbip_dsp48e1_wrapper_v3_0 has unconnected port SCLRM
WARNING: [Synth 8-3331] design xbip_dsp48e1_wrapper_v3_0 has unconnected port SCLRP
WARNING: [Synth 8-3331] design multadd_dsp has unconnected port PCIN[47]
WARNING: [Synth 8-3331] design multadd_dsp has unconnected port PCIN[46]
WARNING: [Synth 8-3331] design multadd_dsp has unconnected port PCIN[45]
WARNING: [Synth 8-3331] design multadd_dsp has unconnected port PCIN[44]
WARNING: [Synth 8-3331] design multadd_dsp has unconnected port PCIN[43]
WARNING: [Synth 8-3331] design multadd_dsp has unconnected port PCIN[42]
WARNING: [Synth 8-3331] design multadd_dsp has unconnected port PCIN[41]
WARNING: [Synth 8-3331] design multadd_dsp has unconnected port PCIN[40]
WARNING: [Synth 8-3331] design multadd_dsp has unconnected port PCIN[39]
WARNING: [Synth 8-3331] design multadd_dsp has unconnected port PCIN[38]
WARNING: [Synth 8-3331] design multadd_dsp has unconnected port PCIN[37]
WARNING: [Synth 8-3331] design multadd_dsp has unconnected port PCIN[36]
WARNING: [Synth 8-3331] design multadd_dsp has unconnected port PCIN[35]
WARNING: [Synth 8-3331] design multadd_dsp has unconnected port PCIN[34]
WARNING: [Synth 8-3331] design multadd_dsp has unconnected port PCIN[33]
WARNING: [Synth 8-3331] design multadd_dsp has unconnected port PCIN[32]
WARNING: [Synth 8-3331] design multadd_dsp has unconnected port PCIN[31]
WARNING: [Synth 8-3331] design multadd_dsp has unconnected port PCIN[30]
WARNING: [Synth 8-3331] design multadd_dsp has unconnected port PCIN[29]
WARNING: [Synth 8-3331] design multadd_dsp has unconnected port PCIN[28]
WARNING: [Synth 8-3331] design multadd_dsp has unconnected port PCIN[27]
WARNING: [Synth 8-3331] design multadd_dsp has unconnected port PCIN[26]
WARNING: [Synth 8-3331] design multadd_dsp has unconnected port PCIN[25]
WARNING: [Synth 8-3331] design multadd_dsp has unconnected port PCIN[24]
WARNING: [Synth 8-3331] design multadd_dsp has unconnected port PCIN[23]
WARNING: [Synth 8-3331] design multadd_dsp has unconnected port PCIN[22]
WARNING: [Synth 8-3331] design multadd_dsp has unconnected port PCIN[21]
WARNING: [Synth 8-3331] design multadd_dsp has unconnected port PCIN[20]
WARNING: [Synth 8-3331] design multadd_dsp has unconnected port PCIN[19]
WARNING: [Synth 8-3331] design multadd_dsp has unconnected port PCIN[18]
WARNING: [Synth 8-3331] design multadd_dsp has unconnected port PCIN[17]
WARNING: [Synth 8-3331] design multadd_dsp has unconnected port PCIN[16]
WARNING: [Synth 8-3331] design multadd_dsp has unconnected port PCIN[15]
WARNING: [Synth 8-3331] design multadd_dsp has unconnected port PCIN[14]
WARNING: [Synth 8-3331] design multadd_dsp has unconnected port PCIN[13]
WARNING: [Synth 8-3331] design multadd_dsp has unconnected port PCIN[12]
WARNING: [Synth 8-3331] design multadd_dsp has unconnected port PCIN[11]
WARNING: [Synth 8-3331] design multadd_dsp has unconnected port PCIN[10]
WARNING: [Synth 8-3331] design multadd_dsp has unconnected port PCIN[9]
WARNING: [Synth 8-3331] design multadd_dsp has unconnected port PCIN[8]
WARNING: [Synth 8-3331] design multadd_dsp has unconnected port PCIN[7]
WARNING: [Synth 8-3331] design multadd_dsp has unconnected port PCIN[6]
WARNING: [Synth 8-3331] design multadd_dsp has unconnected port PCIN[5]
WARNING: [Synth 8-3331] design multadd_dsp has unconnected port PCIN[4]
WARNING: [Synth 8-3331] design multadd_dsp has unconnected port PCIN[3]
WARNING: [Synth 8-3331] design multadd_dsp has unconnected port PCIN[2]
WARNING: [Synth 8-3331] design multadd_dsp has unconnected port PCIN[1]
WARNING: [Synth 8-3331] design multadd_dsp has unconnected port PCIN[0]
---------------------------------------------------------------------------------
Finished RTL Elaboration : Time (s): cpu = 00:00:05 ; elapsed = 00:00:06 . Memory (MB): peak = 1526.621 ; gain = 169.605 ; free physical = 11051 ; free virtual = 23652
---------------------------------------------------------------------------------

Report Check Netlist: 
+------+------------------+-------+---------+-------+------------------+
|      |Item              |Errors |Warnings |Status |Description       |
+------+------------------+-------+---------+-------+------------------+
|1     |multi_driven_nets |      0|        0|Passed |Multi driven nets |
+------+------------------+-------+---------+-------+------------------+
---------------------------------------------------------------------------------
Start Handling Custom Attributes
---------------------------------------------------------------------------------
---------------------------------------------------------------------------------
Finished Handling Custom Attributes : Time (s): cpu = 00:00:05 ; elapsed = 00:00:07 . Memory (MB): peak = 1526.621 ; gain = 169.605 ; free physical = 11052 ; free virtual = 23654
---------------------------------------------------------------------------------
---------------------------------------------------------------------------------
Finished RTL Optimization Phase 1 : Time (s): cpu = 00:00:05 ; elapsed = 00:00:07 . Memory (MB): peak = 1526.621 ; gain = 169.605 ; free physical = 11052 ; free virtual = 23654
---------------------------------------------------------------------------------
INFO: [Netlist 29-17] Analyzing 1 Unisim elements for replacement
INFO: [Netlist 29-28] Unisim Transformation completed in 0 CPU seconds
INFO: [Device 21-403] Loading part xc7a100tcsg324-1
INFO: [Project 1-570] Preparing netlist for logic optimization

Processing XDC Constraints
Initializing timing engine
Parsing XDC File [/home/andrew/infernet/misc/XOR_NN/XOR_NN.srcs/sources_1/ip/Mult_Add_NC/Mult_Add_NC_ooc.xdc] for cell 'U0'
Finished Parsing XDC File [/home/andrew/infernet/misc/XOR_NN/XOR_NN.srcs/sources_1/ip/Mult_Add_NC/Mult_Add_NC_ooc.xdc] for cell 'U0'
Parsing XDC File [/home/andrew/infernet/misc/XOR_NN/XOR_NN.runs/Mult_Add_NC_synth_1/dont_touch.xdc]
Finished Parsing XDC File [/home/andrew/infernet/misc/XOR_NN/XOR_NN.runs/Mult_Add_NC_synth_1/dont_touch.xdc]
Completed Processing XDC Constraints

Netlist sorting complete. Time (s): cpu = 00:00:00 ; elapsed = 00:00:00 . Memory (MB): peak = 1730.004 ; gain = 0.000 ; free physical = 10786 ; free virtual = 23390
INFO: [Project 1-111] Unisim Transformation Summary:
No Unisim elements were transformed.

Netlist sorting complete. Time (s): cpu = 00:00:00 ; elapsed = 00:00:00 . Memory (MB): peak = 1730.004 ; gain = 0.000 ; free physical = 10786 ; free virtual = 23390
Constraint Validation Runtime : Time (s): cpu = 00:00:00.01 ; elapsed = 00:00:00.02 . Memory (MB): peak = 1730.004 ; gain = 0.000 ; free physical = 10785 ; free virtual = 23390
---------------------------------------------------------------------------------
Finished Constraint Validation : Time (s): cpu = 00:00:09 ; elapsed = 00:00:11 . Memory (MB): peak = 1730.004 ; gain = 372.988 ; free physical = 10871 ; free virtual = 23475
---------------------------------------------------------------------------------
---------------------------------------------------------------------------------
Start Loading Part and Timing Information
---------------------------------------------------------------------------------
Loading part: xc7a100tcsg324-1
---------------------------------------------------------------------------------
Finished Loading Part and Timing Information : Time (s): cpu = 00:00:09 ; elapsed = 00:00:11 . Memory (MB): peak = 1730.004 ; gain = 372.988 ; free physical = 10871 ; free virtual = 23475
---------------------------------------------------------------------------------
---------------------------------------------------------------------------------
Start Applying 'set_property' XDC Constraints
---------------------------------------------------------------------------------
Applied set_property DONT_TOUCH = true for U0. (constraint file  /home/andrew/infernet/misc/XOR_NN/XOR_NN.runs/Mult_Add_NC_synth_1/dont_touch.xdc, line 9).
---------------------------------------------------------------------------------
Finished applying 'set_property' XDC Constraints : Time (s): cpu = 00:00:09 ; elapsed = 00:00:11 . Memory (MB): peak = 1730.004 ; gain = 372.988 ; free physical = 10873 ; free virtual = 23477
---------------------------------------------------------------------------------
---------------------------------------------------------------------------------
Finished RTL Optimization Phase 2 : Time (s): cpu = 00:00:09 ; elapsed = 00:00:11 . Memory (MB): peak = 1730.004 ; gain = 372.988 ; free physical = 10872 ; free virtual = 23477
---------------------------------------------------------------------------------

Report RTL Partitions: 
+-+--------------+------------+----------+
| |RTL Partition |Replication |Instances |
+-+--------------+------------+----------+
+-+--------------+------------+----------+
---------------------------------------------------------------------------------
Start RTL Component Statistics 
---------------------------------------------------------------------------------
---------------------------------------------------------------------------------
Finished RTL Component Statistics 
---------------------------------------------------------------------------------
---------------------------------------------------------------------------------
Start RTL Hierarchical Component Statistics 
---------------------------------------------------------------------------------
---------------------------------------------------------------------------------
Finished RTL Hierarchical Component Statistics
---------------------------------------------------------------------------------
---------------------------------------------------------------------------------
Start Part Resource Summary
---------------------------------------------------------------------------------
Part Resources:
DSPs: 240 (col length:80)
BRAMs: 270 (col length: RAMB18 80 RAMB36 40)
---------------------------------------------------------------------------------
Finished Part Resource Summary
---------------------------------------------------------------------------------
---------------------------------------------------------------------------------
Start Cross Boundary and Area Optimization
---------------------------------------------------------------------------------
Warning: Parallel synthesis criteria is not met 
WARNING: [Synth 8-3331] design xbip_multadd_v3_0_13_viv has unconnected port PCIN[47]
WARNING: [Synth 8-3331] design xbip_multadd_v3_0_13_viv has unconnected port PCIN[46]
WARNING: [Synth 8-3331] design xbip_multadd_v3_0_13_viv has unconnected port PCIN[45]
WARNING: [Synth 8-3331] design xbip_multadd_v3_0_13_viv has unconnected port PCIN[44]
WARNING: [Synth 8-3331] design xbip_multadd_v3_0_13_viv has unconnected port PCIN[43]
WARNING: [Synth 8-3331] design xbip_multadd_v3_0_13_viv has unconnected port PCIN[42]
WARNING: [Synth 8-3331] design xbip_multadd_v3_0_13_viv has unconnected port PCIN[41]
WARNING: [Synth 8-3331] design xbip_multadd_v3_0_13_viv has unconnected port PCIN[40]
WARNING: [Synth 8-3331] design xbip_multadd_v3_0_13_viv has unconnected port PCIN[39]
WARNING: [Synth 8-3331] design xbip_multadd_v3_0_13_viv has unconnected port PCIN[38]
WARNING: [Synth 8-3331] design xbip_multadd_v3_0_13_viv has unconnected port PCIN[37]
WARNING: [Synth 8-3331] design xbip_multadd_v3_0_13_viv has unconnected port PCIN[36]
WARNING: [Synth 8-3331] design xbip_multadd_v3_0_13_viv has unconnected port PCIN[35]
WARNING: [Synth 8-3331] design xbip_multadd_v3_0_13_viv has unconnected port PCIN[34]
WARNING: [Synth 8-3331] design xbip_multadd_v3_0_13_viv has unconnected port PCIN[33]
WARNING: [Synth 8-3331] design xbip_multadd_v3_0_13_viv has unconnected port PCIN[32]
WARNING: [Synth 8-3331] design xbip_multadd_v3_0_13_viv has unconnected port PCIN[31]
WARNING: [Synth 8-3331] design xbip_multadd_v3_0_13_viv has unconnected port PCIN[30]
WARNING: [Synth 8-3331] design xbip_multadd_v3_0_13_viv has unconnected port PCIN[29]
WARNING: [Synth 8-3331] design xbip_multadd_v3_0_13_viv has unconnected port PCIN[28]
WARNING: [Synth 8-3331] design xbip_multadd_v3_0_13_viv has unconnected port PCIN[27]
WARNING: [Synth 8-3331] design xbip_multadd_v3_0_13_viv has unconnected port PCIN[26]
WARNING: [Synth 8-3331] design xbip_multadd_v3_0_13_viv has unconnected port PCIN[25]
WARNING: [Synth 8-3331] design xbip_multadd_v3_0_13_viv has unconnected port PCIN[24]
WARNING: [Synth 8-3331] design xbip_multadd_v3_0_13_viv has unconnected port PCIN[23]
WARNING: [Synth 8-3331] design xbip_multadd_v3_0_13_viv has unconnected port PCIN[22]
WARNING: [Synth 8-3331] design xbip_multadd_v3_0_13_viv has unconnected port PCIN[21]
WARNING: [Synth 8-3331] design xbip_multadd_v3_0_13_viv has unconnected port PCIN[20]
WARNING: [Synth 8-3331] design xbip_multadd_v3_0_13_viv has unconnected port PCIN[19]
INFO: [Common 17-14] Message 'Synth 8-3331' appears 100 times and further instances of the messages will be disabled. Use the Tcl command set_msg_config to change the current settings.
---------------------------------------------------------------------------------
Finished Cross Boundary and Area Optimization : Time (s): cpu = 00:00:09 ; elapsed = 00:00:12 . Memory (MB): peak = 1730.004 ; gain = 372.988 ; free physical = 10870 ; free virtual = 23476
---------------------------------------------------------------------------------

Report RTL Partitions: 
+-+--------------+------------+----------+
| |RTL Partition |Replication |Instances |
+-+--------------+------------+----------+
+-+--------------+------------+----------+
---------------------------------------------------------------------------------
Start Applying XDC Timing Constraints
---------------------------------------------------------------------------------
---------------------------------------------------------------------------------
Finished Applying XDC Timing Constraints : Time (s): cpu = 00:00:14 ; elapsed = 00:00:17 . Memory (MB): peak = 1789.004 ; gain = 431.988 ; free physical = 10686 ; free virtual = 23292
---------------------------------------------------------------------------------
---------------------------------------------------------------------------------
Start Timing Optimization
---------------------------------------------------------------------------------
---------------------------------------------------------------------------------
Finished Timing Optimization : Time (s): cpu = 00:00:15 ; elapsed = 00:00:17 . Memory (MB): peak = 1790.004 ; gain = 432.988 ; free physical = 10686 ; free virtual = 23291
---------------------------------------------------------------------------------

Report RTL Partitions: 
+-+--------------+------------+----------+
| |RTL Partition |Replication |Instances |
+-+--------------+------------+----------+
+-+--------------+------------+----------+
---------------------------------------------------------------------------------
Start Technology Mapping
---------------------------------------------------------------------------------
---------------------------------------------------------------------------------
Finished Technology Mapping : Time (s): cpu = 00:00:15 ; elapsed = 00:00:17 . Memory (MB): peak = 1799.020 ; gain = 442.004 ; free physical = 10666 ; free virtual = 23271
---------------------------------------------------------------------------------

Report RTL Partitions: 
+-+--------------+------------+----------+
| |RTL Partition |Replication |Instances |
+-+--------------+------------+----------+
+-+--------------+------------+----------+
---------------------------------------------------------------------------------
Start IO Insertion
---------------------------------------------------------------------------------
---------------------------------------------------------------------------------
Start Flattening Before IO Insertion
---------------------------------------------------------------------------------
---------------------------------------------------------------------------------
Finished Flattening Before IO Insertion
---------------------------------------------------------------------------------
---------------------------------------------------------------------------------
Start Final Netlist Cleanup
---------------------------------------------------------------------------------
---------------------------------------------------------------------------------
Finished Final Netlist Cleanup
---------------------------------------------------------------------------------
---------------------------------------------------------------------------------
Finished IO Insertion : Time (s): cpu = 00:00:15 ; elapsed = 00:00:17 . Memory (MB): peak = 1799.020 ; gain = 442.004 ; free physical = 10674 ; free virtual = 23279
---------------------------------------------------------------------------------

Report Check Netlist: 
+------+------------------+-------+---------+-------+------------------+
|      |Item              |Errors |Warnings |Status |Description       |
+------+------------------+-------+---------+-------+------------------+
|1     |multi_driven_nets |      0|        0|Passed |Multi driven nets |
+------+------------------+-------+---------+-------+------------------+
---------------------------------------------------------------------------------
Start Renaming Generated Instances
---------------------------------------------------------------------------------
---------------------------------------------------------------------------------
Finished Renaming Generated Instances : Time (s): cpu = 00:00:15 ; elapsed = 00:00:17 . Memory (MB): peak = 1799.020 ; gain = 442.004 ; free physical = 10674 ; free virtual = 23279
---------------------------------------------------------------------------------

Report RTL Partitions: 
+-+--------------+------------+----------+
| |RTL Partition |Replication |Instances |
+-+--------------+------------+----------+
+-+--------------+------------+----------+
---------------------------------------------------------------------------------
Start Rebuilding User Hierarchy
---------------------------------------------------------------------------------
---------------------------------------------------------------------------------
Finished Rebuilding User Hierarchy : Time (s): cpu = 00:00:15 ; elapsed = 00:00:17 . Memory (MB): peak = 1799.020 ; gain = 442.004 ; free physical = 10673 ; free virtual = 23279
---------------------------------------------------------------------------------
---------------------------------------------------------------------------------
Start Renaming Generated Ports
---------------------------------------------------------------------------------
---------------------------------------------------------------------------------
Finished Renaming Generated Ports : Time (s): cpu = 00:00:15 ; elapsed = 00:00:17 . Memory (MB): peak = 1799.020 ; gain = 442.004 ; free physical = 10673 ; free virtual = 23279
---------------------------------------------------------------------------------
---------------------------------------------------------------------------------
Start Handling Custom Attributes
---------------------------------------------------------------------------------
---------------------------------------------------------------------------------
Finished Handling Custom Attributes : Time (s): cpu = 00:00:15 ; elapsed = 00:00:17 . Memory (MB): peak = 1799.020 ; gain = 442.004 ; free physical = 10673 ; free virtual = 23279
---------------------------------------------------------------------------------
---------------------------------------------------------------------------------
Start Renaming Generated Nets
---------------------------------------------------------------------------------
---------------------------------------------------------------------------------
Finished Renaming Generated Nets : Time (s): cpu = 00:00:15 ; elapsed = 00:00:17 . Memory (MB): peak = 1799.020 ; gain = 442.004 ; free physical = 10673 ; free virtual = 23279
---------------------------------------------------------------------------------
---------------------------------------------------------------------------------
Start Writing Synthesis Report
---------------------------------------------------------------------------------

Report BlackBoxes: 
+-+--------------+----------+
| |BlackBox name |Instances |
+-+--------------+----------+
+-+--------------+----------+

Report Cell Usage: 
+------+--------+------+
|      |Cell    |Count |
+------+--------+------+
|1     |DSP48E1 |     1|
+------+--------+------+
---------------------------------------------------------------------------------
Finished Writing Synthesis Report : Time (s): cpu = 00:00:15 ; elapsed = 00:00:17 . Memory (MB): peak = 1799.020 ; gain = 442.004 ; free physical = 10673 ; free virtual = 23279
---------------------------------------------------------------------------------
Synthesis finished with 0 errors, 0 critical warnings and 48 warnings.
Synthesis Optimization Runtime : Time (s): cpu = 00:00:12 ; elapsed = 00:00:14 . Memory (MB): peak = 1799.020 ; gain = 238.621 ; free physical = 10736 ; free virtual = 23341
Synthesis Optimization Complete : Time (s): cpu = 00:00:15 ; elapsed = 00:00:17 . Memory (MB): peak = 1799.027 ; gain = 442.004 ; free physical = 10736 ; free virtual = 23341
INFO: [Project 1-571] Translating synthesized netlist
INFO: [Netlist 29-17] Analyzing 1 Unisim elements for replacement
INFO: [Netlist 29-28] Unisim Transformation completed in 0 CPU seconds
INFO: [Project 1-570] Preparing netlist for logic optimization
INFO: [Opt 31-138] Pushed 0 inverter(s) to 0 load pin(s).
Netlist sorting complete. Time (s): cpu = 00:00:00 ; elapsed = 00:00:00 . Memory (MB): peak = 1799.027 ; gain = 0.000 ; free physical = 10662 ; free virtual = 23268
INFO: [Project 1-111] Unisim Transformation Summary:
No Unisim elements were transformed.

INFO: [Common 17-83] Releasing license: Synthesis
17 Infos, 100 Warnings, 0 Critical Warnings and 0 Errors encountered.
synth_design completed successfully
synth_design: Time (s): cpu = 00:00:16 ; elapsed = 00:00:18 . Memory (MB): peak = 1799.027 ; gain = 442.156 ; free physical = 10711 ; free virtual = 23317
Netlist sorting complete. Time (s): cpu = 00:00:00 ; elapsed = 00:00:00 . Memory (MB): peak = 1799.027 ; gain = 0.000 ; free physical = 10711 ; free virtual = 23317
WARNING: [Constraints 18-5210] No constraints selected for write.
Resolution: This message can indicate that there are no constraints for the design, or it can indicate that the used_in flags are set such that the constraints are ignored. This later case is used when running synth_design to not write synthesis constraints to the resulting checkpoint. Instead, project constraints are read when the synthesized design is opened.
INFO: [Common 17-1381] The checkpoint '/home/andrew/infernet/misc/XOR_NN/XOR_NN.runs/Mult_Add_NC_synth_1/Mult_Add_NC.dcp' has been generated.
INFO: [Coretcl 2-1648] Added synthesis output to IP cache for IP Mult_Add_NC, cache-ID = 403192589c6a5347
INFO: [Coretcl 2-1174] Renamed 6 cell refs.
Netlist sorting complete. Time (s): cpu = 00:00:00 ; elapsed = 00:00:00 . Memory (MB): peak = 1803.020 ; gain = 0.000 ; free physical = 10712 ; free virtual = 23318
WARNING: [Constraints 18-5210] No constraints selected for write.
Resolution: This message can indicate that there are no constraints for the design, or it can indicate that the used_in flags are set such that the constraints are ignored. This later case is used when running synth_design to not write synthesis constraints to the resulting checkpoint. Instead, project constraints are read when the synthesized design is opened.
INFO: [Common 17-1381] The checkpoint '/home/andrew/infernet/misc/XOR_NN/XOR_NN.runs/Mult_Add_NC_synth_1/Mult_Add_NC.dcp' has been generated.
INFO: [runtcl-4] Executing : report_utilization -file Mult_Add_NC_utilization_synth.rpt -pb Mult_Add_NC_utilization_synth.pb
INFO: [Common 17-206] Exiting Vivado at Tue Feb 23 16:01:32 2021...
