#-----------------------------------------------------------
# Vivado v2018.3.1 (64-bit)
# SW Build 2489853 on Tue Mar 26 04:18:30 MDT 2019
# IP Build 2486929 on Tue Mar 26 06:44:21 MDT 2019
# Start of session at: Sat Mar 27 14:17:06 2021
# Process ID: 3242
# Current directory: /home/quinn/ece532-project/accelerator/MNIST_Solver
# Command line: vivado MNIST_Solver.xpr
# Log file: /home/quinn/ece532-project/accelerator/MNIST_Solver/vivado.log
# Journal file: /home/quinn/ece532-project/accelerator/MNIST_Solver/vivado.jou
#-----------------------------------------------------------
start_gui
open_project MNIST_Solver.xpr
INFO: [Project 1-313] Project file moved from '/home/andrew/infernet/accelerator/MNIST_Solver' since last save.
Scanning sources...
Finished scanning sources
INFO: [IP_Flow 19-234] Refreshing IP repositories
INFO: [IP_Flow 19-1704] No user IP repositories specified
INFO: [IP_Flow 19-2313] Loaded Vivado IP repository '/tools/Xilinx/Vivado/2018.3/data/ip'.
open_project: Time (s): cpu = 00:00:12 ; elapsed = 00:00:07 . Memory (MB): peak = 6426.324 ; gain = 121.469 ; free physical = 3005 ; free virtual = 7424
exit
INFO: [Common 17-206] Exiting Vivado at Sat Mar 27 14:33:23 2021...
