INFO: [VRFC 10-2263] Analyzing Verilog file "/home/andrew/infernet/misc/XOR_NN/XOR_NN.sim/sim_1/impl/func/xsim/XOR_NN_TB_func_impl.v" into library xil_defaultlib
INFO: [VRFC 10-311] analyzing module FC_Neuron
INFO: [VRFC 10-311] analyzing module FC_Neuron__parameterized0
INFO: [VRFC 10-311] analyzing module FC_Neuron__parameterized1
INFO: [VRFC 10-311] analyzing module Mult_Add_COL
INFO: [VRFC 10-311] analyzing module Mult_Add_COL_HD19
INFO: [VRFC 10-311] analyzing module Mult_Add_COL_HD26
INFO: [VRFC 10-311] analyzing module Mult_Add_NC
INFO: [VRFC 10-311] analyzing module Mult_Add_NC_HD10
INFO: [VRFC 10-311] analyzing module Mult_Add_NC_HD3
INFO: [VRFC 10-311] analyzing module Top
INFO: [VRFC 10-311] analyzing module XOR_NN
INFO: [VRFC 10-311] analyzing module Mult_Add_COL_xbip_multadd_v3_0_13
INFO: [VRFC 10-311] analyzing module Mult_Add_COL_xbip_multadd_v3_0_13_HD20
INFO: [VRFC 10-311] analyzing module Mult_Add_COL_xbip_multadd_v3_0_13_HD27
INFO: [VRFC 10-311] analyzing module Mult_Add_NC_xbip_multadd_v3_0_13
INFO: [VRFC 10-311] analyzing module Mult_Add_NC_xbip_multadd_v3_0_13_HD11
INFO: [VRFC 10-311] analyzing module Mult_Add_NC_xbip_multadd_v3_0_13_HD4
INFO: [VRFC 10-311] analyzing module Mult_Add_COL_multadd_dsp
INFO: [VRFC 10-311] analyzing module Mult_Add_COL_multadd_dsp_HD22
INFO: [VRFC 10-311] analyzing module Mult_Add_COL_multadd_dsp_HD29
INFO: [VRFC 10-311] analyzing module Mult_Add_COL_xbip_dsp48_multadd_synth
INFO: [VRFC 10-311] analyzing module Mult_Add_COL_xbip_dsp48_multadd_synth_HD24
INFO: [VRFC 10-311] analyzing module Mult_Add_COL_xbip_dsp48_multadd_synth_HD31
INFO: [VRFC 10-311] analyzing module Mult_Add_COL_xbip_dsp48_multadd_v3_0_5_viv
INFO: [VRFC 10-311] analyzing module Mult_Add_COL_xbip_dsp48_multadd_v3_0_5_viv_HD23
INFO: [VRFC 10-311] analyzing module Mult_Add_COL_xbip_dsp48_multadd_v3_0_5_viv_HD30
INFO: [VRFC 10-311] analyzing module Mult_Add_COL_xbip_dsp48e1_wrapper_v3_0
INFO: [VRFC 10-311] analyzing module Mult_Add_COL_xbip_dsp48e1_wrapper_v3_0_HD25
INFO: [VRFC 10-311] analyzing module Mult_Add_COL_xbip_dsp48e1_wrapper_v3_0_HD32
INFO: [VRFC 10-311] analyzing module Mult_Add_COL_xbip_multadd_v3_0_13_viv
INFO: [VRFC 10-311] analyzing module Mult_Add_COL_xbip_multadd_v3_0_13_viv_HD21
INFO: [VRFC 10-311] analyzing module Mult_Add_COL_xbip_multadd_v3_0_13_viv_HD28
INFO: [VRFC 10-311] analyzing module Mult_Add_NC_multadd_dsp
INFO: [VRFC 10-311] analyzing module Mult_Add_NC_multadd_dsp_HD13
INFO: [VRFC 10-311] analyzing module Mult_Add_NC_multadd_dsp_HD6
INFO: [VRFC 10-311] analyzing module Mult_Add_NC_xbip_dsp48_multadd_synth
INFO: [VRFC 10-311] analyzing module Mult_Add_NC_xbip_dsp48_multadd_synth_HD15
INFO: [VRFC 10-311] analyzing module Mult_Add_NC_xbip_dsp48_multadd_synth_HD8
INFO: [VRFC 10-311] analyzing module Mult_Add_NC_xbip_dsp48_multadd_v3_0_5_viv
INFO: [VRFC 10-311] analyzing module Mult_Add_NC_xbip_dsp48_multadd_v3_0_5_viv_HD14
INFO: [VRFC 10-311] analyzing module Mult_Add_NC_xbip_dsp48_multadd_v3_0_5_viv_HD7
INFO: [VRFC 10-311] analyzing module Mult_Add_NC_xbip_dsp48e1_wrapper_v3_0
INFO: [VRFC 10-311] analyzing module Mult_Add_NC_xbip_dsp48e1_wrapper_v3_0_HD16
INFO: [VRFC 10-311] analyzing module Mult_Add_NC_xbip_dsp48e1_wrapper_v3_0_HD9
INFO: [VRFC 10-311] analyzing module Mult_Add_NC_xbip_multadd_v3_0_13_viv
INFO: [VRFC 10-311] analyzing module Mult_Add_NC_xbip_multadd_v3_0_13_viv_HD12
INFO: [VRFC 10-311] analyzing module Mult_Add_NC_xbip_multadd_v3_0_13_viv_HD5
INFO: [VRFC 10-311] analyzing module glbl
INFO: [VRFC 10-2263] Analyzing SystemVerilog file "/home/andrew/infernet/misc/XOR_NN/XOR_NN.srcs/sources_1/new/FW_FP_Converter.sv" into library xil_defaultlib
INFO: [VRFC 10-311] analyzing module FW_FP_Converter
INFO: [VRFC 10-2263] Analyzing SystemVerilog file "/home/andrew/infernet/misc/XOR_NN/XOR_NN.srcs/sources_1/new/XOR_NN.sv" into library xil_defaultlib
INFO: [VRFC 10-311] analyzing module XOR_NN
WARNING: [VRFC 10-3609] overwriting previous definition of module 'XOR_NN' [/home/andrew/infernet/misc/XOR_NN/XOR_NN.srcs/sources_1/new/XOR_NN.sv:3]
INFO: [VRFC 10-311] analyzing module FC_Neuron
WARNING: [VRFC 10-3609] overwriting previous definition of module 'FC_Neuron' [/home/andrew/infernet/misc/XOR_NN/XOR_NN.srcs/sources_1/new/XOR_NN.sv:87]
INFO: [VRFC 10-311] analyzing module Hard_Threshold
INFO: [VRFC 10-2263] Analyzing SystemVerilog file "/home/andrew/infernet/misc/XOR_NN/XOR_NN.srcs/sim_1/new/XOR_NN_TB.sv" into library xil_defaultlib
INFO: [VRFC 10-311] analyzing module XOR_NN_TB
