22:47:20 INFO  : Registering command handlers for SDK TCF services
22:47:21 INFO  : Launching XSCT server: xsct -n -interactive /media/psf/Home/Development/Verilog/ECE532/Lab/group/server/Echo_Server_Demo/project/project.sdk/temp_xsdb_launch_script.tcl
22:47:24 INFO  : XSCT server has started successfully.
22:47:24 INFO  : Successfully done setting XSCT server connection channel  
22:47:25 INFO  : Successfully done setting SDK workspace  
22:47:25 INFO  : Processing command line option -hwspec /media/psf/Home/Development/Verilog/ECE532/Lab/group/server/Echo_Server_Demo/project/project.sdk/design_1_wrapper.hdf.
22:50:58 INFO  : Refreshed build settings on project rtos_raw_test
15:29:34 INFO  : Refreshed build settings on project nortos_ref
15:33:59 INFO  : Refreshed build settings on project nortos_ref
15:34:43 INFO  : Refreshed build settings on project nortos_ref
01:25:24 INFO  : Registering command handlers for SDK TCF services
01:25:25 INFO  : Launching XSCT server: xsct -n -interactive /media/psf/Home/Development/Verilog/ECE532/Lab/group/server/Echo_Server_Demo/project/project.sdk/temp_xsdb_launch_script.tcl
01:25:28 INFO  : XSCT server has started successfully.
01:25:28 INFO  : Successfully done setting XSCT server connection channel  
01:25:28 INFO  : Successfully done setting SDK workspace  
01:25:28 INFO  : Processing command line option -hwspec /media/psf/Home/Development/Verilog/ECE532/Lab/group/server/Echo_Server_Demo/project/project.sdk/design_1_wrapper.hdf.
01:25:28 INFO  : Checking for hwspec changes in the project design_1_wrapper_hw_platform_0.
12:37:20 INFO  : Refreshed build settings on project nortos_udp_lb
15:50:16 INFO  : Refreshed build settings on project nortos_udp_lb
15:50:28 INFO  : Refreshed build settings on project nortos_udp_lb
15:50:42 INFO  : Refreshed build settings on project nortos_udp_lb
15:50:56 INFO  : Refreshed build settings on project nortos_udp_lb
