Vivado Simulator 2018.3
Copyright 1986-1999, 2001-2018 Xilinx, Inc. All Rights Reserved.
Running: /home/andrew/Xilinx/install-dir/Vivado/2018.3/bin/unwrapped/lnx64.o/xelab -wto f121a475fec14a31b9530a7d3d2796fb --incr --debug typical --relax --mt 8 -L xil_defaultlib -L unisims_ver -L secureip --snapshot MNIST_Solver_TB_func_impl xil_defaultlib.MNIST_Solver_TB xil_defaultlib.glbl -log elaborate.log 
Using 8 slave threads.
Starting static elaboration
Completed static elaboration
Starting simulation data flow analysis
Completed simulation data flow analysis
Time Resolution for simulation is 1ps
Compiling module unisims_ver.LUT5
Compiling module unisims_ver.x_lut3_mux8
Compiling module unisims_ver.LUT3
Compiling module unisims_ver.LUT4
Compiling module unisims_ver.LUT6
Compiling module unisims_ver.FDRE_default
Compiling module unisims_ver.x_lut2_mux4
Compiling module unisims_ver.LUT2
Compiling module unisims_ver.x_lut1_mux2
Compiling module unisims_ver.LUT1
Compiling module unisims_ver.FDSE_default
Compiling module unisims_ver.DSP48E1(ADREG=0,CARRYINSELREG=0,...
Compiling module xil_defaultlib.Mult_Add_Pipelined_NC_xbip_dsp48...
Compiling module xil_defaultlib.Mult_Add_Pipelined_NC_xbip_dsp48...
Compiling module xil_defaultlib.Mult_Add_Pipelined_NC_xbip_dsp48...
Compiling module xil_defaultlib.Mult_Add_Pipelined_NC_multadd_ds...
Compiling module xil_defaultlib.Mult_Add_Pipelined_NC_xbip_multa...
Compiling module xil_defaultlib.Mult_Add_Pipelined_NC_xbip_multa...
Compiling module xil_defaultlib.Mult_Add_Pipelined_NC
Compiling module xil_defaultlib.Mult_Add_Pipelined_COL_xbip_dsp4...
Compiling module xil_defaultlib.Mult_Add_Pipelined_COL_xbip_dsp4...
Compiling module xil_defaultlib.Mult_Add_Pipelined_COL_xbip_dsp4...
Compiling module xil_defaultlib.Mult_Add_Pipelined_COL_multadd_d...
Compiling module xil_defaultlib.Mult_Add_Pipelined_COL_xbip_mult...
Compiling module xil_defaultlib.Mult_Add_Pipelined_COL_xbip_mult...
Compiling module xil_defaultlib.Mult_Add_Pipelined_COL
Compiling module xil_defaultlib.Mult_Add_Pipelined_COL_xbip_dsp4...
Compiling module xil_defaultlib.Mult_Add_Pipelined_COL_xbip_dsp4...
Compiling module xil_defaultlib.Mult_Add_Pipelined_COL_xbip_dsp4...
Compiling module xil_defaultlib.Mult_Add_Pipelined_COL_multadd_d...
Compiling module xil_defaultlib.Mult_Add_Pipelined_COL_xbip_mult...
Compiling module xil_defaultlib.Mult_Add_Pipelined_COL_xbip_mult...
Compiling module xil_defaultlib.Mult_Add_Pipelined_COL_HD308
Compiling module xil_defaultlib.Mult_Add_Pipelined_COL_xbip_dsp4...
Compiling module xil_defaultlib.Mult_Add_Pipelined_COL_xbip_dsp4...
Compiling module xil_defaultlib.Mult_Add_Pipelined_COL_xbip_dsp4...
Compiling module xil_defaultlib.Mult_Add_Pipelined_COL_multadd_d...
Compiling module xil_defaultlib.Mult_Add_Pipelined_COL_xbip_mult...
Compiling module xil_defaultlib.Mult_Add_Pipelined_COL_xbip_mult...
Compiling module xil_defaultlib.Mult_Add_Pipelined_COL_HD315
Compiling module xil_defaultlib.Mult_Add_Pipelined_COL_xbip_dsp4...
Compiling module xil_defaultlib.Mult_Add_Pipelined_COL_xbip_dsp4...
Compiling module xil_defaultlib.Mult_Add_Pipelined_COL_xbip_dsp4...
Compiling module xil_defaultlib.Mult_Add_Pipelined_COL_multadd_d...
Compiling module xil_defaultlib.Mult_Add_Pipelined_COL_xbip_mult...
Compiling module xil_defaultlib.Mult_Add_Pipelined_COL_xbip_mult...
Compiling module xil_defaultlib.Mult_Add_Pipelined_COL_HD322
Compiling module xil_defaultlib.Mult_Add_Pipelined_COL_xbip_dsp4...
Compiling module xil_defaultlib.Mult_Add_Pipelined_COL_xbip_dsp4...
Compiling module xil_defaultlib.Mult_Add_Pipelined_COL_xbip_dsp4...
Compiling module xil_defaultlib.Mult_Add_Pipelined_COL_multadd_d...
Compiling module xil_defaultlib.Mult_Add_Pipelined_COL_xbip_mult...
Compiling module xil_defaultlib.Mult_Add_Pipelined_COL_xbip_mult...
Compiling module xil_defaultlib.Mult_Add_Pipelined_COL_HD329
Compiling module xil_defaultlib.Mult_Add_Pipelined_COL_xbip_dsp4...
Compiling module xil_defaultlib.Mult_Add_Pipelined_COL_xbip_dsp4...
Compiling module xil_defaultlib.Mult_Add_Pipelined_COL_xbip_dsp4...
Compiling module xil_defaultlib.Mult_Add_Pipelined_COL_multadd_d...
Compiling module xil_defaultlib.Mult_Add_Pipelined_COL_xbip_mult...
Compiling module xil_defaultlib.Mult_Add_Pipelined_COL_xbip_mult...
Compiling module xil_defaultlib.Mult_Add_Pipelined_COL_HD336
Compiling module xil_defaultlib.Mult_Add_Pipelined_COL_xbip_dsp4...
Compiling module xil_defaultlib.Mult_Add_Pipelined_COL_xbip_dsp4...
Compiling module xil_defaultlib.Mult_Add_Pipelined_COL_xbip_dsp4...
Compiling module xil_defaultlib.Mult_Add_Pipelined_COL_multadd_d...
Compiling module xil_defaultlib.Mult_Add_Pipelined_COL_xbip_mult...
Compiling module xil_defaultlib.Mult_Add_Pipelined_COL_xbip_mult...
Compiling module xil_defaultlib.Mult_Add_Pipelined_COL_HD343
Compiling module xil_defaultlib.Mult_Add_Pipelined_COL_xbip_dsp4...
Compiling module xil_defaultlib.Mult_Add_Pipelined_COL_xbip_dsp4...
Compiling module xil_defaultlib.Mult_Add_Pipelined_COL_xbip_dsp4...
Compiling module xil_defaultlib.Mult_Add_Pipelined_COL_multadd_d...
Compiling module xil_defaultlib.Mult_Add_Pipelined_COL_xbip_mult...
Compiling module xil_defaultlib.Mult_Add_Pipelined_COL_xbip_mult...
Compiling module xil_defaultlib.Mult_Add_Pipelined_COL_HD350
Compiling module unisims_ver.CARRY4
Compiling module xil_defaultlib.Conv_Kernel_3by3
Compiling module xil_defaultlib.Mult_Add_Pipelined_NC_xbip_dsp48...
Compiling module xil_defaultlib.Mult_Add_Pipelined_NC_xbip_dsp48...
Compiling module xil_defaultlib.Mult_Add_Pipelined_NC_xbip_dsp48...
Compiling module xil_defaultlib.Mult_Add_Pipelined_NC_multadd_ds...
Compiling module xil_defaultlib.Mult_Add_Pipelined_NC_xbip_multa...
Compiling module xil_defaultlib.Mult_Add_Pipelined_NC_xbip_multa...
Compiling module xil_defaultlib.Mult_Add_Pipelined_NC_HD26
Compiling module xil_defaultlib.Mult_Add_Pipelined_COL_xbip_dsp4...
Compiling module xil_defaultlib.Mult_Add_Pipelined_COL_xbip_dsp4...
Compiling module xil_defaultlib.Mult_Add_Pipelined_COL_xbip_dsp4...
Compiling module xil_defaultlib.Mult_Add_Pipelined_COL_multadd_d...
Compiling module xil_defaultlib.Mult_Add_Pipelined_COL_xbip_mult...
Compiling module xil_defaultlib.Mult_Add_Pipelined_COL_xbip_mult...
Compiling module xil_defaultlib.Mult_Add_Pipelined_COL_HD357
Compiling module xil_defaultlib.Mult_Add_Pipelined_COL_xbip_dsp4...
Compiling module xil_defaultlib.Mult_Add_Pipelined_COL_xbip_dsp4...
Compiling module xil_defaultlib.Mult_Add_Pipelined_COL_xbip_dsp4...
Compiling module xil_defaultlib.Mult_Add_Pipelined_COL_multadd_d...
Compiling module xil_defaultlib.Mult_Add_Pipelined_COL_xbip_mult...
Compiling module xil_defaultlib.Mult_Add_Pipelined_COL_xbip_mult...
Compiling module xil_defaultlib.Mult_Add_Pipelined_COL_HD364
Compiling module xil_defaultlib.Mult_Add_Pipelined_COL_xbip_dsp4...
Compiling module xil_defaultlib.Mult_Add_Pipelined_COL_xbip_dsp4...
Compiling module xil_defaultlib.Mult_Add_Pipelined_COL_xbip_dsp4...
Compiling module xil_defaultlib.Mult_Add_Pipelined_COL_multadd_d...
Compiling module xil_defaultlib.Mult_Add_Pipelined_COL_xbip_mult...
Compiling module xil_defaultlib.Mult_Add_Pipelined_COL_xbip_mult...
Compiling module xil_defaultlib.Mult_Add_Pipelined_COL_HD371
Compiling module xil_defaultlib.Mult_Add_Pipelined_COL_xbip_dsp4...
Compiling module xil_defaultlib.Mult_Add_Pipelined_COL_xbip_dsp4...
Compiling module xil_defaultlib.Mult_Add_Pipelined_COL_xbip_dsp4...
Compiling module xil_defaultlib.Mult_Add_Pipelined_COL_multadd_d...
Compiling module xil_defaultlib.Mult_Add_Pipelined_COL_xbip_mult...
Compiling module xil_defaultlib.Mult_Add_Pipelined_COL_xbip_mult...
Compiling module xil_defaultlib.Mult_Add_Pipelined_COL_HD378
Compiling module xil_defaultlib.Mult_Add_Pipelined_COL_xbip_dsp4...
Compiling module xil_defaultlib.Mult_Add_Pipelined_COL_xbip_dsp4...
Compiling module xil_defaultlib.Mult_Add_Pipelined_COL_xbip_dsp4...
Compiling module xil_defaultlib.Mult_Add_Pipelined_COL_multadd_d...
Compiling module xil_defaultlib.Mult_Add_Pipelined_COL_xbip_mult...
Compiling module xil_defaultlib.Mult_Add_Pipelined_COL_xbip_mult...
Compiling module xil_defaultlib.Mult_Add_Pipelined_COL_HD385
Compiling module xil_defaultlib.Mult_Add_Pipelined_COL_xbip_dsp4...
Compiling module xil_defaultlib.Mult_Add_Pipelined_COL_xbip_dsp4...
Compiling module xil_defaultlib.Mult_Add_Pipelined_COL_xbip_dsp4...
Compiling module xil_defaultlib.Mult_Add_Pipelined_COL_multadd_d...
Compiling module xil_defaultlib.Mult_Add_Pipelined_COL_xbip_mult...
Compiling module xil_defaultlib.Mult_Add_Pipelined_COL_xbip_mult...
Compiling module xil_defaultlib.Mult_Add_Pipelined_COL_HD392
Compiling module xil_defaultlib.Mult_Add_Pipelined_COL_xbip_dsp4...
Compiling module xil_defaultlib.Mult_Add_Pipelined_COL_xbip_dsp4...
Compiling module xil_defaultlib.Mult_Add_Pipelined_COL_xbip_dsp4...
Compiling module xil_defaultlib.Mult_Add_Pipelined_COL_multadd_d...
Compiling module xil_defaultlib.Mult_Add_Pipelined_COL_xbip_mult...
Compiling module xil_defaultlib.Mult_Add_Pipelined_COL_xbip_mult...
Compiling module xil_defaultlib.Mult_Add_Pipelined_COL_HD399
Compiling module unisims_ver.DSP48E1(ADREG=0,CARRYINSELREG=0,...
Compiling module xil_defaultlib.Mult_Add_Pipelined_COL_xbip_dsp4...
Compiling module xil_defaultlib.Mult_Add_Pipelined_COL_xbip_dsp4...
Compiling module xil_defaultlib.Mult_Add_Pipelined_COL_xbip_dsp4...
Compiling module xil_defaultlib.Mult_Add_Pipelined_COL_multadd_d...
Compiling module xil_defaultlib.Mult_Add_Pipelined_COL_xbip_mult...
Compiling module xil_defaultlib.Mult_Add_Pipelined_COL_xbip_mult...
Compiling module xil_defaultlib.Mult_Add_Pipelined_COL_HD406
Compiling module xil_defaultlib.Conv_Kernel_3by3__parameterized0
Compiling module xil_defaultlib.Mult_Add_Pipelined_NC_xbip_dsp48...
Compiling module xil_defaultlib.Mult_Add_Pipelined_NC_xbip_dsp48...
Compiling module xil_defaultlib.Mult_Add_Pipelined_NC_xbip_dsp48...
Compiling module xil_defaultlib.Mult_Add_Pipelined_NC_multadd_ds...
Compiling module xil_defaultlib.Mult_Add_Pipelined_NC_xbip_multa...
Compiling module xil_defaultlib.Mult_Add_Pipelined_NC_xbip_multa...
Compiling module xil_defaultlib.Mult_Add_Pipelined_NC_HD33
Compiling module xil_defaultlib.Mult_Add_Pipelined_COL_xbip_dsp4...
Compiling module xil_defaultlib.Mult_Add_Pipelined_COL_xbip_dsp4...
Compiling module xil_defaultlib.Mult_Add_Pipelined_COL_xbip_dsp4...
Compiling module xil_defaultlib.Mult_Add_Pipelined_COL_multadd_d...
Compiling module xil_defaultlib.Mult_Add_Pipelined_COL_xbip_mult...
Compiling module xil_defaultlib.Mult_Add_Pipelined_COL_xbip_mult...
Compiling module xil_defaultlib.Mult_Add_Pipelined_COL_HD413
Compiling module xil_defaultlib.Mult_Add_Pipelined_COL_xbip_dsp4...
Compiling module xil_defaultlib.Mult_Add_Pipelined_COL_xbip_dsp4...
Compiling module xil_defaultlib.Mult_Add_Pipelined_COL_xbip_dsp4...
Compiling module xil_defaultlib.Mult_Add_Pipelined_COL_multadd_d...
Compiling module xil_defaultlib.Mult_Add_Pipelined_COL_xbip_mult...
Compiling module xil_defaultlib.Mult_Add_Pipelined_COL_xbip_mult...
Compiling module xil_defaultlib.Mult_Add_Pipelined_COL_HD420
Compiling module xil_defaultlib.Mult_Add_Pipelined_COL_xbip_dsp4...
Compiling module xil_defaultlib.Mult_Add_Pipelined_COL_xbip_dsp4...
Compiling module xil_defaultlib.Mult_Add_Pipelined_COL_xbip_dsp4...
Compiling module xil_defaultlib.Mult_Add_Pipelined_COL_multadd_d...
Compiling module xil_defaultlib.Mult_Add_Pipelined_COL_xbip_mult...
Compiling module xil_defaultlib.Mult_Add_Pipelined_COL_xbip_mult...
Compiling module xil_defaultlib.Mult_Add_Pipelined_COL_HD427
Compiling module xil_defaultlib.Mult_Add_Pipelined_COL_xbip_dsp4...
Compiling module xil_defaultlib.Mult_Add_Pipelined_COL_xbip_dsp4...
Compiling module xil_defaultlib.Mult_Add_Pipelined_COL_xbip_dsp4...
Compiling module xil_defaultlib.Mult_Add_Pipelined_COL_multadd_d...
Compiling module xil_defaultlib.Mult_Add_Pipelined_COL_xbip_mult...
Compiling module xil_defaultlib.Mult_Add_Pipelined_COL_xbip_mult...
Compiling module xil_defaultlib.Mult_Add_Pipelined_COL_HD434
Compiling module xil_defaultlib.Mult_Add_Pipelined_COL_xbip_dsp4...
Compiling module xil_defaultlib.Mult_Add_Pipelined_COL_xbip_dsp4...
Compiling module xil_defaultlib.Mult_Add_Pipelined_COL_xbip_dsp4...
Compiling module xil_defaultlib.Mult_Add_Pipelined_COL_multadd_d...
Compiling module xil_defaultlib.Mult_Add_Pipelined_COL_xbip_mult...
Compiling module xil_defaultlib.Mult_Add_Pipelined_COL_xbip_mult...
Compiling module xil_defaultlib.Mult_Add_Pipelined_COL_HD441
Compiling module xil_defaultlib.Mult_Add_Pipelined_COL_xbip_dsp4...
Compiling module xil_defaultlib.Mult_Add_Pipelined_COL_xbip_dsp4...
Compiling module xil_defaultlib.Mult_Add_Pipelined_COL_xbip_dsp4...
Compiling module xil_defaultlib.Mult_Add_Pipelined_COL_multadd_d...
Compiling module xil_defaultlib.Mult_Add_Pipelined_COL_xbip_mult...
Compiling module xil_defaultlib.Mult_Add_Pipelined_COL_xbip_mult...
Compiling module xil_defaultlib.Mult_Add_Pipelined_COL_HD448
Compiling module xil_defaultlib.Mult_Add_Pipelined_COL_xbip_dsp4...
Compiling module xil_defaultlib.Mult_Add_Pipelined_COL_xbip_dsp4...
Compiling module xil_defaultlib.Mult_Add_Pipelined_COL_xbip_dsp4...
Compiling module xil_defaultlib.Mult_Add_Pipelined_COL_multadd_d...
Compiling module xil_defaultlib.Mult_Add_Pipelined_COL_xbip_mult...
Compiling module xil_defaultlib.Mult_Add_Pipelined_COL_xbip_mult...
Compiling module xil_defaultlib.Mult_Add_Pipelined_COL_HD455
Compiling module xil_defaultlib.Mult_Add_Pipelined_COL_xbip_dsp4...
Compiling module xil_defaultlib.Mult_Add_Pipelined_COL_xbip_dsp4...
Compiling module xil_defaultlib.Mult_Add_Pipelined_COL_xbip_dsp4...
Compiling module xil_defaultlib.Mult_Add_Pipelined_COL_multadd_d...
Compiling module xil_defaultlib.Mult_Add_Pipelined_COL_xbip_mult...
Compiling module xil_defaultlib.Mult_Add_Pipelined_COL_xbip_mult...
Compiling module xil_defaultlib.Mult_Add_Pipelined_COL_HD462
Compiling module xil_defaultlib.Conv_Kernel_3by3__parameterized1
Compiling module xil_defaultlib.Mult_Add_Pipelined_NC_xbip_dsp48...
Compiling module xil_defaultlib.Mult_Add_Pipelined_NC_xbip_dsp48...
Compiling module xil_defaultlib.Mult_Add_Pipelined_NC_xbip_dsp48...
Compiling module xil_defaultlib.Mult_Add_Pipelined_NC_multadd_ds...
Compiling module xil_defaultlib.Mult_Add_Pipelined_NC_xbip_multa...
Compiling module xil_defaultlib.Mult_Add_Pipelined_NC_xbip_multa...
Compiling module xil_defaultlib.Mult_Add_Pipelined_NC_HD40
Compiling module xil_defaultlib.Mult_Add_Pipelined_COL_xbip_dsp4...
Compiling module xil_defaultlib.Mult_Add_Pipelined_COL_xbip_dsp4...
Compiling module xil_defaultlib.Mult_Add_Pipelined_COL_xbip_dsp4...
Compiling module xil_defaultlib.Mult_Add_Pipelined_COL_multadd_d...
Compiling module xil_defaultlib.Mult_Add_Pipelined_COL_xbip_mult...
Compiling module xil_defaultlib.Mult_Add_Pipelined_COL_xbip_mult...
Compiling module xil_defaultlib.Mult_Add_Pipelined_COL_HD469
Compiling module xil_defaultlib.Mult_Add_Pipelined_COL_xbip_dsp4...
Compiling module xil_defaultlib.Mult_Add_Pipelined_COL_xbip_dsp4...
Compiling module xil_defaultlib.Mult_Add_Pipelined_COL_xbip_dsp4...
Compiling module xil_defaultlib.Mult_Add_Pipelined_COL_multadd_d...
Compiling module xil_defaultlib.Mult_Add_Pipelined_COL_xbip_mult...
Compiling module xil_defaultlib.Mult_Add_Pipelined_COL_xbip_mult...
Compiling module xil_defaultlib.Mult_Add_Pipelined_COL_HD476
Compiling module xil_defaultlib.Mult_Add_Pipelined_COL_xbip_dsp4...
Compiling module xil_defaultlib.Mult_Add_Pipelined_COL_xbip_dsp4...
Compiling module xil_defaultlib.Mult_Add_Pipelined_COL_xbip_dsp4...
Compiling module xil_defaultlib.Mult_Add_Pipelined_COL_multadd_d...
Compiling module xil_defaultlib.Mult_Add_Pipelined_COL_xbip_mult...
Compiling module xil_defaultlib.Mult_Add_Pipelined_COL_xbip_mult...
Compiling module xil_defaultlib.Mult_Add_Pipelined_COL_HD483
Compiling module xil_defaultlib.Mult_Add_Pipelined_COL_xbip_dsp4...
Compiling module xil_defaultlib.Mult_Add_Pipelined_COL_xbip_dsp4...
Compiling module xil_defaultlib.Mult_Add_Pipelined_COL_xbip_dsp4...
Compiling module xil_defaultlib.Mult_Add_Pipelined_COL_multadd_d...
Compiling module xil_defaultlib.Mult_Add_Pipelined_COL_xbip_mult...
Compiling module xil_defaultlib.Mult_Add_Pipelined_COL_xbip_mult...
Compiling module xil_defaultlib.Mult_Add_Pipelined_COL_HD490
Compiling module xil_defaultlib.Mult_Add_Pipelined_COL_xbip_dsp4...
Compiling module xil_defaultlib.Mult_Add_Pipelined_COL_xbip_dsp4...
Compiling module xil_defaultlib.Mult_Add_Pipelined_COL_xbip_dsp4...
Compiling module xil_defaultlib.Mult_Add_Pipelined_COL_multadd_d...
Compiling module xil_defaultlib.Mult_Add_Pipelined_COL_xbip_mult...
Compiling module xil_defaultlib.Mult_Add_Pipelined_COL_xbip_mult...
Compiling module xil_defaultlib.Mult_Add_Pipelined_COL_HD497
Compiling module xil_defaultlib.Mult_Add_Pipelined_COL_xbip_dsp4...
Compiling module xil_defaultlib.Mult_Add_Pipelined_COL_xbip_dsp4...
Compiling module xil_defaultlib.Mult_Add_Pipelined_COL_xbip_dsp4...
Compiling module xil_defaultlib.Mult_Add_Pipelined_COL_multadd_d...
Compiling module xil_defaultlib.Mult_Add_Pipelined_COL_xbip_mult...
Compiling module xil_defaultlib.Mult_Add_Pipelined_COL_xbip_mult...
Compiling module xil_defaultlib.Mult_Add_Pipelined_COL_HD504
Compiling module xil_defaultlib.Mult_Add_Pipelined_COL_xbip_dsp4...
Compiling module xil_defaultlib.Mult_Add_Pipelined_COL_xbip_dsp4...
Compiling module xil_defaultlib.Mult_Add_Pipelined_COL_xbip_dsp4...
Compiling module xil_defaultlib.Mult_Add_Pipelined_COL_multadd_d...
Compiling module xil_defaultlib.Mult_Add_Pipelined_COL_xbip_mult...
Compiling module xil_defaultlib.Mult_Add_Pipelined_COL_xbip_mult...
Compiling module xil_defaultlib.Mult_Add_Pipelined_COL_HD511
Compiling module xil_defaultlib.Mult_Add_Pipelined_COL_xbip_dsp4...
Compiling module xil_defaultlib.Mult_Add_Pipelined_COL_xbip_dsp4...
Compiling module xil_defaultlib.Mult_Add_Pipelined_COL_xbip_dsp4...
Compiling module xil_defaultlib.Mult_Add_Pipelined_COL_multadd_d...
Compiling module xil_defaultlib.Mult_Add_Pipelined_COL_xbip_mult...
Compiling module xil_defaultlib.Mult_Add_Pipelined_COL_xbip_mult...
Compiling module xil_defaultlib.Mult_Add_Pipelined_COL_HD518
Compiling module xil_defaultlib.Conv_Kernel_3by3__parameterized2
Compiling module xil_defaultlib.Mult_Add_Pipelined_NC_xbip_dsp48...
Compiling module xil_defaultlib.Mult_Add_Pipelined_NC_xbip_dsp48...
Compiling module xil_defaultlib.Mult_Add_Pipelined_NC_xbip_dsp48...
Compiling module xil_defaultlib.Mult_Add_Pipelined_NC_multadd_ds...
Compiling module xil_defaultlib.Mult_Add_Pipelined_NC_xbip_multa...
Compiling module xil_defaultlib.Mult_Add_Pipelined_NC_xbip_multa...
Compiling module xil_defaultlib.Mult_Add_Pipelined_NC_HD47
Compiling module xil_defaultlib.Mult_Add_Pipelined_COL_xbip_dsp4...
Compiling module xil_defaultlib.Mult_Add_Pipelined_COL_xbip_dsp4...
Compiling module xil_defaultlib.Mult_Add_Pipelined_COL_xbip_dsp4...
Compiling module xil_defaultlib.Mult_Add_Pipelined_COL_multadd_d...
Compiling module xil_defaultlib.Mult_Add_Pipelined_COL_xbip_mult...
Compiling module xil_defaultlib.Mult_Add_Pipelined_COL_xbip_mult...
Compiling module xil_defaultlib.Mult_Add_Pipelined_COL_HD525
Compiling module xil_defaultlib.Mult_Add_Pipelined_COL_xbip_dsp4...
Compiling module xil_defaultlib.Mult_Add_Pipelined_COL_xbip_dsp4...
Compiling module xil_defaultlib.Mult_Add_Pipelined_COL_xbip_dsp4...
Compiling module xil_defaultlib.Mult_Add_Pipelined_COL_multadd_d...
Compiling module xil_defaultlib.Mult_Add_Pipelined_COL_xbip_mult...
Compiling module xil_defaultlib.Mult_Add_Pipelined_COL_xbip_mult...
Compiling module xil_defaultlib.Mult_Add_Pipelined_COL_HD532
Compiling module xil_defaultlib.Mult_Add_Pipelined_COL_xbip_dsp4...
Compiling module xil_defaultlib.Mult_Add_Pipelined_COL_xbip_dsp4...
Compiling module xil_defaultlib.Mult_Add_Pipelined_COL_xbip_dsp4...
Compiling module xil_defaultlib.Mult_Add_Pipelined_COL_multadd_d...
Compiling module xil_defaultlib.Mult_Add_Pipelined_COL_xbip_mult...
Compiling module xil_defaultlib.Mult_Add_Pipelined_COL_xbip_mult...
Compiling module xil_defaultlib.Mult_Add_Pipelined_COL_HD539
Compiling module xil_defaultlib.Mult_Add_Pipelined_COL_xbip_dsp4...
Compiling module xil_defaultlib.Mult_Add_Pipelined_COL_xbip_dsp4...
Compiling module xil_defaultlib.Mult_Add_Pipelined_COL_xbip_dsp4...
Compiling module xil_defaultlib.Mult_Add_Pipelined_COL_multadd_d...
Compiling module xil_defaultlib.Mult_Add_Pipelined_COL_xbip_mult...
Compiling module xil_defaultlib.Mult_Add_Pipelined_COL_xbip_mult...
Compiling module xil_defaultlib.Mult_Add_Pipelined_COL_HD546
Compiling module xil_defaultlib.Mult_Add_Pipelined_COL_xbip_dsp4...
Compiling module xil_defaultlib.Mult_Add_Pipelined_COL_xbip_dsp4...
Compiling module xil_defaultlib.Mult_Add_Pipelined_COL_xbip_dsp4...
Compiling module xil_defaultlib.Mult_Add_Pipelined_COL_multadd_d...
Compiling module xil_defaultlib.Mult_Add_Pipelined_COL_xbip_mult...
Compiling module xil_defaultlib.Mult_Add_Pipelined_COL_xbip_mult...
Compiling module xil_defaultlib.Mult_Add_Pipelined_COL_HD553
Compiling module xil_defaultlib.Mult_Add_Pipelined_COL_xbip_dsp4...
Compiling module xil_defaultlib.Mult_Add_Pipelined_COL_xbip_dsp4...
Compiling module xil_defaultlib.Mult_Add_Pipelined_COL_xbip_dsp4...
Compiling module xil_defaultlib.Mult_Add_Pipelined_COL_multadd_d...
Compiling module xil_defaultlib.Mult_Add_Pipelined_COL_xbip_mult...
Compiling module xil_defaultlib.Mult_Add_Pipelined_COL_xbip_mult...
Compiling module xil_defaultlib.Mult_Add_Pipelined_COL_HD560
Compiling module xil_defaultlib.Mult_Add_Pipelined_COL_xbip_dsp4...
Compiling module xil_defaultlib.Mult_Add_Pipelined_COL_xbip_dsp4...
Compiling module xil_defaultlib.Mult_Add_Pipelined_COL_xbip_dsp4...
Compiling module xil_defaultlib.Mult_Add_Pipelined_COL_multadd_d...
Compiling module xil_defaultlib.Mult_Add_Pipelined_COL_xbip_mult...
Compiling module xil_defaultlib.Mult_Add_Pipelined_COL_xbip_mult...
Compiling module xil_defaultlib.Mult_Add_Pipelined_COL_HD567
Compiling module xil_defaultlib.Mult_Add_Pipelined_COL_xbip_dsp4...
Compiling module xil_defaultlib.Mult_Add_Pipelined_COL_xbip_dsp4...
Compiling module xil_defaultlib.Mult_Add_Pipelined_COL_xbip_dsp4...
Compiling module xil_defaultlib.Mult_Add_Pipelined_COL_multadd_d...
Compiling module xil_defaultlib.Mult_Add_Pipelined_COL_xbip_mult...
Compiling module xil_defaultlib.Mult_Add_Pipelined_COL_xbip_mult...
Compiling module xil_defaultlib.Mult_Add_Pipelined_COL_HD574
Compiling module xil_defaultlib.Conv_Kernel_3by3__parameterized3
Compiling module xil_defaultlib.Mult_Add_Pipelined_NC_xbip_dsp48...
Compiling module xil_defaultlib.Mult_Add_Pipelined_NC_xbip_dsp48...
Compiling module xil_defaultlib.Mult_Add_Pipelined_NC_xbip_dsp48...
Compiling module xil_defaultlib.Mult_Add_Pipelined_NC_multadd_ds...
Compiling module xil_defaultlib.Mult_Add_Pipelined_NC_xbip_multa...
Compiling module xil_defaultlib.Mult_Add_Pipelined_NC_xbip_multa...
Compiling module xil_defaultlib.Mult_Add_Pipelined_NC_HD54
Compiling module xil_defaultlib.Mult_Add_Pipelined_COL_xbip_dsp4...
Compiling module xil_defaultlib.Mult_Add_Pipelined_COL_xbip_dsp4...
Compiling module xil_defaultlib.Mult_Add_Pipelined_COL_xbip_dsp4...
Compiling module xil_defaultlib.Mult_Add_Pipelined_COL_multadd_d...
Compiling module xil_defaultlib.Mult_Add_Pipelined_COL_xbip_mult...
Compiling module xil_defaultlib.Mult_Add_Pipelined_COL_xbip_mult...
Compiling module xil_defaultlib.Mult_Add_Pipelined_COL_HD581
Compiling module xil_defaultlib.Mult_Add_Pipelined_COL_xbip_dsp4...
Compiling module xil_defaultlib.Mult_Add_Pipelined_COL_xbip_dsp4...
Compiling module xil_defaultlib.Mult_Add_Pipelined_COL_xbip_dsp4...
Compiling module xil_defaultlib.Mult_Add_Pipelined_COL_multadd_d...
Compiling module xil_defaultlib.Mult_Add_Pipelined_COL_xbip_mult...
Compiling module xil_defaultlib.Mult_Add_Pipelined_COL_xbip_mult...
Compiling module xil_defaultlib.Mult_Add_Pipelined_COL_HD588
Compiling module xil_defaultlib.Mult_Add_Pipelined_COL_xbip_dsp4...
Compiling module xil_defaultlib.Mult_Add_Pipelined_COL_xbip_dsp4...
Compiling module xil_defaultlib.Mult_Add_Pipelined_COL_xbip_dsp4...
Compiling module xil_defaultlib.Mult_Add_Pipelined_COL_multadd_d...
Compiling module xil_defaultlib.Mult_Add_Pipelined_COL_xbip_mult...
Compiling module xil_defaultlib.Mult_Add_Pipelined_COL_xbip_mult...
Compiling module xil_defaultlib.Mult_Add_Pipelined_COL_HD595
Compiling module xil_defaultlib.Mult_Add_Pipelined_COL_xbip_dsp4...
Compiling module xil_defaultlib.Mult_Add_Pipelined_COL_xbip_dsp4...
Compiling module xil_defaultlib.Mult_Add_Pipelined_COL_xbip_dsp4...
Compiling module xil_defaultlib.Mult_Add_Pipelined_COL_multadd_d...
Compiling module xil_defaultlib.Mult_Add_Pipelined_COL_xbip_mult...
Compiling module xil_defaultlib.Mult_Add_Pipelined_COL_xbip_mult...
Compiling module xil_defaultlib.Mult_Add_Pipelined_COL_HD602
Compiling module xil_defaultlib.Mult_Add_Pipelined_COL_xbip_dsp4...
Compiling module xil_defaultlib.Mult_Add_Pipelined_COL_xbip_dsp4...
Compiling module xil_defaultlib.Mult_Add_Pipelined_COL_xbip_dsp4...
Compiling module xil_defaultlib.Mult_Add_Pipelined_COL_multadd_d...
Compiling module xil_defaultlib.Mult_Add_Pipelined_COL_xbip_mult...
Compiling module xil_defaultlib.Mult_Add_Pipelined_COL_xbip_mult...
Compiling module xil_defaultlib.Mult_Add_Pipelined_COL_HD609
Compiling module xil_defaultlib.Mult_Add_Pipelined_COL_xbip_dsp4...
Compiling module xil_defaultlib.Mult_Add_Pipelined_COL_xbip_dsp4...
Compiling module xil_defaultlib.Mult_Add_Pipelined_COL_xbip_dsp4...
Compiling module xil_defaultlib.Mult_Add_Pipelined_COL_multadd_d...
Compiling module xil_defaultlib.Mult_Add_Pipelined_COL_xbip_mult...
Compiling module xil_defaultlib.Mult_Add_Pipelined_COL_xbip_mult...
Compiling module xil_defaultlib.Mult_Add_Pipelined_COL_HD616
Compiling module xil_defaultlib.Mult_Add_Pipelined_COL_xbip_dsp4...
Compiling module xil_defaultlib.Mult_Add_Pipelined_COL_xbip_dsp4...
Compiling module xil_defaultlib.Mult_Add_Pipelined_COL_xbip_dsp4...
Compiling module xil_defaultlib.Mult_Add_Pipelined_COL_multadd_d...
Compiling module xil_defaultlib.Mult_Add_Pipelined_COL_xbip_mult...
Compiling module xil_defaultlib.Mult_Add_Pipelined_COL_xbip_mult...
Compiling module xil_defaultlib.Mult_Add_Pipelined_COL_HD623
Compiling module xil_defaultlib.Mult_Add_Pipelined_COL_xbip_dsp4...
Compiling module xil_defaultlib.Mult_Add_Pipelined_COL_xbip_dsp4...
Compiling module xil_defaultlib.Mult_Add_Pipelined_COL_xbip_dsp4...
Compiling module xil_defaultlib.Mult_Add_Pipelined_COL_multadd_d...
Compiling module xil_defaultlib.Mult_Add_Pipelined_COL_xbip_mult...
Compiling module xil_defaultlib.Mult_Add_Pipelined_COL_xbip_mult...
Compiling module xil_defaultlib.Mult_Add_Pipelined_COL_HD630
Compiling module xil_defaultlib.Conv_Kernel_3by3__parameterized4
Compiling module xil_defaultlib.Conv_Layer_1
Compiling module xil_defaultlib.Mult_Add_Pipelined_NC_xbip_dsp48...
Compiling module xil_defaultlib.Mult_Add_Pipelined_NC_xbip_dsp48...
Compiling module xil_defaultlib.Mult_Add_Pipelined_NC_xbip_dsp48...
Compiling module xil_defaultlib.Mult_Add_Pipelined_NC_multadd_ds...
Compiling module xil_defaultlib.Mult_Add_Pipelined_NC_xbip_multa...
Compiling module xil_defaultlib.Mult_Add_Pipelined_NC_xbip_multa...
Compiling module xil_defaultlib.Mult_Add_Pipelined_NC_HD68
Compiling module xil_defaultlib.Mult_Add_Pipelined_COL_xbip_dsp4...
Compiling module xil_defaultlib.Mult_Add_Pipelined_COL_xbip_dsp4...
Compiling module xil_defaultlib.Mult_Add_Pipelined_COL_xbip_dsp4...
Compiling module xil_defaultlib.Mult_Add_Pipelined_COL_multadd_d...
Compiling module xil_defaultlib.Mult_Add_Pipelined_COL_xbip_mult...
Compiling module xil_defaultlib.Mult_Add_Pipelined_COL_xbip_mult...
Compiling module xil_defaultlib.Mult_Add_Pipelined_COL_HD658
Compiling module xil_defaultlib.Mult_Add_Pipelined_COL_xbip_dsp4...
Compiling module xil_defaultlib.Mult_Add_Pipelined_COL_xbip_dsp4...
Compiling module xil_defaultlib.Mult_Add_Pipelined_COL_xbip_dsp4...
Compiling module xil_defaultlib.Mult_Add_Pipelined_COL_multadd_d...
Compiling module xil_defaultlib.Mult_Add_Pipelined_COL_xbip_mult...
Compiling module xil_defaultlib.Mult_Add_Pipelined_COL_xbip_mult...
Compiling module xil_defaultlib.Mult_Add_Pipelined_COL_HD665
Compiling module xil_defaultlib.Mult_Add_Pipelined_COL_xbip_dsp4...
Compiling module xil_defaultlib.Mult_Add_Pipelined_COL_xbip_dsp4...
Compiling module xil_defaultlib.Mult_Add_Pipelined_COL_xbip_dsp4...
Compiling module xil_defaultlib.Mult_Add_Pipelined_COL_multadd_d...
Compiling module xil_defaultlib.Mult_Add_Pipelined_COL_xbip_mult...
Compiling module xil_defaultlib.Mult_Add_Pipelined_COL_xbip_mult...
Compiling module xil_defaultlib.Mult_Add_Pipelined_COL_HD672
Compiling module xil_defaultlib.Conv_Kernel_2by2__xdcDup__1
Compiling module xil_defaultlib.Mult_Add_Pipelined_NC_xbip_dsp48...
Compiling module xil_defaultlib.Mult_Add_Pipelined_NC_xbip_dsp48...
Compiling module xil_defaultlib.Mult_Add_Pipelined_NC_xbip_dsp48...
Compiling module xil_defaultlib.Mult_Add_Pipelined_NC_multadd_ds...
Compiling module xil_defaultlib.Mult_Add_Pipelined_NC_xbip_multa...
Compiling module xil_defaultlib.Mult_Add_Pipelined_NC_xbip_multa...
Compiling module xil_defaultlib.Mult_Add_Pipelined_NC_HD82
Compiling module xil_defaultlib.Mult_Add_Pipelined_COL_xbip_dsp4...
Compiling module xil_defaultlib.Mult_Add_Pipelined_COL_xbip_dsp4...
Compiling module xil_defaultlib.Mult_Add_Pipelined_COL_xbip_dsp4...
Compiling module xil_defaultlib.Mult_Add_Pipelined_COL_multadd_d...
Compiling module xil_defaultlib.Mult_Add_Pipelined_COL_xbip_mult...
Compiling module xil_defaultlib.Mult_Add_Pipelined_COL_xbip_mult...
Compiling module xil_defaultlib.Mult_Add_Pipelined_COL_HD700
Compiling module xil_defaultlib.Mult_Add_Pipelined_COL_xbip_dsp4...
Compiling module xil_defaultlib.Mult_Add_Pipelined_COL_xbip_dsp4...
Compiling module xil_defaultlib.Mult_Add_Pipelined_COL_xbip_dsp4...
Compiling module xil_defaultlib.Mult_Add_Pipelined_COL_multadd_d...
Compiling module xil_defaultlib.Mult_Add_Pipelined_COL_xbip_mult...
Compiling module xil_defaultlib.Mult_Add_Pipelined_COL_xbip_mult...
Compiling module xil_defaultlib.Mult_Add_Pipelined_COL_HD707
Compiling module xil_defaultlib.Mult_Add_Pipelined_COL_xbip_dsp4...
Compiling module xil_defaultlib.Mult_Add_Pipelined_COL_xbip_dsp4...
Compiling module xil_defaultlib.Mult_Add_Pipelined_COL_xbip_dsp4...
Compiling module xil_defaultlib.Mult_Add_Pipelined_COL_multadd_d...
Compiling module xil_defaultlib.Mult_Add_Pipelined_COL_xbip_mult...
Compiling module xil_defaultlib.Mult_Add_Pipelined_COL_xbip_mult...
Compiling module xil_defaultlib.Mult_Add_Pipelined_COL_HD714
Compiling module xil_defaultlib.Conv_Kernel_2by2__xdcDup__11
Compiling module xil_defaultlib.Mult_Add_Pipelined_NC_xbip_dsp48...
Compiling module xil_defaultlib.Mult_Add_Pipelined_NC_xbip_dsp48...
Compiling module xil_defaultlib.Mult_Add_Pipelined_NC_xbip_dsp48...
Compiling module xil_defaultlib.Mult_Add_Pipelined_NC_multadd_ds...
Compiling module xil_defaultlib.Mult_Add_Pipelined_NC_xbip_multa...
Compiling module xil_defaultlib.Mult_Add_Pipelined_NC_xbip_multa...
Compiling module xil_defaultlib.Mult_Add_Pipelined_NC_HD89
Compiling module xil_defaultlib.Mult_Add_Pipelined_COL_xbip_dsp4...
Compiling module xil_defaultlib.Mult_Add_Pipelined_COL_xbip_dsp4...
Compiling module xil_defaultlib.Mult_Add_Pipelined_COL_xbip_dsp4...
Compiling module xil_defaultlib.Mult_Add_Pipelined_COL_multadd_d...
Compiling module xil_defaultlib.Mult_Add_Pipelined_COL_xbip_mult...
Compiling module xil_defaultlib.Mult_Add_Pipelined_COL_xbip_mult...
Compiling module xil_defaultlib.Mult_Add_Pipelined_COL_HD721
Compiling module xil_defaultlib.Mult_Add_Pipelined_COL_xbip_dsp4...
Compiling module xil_defaultlib.Mult_Add_Pipelined_COL_xbip_dsp4...
Compiling module xil_defaultlib.Mult_Add_Pipelined_COL_xbip_dsp4...
Compiling module xil_defaultlib.Mult_Add_Pipelined_COL_multadd_d...
Compiling module xil_defaultlib.Mult_Add_Pipelined_COL_xbip_mult...
Compiling module xil_defaultlib.Mult_Add_Pipelined_COL_xbip_mult...
Compiling module xil_defaultlib.Mult_Add_Pipelined_COL_HD728
Compiling module xil_defaultlib.Mult_Add_Pipelined_COL_xbip_dsp4...
Compiling module xil_defaultlib.Mult_Add_Pipelined_COL_xbip_dsp4...
Compiling module xil_defaultlib.Mult_Add_Pipelined_COL_xbip_dsp4...
Compiling module xil_defaultlib.Mult_Add_Pipelined_COL_multadd_d...
Compiling module xil_defaultlib.Mult_Add_Pipelined_COL_xbip_mult...
Compiling module xil_defaultlib.Mult_Add_Pipelined_COL_xbip_mult...
Compiling module xil_defaultlib.Mult_Add_Pipelined_COL_HD735
Compiling module xil_defaultlib.Conv_Kernel_2by2__xdcDup__12
Compiling module xil_defaultlib.Mult_Add_Pipelined_NC_xbip_dsp48...
Compiling module xil_defaultlib.Mult_Add_Pipelined_NC_xbip_dsp48...
Compiling module xil_defaultlib.Mult_Add_Pipelined_NC_xbip_dsp48...
Compiling module xil_defaultlib.Mult_Add_Pipelined_NC_multadd_ds...
Compiling module xil_defaultlib.Mult_Add_Pipelined_NC_xbip_multa...
Compiling module xil_defaultlib.Mult_Add_Pipelined_NC_xbip_multa...
Compiling module xil_defaultlib.Mult_Add_Pipelined_NC_HD96
Compiling module xil_defaultlib.Mult_Add_Pipelined_COL_xbip_dsp4...
Compiling module xil_defaultlib.Mult_Add_Pipelined_COL_xbip_dsp4...
Compiling module xil_defaultlib.Mult_Add_Pipelined_COL_xbip_dsp4...
Compiling module xil_defaultlib.Mult_Add_Pipelined_COL_multadd_d...
Compiling module xil_defaultlib.Mult_Add_Pipelined_COL_xbip_mult...
Compiling module xil_defaultlib.Mult_Add_Pipelined_COL_xbip_mult...
Compiling module xil_defaultlib.Mult_Add_Pipelined_COL_HD742
Compiling module xil_defaultlib.Mult_Add_Pipelined_COL_xbip_dsp4...
Compiling module xil_defaultlib.Mult_Add_Pipelined_COL_xbip_dsp4...
Compiling module xil_defaultlib.Mult_Add_Pipelined_COL_xbip_dsp4...
Compiling module xil_defaultlib.Mult_Add_Pipelined_COL_multadd_d...
Compiling module xil_defaultlib.Mult_Add_Pipelined_COL_xbip_mult...
Compiling module xil_defaultlib.Mult_Add_Pipelined_COL_xbip_mult...
Compiling module xil_defaultlib.Mult_Add_Pipelined_COL_HD749
Compiling module xil_defaultlib.Mult_Add_Pipelined_COL_xbip_dsp4...
Compiling module xil_defaultlib.Mult_Add_Pipelined_COL_xbip_dsp4...
Compiling module xil_defaultlib.Mult_Add_Pipelined_COL_xbip_dsp4...
Compiling module xil_defaultlib.Mult_Add_Pipelined_COL_multadd_d...
Compiling module xil_defaultlib.Mult_Add_Pipelined_COL_xbip_mult...
Compiling module xil_defaultlib.Mult_Add_Pipelined_COL_xbip_mult...
Compiling module xil_defaultlib.Mult_Add_Pipelined_COL_HD756
Compiling module xil_defaultlib.Conv_Kernel_2by2__xdcDup__13
Compiling module xil_defaultlib.Mult_Add_Pipelined_NC_xbip_dsp48...
Compiling module xil_defaultlib.Mult_Add_Pipelined_NC_xbip_dsp48...
Compiling module xil_defaultlib.Mult_Add_Pipelined_NC_xbip_dsp48...
Compiling module xil_defaultlib.Mult_Add_Pipelined_NC_multadd_ds...
Compiling module xil_defaultlib.Mult_Add_Pipelined_NC_xbip_multa...
Compiling module xil_defaultlib.Mult_Add_Pipelined_NC_xbip_multa...
Compiling module xil_defaultlib.Mult_Add_Pipelined_NC_HD103
Compiling module xil_defaultlib.Mult_Add_Pipelined_COL_xbip_dsp4...
Compiling module xil_defaultlib.Mult_Add_Pipelined_COL_xbip_dsp4...
Compiling module xil_defaultlib.Mult_Add_Pipelined_COL_xbip_dsp4...
Compiling module xil_defaultlib.Mult_Add_Pipelined_COL_multadd_d...
Compiling module xil_defaultlib.Mult_Add_Pipelined_COL_xbip_mult...
Compiling module xil_defaultlib.Mult_Add_Pipelined_COL_xbip_mult...
Compiling module xil_defaultlib.Mult_Add_Pipelined_COL_HD763
Compiling module xil_defaultlib.Mult_Add_Pipelined_COL_xbip_dsp4...
Compiling module xil_defaultlib.Mult_Add_Pipelined_COL_xbip_dsp4...
Compiling module xil_defaultlib.Mult_Add_Pipelined_COL_xbip_dsp4...
Compiling module xil_defaultlib.Mult_Add_Pipelined_COL_multadd_d...
Compiling module xil_defaultlib.Mult_Add_Pipelined_COL_xbip_mult...
Compiling module xil_defaultlib.Mult_Add_Pipelined_COL_xbip_mult...
Compiling module xil_defaultlib.Mult_Add_Pipelined_COL_HD770
Compiling module xil_defaultlib.Mult_Add_Pipelined_COL_xbip_dsp4...
Compiling module xil_defaultlib.Mult_Add_Pipelined_COL_xbip_dsp4...
Compiling module xil_defaultlib.Mult_Add_Pipelined_COL_xbip_dsp4...
Compiling module xil_defaultlib.Mult_Add_Pipelined_COL_multadd_d...
Compiling module xil_defaultlib.Mult_Add_Pipelined_COL_xbip_mult...
Compiling module xil_defaultlib.Mult_Add_Pipelined_COL_xbip_mult...
Compiling module xil_defaultlib.Mult_Add_Pipelined_COL_HD777
Compiling module xil_defaultlib.Conv_Kernel_2by2__xdcDup__14
Compiling module xil_defaultlib.Mult_Add_Pipelined_NC_xbip_dsp48...
Compiling module xil_defaultlib.Mult_Add_Pipelined_NC_xbip_dsp48...
Compiling module xil_defaultlib.Mult_Add_Pipelined_NC_xbip_dsp48...
Compiling module xil_defaultlib.Mult_Add_Pipelined_NC_multadd_ds...
Compiling module xil_defaultlib.Mult_Add_Pipelined_NC_xbip_multa...
Compiling module xil_defaultlib.Mult_Add_Pipelined_NC_xbip_multa...
Compiling module xil_defaultlib.Mult_Add_Pipelined_NC_HD110
Compiling module xil_defaultlib.Mult_Add_Pipelined_COL_xbip_dsp4...
Compiling module xil_defaultlib.Mult_Add_Pipelined_COL_xbip_dsp4...
Compiling module xil_defaultlib.Mult_Add_Pipelined_COL_xbip_dsp4...
Compiling module xil_defaultlib.Mult_Add_Pipelined_COL_multadd_d...
Compiling module xil_defaultlib.Mult_Add_Pipelined_COL_xbip_mult...
Compiling module xil_defaultlib.Mult_Add_Pipelined_COL_xbip_mult...
Compiling module xil_defaultlib.Mult_Add_Pipelined_COL_HD784
Compiling module xil_defaultlib.Mult_Add_Pipelined_COL_xbip_dsp4...
Compiling module xil_defaultlib.Mult_Add_Pipelined_COL_xbip_dsp4...
Compiling module xil_defaultlib.Mult_Add_Pipelined_COL_xbip_dsp4...
Compiling module xil_defaultlib.Mult_Add_Pipelined_COL_multadd_d...
Compiling module xil_defaultlib.Mult_Add_Pipelined_COL_xbip_mult...
Compiling module xil_defaultlib.Mult_Add_Pipelined_COL_xbip_mult...
Compiling module xil_defaultlib.Mult_Add_Pipelined_COL_HD791
Compiling module xil_defaultlib.Mult_Add_Pipelined_COL_xbip_dsp4...
Compiling module xil_defaultlib.Mult_Add_Pipelined_COL_xbip_dsp4...
Compiling module xil_defaultlib.Mult_Add_Pipelined_COL_xbip_dsp4...
Compiling module xil_defaultlib.Mult_Add_Pipelined_COL_multadd_d...
Compiling module xil_defaultlib.Mult_Add_Pipelined_COL_xbip_mult...
Compiling module xil_defaultlib.Mult_Add_Pipelined_COL_xbip_mult...
Compiling module xil_defaultlib.Mult_Add_Pipelined_COL_HD798
Compiling module xil_defaultlib.Conv_Kernel_2by2__xdcDup__15
Compiling module xil_defaultlib.Mult_Add_Pipelined_NC_xbip_dsp48...
Compiling module xil_defaultlib.Mult_Add_Pipelined_NC_xbip_dsp48...
Compiling module xil_defaultlib.Mult_Add_Pipelined_NC_xbip_dsp48...
Compiling module xil_defaultlib.Mult_Add_Pipelined_NC_multadd_ds...
Compiling module xil_defaultlib.Mult_Add_Pipelined_NC_xbip_multa...
Compiling module xil_defaultlib.Mult_Add_Pipelined_NC_xbip_multa...
Compiling module xil_defaultlib.Mult_Add_Pipelined_NC_HD117
Compiling module xil_defaultlib.Mult_Add_Pipelined_COL_xbip_dsp4...
Compiling module xil_defaultlib.Mult_Add_Pipelined_COL_xbip_dsp4...
Compiling module xil_defaultlib.Mult_Add_Pipelined_COL_xbip_dsp4...
Compiling module xil_defaultlib.Mult_Add_Pipelined_COL_multadd_d...
Compiling module xil_defaultlib.Mult_Add_Pipelined_COL_xbip_mult...
Compiling module xil_defaultlib.Mult_Add_Pipelined_COL_xbip_mult...
Compiling module xil_defaultlib.Mult_Add_Pipelined_COL_HD805
Compiling module xil_defaultlib.Mult_Add_Pipelined_COL_xbip_dsp4...
Compiling module xil_defaultlib.Mult_Add_Pipelined_COL_xbip_dsp4...
Compiling module xil_defaultlib.Mult_Add_Pipelined_COL_xbip_dsp4...
Compiling module xil_defaultlib.Mult_Add_Pipelined_COL_multadd_d...
Compiling module xil_defaultlib.Mult_Add_Pipelined_COL_xbip_mult...
Compiling module xil_defaultlib.Mult_Add_Pipelined_COL_xbip_mult...
Compiling module xil_defaultlib.Mult_Add_Pipelined_COL_HD812
Compiling module xil_defaultlib.Mult_Add_Pipelined_COL_xbip_dsp4...
Compiling module xil_defaultlib.Mult_Add_Pipelined_COL_xbip_dsp4...
Compiling module xil_defaultlib.Mult_Add_Pipelined_COL_xbip_dsp4...
Compiling module xil_defaultlib.Mult_Add_Pipelined_COL_multadd_d...
Compiling module xil_defaultlib.Mult_Add_Pipelined_COL_xbip_mult...
Compiling module xil_defaultlib.Mult_Add_Pipelined_COL_xbip_mult...
Compiling module xil_defaultlib.Mult_Add_Pipelined_COL_HD819
Compiling module xil_defaultlib.Conv_Kernel_2by2__xdcDup__16
Compiling module xil_defaultlib.Mult_Add_Pipelined_NC_xbip_dsp48...
Compiling module xil_defaultlib.Mult_Add_Pipelined_NC_xbip_dsp48...
Compiling module xil_defaultlib.Mult_Add_Pipelined_NC_xbip_dsp48...
Compiling module xil_defaultlib.Mult_Add_Pipelined_NC_multadd_ds...
Compiling module xil_defaultlib.Mult_Add_Pipelined_NC_xbip_multa...
Compiling module xil_defaultlib.Mult_Add_Pipelined_NC_xbip_multa...
Compiling module xil_defaultlib.Mult_Add_Pipelined_NC_HD124
Compiling module xil_defaultlib.Mult_Add_Pipelined_COL_xbip_dsp4...
Compiling module xil_defaultlib.Mult_Add_Pipelined_COL_xbip_dsp4...
Compiling module xil_defaultlib.Mult_Add_Pipelined_COL_xbip_dsp4...
Compiling module xil_defaultlib.Mult_Add_Pipelined_COL_multadd_d...
Compiling module xil_defaultlib.Mult_Add_Pipelined_COL_xbip_mult...
Compiling module xil_defaultlib.Mult_Add_Pipelined_COL_xbip_mult...
Compiling module xil_defaultlib.Mult_Add_Pipelined_COL_HD826
Compiling module xil_defaultlib.Mult_Add_Pipelined_COL_xbip_dsp4...
Compiling module xil_defaultlib.Mult_Add_Pipelined_COL_xbip_dsp4...
Compiling module xil_defaultlib.Mult_Add_Pipelined_COL_xbip_dsp4...
Compiling module xil_defaultlib.Mult_Add_Pipelined_COL_multadd_d...
Compiling module xil_defaultlib.Mult_Add_Pipelined_COL_xbip_mult...
Compiling module xil_defaultlib.Mult_Add_Pipelined_COL_xbip_mult...
Compiling module xil_defaultlib.Mult_Add_Pipelined_COL_HD833
Compiling module xil_defaultlib.Mult_Add_Pipelined_COL_xbip_dsp4...
Compiling module xil_defaultlib.Mult_Add_Pipelined_COL_xbip_dsp4...
Compiling module xil_defaultlib.Mult_Add_Pipelined_COL_xbip_dsp4...
Compiling module xil_defaultlib.Mult_Add_Pipelined_COL_multadd_d...
Compiling module xil_defaultlib.Mult_Add_Pipelined_COL_xbip_mult...
Compiling module xil_defaultlib.Mult_Add_Pipelined_COL_xbip_mult...
Compiling module xil_defaultlib.Mult_Add_Pipelined_COL_HD840
Compiling module xil_defaultlib.Conv_Kernel_2by2__xdcDup__17
Compiling module xil_defaultlib.Mult_Add_Pipelined_NC_xbip_dsp48...
Compiling module xil_defaultlib.Mult_Add_Pipelined_NC_xbip_dsp48...
Compiling module xil_defaultlib.Mult_Add_Pipelined_NC_xbip_dsp48...
Compiling module xil_defaultlib.Mult_Add_Pipelined_NC_multadd_ds...
Compiling module xil_defaultlib.Mult_Add_Pipelined_NC_xbip_multa...
Compiling module xil_defaultlib.Mult_Add_Pipelined_NC_xbip_multa...
Compiling module xil_defaultlib.Mult_Add_Pipelined_NC_HD131
Compiling module xil_defaultlib.Mult_Add_Pipelined_COL_xbip_dsp4...
Compiling module xil_defaultlib.Mult_Add_Pipelined_COL_xbip_dsp4...
Compiling module xil_defaultlib.Mult_Add_Pipelined_COL_xbip_dsp4...
Compiling module xil_defaultlib.Mult_Add_Pipelined_COL_multadd_d...
Compiling module xil_defaultlib.Mult_Add_Pipelined_COL_xbip_mult...
Compiling module xil_defaultlib.Mult_Add_Pipelined_COL_xbip_mult...
Compiling module xil_defaultlib.Mult_Add_Pipelined_COL_HD847
Compiling module xil_defaultlib.Mult_Add_Pipelined_COL_xbip_dsp4...
Compiling module xil_defaultlib.Mult_Add_Pipelined_COL_xbip_dsp4...
Compiling module xil_defaultlib.Mult_Add_Pipelined_COL_xbip_dsp4...
Compiling module xil_defaultlib.Mult_Add_Pipelined_COL_multadd_d...
Compiling module xil_defaultlib.Mult_Add_Pipelined_COL_xbip_mult...
Compiling module xil_defaultlib.Mult_Add_Pipelined_COL_xbip_mult...
Compiling module xil_defaultlib.Mult_Add_Pipelined_COL_HD854
Compiling module xil_defaultlib.Mult_Add_Pipelined_COL_xbip_dsp4...
Compiling module xil_defaultlib.Mult_Add_Pipelined_COL_xbip_dsp4...
Compiling module xil_defaultlib.Mult_Add_Pipelined_COL_xbip_dsp4...
Compiling module xil_defaultlib.Mult_Add_Pipelined_COL_multadd_d...
Compiling module xil_defaultlib.Mult_Add_Pipelined_COL_xbip_mult...
Compiling module xil_defaultlib.Mult_Add_Pipelined_COL_xbip_mult...
Compiling module xil_defaultlib.Mult_Add_Pipelined_COL_HD861
Compiling module xil_defaultlib.Conv_Kernel_2by2__xdcDup__18
Compiling module xil_defaultlib.Mult_Add_Pipelined_NC_xbip_dsp48...
Compiling module xil_defaultlib.Mult_Add_Pipelined_NC_xbip_dsp48...
Compiling module xil_defaultlib.Mult_Add_Pipelined_NC_xbip_dsp48...
Compiling module xil_defaultlib.Mult_Add_Pipelined_NC_multadd_ds...
Compiling module xil_defaultlib.Mult_Add_Pipelined_NC_xbip_multa...
Compiling module xil_defaultlib.Mult_Add_Pipelined_NC_xbip_multa...
Compiling module xil_defaultlib.Mult_Add_Pipelined_NC_HD138
Compiling module xil_defaultlib.Mult_Add_Pipelined_COL_xbip_dsp4...
Compiling module xil_defaultlib.Mult_Add_Pipelined_COL_xbip_dsp4...
Compiling module xil_defaultlib.Mult_Add_Pipelined_COL_xbip_dsp4...
Compiling module xil_defaultlib.Mult_Add_Pipelined_COL_multadd_d...
Compiling module xil_defaultlib.Mult_Add_Pipelined_COL_xbip_mult...
Compiling module xil_defaultlib.Mult_Add_Pipelined_COL_xbip_mult...
Compiling module xil_defaultlib.Mult_Add_Pipelined_COL_HD868
Compiling module xil_defaultlib.Mult_Add_Pipelined_COL_xbip_dsp4...
Compiling module xil_defaultlib.Mult_Add_Pipelined_COL_xbip_dsp4...
Compiling module xil_defaultlib.Mult_Add_Pipelined_COL_xbip_dsp4...
Compiling module xil_defaultlib.Mult_Add_Pipelined_COL_multadd_d...
Compiling module xil_defaultlib.Mult_Add_Pipelined_COL_xbip_mult...
Compiling module xil_defaultlib.Mult_Add_Pipelined_COL_xbip_mult...
Compiling module xil_defaultlib.Mult_Add_Pipelined_COL_HD875
Compiling module xil_defaultlib.Mult_Add_Pipelined_COL_xbip_dsp4...
Compiling module xil_defaultlib.Mult_Add_Pipelined_COL_xbip_dsp4...
Compiling module xil_defaultlib.Mult_Add_Pipelined_COL_xbip_dsp4...
Compiling module xil_defaultlib.Mult_Add_Pipelined_COL_multadd_d...
Compiling module xil_defaultlib.Mult_Add_Pipelined_COL_xbip_mult...
Compiling module xil_defaultlib.Mult_Add_Pipelined_COL_xbip_mult...
Compiling module xil_defaultlib.Mult_Add_Pipelined_COL_HD882
Compiling module xil_defaultlib.Conv_Kernel_2by2__xdcDup__19
Compiling module xil_defaultlib.Mult_Add_Pipelined_NC_xbip_dsp48...
Compiling module xil_defaultlib.Mult_Add_Pipelined_NC_xbip_dsp48...
Compiling module xil_defaultlib.Mult_Add_Pipelined_NC_xbip_dsp48...
Compiling module xil_defaultlib.Mult_Add_Pipelined_NC_multadd_ds...
Compiling module xil_defaultlib.Mult_Add_Pipelined_NC_xbip_multa...
Compiling module xil_defaultlib.Mult_Add_Pipelined_NC_xbip_multa...
Compiling module xil_defaultlib.Mult_Add_Pipelined_NC_HD61
Compiling module xil_defaultlib.Mult_Add_Pipelined_COL_xbip_dsp4...
Compiling module xil_defaultlib.Mult_Add_Pipelined_COL_xbip_dsp4...
Compiling module xil_defaultlib.Mult_Add_Pipelined_COL_xbip_dsp4...
Compiling module xil_defaultlib.Mult_Add_Pipelined_COL_multadd_d...
Compiling module xil_defaultlib.Mult_Add_Pipelined_COL_xbip_mult...
Compiling module xil_defaultlib.Mult_Add_Pipelined_COL_xbip_mult...
Compiling module xil_defaultlib.Mult_Add_Pipelined_COL_HD637
Compiling module xil_defaultlib.Mult_Add_Pipelined_COL_xbip_dsp4...
Compiling module xil_defaultlib.Mult_Add_Pipelined_COL_xbip_dsp4...
Compiling module xil_defaultlib.Mult_Add_Pipelined_COL_xbip_dsp4...
Compiling module xil_defaultlib.Mult_Add_Pipelined_COL_multadd_d...
Compiling module xil_defaultlib.Mult_Add_Pipelined_COL_xbip_mult...
Compiling module xil_defaultlib.Mult_Add_Pipelined_COL_xbip_mult...
Compiling module xil_defaultlib.Mult_Add_Pipelined_COL_HD644
Compiling module xil_defaultlib.Mult_Add_Pipelined_COL_xbip_dsp4...
Compiling module xil_defaultlib.Mult_Add_Pipelined_COL_xbip_dsp4...
Compiling module xil_defaultlib.Mult_Add_Pipelined_COL_xbip_dsp4...
Compiling module xil_defaultlib.Mult_Add_Pipelined_COL_multadd_d...
Compiling module xil_defaultlib.Mult_Add_Pipelined_COL_xbip_mult...
Compiling module xil_defaultlib.Mult_Add_Pipelined_COL_xbip_mult...
Compiling module xil_defaultlib.Mult_Add_Pipelined_COL_HD651
Compiling module xil_defaultlib.Conv_Kernel_2by2
Compiling module xil_defaultlib.Mult_Add_Pipelined_NC_xbip_dsp48...
Compiling module xil_defaultlib.Mult_Add_Pipelined_NC_xbip_dsp48...
Compiling module xil_defaultlib.Mult_Add_Pipelined_NC_xbip_dsp48...
Compiling module xil_defaultlib.Mult_Add_Pipelined_NC_multadd_ds...
Compiling module xil_defaultlib.Mult_Add_Pipelined_NC_xbip_multa...
Compiling module xil_defaultlib.Mult_Add_Pipelined_NC_xbip_multa...
Compiling module xil_defaultlib.Mult_Add_Pipelined_NC_HD145
Compiling module xil_defaultlib.Mult_Add_Pipelined_COL_xbip_dsp4...
Compiling module xil_defaultlib.Mult_Add_Pipelined_COL_xbip_dsp4...
Compiling module xil_defaultlib.Mult_Add_Pipelined_COL_xbip_dsp4...
Compiling module xil_defaultlib.Mult_Add_Pipelined_COL_multadd_d...
Compiling module xil_defaultlib.Mult_Add_Pipelined_COL_xbip_mult...
Compiling module xil_defaultlib.Mult_Add_Pipelined_COL_xbip_mult...
Compiling module xil_defaultlib.Mult_Add_Pipelined_COL_HD889
Compiling module xil_defaultlib.Mult_Add_Pipelined_COL_xbip_dsp4...
Compiling module xil_defaultlib.Mult_Add_Pipelined_COL_xbip_dsp4...
Compiling module xil_defaultlib.Mult_Add_Pipelined_COL_xbip_dsp4...
Compiling module xil_defaultlib.Mult_Add_Pipelined_COL_multadd_d...
Compiling module xil_defaultlib.Mult_Add_Pipelined_COL_xbip_mult...
Compiling module xil_defaultlib.Mult_Add_Pipelined_COL_xbip_mult...
Compiling module xil_defaultlib.Mult_Add_Pipelined_COL_HD896
Compiling module xil_defaultlib.Mult_Add_Pipelined_COL_xbip_dsp4...
Compiling module xil_defaultlib.Mult_Add_Pipelined_COL_xbip_dsp4...
Compiling module xil_defaultlib.Mult_Add_Pipelined_COL_xbip_dsp4...
Compiling module xil_defaultlib.Mult_Add_Pipelined_COL_multadd_d...
Compiling module xil_defaultlib.Mult_Add_Pipelined_COL_xbip_mult...
Compiling module xil_defaultlib.Mult_Add_Pipelined_COL_xbip_mult...
Compiling module xil_defaultlib.Mult_Add_Pipelined_COL_HD903
Compiling module xil_defaultlib.Conv_Kernel_2by2__xdcDup__2
Compiling module xil_defaultlib.Mult_Add_Pipelined_NC_xbip_dsp48...
Compiling module xil_defaultlib.Mult_Add_Pipelined_NC_xbip_dsp48...
Compiling module xil_defaultlib.Mult_Add_Pipelined_NC_xbip_dsp48...
Compiling module xil_defaultlib.Mult_Add_Pipelined_NC_multadd_ds...
Compiling module xil_defaultlib.Mult_Add_Pipelined_NC_xbip_multa...
Compiling module xil_defaultlib.Mult_Add_Pipelined_NC_xbip_multa...
Compiling module xil_defaultlib.Mult_Add_Pipelined_NC_HD152
Compiling module xil_defaultlib.Mult_Add_Pipelined_COL_xbip_dsp4...
Compiling module xil_defaultlib.Mult_Add_Pipelined_COL_xbip_dsp4...
Compiling module xil_defaultlib.Mult_Add_Pipelined_COL_xbip_dsp4...
Compiling module xil_defaultlib.Mult_Add_Pipelined_COL_multadd_d...
Compiling module xil_defaultlib.Mult_Add_Pipelined_COL_xbip_mult...
Compiling module xil_defaultlib.Mult_Add_Pipelined_COL_xbip_mult...
Compiling module xil_defaultlib.Mult_Add_Pipelined_COL_HD910
Compiling module xil_defaultlib.Mult_Add_Pipelined_COL_xbip_dsp4...
Compiling module xil_defaultlib.Mult_Add_Pipelined_COL_xbip_dsp4...
Compiling module xil_defaultlib.Mult_Add_Pipelined_COL_xbip_dsp4...
Compiling module xil_defaultlib.Mult_Add_Pipelined_COL_multadd_d...
Compiling module xil_defaultlib.Mult_Add_Pipelined_COL_xbip_mult...
Compiling module xil_defaultlib.Mult_Add_Pipelined_COL_xbip_mult...
Compiling module xil_defaultlib.Mult_Add_Pipelined_COL_HD917
Compiling module xil_defaultlib.Mult_Add_Pipelined_COL_xbip_dsp4...
Compiling module xil_defaultlib.Mult_Add_Pipelined_COL_xbip_dsp4...
Compiling module xil_defaultlib.Mult_Add_Pipelined_COL_xbip_dsp4...
Compiling module xil_defaultlib.Mult_Add_Pipelined_COL_multadd_d...
Compiling module xil_defaultlib.Mult_Add_Pipelined_COL_xbip_mult...
Compiling module xil_defaultlib.Mult_Add_Pipelined_COL_xbip_mult...
Compiling module xil_defaultlib.Mult_Add_Pipelined_COL_HD924
Compiling module xil_defaultlib.Conv_Kernel_2by2__xdcDup__3
Compiling module xil_defaultlib.Mult_Add_Pipelined_NC_xbip_dsp48...
Compiling module xil_defaultlib.Mult_Add_Pipelined_NC_xbip_dsp48...
Compiling module xil_defaultlib.Mult_Add_Pipelined_NC_xbip_dsp48...
Compiling module xil_defaultlib.Mult_Add_Pipelined_NC_multadd_ds...
Compiling module xil_defaultlib.Mult_Add_Pipelined_NC_xbip_multa...
Compiling module xil_defaultlib.Mult_Add_Pipelined_NC_xbip_multa...
Compiling module xil_defaultlib.Mult_Add_Pipelined_NC_HD159
Compiling module xil_defaultlib.Mult_Add_Pipelined_COL_xbip_dsp4...
Compiling module xil_defaultlib.Mult_Add_Pipelined_COL_xbip_dsp4...
Compiling module xil_defaultlib.Mult_Add_Pipelined_COL_xbip_dsp4...
Compiling module xil_defaultlib.Mult_Add_Pipelined_COL_multadd_d...
Compiling module xil_defaultlib.Mult_Add_Pipelined_COL_xbip_mult...
Compiling module xil_defaultlib.Mult_Add_Pipelined_COL_xbip_mult...
Compiling module xil_defaultlib.Mult_Add_Pipelined_COL_HD931
Compiling module xil_defaultlib.Mult_Add_Pipelined_COL_xbip_dsp4...
Compiling module xil_defaultlib.Mult_Add_Pipelined_COL_xbip_dsp4...
Compiling module xil_defaultlib.Mult_Add_Pipelined_COL_xbip_dsp4...
Compiling module xil_defaultlib.Mult_Add_Pipelined_COL_multadd_d...
Compiling module xil_defaultlib.Mult_Add_Pipelined_COL_xbip_mult...
Compiling module xil_defaultlib.Mult_Add_Pipelined_COL_xbip_mult...
Compiling module xil_defaultlib.Mult_Add_Pipelined_COL_HD938
Compiling module xil_defaultlib.Mult_Add_Pipelined_COL_xbip_dsp4...
Compiling module xil_defaultlib.Mult_Add_Pipelined_COL_xbip_dsp4...
Compiling module xil_defaultlib.Mult_Add_Pipelined_COL_xbip_dsp4...
Compiling module xil_defaultlib.Mult_Add_Pipelined_COL_multadd_d...
Compiling module xil_defaultlib.Mult_Add_Pipelined_COL_xbip_mult...
Compiling module xil_defaultlib.Mult_Add_Pipelined_COL_xbip_mult...
Compiling module xil_defaultlib.Mult_Add_Pipelined_COL_HD945
Compiling module xil_defaultlib.Conv_Kernel_2by2__xdcDup__4
Compiling module xil_defaultlib.Mult_Add_Pipelined_NC_xbip_dsp48...
Compiling module xil_defaultlib.Mult_Add_Pipelined_NC_xbip_dsp48...
Compiling module xil_defaultlib.Mult_Add_Pipelined_NC_xbip_dsp48...
Compiling module xil_defaultlib.Mult_Add_Pipelined_NC_multadd_ds...
Compiling module xil_defaultlib.Mult_Add_Pipelined_NC_xbip_multa...
Compiling module xil_defaultlib.Mult_Add_Pipelined_NC_xbip_multa...
Compiling module xil_defaultlib.Mult_Add_Pipelined_NC_HD166
Compiling module xil_defaultlib.Mult_Add_Pipelined_COL_xbip_dsp4...
Compiling module xil_defaultlib.Mult_Add_Pipelined_COL_xbip_dsp4...
Compiling module xil_defaultlib.Mult_Add_Pipelined_COL_xbip_dsp4...
Compiling module xil_defaultlib.Mult_Add_Pipelined_COL_multadd_d...
Compiling module xil_defaultlib.Mult_Add_Pipelined_COL_xbip_mult...
Compiling module xil_defaultlib.Mult_Add_Pipelined_COL_xbip_mult...
Compiling module xil_defaultlib.Mult_Add_Pipelined_COL_HD952
Compiling module xil_defaultlib.Mult_Add_Pipelined_COL_xbip_dsp4...
Compiling module xil_defaultlib.Mult_Add_Pipelined_COL_xbip_dsp4...
Compiling module xil_defaultlib.Mult_Add_Pipelined_COL_xbip_dsp4...
Compiling module xil_defaultlib.Mult_Add_Pipelined_COL_multadd_d...
Compiling module xil_defaultlib.Mult_Add_Pipelined_COL_xbip_mult...
Compiling module xil_defaultlib.Mult_Add_Pipelined_COL_xbip_mult...
Compiling module xil_defaultlib.Mult_Add_Pipelined_COL_HD959
Compiling module xil_defaultlib.Mult_Add_Pipelined_COL_xbip_dsp4...
Compiling module xil_defaultlib.Mult_Add_Pipelined_COL_xbip_dsp4...
Compiling module xil_defaultlib.Mult_Add_Pipelined_COL_xbip_dsp4...
Compiling module xil_defaultlib.Mult_Add_Pipelined_COL_multadd_d...
Compiling module xil_defaultlib.Mult_Add_Pipelined_COL_xbip_mult...
Compiling module xil_defaultlib.Mult_Add_Pipelined_COL_xbip_mult...
Compiling module xil_defaultlib.Mult_Add_Pipelined_COL_HD966
Compiling module xil_defaultlib.Conv_Kernel_2by2__xdcDup__5
Compiling module xil_defaultlib.Mult_Add_Pipelined_NC_xbip_dsp48...
Compiling module xil_defaultlib.Mult_Add_Pipelined_NC_xbip_dsp48...
Compiling module xil_defaultlib.Mult_Add_Pipelined_NC_xbip_dsp48...
Compiling module xil_defaultlib.Mult_Add_Pipelined_NC_multadd_ds...
Compiling module xil_defaultlib.Mult_Add_Pipelined_NC_xbip_multa...
Compiling module xil_defaultlib.Mult_Add_Pipelined_NC_xbip_multa...
Compiling module xil_defaultlib.Mult_Add_Pipelined_NC_HD173
Compiling module xil_defaultlib.Mult_Add_Pipelined_COL_xbip_dsp4...
Compiling module xil_defaultlib.Mult_Add_Pipelined_COL_xbip_dsp4...
Compiling module xil_defaultlib.Mult_Add_Pipelined_COL_xbip_dsp4...
Compiling module xil_defaultlib.Mult_Add_Pipelined_COL_multadd_d...
Compiling module xil_defaultlib.Mult_Add_Pipelined_COL_xbip_mult...
Compiling module xil_defaultlib.Mult_Add_Pipelined_COL_xbip_mult...
Compiling module xil_defaultlib.Mult_Add_Pipelined_COL_HD973
Compiling module xil_defaultlib.Mult_Add_Pipelined_COL_xbip_dsp4...
Compiling module xil_defaultlib.Mult_Add_Pipelined_COL_xbip_dsp4...
Compiling module xil_defaultlib.Mult_Add_Pipelined_COL_xbip_dsp4...
Compiling module xil_defaultlib.Mult_Add_Pipelined_COL_multadd_d...
Compiling module xil_defaultlib.Mult_Add_Pipelined_COL_xbip_mult...
Compiling module xil_defaultlib.Mult_Add_Pipelined_COL_xbip_mult...
Compiling module xil_defaultlib.Mult_Add_Pipelined_COL_HD980
Compiling module xil_defaultlib.Mult_Add_Pipelined_COL_xbip_dsp4...
Compiling module xil_defaultlib.Mult_Add_Pipelined_COL_xbip_dsp4...
Compiling module xil_defaultlib.Mult_Add_Pipelined_COL_xbip_dsp4...
Compiling module xil_defaultlib.Mult_Add_Pipelined_COL_multadd_d...
Compiling module xil_defaultlib.Mult_Add_Pipelined_COL_xbip_mult...
Compiling module xil_defaultlib.Mult_Add_Pipelined_COL_xbip_mult...
Compiling module xil_defaultlib.Mult_Add_Pipelined_COL_HD987
Compiling module xil_defaultlib.Conv_Kernel_2by2__xdcDup__6
Compiling module xil_defaultlib.Mult_Add_Pipelined_NC_xbip_dsp48...
Compiling module xil_defaultlib.Mult_Add_Pipelined_NC_xbip_dsp48...
Compiling module xil_defaultlib.Mult_Add_Pipelined_NC_xbip_dsp48...
Compiling module xil_defaultlib.Mult_Add_Pipelined_NC_multadd_ds...
Compiling module xil_defaultlib.Mult_Add_Pipelined_NC_xbip_multa...
Compiling module xil_defaultlib.Mult_Add_Pipelined_NC_xbip_multa...
Compiling module xil_defaultlib.Mult_Add_Pipelined_NC_HD180
Compiling module xil_defaultlib.Mult_Add_Pipelined_COL_xbip_dsp4...
Compiling module xil_defaultlib.Mult_Add_Pipelined_COL_xbip_dsp4...
Compiling module xil_defaultlib.Mult_Add_Pipelined_COL_xbip_dsp4...
Compiling module xil_defaultlib.Mult_Add_Pipelined_COL_multadd_d...
Compiling module xil_defaultlib.Mult_Add_Pipelined_COL_xbip_mult...
Compiling module xil_defaultlib.Mult_Add_Pipelined_COL_xbip_mult...
Compiling module xil_defaultlib.Mult_Add_Pipelined_COL_HD994
Compiling module xil_defaultlib.Mult_Add_Pipelined_COL_xbip_dsp4...
Compiling module xil_defaultlib.Mult_Add_Pipelined_COL_xbip_dsp4...
Compiling module xil_defaultlib.Mult_Add_Pipelined_COL_xbip_dsp4...
Compiling module xil_defaultlib.Mult_Add_Pipelined_COL_multadd_d...
Compiling module xil_defaultlib.Mult_Add_Pipelined_COL_xbip_mult...
Compiling module xil_defaultlib.Mult_Add_Pipelined_COL_xbip_mult...
Compiling module xil_defaultlib.Mult_Add_Pipelined_COL_HD1001
Compiling module xil_defaultlib.Mult_Add_Pipelined_COL_xbip_dsp4...
Compiling module xil_defaultlib.Mult_Add_Pipelined_COL_xbip_dsp4...
Compiling module xil_defaultlib.Mult_Add_Pipelined_COL_xbip_dsp4...
Compiling module xil_defaultlib.Mult_Add_Pipelined_COL_multadd_d...
Compiling module xil_defaultlib.Mult_Add_Pipelined_COL_xbip_mult...
Compiling module xil_defaultlib.Mult_Add_Pipelined_COL_xbip_mult...
Compiling module xil_defaultlib.Mult_Add_Pipelined_COL_HD1008
Compiling module xil_defaultlib.Conv_Kernel_2by2__xdcDup__7
Compiling module xil_defaultlib.Mult_Add_Pipelined_NC_xbip_dsp48...
Compiling module xil_defaultlib.Mult_Add_Pipelined_NC_xbip_dsp48...
Compiling module xil_defaultlib.Mult_Add_Pipelined_NC_xbip_dsp48...
Compiling module xil_defaultlib.Mult_Add_Pipelined_NC_multadd_ds...
Compiling module xil_defaultlib.Mult_Add_Pipelined_NC_xbip_multa...
Compiling module xil_defaultlib.Mult_Add_Pipelined_NC_xbip_multa...
Compiling module xil_defaultlib.Mult_Add_Pipelined_NC_HD187
Compiling module xil_defaultlib.Mult_Add_Pipelined_COL_xbip_dsp4...
Compiling module xil_defaultlib.Mult_Add_Pipelined_COL_xbip_dsp4...
Compiling module xil_defaultlib.Mult_Add_Pipelined_COL_xbip_dsp4...
Compiling module xil_defaultlib.Mult_Add_Pipelined_COL_multadd_d...
Compiling module xil_defaultlib.Mult_Add_Pipelined_COL_xbip_mult...
Compiling module xil_defaultlib.Mult_Add_Pipelined_COL_xbip_mult...
Compiling module xil_defaultlib.Mult_Add_Pipelined_COL_HD1015
Compiling module xil_defaultlib.Mult_Add_Pipelined_COL_xbip_dsp4...
Compiling module xil_defaultlib.Mult_Add_Pipelined_COL_xbip_dsp4...
Compiling module xil_defaultlib.Mult_Add_Pipelined_COL_xbip_dsp4...
Compiling module xil_defaultlib.Mult_Add_Pipelined_COL_multadd_d...
Compiling module xil_defaultlib.Mult_Add_Pipelined_COL_xbip_mult...
Compiling module xil_defaultlib.Mult_Add_Pipelined_COL_xbip_mult...
Compiling module xil_defaultlib.Mult_Add_Pipelined_COL_HD1022
Compiling module xil_defaultlib.Mult_Add_Pipelined_COL_xbip_dsp4...
Compiling module xil_defaultlib.Mult_Add_Pipelined_COL_xbip_dsp4...
Compiling module xil_defaultlib.Mult_Add_Pipelined_COL_xbip_dsp4...
Compiling module xil_defaultlib.Mult_Add_Pipelined_COL_multadd_d...
Compiling module xil_defaultlib.Mult_Add_Pipelined_COL_xbip_mult...
Compiling module xil_defaultlib.Mult_Add_Pipelined_COL_xbip_mult...
Compiling module xil_defaultlib.Mult_Add_Pipelined_COL_HD1029
Compiling module xil_defaultlib.Conv_Kernel_2by2__xdcDup__8
Compiling module xil_defaultlib.Mult_Add_Pipelined_NC_xbip_dsp48...
Compiling module xil_defaultlib.Mult_Add_Pipelined_NC_xbip_dsp48...
Compiling module xil_defaultlib.Mult_Add_Pipelined_NC_xbip_dsp48...
Compiling module xil_defaultlib.Mult_Add_Pipelined_NC_multadd_ds...
Compiling module xil_defaultlib.Mult_Add_Pipelined_NC_xbip_multa...
Compiling module xil_defaultlib.Mult_Add_Pipelined_NC_xbip_multa...
Compiling module xil_defaultlib.Mult_Add_Pipelined_NC_HD194
Compiling module xil_defaultlib.Mult_Add_Pipelined_COL_xbip_dsp4...
Compiling module xil_defaultlib.Mult_Add_Pipelined_COL_xbip_dsp4...
Compiling module xil_defaultlib.Mult_Add_Pipelined_COL_xbip_dsp4...
Compiling module xil_defaultlib.Mult_Add_Pipelined_COL_multadd_d...
Compiling module xil_defaultlib.Mult_Add_Pipelined_COL_xbip_mult...
Compiling module xil_defaultlib.Mult_Add_Pipelined_COL_xbip_mult...
Compiling module xil_defaultlib.Mult_Add_Pipelined_COL_HD1036
Compiling module xil_defaultlib.Mult_Add_Pipelined_COL_xbip_dsp4...
Compiling module xil_defaultlib.Mult_Add_Pipelined_COL_xbip_dsp4...
Compiling module xil_defaultlib.Mult_Add_Pipelined_COL_xbip_dsp4...
Compiling module xil_defaultlib.Mult_Add_Pipelined_COL_multadd_d...
Compiling module xil_defaultlib.Mult_Add_Pipelined_COL_xbip_mult...
Compiling module xil_defaultlib.Mult_Add_Pipelined_COL_xbip_mult...
Compiling module xil_defaultlib.Mult_Add_Pipelined_COL_HD1043
Compiling module xil_defaultlib.Mult_Add_Pipelined_COL_xbip_dsp4...
Compiling module xil_defaultlib.Mult_Add_Pipelined_COL_xbip_dsp4...
Compiling module xil_defaultlib.Mult_Add_Pipelined_COL_xbip_dsp4...
Compiling module xil_defaultlib.Mult_Add_Pipelined_COL_multadd_d...
Compiling module xil_defaultlib.Mult_Add_Pipelined_COL_xbip_mult...
Compiling module xil_defaultlib.Mult_Add_Pipelined_COL_xbip_mult...
Compiling module xil_defaultlib.Mult_Add_Pipelined_COL_HD1050
Compiling module xil_defaultlib.Conv_Kernel_2by2__xdcDup__9
Compiling module xil_defaultlib.Mult_Add_Pipelined_NC_xbip_dsp48...
Compiling module xil_defaultlib.Mult_Add_Pipelined_NC_xbip_dsp48...
Compiling module xil_defaultlib.Mult_Add_Pipelined_NC_xbip_dsp48...
Compiling module xil_defaultlib.Mult_Add_Pipelined_NC_multadd_ds...
Compiling module xil_defaultlib.Mult_Add_Pipelined_NC_xbip_multa...
Compiling module xil_defaultlib.Mult_Add_Pipelined_NC_xbip_multa...
Compiling module xil_defaultlib.Mult_Add_Pipelined_NC_HD75
Compiling module xil_defaultlib.Mult_Add_Pipelined_COL_xbip_dsp4...
Compiling module xil_defaultlib.Mult_Add_Pipelined_COL_xbip_dsp4...
Compiling module xil_defaultlib.Mult_Add_Pipelined_COL_xbip_dsp4...
Compiling module xil_defaultlib.Mult_Add_Pipelined_COL_multadd_d...
Compiling module xil_defaultlib.Mult_Add_Pipelined_COL_xbip_mult...
Compiling module xil_defaultlib.Mult_Add_Pipelined_COL_xbip_mult...
Compiling module xil_defaultlib.Mult_Add_Pipelined_COL_HD679
Compiling module xil_defaultlib.Mult_Add_Pipelined_COL_xbip_dsp4...
Compiling module xil_defaultlib.Mult_Add_Pipelined_COL_xbip_dsp4...
Compiling module xil_defaultlib.Mult_Add_Pipelined_COL_xbip_dsp4...
Compiling module xil_defaultlib.Mult_Add_Pipelined_COL_multadd_d...
Compiling module xil_defaultlib.Mult_Add_Pipelined_COL_xbip_mult...
Compiling module xil_defaultlib.Mult_Add_Pipelined_COL_xbip_mult...
Compiling module xil_defaultlib.Mult_Add_Pipelined_COL_HD686
Compiling module xil_defaultlib.Mult_Add_Pipelined_COL_xbip_dsp4...
Compiling module xil_defaultlib.Mult_Add_Pipelined_COL_xbip_dsp4...
Compiling module xil_defaultlib.Mult_Add_Pipelined_COL_xbip_dsp4...
Compiling module xil_defaultlib.Mult_Add_Pipelined_COL_multadd_d...
Compiling module xil_defaultlib.Mult_Add_Pipelined_COL_xbip_mult...
Compiling module xil_defaultlib.Mult_Add_Pipelined_COL_xbip_mult...
Compiling module xil_defaultlib.Mult_Add_Pipelined_COL_HD693
Compiling module xil_defaultlib.Conv_Kernel_2by2__xdcDup__10
Compiling module xil_defaultlib.Conv_Layer_2
Compiling module xil_defaultlib.Mult_Add_Global_Average__xbip_ds...
Compiling module xil_defaultlib.Mult_Add_Global_Average__xbip_ds...
Compiling module xil_defaultlib.Mult_Add_Global_Average__xbip_ds...
Compiling module xil_defaultlib.Mult_Add_Global_Average__multadd...
Compiling module xil_defaultlib.Mult_Add_Global_Average__xbip_mu...
Compiling module xil_defaultlib.Mult_Add_Global_Average__xbip_mu...
Compiling module xil_defaultlib.Mult_Add_Global_Average
Compiling module xil_defaultlib.Mult_Add_Global_Average__xbip_ds...
Compiling module xil_defaultlib.Mult_Add_Global_Average__xbip_ds...
Compiling module xil_defaultlib.Mult_Add_Global_Average__xbip_ds...
Compiling module xil_defaultlib.Mult_Add_Global_Average__multadd...
Compiling module xil_defaultlib.Mult_Add_Global_Average__xbip_mu...
Compiling module xil_defaultlib.Mult_Add_Global_Average__xbip_mu...
Compiling module xil_defaultlib.Mult_Add_Global_Average_HD1086
Compiling module xil_defaultlib.Mult_Add_Global_Average__xbip_ds...
Compiling module xil_defaultlib.Mult_Add_Global_Average__xbip_ds...
Compiling module xil_defaultlib.Mult_Add_Global_Average__xbip_ds...
Compiling module xil_defaultlib.Mult_Add_Global_Average__multadd...
Compiling module xil_defaultlib.Mult_Add_Global_Average__xbip_mu...
Compiling module xil_defaultlib.Mult_Add_Global_Average__xbip_mu...
Compiling module xil_defaultlib.Mult_Add_Global_Average_HD1093
Compiling module xil_defaultlib.Mult_Add_Global_Average__xbip_ds...
Compiling module xil_defaultlib.Mult_Add_Global_Average__xbip_ds...
Compiling module xil_defaultlib.Mult_Add_Global_Average__xbip_ds...
Compiling module xil_defaultlib.Mult_Add_Global_Average__multadd...
Compiling module xil_defaultlib.Mult_Add_Global_Average__xbip_mu...
Compiling module xil_defaultlib.Mult_Add_Global_Average__xbip_mu...
Compiling module xil_defaultlib.Mult_Add_Global_Average_HD1100
Compiling module xil_defaultlib.Mult_Add_Global_Average__xbip_ds...
Compiling module xil_defaultlib.Mult_Add_Global_Average__xbip_ds...
Compiling module xil_defaultlib.Mult_Add_Global_Average__xbip_ds...
Compiling module xil_defaultlib.Mult_Add_Global_Average__multadd...
Compiling module xil_defaultlib.Mult_Add_Global_Average__xbip_mu...
Compiling module xil_defaultlib.Mult_Add_Global_Average__xbip_mu...
Compiling module xil_defaultlib.Mult_Add_Global_Average_HD1107
Compiling module xil_defaultlib.Mult_Add_Global_Average__xbip_ds...
Compiling module xil_defaultlib.Mult_Add_Global_Average__xbip_ds...
Compiling module xil_defaultlib.Mult_Add_Global_Average__xbip_ds...
Compiling module xil_defaultlib.Mult_Add_Global_Average__multadd...
Compiling module xil_defaultlib.Mult_Add_Global_Average__xbip_mu...
Compiling module xil_defaultlib.Mult_Add_Global_Average__xbip_mu...
Compiling module xil_defaultlib.Mult_Add_Global_Average_HD1114
Compiling module xil_defaultlib.Mult_Add_Global_Average__xbip_ds...
Compiling module xil_defaultlib.Mult_Add_Global_Average__xbip_ds...
Compiling module xil_defaultlib.Mult_Add_Global_Average__xbip_ds...
Compiling module xil_defaultlib.Mult_Add_Global_Average__multadd...
Compiling module xil_defaultlib.Mult_Add_Global_Average__xbip_mu...
Compiling module xil_defaultlib.Mult_Add_Global_Average__xbip_mu...
Compiling module xil_defaultlib.Mult_Add_Global_Average_HD1121
Compiling module xil_defaultlib.Mult_Add_Global_Average__xbip_ds...
Compiling module xil_defaultlib.Mult_Add_Global_Average__xbip_ds...
Compiling module xil_defaultlib.Mult_Add_Global_Average__xbip_ds...
Compiling module xil_defaultlib.Mult_Add_Global_Average__multadd...
Compiling module xil_defaultlib.Mult_Add_Global_Average__xbip_mu...
Compiling module xil_defaultlib.Mult_Add_Global_Average__xbip_mu...
Compiling module xil_defaultlib.Mult_Add_Global_Average_HD1128
Compiling module xil_defaultlib.Mult_Add_Global_Average__xbip_ds...
Compiling module xil_defaultlib.Mult_Add_Global_Average__xbip_ds...
Compiling module xil_defaultlib.Mult_Add_Global_Average__xbip_ds...
Compiling module xil_defaultlib.Mult_Add_Global_Average__multadd...
Compiling module xil_defaultlib.Mult_Add_Global_Average__xbip_mu...
Compiling module xil_defaultlib.Mult_Add_Global_Average__xbip_mu...
Compiling module xil_defaultlib.Mult_Add_Global_Average_HD1135
Compiling module xil_defaultlib.Mult_Add_Global_Average__xbip_ds...
Compiling module xil_defaultlib.Mult_Add_Global_Average__xbip_ds...
Compiling module xil_defaultlib.Mult_Add_Global_Average__xbip_ds...
Compiling module xil_defaultlib.Mult_Add_Global_Average__multadd...
Compiling module xil_defaultlib.Mult_Add_Global_Average__xbip_mu...
Compiling module xil_defaultlib.Mult_Add_Global_Average__xbip_mu...
Compiling module xil_defaultlib.Mult_Add_Global_Average_HD1142
Compiling module xil_defaultlib.Fully_Connected_Layer
Compiling module unisims_ver.MUXF7
Compiling module xil_defaultlib.Mult_Add_Global_Average__xbip_ds...
Compiling module xil_defaultlib.Mult_Add_Global_Average__xbip_ds...
Compiling module xil_defaultlib.Mult_Add_Global_Average__xbip_ds...
Compiling module xil_defaultlib.Mult_Add_Global_Average__multadd...
Compiling module xil_defaultlib.Mult_Add_Global_Average__xbip_mu...
Compiling module xil_defaultlib.Mult_Add_Global_Average__xbip_mu...
Compiling module xil_defaultlib.Mult_Add_Global_Average_HD1149
Compiling module xil_defaultlib.Mult_Add_Global_Average__xbip_ds...
Compiling module xil_defaultlib.Mult_Add_Global_Average__xbip_ds...
Compiling module xil_defaultlib.Mult_Add_Global_Average__xbip_ds...
Compiling module xil_defaultlib.Mult_Add_Global_Average__multadd...
Compiling module xil_defaultlib.Mult_Add_Global_Average__xbip_mu...
Compiling module xil_defaultlib.Mult_Add_Global_Average__xbip_mu...
Compiling module xil_defaultlib.Mult_Add_Global_Average_HD1156
Compiling module xil_defaultlib.Mult_Add_Global_Average__xbip_ds...
Compiling module xil_defaultlib.Mult_Add_Global_Average__xbip_ds...
Compiling module xil_defaultlib.Mult_Add_Global_Average__xbip_ds...
Compiling module xil_defaultlib.Mult_Add_Global_Average__multadd...
Compiling module xil_defaultlib.Mult_Add_Global_Average__xbip_mu...
Compiling module xil_defaultlib.Mult_Add_Global_Average__xbip_mu...
Compiling module xil_defaultlib.Mult_Add_Global_Average_HD1163
Compiling module xil_defaultlib.Mult_Add_Global_Average__xbip_ds...
Compiling module xil_defaultlib.Mult_Add_Global_Average__xbip_ds...
Compiling module xil_defaultlib.Mult_Add_Global_Average__xbip_ds...
Compiling module xil_defaultlib.Mult_Add_Global_Average__multadd...
Compiling module xil_defaultlib.Mult_Add_Global_Average__xbip_mu...
Compiling module xil_defaultlib.Mult_Add_Global_Average__xbip_mu...
Compiling module xil_defaultlib.Mult_Add_Global_Average_HD1170
Compiling module xil_defaultlib.Mult_Add_Global_Average__xbip_ds...
Compiling module xil_defaultlib.Mult_Add_Global_Average__xbip_ds...
Compiling module xil_defaultlib.Mult_Add_Global_Average__xbip_ds...
Compiling module xil_defaultlib.Mult_Add_Global_Average__multadd...
Compiling module xil_defaultlib.Mult_Add_Global_Average__xbip_mu...
Compiling module xil_defaultlib.Mult_Add_Global_Average__xbip_mu...
Compiling module xil_defaultlib.Mult_Add_Global_Average_HD1177
Compiling module xil_defaultlib.Mult_Add_Global_Average__xbip_ds...
Compiling module xil_defaultlib.Mult_Add_Global_Average__xbip_ds...
Compiling module xil_defaultlib.Mult_Add_Global_Average__xbip_ds...
Compiling module xil_defaultlib.Mult_Add_Global_Average__multadd...
Compiling module xil_defaultlib.Mult_Add_Global_Average__xbip_mu...
Compiling module xil_defaultlib.Mult_Add_Global_Average__xbip_mu...
Compiling module xil_defaultlib.Mult_Add_Global_Average_HD1184
Compiling module xil_defaultlib.Mult_Add_Global_Average__xbip_ds...
Compiling module xil_defaultlib.Mult_Add_Global_Average__xbip_ds...
Compiling module xil_defaultlib.Mult_Add_Global_Average__xbip_ds...
Compiling module xil_defaultlib.Mult_Add_Global_Average__multadd...
Compiling module xil_defaultlib.Mult_Add_Global_Average__xbip_mu...
Compiling module xil_defaultlib.Mult_Add_Global_Average__xbip_mu...
Compiling module xil_defaultlib.Mult_Add_Global_Average_HD1191
Compiling module xil_defaultlib.Mult_Add_Global_Average__xbip_ds...
Compiling module xil_defaultlib.Mult_Add_Global_Average__xbip_ds...
Compiling module xil_defaultlib.Mult_Add_Global_Average__xbip_ds...
Compiling module xil_defaultlib.Mult_Add_Global_Average__multadd...
Compiling module xil_defaultlib.Mult_Add_Global_Average__xbip_mu...
Compiling module xil_defaultlib.Mult_Add_Global_Average__xbip_mu...
Compiling module xil_defaultlib.Mult_Add_Global_Average_HD1198
Compiling module xil_defaultlib.Mult_Add_Global_Average__xbip_ds...
Compiling module xil_defaultlib.Mult_Add_Global_Average__xbip_ds...
Compiling module xil_defaultlib.Mult_Add_Global_Average__xbip_ds...
Compiling module xil_defaultlib.Mult_Add_Global_Average__multadd...
Compiling module xil_defaultlib.Mult_Add_Global_Average__xbip_mu...
Compiling module xil_defaultlib.Mult_Add_Global_Average__xbip_mu...
Compiling module xil_defaultlib.Mult_Add_Global_Average_HD1205
Compiling module xil_defaultlib.Mult_Add_Global_Average__xbip_ds...
Compiling module xil_defaultlib.Mult_Add_Global_Average__xbip_ds...
Compiling module xil_defaultlib.Mult_Add_Global_Average__xbip_ds...
Compiling module xil_defaultlib.Mult_Add_Global_Average__multadd...
Compiling module xil_defaultlib.Mult_Add_Global_Average__xbip_mu...
Compiling module xil_defaultlib.Mult_Add_Global_Average__xbip_mu...
Compiling module xil_defaultlib.Mult_Add_Global_Average_HD1212
Compiling module xil_defaultlib.Mult_Add_Global_Average__xbip_ds...
Compiling module xil_defaultlib.Mult_Add_Global_Average__xbip_ds...
Compiling module xil_defaultlib.Mult_Add_Global_Average__xbip_ds...
Compiling module xil_defaultlib.Mult_Add_Global_Average__multadd...
Compiling module xil_defaultlib.Mult_Add_Global_Average__xbip_mu...
Compiling module xil_defaultlib.Mult_Add_Global_Average__xbip_mu...
Compiling module xil_defaultlib.Mult_Add_Global_Average_HD1219
Compiling module xil_defaultlib.Mult_Add_Global_Average__xbip_ds...
Compiling module xil_defaultlib.Mult_Add_Global_Average__xbip_ds...
Compiling module xil_defaultlib.Mult_Add_Global_Average__xbip_ds...
Compiling module xil_defaultlib.Mult_Add_Global_Average__multadd...
Compiling module xil_defaultlib.Mult_Add_Global_Average__xbip_mu...
Compiling module xil_defaultlib.Mult_Add_Global_Average__xbip_mu...
Compiling module xil_defaultlib.Mult_Add_Global_Average_HD1226
Compiling module xil_defaultlib.Mult_Add_Global_Average__xbip_ds...
Compiling module xil_defaultlib.Mult_Add_Global_Average__xbip_ds...
Compiling module xil_defaultlib.Mult_Add_Global_Average__xbip_ds...
Compiling module xil_defaultlib.Mult_Add_Global_Average__multadd...
Compiling module xil_defaultlib.Mult_Add_Global_Average__xbip_mu...
Compiling module xil_defaultlib.Mult_Add_Global_Average__xbip_mu...
Compiling module xil_defaultlib.Mult_Add_Global_Average_HD1233
Compiling module xil_defaultlib.Mult_Add_Global_Average__xbip_ds...
Compiling module xil_defaultlib.Mult_Add_Global_Average__xbip_ds...
Compiling module xil_defaultlib.Mult_Add_Global_Average__xbip_ds...
Compiling module xil_defaultlib.Mult_Add_Global_Average__multadd...
Compiling module xil_defaultlib.Mult_Add_Global_Average__xbip_mu...
Compiling module xil_defaultlib.Mult_Add_Global_Average__xbip_mu...
Compiling module xil_defaultlib.Mult_Add_Global_Average_HD1240
Compiling module xil_defaultlib.Mult_Add_Global_Average__xbip_ds...
Compiling module xil_defaultlib.Mult_Add_Global_Average__xbip_ds...
Compiling module xil_defaultlib.Mult_Add_Global_Average__xbip_ds...
Compiling module xil_defaultlib.Mult_Add_Global_Average__multadd...
Compiling module xil_defaultlib.Mult_Add_Global_Average__xbip_mu...
Compiling module xil_defaultlib.Mult_Add_Global_Average__xbip_mu...
Compiling module xil_defaultlib.Mult_Add_Global_Average_HD1247
Compiling module xil_defaultlib.Mult_Add_Global_Average__xbip_ds...
Compiling module xil_defaultlib.Mult_Add_Global_Average__xbip_ds...
Compiling module xil_defaultlib.Mult_Add_Global_Average__xbip_ds...
Compiling module xil_defaultlib.Mult_Add_Global_Average__multadd...
Compiling module xil_defaultlib.Mult_Add_Global_Average__xbip_mu...
Compiling module xil_defaultlib.Mult_Add_Global_Average__xbip_mu...
Compiling module xil_defaultlib.Mult_Add_Global_Average_HD1254
Compiling module xil_defaultlib.Mult_Add_Global_Average__xbip_ds...
Compiling module xil_defaultlib.Mult_Add_Global_Average__xbip_ds...
Compiling module xil_defaultlib.Mult_Add_Global_Average__xbip_ds...
Compiling module xil_defaultlib.Mult_Add_Global_Average__multadd...
Compiling module xil_defaultlib.Mult_Add_Global_Average__xbip_mu...
Compiling module xil_defaultlib.Mult_Add_Global_Average__xbip_mu...
Compiling module xil_defaultlib.Mult_Add_Global_Average_HD1261
Compiling module xil_defaultlib.Mult_Add_Global_Average__xbip_ds...
Compiling module xil_defaultlib.Mult_Add_Global_Average__xbip_ds...
Compiling module xil_defaultlib.Mult_Add_Global_Average__xbip_ds...
Compiling module xil_defaultlib.Mult_Add_Global_Average__multadd...
Compiling module xil_defaultlib.Mult_Add_Global_Average__xbip_mu...
Compiling module xil_defaultlib.Mult_Add_Global_Average__xbip_mu...
Compiling module xil_defaultlib.Mult_Add_Global_Average_HD1268
Compiling module xil_defaultlib.Mult_Add_Global_Average__xbip_ds...
Compiling module xil_defaultlib.Mult_Add_Global_Average__xbip_ds...
Compiling module xil_defaultlib.Mult_Add_Global_Average__xbip_ds...
Compiling module xil_defaultlib.Mult_Add_Global_Average__multadd...
Compiling module xil_defaultlib.Mult_Add_Global_Average__xbip_mu...
Compiling module xil_defaultlib.Mult_Add_Global_Average__xbip_mu...
Compiling module xil_defaultlib.Mult_Add_Global_Average_HD1275
Compiling module xil_defaultlib.Mult_Add_Global_Average__xbip_ds...
Compiling module xil_defaultlib.Mult_Add_Global_Average__xbip_ds...
Compiling module xil_defaultlib.Mult_Add_Global_Average__xbip_ds...
Compiling module xil_defaultlib.Mult_Add_Global_Average__multadd...
Compiling module xil_defaultlib.Mult_Add_Global_Average__xbip_mu...
Compiling module xil_defaultlib.Mult_Add_Global_Average__xbip_mu...
Compiling module xil_defaultlib.Mult_Add_Global_Average_HD1282
Compiling module xil_defaultlib.Global_Average_Layer
Compiling module xil_defaultlib.Max_Pool_Layer
Compiling module xil_defaultlib.Conv_2_Weight_Buffer
Compiling module unisims_ver.BUFG
Compiling module unisims_ver.IBUF
Compiling module unisims_ver.RB18_INTERNAL_VLOG(READ_WIDTH_A=...
Compiling module unisims_ver.RAMB18E1(READ_WIDTH_A=18,READ_WI...
Compiling module xil_defaultlib.Conv_1_BRAM_blk_mem_gen_prim_wra...
Compiling module xil_defaultlib.Conv_1_BRAM_blk_mem_gen_prim_wid...
Compiling module xil_defaultlib.Conv_1_BRAM_blk_mem_gen_generic_...
Compiling module xil_defaultlib.Conv_1_BRAM_blk_mem_gen_top
Compiling module xil_defaultlib.Conv_1_BRAM_blk_mem_gen_v8_4_2_s...
Compiling module xil_defaultlib.Conv_1_BRAM_blk_mem_gen_v8_4_2_H...
Compiling module xil_defaultlib.Conv_1_BRAM_HD1356
Compiling module xil_defaultlib.Conv_1_Frame_Buffer__xdcDup__14
Compiling module xil_defaultlib.Conv_1_BRAM_blk_mem_gen_v8_4_2_H...
Compiling module xil_defaultlib.Conv_1_BRAM_HD1433
Compiling module xil_defaultlib.Conv_1_Frame_Buffer__xdcDup__24
Compiling module xil_defaultlib.Conv_1_BRAM_blk_mem_gen_v8_4_2_H...
Compiling module xil_defaultlib.Conv_1_BRAM_HD1440
Compiling module xil_defaultlib.Conv_1_Frame_Buffer__xdcDup__25
Compiling module xil_defaultlib.Conv_1_BRAM_blk_mem_gen_v8_4_2_H...
Compiling module xil_defaultlib.Conv_1_BRAM_HD1447
Compiling module xil_defaultlib.Conv_1_Frame_Buffer__xdcDup__26
Compiling module xil_defaultlib.Conv_1_BRAM_blk_mem_gen_v8_4_2_H...
Compiling module xil_defaultlib.Conv_1_BRAM_HD1454
Compiling module xil_defaultlib.Conv_1_Frame_Buffer__xdcDup__27
Compiling module xil_defaultlib.Conv_1_BRAM_blk_mem_gen_v8_4_2_H...
Compiling module xil_defaultlib.Conv_1_BRAM_HD1461
Compiling module xil_defaultlib.Conv_1_Frame_Buffer__xdcDup__28
Compiling module xil_defaultlib.Conv_1_BRAM_blk_mem_gen_v8_4_2_H...
Compiling module xil_defaultlib.Conv_1_BRAM_HD1468
Compiling module xil_defaultlib.Conv_1_Frame_Buffer__xdcDup__29
Compiling module xil_defaultlib.Conv_1_BRAM_blk_mem_gen_v8_4_2_H...
Compiling module xil_defaultlib.Conv_1_BRAM_HD1482
Compiling module xil_defaultlib.Conv_1_Frame_Buffer__xdcDup__30
Compiling module xil_defaultlib.Conv_1_BRAM_blk_mem_gen_v8_4_2_H...
Compiling module xil_defaultlib.Conv_1_BRAM_HD1489
Compiling module xil_defaultlib.Conv_1_Frame_Buffer__xdcDup__31
Compiling module xil_defaultlib.Conv_1_BRAM_blk_mem_gen_v8_4_2_H...
Compiling module xil_defaultlib.Conv_1_BRAM_HD1496
Compiling module xil_defaultlib.Conv_1_Frame_Buffer__xdcDup__32
Compiling module xil_defaultlib.Conv_1_BRAM_blk_mem_gen_v8_4_2
Compiling module xil_defaultlib.Conv_1_BRAM
Compiling module xil_defaultlib.Conv_1_Frame_Buffer
Compiling module xil_defaultlib.Conv_1_BRAM_blk_mem_gen_v8_4_2_H...
Compiling module xil_defaultlib.Conv_1_BRAM_HD1363
Compiling module xil_defaultlib.Conv_1_Frame_Buffer__xdcDup__15
Compiling module xil_defaultlib.Conv_1_BRAM_blk_mem_gen_v8_4_2_H...
Compiling module xil_defaultlib.Conv_1_BRAM_HD1370
Compiling module xil_defaultlib.Conv_1_Frame_Buffer__xdcDup__16
Compiling module xil_defaultlib.Conv_1_BRAM_blk_mem_gen_v8_4_2_H...
Compiling module xil_defaultlib.Conv_1_BRAM_HD1377
Compiling module xil_defaultlib.Conv_1_Frame_Buffer__xdcDup__17
Compiling module xil_defaultlib.Conv_1_BRAM_blk_mem_gen_v8_4_2_H...
Compiling module xil_defaultlib.Conv_1_BRAM_HD1384
Compiling module xil_defaultlib.Conv_1_Frame_Buffer__xdcDup__18
Compiling module xil_defaultlib.Conv_1_BRAM_blk_mem_gen_v8_4_2_H...
Compiling module xil_defaultlib.Conv_1_BRAM_HD1391
Compiling module xil_defaultlib.Conv_1_Frame_Buffer__xdcDup__19
Compiling module xil_defaultlib.Conv_1_BRAM_blk_mem_gen_v8_4_2_H...
Compiling module xil_defaultlib.Conv_1_BRAM_HD1405
Compiling module xil_defaultlib.Conv_1_Frame_Buffer__xdcDup__20
Compiling module xil_defaultlib.Conv_1_BRAM_blk_mem_gen_v8_4_2_H...
Compiling module xil_defaultlib.Conv_1_BRAM_HD1412
Compiling module xil_defaultlib.Conv_1_Frame_Buffer__xdcDup__21
Compiling module xil_defaultlib.Conv_1_BRAM_blk_mem_gen_v8_4_2_H...
Compiling module xil_defaultlib.Conv_1_BRAM_HD1419
Compiling module xil_defaultlib.Conv_1_Frame_Buffer__xdcDup__22
Compiling module xil_defaultlib.Conv_1_BRAM_blk_mem_gen_v8_4_2_H...
Compiling module xil_defaultlib.Conv_1_BRAM_HD1426
Compiling module xil_defaultlib.Conv_1_Frame_Buffer__xdcDup__23
Compiling module unisims_ver.OBUF
Compiling module xil_defaultlib.Conv_1_BRAM_blk_mem_gen_v8_4_2_H...
Compiling module xil_defaultlib.Conv_1_BRAM_HD1321
Compiling module xil_defaultlib.Conv_1_Frame_Buffer__xdcDup__1
Compiling module xil_defaultlib.Conv_1_BRAM_blk_mem_gen_v8_4_2_H...
Compiling module xil_defaultlib.Conv_1_BRAM_HD1398
Compiling module xil_defaultlib.Conv_1_Frame_Buffer__xdcDup__2
Compiling module xil_defaultlib.Conv_1_BRAM_blk_mem_gen_v8_4_2_H...
Compiling module xil_defaultlib.Conv_1_BRAM_HD1475
Compiling module xil_defaultlib.Conv_1_Frame_Buffer__xdcDup__3
Compiling module xil_defaultlib.Conv_1_BRAM_blk_mem_gen_v8_4_2_H...
Compiling module xil_defaultlib.Conv_1_BRAM_HD1503
Compiling module xil_defaultlib.Conv_1_Frame_Buffer__xdcDup__4
Compiling module xil_defaultlib.Conv_1_BRAM_blk_mem_gen_v8_4_2_H...
Compiling module xil_defaultlib.Conv_1_BRAM_HD1510
Compiling module xil_defaultlib.Conv_1_Frame_Buffer__xdcDup__5
Compiling module xil_defaultlib.Conv_1_BRAM_blk_mem_gen_v8_4_2_H...
Compiling module xil_defaultlib.Conv_1_BRAM_HD1517
Compiling module xil_defaultlib.Conv_1_Frame_Buffer__xdcDup__6
Compiling module xil_defaultlib.Conv_1_BRAM_blk_mem_gen_v8_4_2_H...
Compiling module xil_defaultlib.Conv_1_BRAM_HD1524
Compiling module xil_defaultlib.Conv_1_Frame_Buffer__xdcDup__7
Compiling module xil_defaultlib.Conv_1_BRAM_blk_mem_gen_v8_4_2_H...
Compiling module xil_defaultlib.Conv_1_BRAM_HD1531
Compiling module xil_defaultlib.Conv_1_Frame_Buffer__xdcDup__8
Compiling module xil_defaultlib.Conv_1_BRAM_blk_mem_gen_v8_4_2_H...
Compiling module xil_defaultlib.Conv_1_BRAM_HD1538
Compiling module xil_defaultlib.Conv_1_Frame_Buffer__xdcDup__9
Compiling module xil_defaultlib.Conv_1_BRAM_blk_mem_gen_v8_4_2_H...
Compiling module xil_defaultlib.Conv_1_BRAM_HD1328
Compiling module xil_defaultlib.Conv_1_Frame_Buffer__xdcDup__10
Compiling module xil_defaultlib.Conv_1_BRAM_blk_mem_gen_v8_4_2_H...
Compiling module xil_defaultlib.Conv_1_BRAM_HD1335
Compiling module xil_defaultlib.Conv_1_Frame_Buffer__xdcDup__11
Compiling module xil_defaultlib.Conv_1_BRAM_blk_mem_gen_v8_4_2_H...
Compiling module xil_defaultlib.Conv_1_BRAM_HD1342
Compiling module xil_defaultlib.Conv_1_Frame_Buffer__xdcDup__12
Compiling module xil_defaultlib.Conv_1_BRAM_blk_mem_gen_v8_4_2_H...
Compiling module xil_defaultlib.Conv_1_BRAM_HD1349
Compiling module xil_defaultlib.Conv_1_Frame_Buffer__xdcDup__13
Compiling module xil_defaultlib.MNIST_Solver
Compiling module xil_defaultlib.MNIST_Solver_TB
Compiling module xil_defaultlib.glbl
Built simulation snapshot MNIST_Solver_TB_func_impl
