#-----------------------------------------------------------
# Vivado v2018.3.1 (64-bit)
# SW Build 2489853 on Tue Mar 26 04:18:30 MDT 2019
# IP Build 2486929 on Tue Mar 26 06:44:21 MDT 2019
# Start of session at: Wed Feb 24 22:25:41 2021
# Process ID: 7808
# Current directory: /home/quinn/ece532-project/accelerator/tri_mode_ethernet_mac_0_ex
# Command line: vivado tri_mode_ethernet_mac_0_ex.xpr
# Log file: /home/quinn/ece532-project/accelerator/tri_mode_ethernet_mac_0_ex/vivado.log
# Journal file: /home/quinn/ece532-project/accelerator/tri_mode_ethernet_mac_0_ex/vivado.jou
#-----------------------------------------------------------
start_gui
open_project tri_mode_ethernet_mac_0_ex.xpr
Scanning sources...
Finished scanning sources
INFO: [IP_Flow 19-234] Refreshing IP repositories
INFO: [IP_Flow 19-1704] No user IP repositories specified
INFO: [IP_Flow 19-2313] Loaded Vivado IP repository '/tools/Xilinx/Vivado/2018.3/data/ip'.
WARNING: [IP_Flow 19-5178] IP tri_mode_ethernet_mac_0 will not be generated with lower license level. If you would like to generate with the current available license levels, please reset and regenerate.
open_project: Time (s): cpu = 00:00:12 ; elapsed = 00:00:06 . Memory (MB): peak = 6452.098 ; gain = 147.238 ; free physical = 4336 ; free virtual = 8159
update_compile_order -fileset sources_1
exit
INFO: [Common 17-206] Exiting Vivado at Thu Feb 25 09:49:15 2021...
