#-----------------------------------------------------------
# Vivado v2018.3.1 (64-bit)
# SW Build 2489853 on Tue Mar 26 04:18:30 MDT 2019
# IP Build 2486929 on Tue Mar 26 06:44:21 MDT 2019
# Start of session at: Sun Mar  7 14:41:58 2021
# Process ID: 6193
# Current directory: /home/quinn/ece532-project/accelerator/tri_mode_ethernet_mac_0_ex
# Command line: vivado tri_mode_ethernet_mac_0_ex.xpr
# Log file: /home/quinn/ece532-project/accelerator/tri_mode_ethernet_mac_0_ex/vivado.log
# Journal file: /home/quinn/ece532-project/accelerator/tri_mode_ethernet_mac_0_ex/vivado.jou
#-----------------------------------------------------------
start_gui
open_project tri_mode_ethernet_mac_0_ex.xpr
Scanning sources...
Finished scanning sources
INFO: [IP_Flow 19-234] Refreshing IP repositories
INFO: [IP_Flow 19-1704] No user IP repositories specified
INFO: [IP_Flow 19-2313] Loaded Vivado IP repository '/tools/Xilinx/Vivado/2018.3/data/ip'.
open_project: Time (s): cpu = 00:00:13 ; elapsed = 00:00:13 . Memory (MB): peak = 6466.801 ; gain = 160.941 ; free physical = 3744 ; free virtual = 7427
update_compile_order -fileset sources_1
set_property top tri_mode_ethernet_mac_0_example_design [current_fileset]
update_compile_order -fileset sources_1
