#-----------------------------------------------------------
# Vivado v2018.3.1 (64-bit)
# SW Build 2489853 on Tue Mar 26 04:18:30 MDT 2019
# IP Build 2486929 on Tue Mar 26 06:44:21 MDT 2019
# Start of session at: Sat Feb 27 17:39:38 2021
# Process ID: 2221
# Current directory: /home/quinn/ece532-project/accelerator/tri_mode_ethernet_mac_0_ex
# Command line: vivado tri_mode_ethernet_mac_0_ex.xpr
# Log file: /home/quinn/ece532-project/accelerator/tri_mode_ethernet_mac_0_ex/vivado.log
# Journal file: /home/quinn/ece532-project/accelerator/tri_mode_ethernet_mac_0_ex/vivado.jou
#-----------------------------------------------------------
start_gui
open_project tri_mode_ethernet_mac_0_ex.xpr
Scanning sources...
Finished scanning sources
INFO: [IP_Flow 19-234] Refreshing IP repositories
INFO: [IP_Flow 19-1704] No user IP repositories specified
INFO: [IP_Flow 19-2313] Loaded Vivado IP repository '/tools/Xilinx/Vivado/2018.3/data/ip'.
open_project: Time (s): cpu = 00:00:16 ; elapsed = 00:00:20 . Memory (MB): peak = 6461.125 ; gain = 156.270 ; free physical = 4121 ; free virtual = 7621
update_compile_order -fileset sources_1
reset_run synth_1
launch_runs impl_1 -jobs 2
INFO: [Vivado 12-4149] The synthesis checkpoint for IP '/home/quinn/ece532-project/accelerator/tri_mode_ethernet_mac_0_ex/tri_mode_ethernet_mac_0_ex.srcs/sources_1/ip/Mult_Add_COL/Mult_Add_COL.xci' is already up-to-date
INFO: [Vivado 12-4149] The synthesis checkpoint for IP '/home/quinn/ece532-project/accelerator/tri_mode_ethernet_mac_0_ex/tri_mode_ethernet_mac_0_ex.srcs/sources_1/ip/Mult_Add_NC/Mult_Add_NC.xci' is already up-to-date
[Sat Feb 27 18:00:11 2021] Launched synth_1...
Run output will be captured here: /home/quinn/ece532-project/accelerator/tri_mode_ethernet_mac_0_ex/tri_mode_ethernet_mac_0_ex.runs/synth_1/runme.log
[Sat Feb 27 18:00:11 2021] Launched impl_1...
Run output will be captured here: /home/quinn/ece532-project/accelerator/tri_mode_ethernet_mac_0_ex/tri_mode_ethernet_mac_0_ex.runs/impl_1/runme.log
reset_run synth_1
launch_runs impl_1 -jobs 2
INFO: [Vivado 12-4149] The synthesis checkpoint for IP '/home/quinn/ece532-project/accelerator/tri_mode_ethernet_mac_0_ex/tri_mode_ethernet_mac_0_ex.srcs/sources_1/ip/Mult_Add_COL/Mult_Add_COL.xci' is already up-to-date
INFO: [Vivado 12-4149] The synthesis checkpoint for IP '/home/quinn/ece532-project/accelerator/tri_mode_ethernet_mac_0_ex/tri_mode_ethernet_mac_0_ex.srcs/sources_1/ip/Mult_Add_NC/Mult_Add_NC.xci' is already up-to-date
[Sat Feb 27 18:01:11 2021] Launched synth_1...
Run output will be captured here: /home/quinn/ece532-project/accelerator/tri_mode_ethernet_mac_0_ex/tri_mode_ethernet_mac_0_ex.runs/synth_1/runme.log
[Sat Feb 27 18:01:11 2021] Launched impl_1...
Run output will be captured here: /home/quinn/ece532-project/accelerator/tri_mode_ethernet_mac_0_ex/tri_mode_ethernet_mac_0_ex.runs/impl_1/runme.log
reset_run synth_1
launch_runs impl_1 -jobs 2
INFO: [Vivado 12-4149] The synthesis checkpoint for IP '/home/quinn/ece532-project/accelerator/tri_mode_ethernet_mac_0_ex/tri_mode_ethernet_mac_0_ex.srcs/sources_1/ip/Mult_Add_COL/Mult_Add_COL.xci' is already up-to-date
INFO: [Vivado 12-4149] The synthesis checkpoint for IP '/home/quinn/ece532-project/accelerator/tri_mode_ethernet_mac_0_ex/tri_mode_ethernet_mac_0_ex.srcs/sources_1/ip/Mult_Add_NC/Mult_Add_NC.xci' is already up-to-date
[Sat Feb 27 18:11:23 2021] Launched synth_1...
Run output will be captured here: /home/quinn/ece532-project/accelerator/tri_mode_ethernet_mac_0_ex/tri_mode_ethernet_mac_0_ex.runs/synth_1/runme.log
[Sat Feb 27 18:11:23 2021] Launched impl_1...
Run output will be captured here: /home/quinn/ece532-project/accelerator/tri_mode_ethernet_mac_0_ex/tri_mode_ethernet_mac_0_ex.runs/impl_1/runme.log
set_property -dict [list CONFIG.CLKOUT3_REQUESTED_PHASE {45.000} CONFIG.MMCM_DIVCLK_DIVIDE {1} CONFIG.MMCM_CLKOUT2_PHASE {45.000}] [get_ips clk_wiz_0]
generate_target all [get_files  /home/quinn/ece532-project/accelerator/tri_mode_ethernet_mac_0_ex/tri_mode_ethernet_mac_0_ex.srcs/sources_1/ip/clk_wiz_0/clk_wiz_0.xci]
INFO: [IP_Flow 19-1686] Generating 'Instantiation Template' target for IP 'clk_wiz_0'...
INFO: [IP_Flow 19-1686] Generating 'Synthesis' target for IP 'clk_wiz_0'...
INFO: [IP_Flow 19-1686] Generating 'Simulation' target for IP 'clk_wiz_0'...
INFO: [IP_Flow 19-1686] Generating 'Implementation' target for IP 'clk_wiz_0'...
INFO: [IP_Flow 19-1686] Generating 'Change Log' target for IP 'clk_wiz_0'...
catch { config_ip_cache -export [get_ips -all clk_wiz_0] }
export_ip_user_files -of_objects [get_files /home/quinn/ece532-project/accelerator/tri_mode_ethernet_mac_0_ex/tri_mode_ethernet_mac_0_ex.srcs/sources_1/ip/clk_wiz_0/clk_wiz_0.xci] -no_script -sync -force -quiet
reset_run clk_wiz_0_synth_1
launch_runs -jobs 2 clk_wiz_0_synth_1
[Sat Feb 27 18:17:06 2021] Launched clk_wiz_0_synth_1...
Run output will be captured here: /home/quinn/ece532-project/accelerator/tri_mode_ethernet_mac_0_ex/tri_mode_ethernet_mac_0_ex.runs/clk_wiz_0_synth_1/runme.log
export_simulation -of_objects [get_files /home/quinn/ece532-project/accelerator/tri_mode_ethernet_mac_0_ex/tri_mode_ethernet_mac_0_ex.srcs/sources_1/ip/clk_wiz_0/clk_wiz_0.xci] -directory /home/quinn/ece532-project/accelerator/tri_mode_ethernet_mac_0_ex/tri_mode_ethernet_mac_0_ex.ip_user_files/sim_scripts -ip_user_files_dir /home/quinn/ece532-project/accelerator/tri_mode_ethernet_mac_0_ex/tri_mode_ethernet_mac_0_ex.ip_user_files -ipstatic_source_dir /home/quinn/ece532-project/accelerator/tri_mode_ethernet_mac_0_ex/tri_mode_ethernet_mac_0_ex.ip_user_files/ipstatic -lib_map_path [list {modelsim=/home/quinn/ece532-project/accelerator/tri_mode_ethernet_mac_0_ex/tri_mode_ethernet_mac_0_ex.cache/compile_simlib/modelsim} {questa=/home/quinn/ece532-project/accelerator/tri_mode_ethernet_mac_0_ex/tri_mode_ethernet_mac_0_ex.cache/compile_simlib/questa} {ies=/home/quinn/ece532-project/accelerator/tri_mode_ethernet_mac_0_ex/tri_mode_ethernet_mac_0_ex.cache/compile_simlib/ies} {xcelium=/home/quinn/ece532-project/accelerator/tri_mode_ethernet_mac_0_ex/tri_mode_ethernet_mac_0_ex.cache/compile_simlib/xcelium} {vcs=/home/quinn/ece532-project/accelerator/tri_mode_ethernet_mac_0_ex/tri_mode_ethernet_mac_0_ex.cache/compile_simlib/vcs} {riviera=/home/quinn/ece532-project/accelerator/tri_mode_ethernet_mac_0_ex/tri_mode_ethernet_mac_0_ex.cache/compile_simlib/riviera}] -use_ip_compiled_libs -force -quiet
exit
INFO: [Common 17-206] Exiting Vivado at Sat Feb 27 18:28:41 2021...
