#-----------------------------------------------------------
# Vivado v2018.3.1 (64-bit)
# SW Build 2489853 on Tue Mar 26 04:18:30 MDT 2019
# IP Build 2486929 on Tue Mar 26 06:44:21 MDT 2019
# Start of session at: Wed Feb 24 21:24:11 2021
# Process ID: 2160
# Current directory: /home/quinn/ece532-project/accelerator/tri_mode_ethernet_mac_0_ex
# Command line: vivado tri_mode_ethernet_mac_0_ex.xpr
# Log file: /home/quinn/ece532-project/accelerator/tri_mode_ethernet_mac_0_ex/vivado.log
# Journal file: /home/quinn/ece532-project/accelerator/tri_mode_ethernet_mac_0_ex/vivado.jou
#-----------------------------------------------------------
start_gui
open_project tri_mode_ethernet_mac_0_ex.xpr
Scanning sources...
Finished scanning sources
INFO: [IP_Flow 19-234] Refreshing IP repositories
INFO: [IP_Flow 19-1704] No user IP repositories specified
INFO: [IP_Flow 19-2313] Loaded Vivado IP repository '/tools/Xilinx/Vivado/2018.3/data/ip'.
INFO: [IP_Flow 19-5177] IP tri_mode_ethernet_mac_0 will be generated with higher license level.
open_project: Time (s): cpu = 00:00:13 ; elapsed = 00:00:17 . Memory (MB): peak = 6484.695 ; gain = 191.090 ; free physical = 4728 ; free virtual = 8238
update_compile_order -fileset sources_1
reset_target all [get_files  /home/quinn/ece532-project/accelerator/tri_mode_ethernet_mac_0_ex/tri_mode_ethernet_mac_0_ex.srcs/sources_1/ip/tri_mode_ethernet_mac_0/tri_mode_ethernet_mac_0.xci]
export_ip_user_files -of_objects  [get_files  /home/quinn/ece532-project/accelerator/tri_mode_ethernet_mac_0_ex/tri_mode_ethernet_mac_0_ex.srcs/sources_1/ip/tri_mode_ethernet_mac_0/tri_mode_ethernet_mac_0.xci] -sync -no_script -force -quiet
delete_ip_run [get_files -of_objects [get_fileset tri_mode_ethernet_mac_0] /home/quinn/ece532-project/accelerator/tri_mode_ethernet_mac_0_ex/tri_mode_ethernet_mac_0_ex.srcs/sources_1/ip/tri_mode_ethernet_mac_0/tri_mode_ethernet_mac_0.xci]
INFO: [Project 1-386] Moving file '/home/quinn/ece532-project/accelerator/tri_mode_ethernet_mac_0_ex/tri_mode_ethernet_mac_0_ex.srcs/sources_1/ip/tri_mode_ethernet_mac_0/tri_mode_ethernet_mac_0.xci' from fileset 'tri_mode_ethernet_mac_0' to fileset 'sources_1'.
update_compile_order -fileset sources_1
reset_target all [get_files  /home/quinn/ece532-project/accelerator/tri_mode_ethernet_mac_0_ex/tri_mode_ethernet_mac_0_ex.srcs/sources_1/ip/Mult_Add_NC/Mult_Add_NC.xci]
export_ip_user_files -of_objects  [get_files  /home/quinn/ece532-project/accelerator/tri_mode_ethernet_mac_0_ex/tri_mode_ethernet_mac_0_ex.srcs/sources_1/ip/Mult_Add_NC/Mult_Add_NC.xci] -sync -no_script -force -quiet
reset_run synth_1
launch_runs synth_1 -jobs 2
INFO: [Vivado 12-4149] The synthesis checkpoint for IP '/home/quinn/ece532-project/accelerator/tri_mode_ethernet_mac_0_ex/tri_mode_ethernet_mac_0_ex.srcs/sources_1/ip/Mult_Add_COL/Mult_Add_COL.xci' is already up-to-date
INFO: [IP_Flow 19-1686] Generating 'Synthesis' target for IP 'Mult_Add_NC'...
INFO: [IP_Flow 19-4993] Using cached IP synthesis design for IP Mult_Add_NC, cache-ID = 403192589c6a5347; cache size = 6.092 MB.
INFO: [Vivado 12-4149] The synthesis checkpoint for IP '/home/quinn/ece532-project/accelerator/tri_mode_ethernet_mac_0_ex/tri_mode_ethernet_mac_0_ex.srcs/sources_1/ip/Mult_Add_NC/Mult_Add_NC.xci' is already up-to-date
INFO: [IP_Flow 19-1686] Generating 'Synthesis' target for IP 'tri_mode_ethernet_mac_0'...
WARNING: [IP_Flow 19-650] IP license key 'eth_avb_endpoint@2015.04' is enabled with a Design_Linking license.
WARNING: [IP_Flow 19-650] IP license key 'eth_avb_endpoint@2015.04' is enabled with a Design_Linking license.
INFO: [IP_Flow 19-1686] Generating 'Implementation' target for IP 'tri_mode_ethernet_mac_0'...
[Wed Feb 24 21:26:17 2021] Launched tri_mode_ethernet_mac_0_synth_1...
Run output will be captured here: /home/quinn/ece532-project/accelerator/tri_mode_ethernet_mac_0_ex/tri_mode_ethernet_mac_0_ex.runs/tri_mode_ethernet_mac_0_synth_1/runme.log
[Wed Feb 24 21:26:17 2021] Launched synth_1...
Run output will be captured here: /home/quinn/ece532-project/accelerator/tri_mode_ethernet_mac_0_ex/tri_mode_ethernet_mac_0_ex.runs/synth_1/runme.log
launch_runs: Time (s): cpu = 00:00:07 ; elapsed = 00:00:07 . Memory (MB): peak = 6616.184 ; gain = 0.000 ; free physical = 4612 ; free virtual = 8148
launch_runs impl_1 -jobs 2
INFO: [Vivado 12-4149] The synthesis checkpoint for IP '/home/quinn/ece532-project/accelerator/tri_mode_ethernet_mac_0_ex/tri_mode_ethernet_mac_0_ex.srcs/sources_1/ip/Mult_Add_COL/Mult_Add_COL.xci' is already up-to-date
INFO: [Vivado 12-4149] The synthesis checkpoint for IP '/home/quinn/ece532-project/accelerator/tri_mode_ethernet_mac_0_ex/tri_mode_ethernet_mac_0_ex.srcs/sources_1/ip/Mult_Add_NC/Mult_Add_NC.xci' is already up-to-date
[Wed Feb 24 21:29:23 2021] Launched impl_1...
Run output will be captured here: /home/quinn/ece532-project/accelerator/tri_mode_ethernet_mac_0_ex/tri_mode_ethernet_mac_0_ex.runs/impl_1/runme.log
launch_runs impl_1 -to_step write_bitstream -jobs 2
INFO: [Vivado 12-4149] The synthesis checkpoint for IP '/home/quinn/ece532-project/accelerator/tri_mode_ethernet_mac_0_ex/tri_mode_ethernet_mac_0_ex.srcs/sources_1/ip/Mult_Add_COL/Mult_Add_COL.xci' is already up-to-date
INFO: [Vivado 12-4149] The synthesis checkpoint for IP '/home/quinn/ece532-project/accelerator/tri_mode_ethernet_mac_0_ex/tri_mode_ethernet_mac_0_ex.srcs/sources_1/ip/Mult_Add_NC/Mult_Add_NC.xci' is already up-to-date
[Wed Feb 24 21:31:08 2021] Launched impl_1...
Run output will be captured here: /home/quinn/ece532-project/accelerator/tri_mode_ethernet_mac_0_ex/tri_mode_ethernet_mac_0_ex.runs/impl_1/runme.log
open_run impl_1
INFO: [Netlist 29-17] Analyzing 293 Unisim elements for replacement
INFO: [Netlist 29-28] Unisim Transformation completed in 0 CPU seconds
INFO: [Project 1-479] Netlist was created with Vivado 2018.3.1
INFO: [Device 21-403] Loading part xc7a100tcsg324-1
INFO: [Project 1-570] Preparing netlist for logic optimization
INFO: [Timing 38-478] Restoring timing data from binary archive.
INFO: [Timing 38-479] Binary timing data restore complete.
INFO: [Project 1-856] Restoring constraints from binary archive.
INFO: [Project 1-853] Binary constraint restore complete.
Reading XDEF placement.
Reading placer database...
Reading XDEF routing.
Read XDEF File: Time (s): cpu = 00:00:00.40 ; elapsed = 00:00:00.38 . Memory (MB): peak = 7428.297 ; gain = 3.000 ; free physical = 3689 ; free virtual = 7349
Restored from archive | CPU: 0.400000 secs | Memory: 6.655998 MB |
Finished XDEF File Restore: Time (s): cpu = 00:00:00.40 ; elapsed = 00:00:00.39 . Memory (MB): peak = 7428.297 ; gain = 3.000 ; free physical = 3689 ; free virtual = 7349
Netlist sorting complete. Time (s): cpu = 00:00:00 ; elapsed = 00:00:00 . Memory (MB): peak = 7428.297 ; gain = 0.000 ; free physical = 3690 ; free virtual = 7350
INFO: [Project 1-111] Unisim Transformation Summary:
  A total of 161 instances were transformed.
  IOBUF => IOBUF (IBUF, OBUFT): 1 instances
  RAM64X1D => RAM64X1D (RAMD64E, RAMD64E): 160 instances

open_run: Time (s): cpu = 00:00:20 ; elapsed = 00:00:17 . Memory (MB): peak = 7589.395 ; gain = 839.410 ; free physical = 3603 ; free virtual = 7266
set_property IOSTANDARD LVCMOS25 [get_ports [list activity_flash]]
exit
INFO: [Common 17-206] Exiting Vivado at Wed Feb 24 21:56:04 2021...
