#-----------------------------------------------------------
# Vivado v2018.3.1 (64-bit)
# SW Build 2489853 on Tue Mar 26 04:18:30 MDT 2019
# IP Build 2486929 on Tue Mar 26 06:44:21 MDT 2019
# Start of session at: Sat Feb 27 18:28:46 2021
# Process ID: 15082
# Current directory: /home/quinn/ece532-project/accelerator/tri_mode_ethernet_mac_0_ex
# Command line: vivado tri_mode_ethernet_mac_0_ex.xpr
# Log file: /home/quinn/ece532-project/accelerator/tri_mode_ethernet_mac_0_ex/vivado.log
# Journal file: /home/quinn/ece532-project/accelerator/tri_mode_ethernet_mac_0_ex/vivado.jou
#-----------------------------------------------------------
start_gui
open_project tri_mode_ethernet_mac_0_ex.xpr
Scanning sources...
Finished scanning sources
INFO: [IP_Flow 19-234] Refreshing IP repositories
INFO: [IP_Flow 19-1704] No user IP repositories specified
INFO: [IP_Flow 19-2313] Loaded Vivado IP repository '/tools/Xilinx/Vivado/2018.3/data/ip'.
open_project: Time (s): cpu = 00:00:13 ; elapsed = 00:00:13 . Memory (MB): peak = 6458.086 ; gain = 153.227 ; free physical = 2941 ; free virtual = 5932
update_compile_order -fileset sources_1
reset_run synth_1
launch_runs impl_1 -jobs 2
INFO: [Vivado 12-4149] The synthesis checkpoint for IP '/home/quinn/ece532-project/accelerator/tri_mode_ethernet_mac_0_ex/tri_mode_ethernet_mac_0_ex.srcs/sources_1/ip/Mult_Add_COL/Mult_Add_COL.xci' is already up-to-date
INFO: [Vivado 12-4149] The synthesis checkpoint for IP '/home/quinn/ece532-project/accelerator/tri_mode_ethernet_mac_0_ex/tri_mode_ethernet_mac_0_ex.srcs/sources_1/ip/Mult_Add_NC/Mult_Add_NC.xci' is already up-to-date
[Sat Feb 27 18:29:33 2021] Launched synth_1...
Run output will be captured here: /home/quinn/ece532-project/accelerator/tri_mode_ethernet_mac_0_ex/tri_mode_ethernet_mac_0_ex.runs/synth_1/runme.log
[Sat Feb 27 18:29:34 2021] Launched impl_1...
Run output will be captured here: /home/quinn/ece532-project/accelerator/tri_mode_ethernet_mac_0_ex/tri_mode_ethernet_mac_0_ex.runs/impl_1/runme.log
open_run impl_1
INFO: [Netlist 29-17] Analyzing 311 Unisim elements for replacement
INFO: [Netlist 29-28] Unisim Transformation completed in 0 CPU seconds
INFO: [Project 1-479] Netlist was created with Vivado 2018.3.1
INFO: [Device 21-403] Loading part xc7a100tcsg324-1
INFO: [Project 1-570] Preparing netlist for logic optimization
WARNING: [Constraints 18-550] Could not create 'IBUF_LOW_PWR' constraint because net 'clocking_wizard/clk_in1' is not directly connected to top level port. Synthesis is ignored for IBUF_LOW_PWR but preserved for implementation.
WARNING: [Constraints 18-550] Could not create 'IBUF_LOW_PWR' constraint because net 'trimac_fifo_block/trimac_sup_block/tri_mode_ethernet_mac_i/mii_rx_clk' is not directly connected to top level port. Synthesis is ignored for IBUF_LOW_PWR but preserved for implementation.
WARNING: [Constraints 18-550] Could not create 'IBUF_LOW_PWR' constraint because net 'trimac_fifo_block/trimac_sup_block/tri_mode_ethernet_mac_i/mii_rx_dv' is not directly connected to top level port. Synthesis is ignored for IBUF_LOW_PWR but preserved for implementation.
WARNING: [Constraints 18-550] Could not create 'IBUF_LOW_PWR' constraint because net 'trimac_fifo_block/trimac_sup_block/tri_mode_ethernet_mac_i/mii_rx_er' is not directly connected to top level port. Synthesis is ignored for IBUF_LOW_PWR but preserved for implementation.
WARNING: [Constraints 18-550] Could not create 'IBUF_LOW_PWR' constraint because net 'trimac_fifo_block/trimac_sup_block/tri_mode_ethernet_mac_i/mii_rxd[0]' is not directly connected to top level port. Synthesis is ignored for IBUF_LOW_PWR but preserved for implementation.
WARNING: [Constraints 18-550] Could not create 'IBUF_LOW_PWR' constraint because net 'trimac_fifo_block/trimac_sup_block/tri_mode_ethernet_mac_i/mii_rxd[1]' is not directly connected to top level port. Synthesis is ignored for IBUF_LOW_PWR but preserved for implementation.
WARNING: [Constraints 18-550] Could not create 'IBUF_LOW_PWR' constraint because net 'trimac_fifo_block/trimac_sup_block/tri_mode_ethernet_mac_i/mii_rxd[2]' is not directly connected to top level port. Synthesis is ignored for IBUF_LOW_PWR but preserved for implementation.
WARNING: [Constraints 18-550] Could not create 'IBUF_LOW_PWR' constraint because net 'trimac_fifo_block/trimac_sup_block/tri_mode_ethernet_mac_i/mii_rxd[3]' is not directly connected to top level port. Synthesis is ignored for IBUF_LOW_PWR but preserved for implementation.
WARNING: [Constraints 18-550] Could not create 'IBUF_LOW_PWR' constraint because net 'trimac_fifo_block/trimac_sup_block/tri_mode_ethernet_mac_i/mii_tx_clk' is not directly connected to top level port. Synthesis is ignored for IBUF_LOW_PWR but preserved for implementation.
WARNING: [Constraints 18-550] Could not create 'DRIVE' constraint because net 'trimac_fifo_block/trimac_sup_block/tri_mode_ethernet_mac_i/mii_tx_en' is not directly connected to top level port. Synthesis is ignored for DRIVE but preserved for implementation.
WARNING: [Constraints 18-550] Could not create 'SLEW' constraint because net 'trimac_fifo_block/trimac_sup_block/tri_mode_ethernet_mac_i/mii_tx_en' is not directly connected to top level port. Synthesis is ignored for SLEW but preserved for implementation.
WARNING: [Constraints 18-550] Could not create 'DRIVE' constraint because net 'trimac_fifo_block/trimac_sup_block/tri_mode_ethernet_mac_i/mii_tx_er' is not directly connected to top level port. Synthesis is ignored for DRIVE but preserved for implementation.
WARNING: [Constraints 18-550] Could not create 'SLEW' constraint because net 'trimac_fifo_block/trimac_sup_block/tri_mode_ethernet_mac_i/mii_tx_er' is not directly connected to top level port. Synthesis is ignored for SLEW but preserved for implementation.
WARNING: [Constraints 18-550] Could not create 'DRIVE' constraint because net 'trimac_fifo_block/trimac_sup_block/tri_mode_ethernet_mac_i/mii_txd[0]' is not directly connected to top level port. Synthesis is ignored for DRIVE but preserved for implementation.
WARNING: [Constraints 18-550] Could not create 'SLEW' constraint because net 'trimac_fifo_block/trimac_sup_block/tri_mode_ethernet_mac_i/mii_txd[0]' is not directly connected to top level port. Synthesis is ignored for SLEW but preserved for implementation.
WARNING: [Constraints 18-550] Could not create 'DRIVE' constraint because net 'trimac_fifo_block/trimac_sup_block/tri_mode_ethernet_mac_i/mii_txd[1]' is not directly connected to top level port. Synthesis is ignored for DRIVE but preserved for implementation.
WARNING: [Constraints 18-550] Could not create 'SLEW' constraint because net 'trimac_fifo_block/trimac_sup_block/tri_mode_ethernet_mac_i/mii_txd[1]' is not directly connected to top level port. Synthesis is ignored for SLEW but preserved for implementation.
WARNING: [Constraints 18-550] Could not create 'DRIVE' constraint because net 'trimac_fifo_block/trimac_sup_block/tri_mode_ethernet_mac_i/mii_txd[2]' is not directly connected to top level port. Synthesis is ignored for DRIVE but preserved for implementation.
WARNING: [Constraints 18-550] Could not create 'SLEW' constraint because net 'trimac_fifo_block/trimac_sup_block/tri_mode_ethernet_mac_i/mii_txd[2]' is not directly connected to top level port. Synthesis is ignored for SLEW but preserved for implementation.
WARNING: [Constraints 18-550] Could not create 'DRIVE' constraint because net 'trimac_fifo_block/trimac_sup_block/tri_mode_ethernet_mac_i/mii_txd[3]' is not directly connected to top level port. Synthesis is ignored for DRIVE but preserved for implementation.
WARNING: [Constraints 18-550] Could not create 'SLEW' constraint because net 'trimac_fifo_block/trimac_sup_block/tri_mode_ethernet_mac_i/mii_txd[3]' is not directly connected to top level port. Synthesis is ignored for SLEW but preserved for implementation.
INFO: [Timing 38-478] Restoring timing data from binary archive.
INFO: [Timing 38-479] Binary timing data restore complete.
INFO: [Project 1-856] Restoring constraints from binary archive.
INFO: [Project 1-853] Binary constraint restore complete.
Reading XDEF placement.
Reading placer database...
Reading XDEF routing.
Read XDEF File: Time (s): cpu = 00:00:00.47 ; elapsed = 00:00:00.47 . Memory (MB): peak = 7234.992 ; gain = 13.004 ; free physical = 2244 ; free virtual = 5141
Restored from archive | CPU: 0.470000 secs | Memory: 8.478333 MB |
Finished XDEF File Restore: Time (s): cpu = 00:00:00.48 ; elapsed = 00:00:00.47 . Memory (MB): peak = 7234.992 ; gain = 13.004 ; free physical = 2244 ; free virtual = 5141
Netlist sorting complete. Time (s): cpu = 00:00:00 ; elapsed = 00:00:00 . Memory (MB): peak = 7234.992 ; gain = 0.000 ; free physical = 2246 ; free virtual = 5143
INFO: [Project 1-111] Unisim Transformation Summary:
  A total of 167 instances were transformed.
  IOBUF => IOBUF (IBUF, OBUFT): 1 instances
  RAM32M => RAM32M (RAMD32, RAMD32, RAMD32, RAMD32, RAMD32, RAMD32, RAMS32, RAMS32): 6 instances
  RAM64X1D => RAM64X1D (RAMD64E, RAMD64E): 160 instances

open_run: Time (s): cpu = 00:00:21 ; elapsed = 00:00:18 . Memory (MB): peak = 7406.262 ; gain = 850.098 ; free physical = 2150 ; free virtual = 5050
CRITICAL WARNING: [Timing 38-282] The design failed to meet the timing requirements. Please see the timing summary report for details on the timing violations.
WARNING: [Timing 38-436] There are set_bus_skew constraint(s) in this design. Please run report_bus_skew to ensure that bus skew requirements are met.
reset_run synth_1
launch_runs impl_1 -jobs 2
INFO: [Vivado 12-4149] The synthesis checkpoint for IP '/home/quinn/ece532-project/accelerator/tri_mode_ethernet_mac_0_ex/tri_mode_ethernet_mac_0_ex.srcs/sources_1/ip/Mult_Add_COL/Mult_Add_COL.xci' is already up-to-date
INFO: [Vivado 12-4149] The synthesis checkpoint for IP '/home/quinn/ece532-project/accelerator/tri_mode_ethernet_mac_0_ex/tri_mode_ethernet_mac_0_ex.srcs/sources_1/ip/Mult_Add_NC/Mult_Add_NC.xci' is already up-to-date
[Sat Feb 27 18:38:42 2021] Launched synth_1...
Run output will be captured here: /home/quinn/ece532-project/accelerator/tri_mode_ethernet_mac_0_ex/tri_mode_ethernet_mac_0_ex.runs/synth_1/runme.log
[Sat Feb 27 18:38:42 2021] Launched impl_1...
Run output will be captured here: /home/quinn/ece532-project/accelerator/tri_mode_ethernet_mac_0_ex/tri_mode_ethernet_mac_0_ex.runs/impl_1/runme.log
close_design
reset_run synth_1
launch_runs impl_1 -jobs 2
INFO: [Vivado 12-4149] The synthesis checkpoint for IP '/home/quinn/ece532-project/accelerator/tri_mode_ethernet_mac_0_ex/tri_mode_ethernet_mac_0_ex.srcs/sources_1/ip/Mult_Add_COL/Mult_Add_COL.xci' is already up-to-date
INFO: [Vivado 12-4149] The synthesis checkpoint for IP '/home/quinn/ece532-project/accelerator/tri_mode_ethernet_mac_0_ex/tri_mode_ethernet_mac_0_ex.srcs/sources_1/ip/Mult_Add_NC/Mult_Add_NC.xci' is already up-to-date
[Sat Feb 27 18:49:53 2021] Launched synth_1...
Run output will be captured here: /home/quinn/ece532-project/accelerator/tri_mode_ethernet_mac_0_ex/tri_mode_ethernet_mac_0_ex.runs/synth_1/runme.log
[Sat Feb 27 18:49:53 2021] Launched impl_1...
Run output will be captured here: /home/quinn/ece532-project/accelerator/tri_mode_ethernet_mac_0_ex/tri_mode_ethernet_mac_0_ex.runs/impl_1/runme.log
reset_run synth_1
launch_runs impl_1 -jobs 2
INFO: [Vivado 12-4149] The synthesis checkpoint for IP '/home/quinn/ece532-project/accelerator/tri_mode_ethernet_mac_0_ex/tri_mode_ethernet_mac_0_ex.srcs/sources_1/ip/Mult_Add_COL/Mult_Add_COL.xci' is already up-to-date
INFO: [Vivado 12-4149] The synthesis checkpoint for IP '/home/quinn/ece532-project/accelerator/tri_mode_ethernet_mac_0_ex/tri_mode_ethernet_mac_0_ex.srcs/sources_1/ip/Mult_Add_NC/Mult_Add_NC.xci' is already up-to-date
[Sat Feb 27 18:58:13 2021] Launched synth_1...
Run output will be captured here: /home/quinn/ece532-project/accelerator/tri_mode_ethernet_mac_0_ex/tri_mode_ethernet_mac_0_ex.runs/synth_1/runme.log
[Sat Feb 27 18:58:13 2021] Launched impl_1...
Run output will be captured here: /home/quinn/ece532-project/accelerator/tri_mode_ethernet_mac_0_ex/tri_mode_ethernet_mac_0_ex.runs/impl_1/runme.log
open_run impl_1
INFO: [Netlist 29-17] Analyzing 311 Unisim elements for replacement
INFO: [Netlist 29-28] Unisim Transformation completed in 0 CPU seconds
INFO: [Project 1-479] Netlist was created with Vivado 2018.3.1
INFO: [Project 1-570] Preparing netlist for logic optimization
WARNING: [Constraints 18-550] Could not create 'IBUF_LOW_PWR' constraint because net 'trimac_fifo_block/trimac_sup_block/tri_mode_ethernet_mac_i/mii_rx_clk' is not directly connected to top level port. Synthesis is ignored for IBUF_LOW_PWR but preserved for implementation.
WARNING: [Constraints 18-550] Could not create 'IBUF_LOW_PWR' constraint because net 'trimac_fifo_block/trimac_sup_block/tri_mode_ethernet_mac_i/mii_rx_dv' is not directly connected to top level port. Synthesis is ignored for IBUF_LOW_PWR but preserved for implementation.
WARNING: [Constraints 18-550] Could not create 'IBUF_LOW_PWR' constraint because net 'trimac_fifo_block/trimac_sup_block/tri_mode_ethernet_mac_i/mii_rx_er' is not directly connected to top level port. Synthesis is ignored for IBUF_LOW_PWR but preserved for implementation.
WARNING: [Constraints 18-550] Could not create 'IBUF_LOW_PWR' constraint because net 'trimac_fifo_block/trimac_sup_block/tri_mode_ethernet_mac_i/mii_rxd[0]' is not directly connected to top level port. Synthesis is ignored for IBUF_LOW_PWR but preserved for implementation.
WARNING: [Constraints 18-550] Could not create 'IBUF_LOW_PWR' constraint because net 'trimac_fifo_block/trimac_sup_block/tri_mode_ethernet_mac_i/mii_rxd[1]' is not directly connected to top level port. Synthesis is ignored for IBUF_LOW_PWR but preserved for implementation.
WARNING: [Constraints 18-550] Could not create 'IBUF_LOW_PWR' constraint because net 'trimac_fifo_block/trimac_sup_block/tri_mode_ethernet_mac_i/mii_rxd[2]' is not directly connected to top level port. Synthesis is ignored for IBUF_LOW_PWR but preserved for implementation.
WARNING: [Constraints 18-550] Could not create 'IBUF_LOW_PWR' constraint because net 'trimac_fifo_block/trimac_sup_block/tri_mode_ethernet_mac_i/mii_rxd[3]' is not directly connected to top level port. Synthesis is ignored for IBUF_LOW_PWR but preserved for implementation.
WARNING: [Constraints 18-550] Could not create 'IBUF_LOW_PWR' constraint because net 'trimac_fifo_block/trimac_sup_block/tri_mode_ethernet_mac_i/mii_tx_clk' is not directly connected to top level port. Synthesis is ignored for IBUF_LOW_PWR but preserved for implementation.
WARNING: [Constraints 18-550] Could not create 'DRIVE' constraint because net 'trimac_fifo_block/trimac_sup_block/tri_mode_ethernet_mac_i/mii_tx_en' is not directly connected to top level port. Synthesis is ignored for DRIVE but preserved for implementation.
WARNING: [Constraints 18-550] Could not create 'SLEW' constraint because net 'trimac_fifo_block/trimac_sup_block/tri_mode_ethernet_mac_i/mii_tx_en' is not directly connected to top level port. Synthesis is ignored for SLEW but preserved for implementation.
WARNING: [Constraints 18-550] Could not create 'DRIVE' constraint because net 'trimac_fifo_block/trimac_sup_block/tri_mode_ethernet_mac_i/mii_tx_er' is not directly connected to top level port. Synthesis is ignored for DRIVE but preserved for implementation.
WARNING: [Constraints 18-550] Could not create 'SLEW' constraint because net 'trimac_fifo_block/trimac_sup_block/tri_mode_ethernet_mac_i/mii_tx_er' is not directly connected to top level port. Synthesis is ignored for SLEW but preserved for implementation.
WARNING: [Constraints 18-550] Could not create 'DRIVE' constraint because net 'trimac_fifo_block/trimac_sup_block/tri_mode_ethernet_mac_i/mii_txd[0]' is not directly connected to top level port. Synthesis is ignored for DRIVE but preserved for implementation.
WARNING: [Constraints 18-550] Could not create 'SLEW' constraint because net 'trimac_fifo_block/trimac_sup_block/tri_mode_ethernet_mac_i/mii_txd[0]' is not directly connected to top level port. Synthesis is ignored for SLEW but preserved for implementation.
WARNING: [Constraints 18-550] Could not create 'DRIVE' constraint because net 'trimac_fifo_block/trimac_sup_block/tri_mode_ethernet_mac_i/mii_txd[1]' is not directly connected to top level port. Synthesis is ignored for DRIVE but preserved for implementation.
WARNING: [Constraints 18-550] Could not create 'SLEW' constraint because net 'trimac_fifo_block/trimac_sup_block/tri_mode_ethernet_mac_i/mii_txd[1]' is not directly connected to top level port. Synthesis is ignored for SLEW but preserved for implementation.
WARNING: [Constraints 18-550] Could not create 'DRIVE' constraint because net 'trimac_fifo_block/trimac_sup_block/tri_mode_ethernet_mac_i/mii_txd[2]' is not directly connected to top level port. Synthesis is ignored for DRIVE but preserved for implementation.
WARNING: [Constraints 18-550] Could not create 'SLEW' constraint because net 'trimac_fifo_block/trimac_sup_block/tri_mode_ethernet_mac_i/mii_txd[2]' is not directly connected to top level port. Synthesis is ignored for SLEW but preserved for implementation.
WARNING: [Constraints 18-550] Could not create 'DRIVE' constraint because net 'trimac_fifo_block/trimac_sup_block/tri_mode_ethernet_mac_i/mii_txd[3]' is not directly connected to top level port. Synthesis is ignored for DRIVE but preserved for implementation.
WARNING: [Constraints 18-550] Could not create 'SLEW' constraint because net 'trimac_fifo_block/trimac_sup_block/tri_mode_ethernet_mac_i/mii_txd[3]' is not directly connected to top level port. Synthesis is ignored for SLEW but preserved for implementation.
INFO: [Timing 38-478] Restoring timing data from binary archive.
INFO: [Timing 38-479] Binary timing data restore complete.
INFO: [Project 1-856] Restoring constraints from binary archive.
INFO: [Project 1-853] Binary constraint restore complete.
Reading XDEF placement.
Reading placer database...
Reading XDEF routing.
Read XDEF File: Time (s): cpu = 00:00:00.53 ; elapsed = 00:00:00.52 . Memory (MB): peak = 7772.832 ; gain = 0.000 ; free physical = 2582 ; free virtual = 4921
Restored from archive | CPU: 0.530000 secs | Memory: 8.456039 MB |
Finished XDEF File Restore: Time (s): cpu = 00:00:00.53 ; elapsed = 00:00:00.52 . Memory (MB): peak = 7772.832 ; gain = 0.000 ; free physical = 2582 ; free virtual = 4921
Netlist sorting complete. Time (s): cpu = 00:00:00 ; elapsed = 00:00:00 . Memory (MB): peak = 7772.832 ; gain = 0.000 ; free physical = 2584 ; free virtual = 4922
INFO: [Project 1-111] Unisim Transformation Summary:
  A total of 167 instances were transformed.
  IOBUF => IOBUF (IBUF, OBUFT): 1 instances
  RAM32M => RAM32M (RAMD32, RAMD32, RAMD32, RAMD32, RAMD32, RAMD32, RAMS32, RAMS32): 6 instances
  RAM64X1D => RAM64X1D (RAMD64E, RAMD64E): 160 instances

open_run: Time (s): cpu = 00:00:08 ; elapsed = 00:00:06 . Memory (MB): peak = 7860.438 ; gain = 87.605 ; free physical = 2561 ; free virtual = 4901
WARNING: [Timing 38-436] There are set_bus_skew constraint(s) in this design. Please run report_bus_skew to ensure that bus skew requirements are met.
update_compile_order -fileset sources_1
update_compile_order -fileset sources_1
reset_run synth_1
launch_runs impl_1 -jobs 3
INFO: [Vivado 12-4149] The synthesis checkpoint for IP '/home/quinn/ece532-project/accelerator/tri_mode_ethernet_mac_0_ex/tri_mode_ethernet_mac_0_ex.srcs/sources_1/ip/Mult_Add_COL/Mult_Add_COL.xci' is already up-to-date
INFO: [Vivado 12-4149] The synthesis checkpoint for IP '/home/quinn/ece532-project/accelerator/tri_mode_ethernet_mac_0_ex/tri_mode_ethernet_mac_0_ex.srcs/sources_1/ip/Mult_Add_NC/Mult_Add_NC.xci' is already up-to-date
[Sat Feb 27 19:09:55 2021] Launched synth_1...
Run output will be captured here: /home/quinn/ece532-project/accelerator/tri_mode_ethernet_mac_0_ex/tri_mode_ethernet_mac_0_ex.runs/synth_1/runme.log
[Sat Feb 27 19:09:55 2021] Launched impl_1...
Run output will be captured here: /home/quinn/ece532-project/accelerator/tri_mode_ethernet_mac_0_ex/tri_mode_ethernet_mac_0_ex.runs/impl_1/runme.log
close_design
reset_run synth_1
launch_runs impl_1 -jobs 3
INFO: [Vivado 12-4149] The synthesis checkpoint for IP '/home/quinn/ece532-project/accelerator/tri_mode_ethernet_mac_0_ex/tri_mode_ethernet_mac_0_ex.srcs/sources_1/ip/Mult_Add_COL/Mult_Add_COL.xci' is already up-to-date
INFO: [Vivado 12-4149] The synthesis checkpoint for IP '/home/quinn/ece532-project/accelerator/tri_mode_ethernet_mac_0_ex/tri_mode_ethernet_mac_0_ex.srcs/sources_1/ip/Mult_Add_NC/Mult_Add_NC.xci' is already up-to-date
[Sat Feb 27 19:11:36 2021] Launched synth_1...
Run output will be captured here: /home/quinn/ece532-project/accelerator/tri_mode_ethernet_mac_0_ex/tri_mode_ethernet_mac_0_ex.runs/synth_1/runme.log
[Sat Feb 27 19:11:36 2021] Launched impl_1...
Run output will be captured here: /home/quinn/ece532-project/accelerator/tri_mode_ethernet_mac_0_ex/tri_mode_ethernet_mac_0_ex.runs/impl_1/runme.log
open_run impl_1
INFO: [Netlist 29-17] Analyzing 296 Unisim elements for replacement
INFO: [Netlist 29-28] Unisim Transformation completed in 0 CPU seconds
INFO: [Project 1-479] Netlist was created with Vivado 2018.3.1
INFO: [Project 1-570] Preparing netlist for logic optimization
WARNING: [Constraints 18-550] Could not create 'IBUF_LOW_PWR' constraint because net 'trimac_fifo_block/trimac_sup_block/tri_mode_ethernet_mac_i/mii_rx_clk' is not directly connected to top level port. Synthesis is ignored for IBUF_LOW_PWR but preserved for implementation.
WARNING: [Constraints 18-550] Could not create 'IBUF_LOW_PWR' constraint because net 'trimac_fifo_block/trimac_sup_block/tri_mode_ethernet_mac_i/mii_rx_dv' is not directly connected to top level port. Synthesis is ignored for IBUF_LOW_PWR but preserved for implementation.
WARNING: [Constraints 18-550] Could not create 'IBUF_LOW_PWR' constraint because net 'trimac_fifo_block/trimac_sup_block/tri_mode_ethernet_mac_i/mii_rx_er' is not directly connected to top level port. Synthesis is ignored for IBUF_LOW_PWR but preserved for implementation.
WARNING: [Constraints 18-550] Could not create 'IBUF_LOW_PWR' constraint because net 'trimac_fifo_block/trimac_sup_block/tri_mode_ethernet_mac_i/mii_rxd[0]' is not directly connected to top level port. Synthesis is ignored for IBUF_LOW_PWR but preserved for implementation.
WARNING: [Constraints 18-550] Could not create 'IBUF_LOW_PWR' constraint because net 'trimac_fifo_block/trimac_sup_block/tri_mode_ethernet_mac_i/mii_rxd[1]' is not directly connected to top level port. Synthesis is ignored for IBUF_LOW_PWR but preserved for implementation.
WARNING: [Constraints 18-550] Could not create 'IBUF_LOW_PWR' constraint because net 'trimac_fifo_block/trimac_sup_block/tri_mode_ethernet_mac_i/mii_rxd[2]' is not directly connected to top level port. Synthesis is ignored for IBUF_LOW_PWR but preserved for implementation.
WARNING: [Constraints 18-550] Could not create 'IBUF_LOW_PWR' constraint because net 'trimac_fifo_block/trimac_sup_block/tri_mode_ethernet_mac_i/mii_rxd[3]' is not directly connected to top level port. Synthesis is ignored for IBUF_LOW_PWR but preserved for implementation.
WARNING: [Constraints 18-550] Could not create 'IBUF_LOW_PWR' constraint because net 'trimac_fifo_block/trimac_sup_block/tri_mode_ethernet_mac_i/mii_tx_clk' is not directly connected to top level port. Synthesis is ignored for IBUF_LOW_PWR but preserved for implementation.
WARNING: [Constraints 18-550] Could not create 'DRIVE' constraint because net 'trimac_fifo_block/trimac_sup_block/tri_mode_ethernet_mac_i/mii_tx_en' is not directly connected to top level port. Synthesis is ignored for DRIVE but preserved for implementation.
WARNING: [Constraints 18-550] Could not create 'SLEW' constraint because net 'trimac_fifo_block/trimac_sup_block/tri_mode_ethernet_mac_i/mii_tx_en' is not directly connected to top level port. Synthesis is ignored for SLEW but preserved for implementation.
WARNING: [Constraints 18-550] Could not create 'DRIVE' constraint because net 'trimac_fifo_block/trimac_sup_block/tri_mode_ethernet_mac_i/mii_tx_er' is not directly connected to top level port. Synthesis is ignored for DRIVE but preserved for implementation.
WARNING: [Constraints 18-550] Could not create 'SLEW' constraint because net 'trimac_fifo_block/trimac_sup_block/tri_mode_ethernet_mac_i/mii_tx_er' is not directly connected to top level port. Synthesis is ignored for SLEW but preserved for implementation.
WARNING: [Constraints 18-550] Could not create 'DRIVE' constraint because net 'trimac_fifo_block/trimac_sup_block/tri_mode_ethernet_mac_i/mii_txd[0]' is not directly connected to top level port. Synthesis is ignored for DRIVE but preserved for implementation.
WARNING: [Constraints 18-550] Could not create 'SLEW' constraint because net 'trimac_fifo_block/trimac_sup_block/tri_mode_ethernet_mac_i/mii_txd[0]' is not directly connected to top level port. Synthesis is ignored for SLEW but preserved for implementation.
WARNING: [Constraints 18-550] Could not create 'DRIVE' constraint because net 'trimac_fifo_block/trimac_sup_block/tri_mode_ethernet_mac_i/mii_txd[1]' is not directly connected to top level port. Synthesis is ignored for DRIVE but preserved for implementation.
WARNING: [Constraints 18-550] Could not create 'SLEW' constraint because net 'trimac_fifo_block/trimac_sup_block/tri_mode_ethernet_mac_i/mii_txd[1]' is not directly connected to top level port. Synthesis is ignored for SLEW but preserved for implementation.
WARNING: [Constraints 18-550] Could not create 'DRIVE' constraint because net 'trimac_fifo_block/trimac_sup_block/tri_mode_ethernet_mac_i/mii_txd[2]' is not directly connected to top level port. Synthesis is ignored for DRIVE but preserved for implementation.
WARNING: [Constraints 18-550] Could not create 'SLEW' constraint because net 'trimac_fifo_block/trimac_sup_block/tri_mode_ethernet_mac_i/mii_txd[2]' is not directly connected to top level port. Synthesis is ignored for SLEW but preserved for implementation.
WARNING: [Constraints 18-550] Could not create 'DRIVE' constraint because net 'trimac_fifo_block/trimac_sup_block/tri_mode_ethernet_mac_i/mii_txd[3]' is not directly connected to top level port. Synthesis is ignored for DRIVE but preserved for implementation.
WARNING: [Constraints 18-550] Could not create 'SLEW' constraint because net 'trimac_fifo_block/trimac_sup_block/tri_mode_ethernet_mac_i/mii_txd[3]' is not directly connected to top level port. Synthesis is ignored for SLEW but preserved for implementation.
INFO: [Timing 38-478] Restoring timing data from binary archive.
INFO: [Timing 38-479] Binary timing data restore complete.
INFO: [Project 1-856] Restoring constraints from binary archive.
INFO: [Project 1-853] Binary constraint restore complete.
Reading XDEF placement.
Reading placer database...
Reading XDEF routing.
Read XDEF File: Time (s): cpu = 00:00:00.45 ; elapsed = 00:00:00.45 . Memory (MB): peak = 8017.641 ; gain = 0.000 ; free physical = 2752 ; free virtual = 4872
Restored from archive | CPU: 0.460000 secs | Memory: 7.524513 MB |
Finished XDEF File Restore: Time (s): cpu = 00:00:00.45 ; elapsed = 00:00:00.45 . Memory (MB): peak = 8017.641 ; gain = 0.000 ; free physical = 2752 ; free virtual = 4872
Netlist sorting complete. Time (s): cpu = 00:00:00 ; elapsed = 00:00:00 . Memory (MB): peak = 8017.641 ; gain = 0.000 ; free physical = 2754 ; free virtual = 4873
INFO: [Project 1-111] Unisim Transformation Summary:
  A total of 155 instances were transformed.
  IOBUF => IOBUF (IBUF, OBUFT): 1 instances
  RAM32M => RAM32M (RAMD32, RAMD32, RAMD32, RAMD32, RAMD32, RAMD32, RAMS32, RAMS32): 6 instances
  RAM64X1D => RAM64X1D (RAMD64E, RAMD64E): 137 instances
  RAM64X1S => RAM64X1S (RAMS64E): 11 instances

open_run: Time (s): cpu = 00:00:07 ; elapsed = 00:00:05 . Memory (MB): peak = 8065.664 ; gain = 48.023 ; free physical = 2741 ; free virtual = 4861
WARNING: [Timing 38-436] There are set_bus_skew constraint(s) in this design. Please run report_bus_skew to ensure that bus skew requirements are met.
reset_run synth_1
reset_run impl_1
launch_runs impl_1 -jobs 3
INFO: [Vivado 12-4149] The synthesis checkpoint for IP '/home/quinn/ece532-project/accelerator/tri_mode_ethernet_mac_0_ex/tri_mode_ethernet_mac_0_ex.srcs/sources_1/ip/Mult_Add_COL/Mult_Add_COL.xci' is already up-to-date
INFO: [Vivado 12-4149] The synthesis checkpoint for IP '/home/quinn/ece532-project/accelerator/tri_mode_ethernet_mac_0_ex/tri_mode_ethernet_mac_0_ex.srcs/sources_1/ip/Mult_Add_NC/Mult_Add_NC.xci' is already up-to-date
[Sat Feb 27 19:17:58 2021] Launched synth_1...
Run output will be captured here: /home/quinn/ece532-project/accelerator/tri_mode_ethernet_mac_0_ex/tri_mode_ethernet_mac_0_ex.runs/synth_1/runme.log
[Sat Feb 27 19:17:58 2021] Launched impl_1...
Run output will be captured here: /home/quinn/ece532-project/accelerator/tri_mode_ethernet_mac_0_ex/tri_mode_ethernet_mac_0_ex.runs/impl_1/runme.log
launch_runs impl_1 -to_step write_bitstream -jobs 3
INFO: [Vivado 12-4149] The synthesis checkpoint for IP '/home/quinn/ece532-project/accelerator/tri_mode_ethernet_mac_0_ex/tri_mode_ethernet_mac_0_ex.srcs/sources_1/ip/Mult_Add_COL/Mult_Add_COL.xci' is already up-to-date
INFO: [Vivado 12-4149] The synthesis checkpoint for IP '/home/quinn/ece532-project/accelerator/tri_mode_ethernet_mac_0_ex/tri_mode_ethernet_mac_0_ex.srcs/sources_1/ip/Mult_Add_NC/Mult_Add_NC.xci' is already up-to-date
[Sat Feb 27 19:22:33 2021] Launched impl_1...
Run output will be captured here: /home/quinn/ece532-project/accelerator/tri_mode_ethernet_mac_0_ex/tri_mode_ethernet_mac_0_ex.runs/impl_1/runme.log
close_design
reset_run synth_1
launch_runs impl_1 -to_step write_bitstream -jobs 3
INFO: [Vivado 12-4149] The synthesis checkpoint for IP '/home/quinn/ece532-project/accelerator/tri_mode_ethernet_mac_0_ex/tri_mode_ethernet_mac_0_ex.srcs/sources_1/ip/Mult_Add_COL/Mult_Add_COL.xci' is already up-to-date
INFO: [Vivado 12-4149] The synthesis checkpoint for IP '/home/quinn/ece532-project/accelerator/tri_mode_ethernet_mac_0_ex/tri_mode_ethernet_mac_0_ex.srcs/sources_1/ip/Mult_Add_NC/Mult_Add_NC.xci' is already up-to-date
[Sat Feb 27 19:24:02 2021] Launched synth_1...
Run output will be captured here: /home/quinn/ece532-project/accelerator/tri_mode_ethernet_mac_0_ex/tri_mode_ethernet_mac_0_ex.runs/synth_1/runme.log
[Sat Feb 27 19:24:02 2021] Launched impl_1...
Run output will be captured here: /home/quinn/ece532-project/accelerator/tri_mode_ethernet_mac_0_ex/tri_mode_ethernet_mac_0_ex.runs/impl_1/runme.log
open_run synth_1 -name synth_1
Design is defaulting to impl run constrset: constrs_1
Design is defaulting to synth run part: xc7a100tcsg324-1
INFO: [Project 1-454] Reading design checkpoint '/home/quinn/ece532-project/accelerator/tri_mode_ethernet_mac_0_ex/tri_mode_ethernet_mac_0_ex.srcs/sources_1/ip/clk_wiz_0/clk_wiz_0.dcp' for cell 'clocking_wizard'
INFO: [Project 1-454] Reading design checkpoint '/home/quinn/ece532-project/accelerator/tri_mode_ethernet_mac_0_ex/tri_mode_ethernet_mac_0_ex.srcs/sources_1/ip/mii_to_rmii_0/mii_to_rmii_0.dcp' for cell 'mii_to_rmii'
INFO: [Project 1-454] Reading design checkpoint '/home/quinn/ece532-project/accelerator/tri_mode_ethernet_mac_0_ex/tri_mode_ethernet_mac_0_ex.srcs/sources_1/ip/accelerator_controls/accelerator_controls.dcp' for cell 'vio'
INFO: [Project 1-454] Reading design checkpoint '/home/quinn/ece532-project/accelerator/tri_mode_ethernet_mac_0_ex/tri_mode_ethernet_mac_0_ex.srcs/sources_1/ip/Mult_Add_NC/Mult_Add_NC.dcp' for cell 'nn/N1/M0'
INFO: [Project 1-454] Reading design checkpoint '/home/quinn/ece532-project/accelerator/tri_mode_ethernet_mac_0_ex/tri_mode_ethernet_mac_0_ex.srcs/sources_1/ip/Mult_Add_COL/Mult_Add_COL.dcp' for cell 'nn/N1/M1'
INFO: [Project 1-454] Reading design checkpoint '/home/quinn/ece532-project/accelerator/tri_mode_ethernet_mac_0_ex/tri_mode_ethernet_mac_0_ex.srcs/sources_1/ip/tri_mode_ethernet_mac_0/tri_mode_ethernet_mac_0.dcp' for cell 'trimac_fifo_block/trimac_sup_block/tri_mode_ethernet_mac_i'
INFO: [Netlist 29-17] Analyzing 293 Unisim elements for replacement
INFO: [Netlist 29-28] Unisim Transformation completed in 0 CPU seconds
INFO: [Project 1-479] Netlist was created with Vivado 2018.3.1
INFO: [Project 1-570] Preparing netlist for logic optimization
WARNING: [Opt 31-32] Removing redundant IBUF since it is not being driven by a top-level port. trimac_fifo_block/trimac_sup_block/tri_mode_ethernet_mac_i/inst/mii_interface/ibuf_data[0].mii_rxd_ibuf_i 
Resolution: The tool has removed redundant IBUF. To resolve this warning, check for redundant IBUF in the input design.
WARNING: [Opt 31-32] Removing redundant IBUF since it is not being driven by a top-level port. trimac_fifo_block/trimac_sup_block/tri_mode_ethernet_mac_i/inst/mii_interface/ibuf_data[1].mii_rxd_ibuf_i 
Resolution: The tool has removed redundant IBUF. To resolve this warning, check for redundant IBUF in the input design.
WARNING: [Opt 31-32] Removing redundant IBUF since it is not being driven by a top-level port. trimac_fifo_block/trimac_sup_block/tri_mode_ethernet_mac_i/inst/mii_interface/ibuf_data[2].mii_rxd_ibuf_i 
Resolution: The tool has removed redundant IBUF. To resolve this warning, check for redundant IBUF in the input design.
WARNING: [Opt 31-32] Removing redundant IBUF since it is not being driven by a top-level port. trimac_fifo_block/trimac_sup_block/tri_mode_ethernet_mac_i/inst/mii_interface/ibuf_data[3].mii_rxd_ibuf_i 
Resolution: The tool has removed redundant IBUF. To resolve this warning, check for redundant IBUF in the input design.
WARNING: [Opt 31-32] Removing redundant IBUF since it is not being driven by a top-level port. trimac_fifo_block/trimac_sup_block/tri_mode_ethernet_mac_i/inst/mii_interface/mii_rx_clk_ibuf_i 
Resolution: The tool has removed redundant IBUF. To resolve this warning, check for redundant IBUF in the input design.
WARNING: [Opt 31-32] Removing redundant IBUF since it is not being driven by a top-level port. trimac_fifo_block/trimac_sup_block/tri_mode_ethernet_mac_i/inst/mii_interface/mii_rx_dv_ibuf_i 
Resolution: The tool has removed redundant IBUF. To resolve this warning, check for redundant IBUF in the input design.
WARNING: [Opt 31-32] Removing redundant IBUF since it is not being driven by a top-level port. trimac_fifo_block/trimac_sup_block/tri_mode_ethernet_mac_i/inst/mii_interface/mii_rx_er_ibuf_i 
Resolution: The tool has removed redundant IBUF. To resolve this warning, check for redundant IBUF in the input design.
WARNING: [Opt 31-32] Removing redundant IBUF since it is not being driven by a top-level port. trimac_fifo_block/trimac_sup_block/tri_mode_ethernet_mac_i/inst/mii_interface/mii_tx_clk_ibuf_i 
Resolution: The tool has removed redundant IBUF. To resolve this warning, check for redundant IBUF in the input design.
WARNING: [Opt 31-33] Removing redundant OBUF since it is not driving a top-level port. trimac_fifo_block/trimac_sup_block/tri_mode_ethernet_mac_i/inst/mii_interface/obuf_data[3].mii_txd_obuf_i 
Resolution: The tool has removed redundant OBUF. To resolve this warning, check for redundant OBUF in the input design.
WARNING: [Opt 31-33] Removing redundant OBUF since it is not driving a top-level port. trimac_fifo_block/trimac_sup_block/tri_mode_ethernet_mac_i/inst/mii_interface/obuf_data[2].mii_txd_obuf_i 
Resolution: The tool has removed redundant OBUF. To resolve this warning, check for redundant OBUF in the input design.
WARNING: [Opt 31-33] Removing redundant OBUF since it is not driving a top-level port. trimac_fifo_block/trimac_sup_block/tri_mode_ethernet_mac_i/inst/mii_interface/mii_tx_en_obuf_i 
Resolution: The tool has removed redundant OBUF. To resolve this warning, check for redundant OBUF in the input design.
WARNING: [Opt 31-33] Removing redundant OBUF since it is not driving a top-level port. trimac_fifo_block/trimac_sup_block/tri_mode_ethernet_mac_i/inst/mii_interface/mii_tx_er_obuf_i 
Resolution: The tool has removed redundant OBUF. To resolve this warning, check for redundant OBUF in the input design.
WARNING: [Opt 31-33] Removing redundant OBUF since it is not driving a top-level port. trimac_fifo_block/trimac_sup_block/tri_mode_ethernet_mac_i/inst/mii_interface/obuf_data[0].mii_txd_obuf_i 
Resolution: The tool has removed redundant OBUF. To resolve this warning, check for redundant OBUF in the input design.
WARNING: [Opt 31-33] Removing redundant OBUF since it is not driving a top-level port. trimac_fifo_block/trimac_sup_block/tri_mode_ethernet_mac_i/inst/mii_interface/obuf_data[1].mii_txd_obuf_i 
Resolution: The tool has removed redundant OBUF. To resolve this warning, check for redundant OBUF in the input design.
WARNING: [Constraints 18-550] Could not create 'IBUF_LOW_PWR' constraint because net 'trimac_fifo_block/trimac_sup_block/tri_mode_ethernet_mac_i/mii_rx_clk' is not directly connected to top level port. Synthesis is ignored for IBUF_LOW_PWR but preserved for implementation.
WARNING: [Constraints 18-550] Could not create 'IBUF_LOW_PWR' constraint because net 'trimac_fifo_block/trimac_sup_block/tri_mode_ethernet_mac_i/mii_rx_dv' is not directly connected to top level port. Synthesis is ignored for IBUF_LOW_PWR but preserved for implementation.
WARNING: [Constraints 18-550] Could not create 'IBUF_LOW_PWR' constraint because net 'trimac_fifo_block/trimac_sup_block/tri_mode_ethernet_mac_i/mii_rx_er' is not directly connected to top level port. Synthesis is ignored for IBUF_LOW_PWR but preserved for implementation.
WARNING: [Constraints 18-550] Could not create 'IBUF_LOW_PWR' constraint because net 'trimac_fifo_block/trimac_sup_block/tri_mode_ethernet_mac_i/mii_rxd[0]' is not directly connected to top level port. Synthesis is ignored for IBUF_LOW_PWR but preserved for implementation.
WARNING: [Constraints 18-550] Could not create 'IBUF_LOW_PWR' constraint because net 'trimac_fifo_block/trimac_sup_block/tri_mode_ethernet_mac_i/mii_rxd[1]' is not directly connected to top level port. Synthesis is ignored for IBUF_LOW_PWR but preserved for implementation.
WARNING: [Constraints 18-550] Could not create 'IBUF_LOW_PWR' constraint because net 'trimac_fifo_block/trimac_sup_block/tri_mode_ethernet_mac_i/mii_rxd[2]' is not directly connected to top level port. Synthesis is ignored for IBUF_LOW_PWR but preserved for implementation.
WARNING: [Constraints 18-550] Could not create 'IBUF_LOW_PWR' constraint because net 'trimac_fifo_block/trimac_sup_block/tri_mode_ethernet_mac_i/mii_rxd[3]' is not directly connected to top level port. Synthesis is ignored for IBUF_LOW_PWR but preserved for implementation.
WARNING: [Constraints 18-550] Could not create 'IBUF_LOW_PWR' constraint because net 'trimac_fifo_block/trimac_sup_block/tri_mode_ethernet_mac_i/mii_tx_clk' is not directly connected to top level port. Synthesis is ignored for IBUF_LOW_PWR but preserved for implementation.
WARNING: [Constraints 18-550] Could not create 'DRIVE' constraint because net 'trimac_fifo_block/trimac_sup_block/tri_mode_ethernet_mac_i/mii_tx_en' is not directly connected to top level port. Synthesis is ignored for DRIVE but preserved for implementation.
WARNING: [Constraints 18-550] Could not create 'SLEW' constraint because net 'trimac_fifo_block/trimac_sup_block/tri_mode_ethernet_mac_i/mii_tx_en' is not directly connected to top level port. Synthesis is ignored for SLEW but preserved for implementation.
WARNING: [Constraints 18-550] Could not create 'DRIVE' constraint because net 'trimac_fifo_block/trimac_sup_block/tri_mode_ethernet_mac_i/mii_tx_er' is not directly connected to top level port. Synthesis is ignored for DRIVE but preserved for implementation.
WARNING: [Constraints 18-550] Could not create 'SLEW' constraint because net 'trimac_fifo_block/trimac_sup_block/tri_mode_ethernet_mac_i/mii_tx_er' is not directly connected to top level port. Synthesis is ignored for SLEW but preserved for implementation.
WARNING: [Constraints 18-550] Could not create 'DRIVE' constraint because net 'trimac_fifo_block/trimac_sup_block/tri_mode_ethernet_mac_i/mii_txd[0]' is not directly connected to top level port. Synthesis is ignored for DRIVE but preserved for implementation.
WARNING: [Constraints 18-550] Could not create 'SLEW' constraint because net 'trimac_fifo_block/trimac_sup_block/tri_mode_ethernet_mac_i/mii_txd[0]' is not directly connected to top level port. Synthesis is ignored for SLEW but preserved for implementation.
WARNING: [Constraints 18-550] Could not create 'DRIVE' constraint because net 'trimac_fifo_block/trimac_sup_block/tri_mode_ethernet_mac_i/mii_txd[1]' is not directly connected to top level port. Synthesis is ignored for DRIVE but preserved for implementation.
WARNING: [Constraints 18-550] Could not create 'SLEW' constraint because net 'trimac_fifo_block/trimac_sup_block/tri_mode_ethernet_mac_i/mii_txd[1]' is not directly connected to top level port. Synthesis is ignored for SLEW but preserved for implementation.
WARNING: [Constraints 18-550] Could not create 'DRIVE' constraint because net 'trimac_fifo_block/trimac_sup_block/tri_mode_ethernet_mac_i/mii_txd[2]' is not directly connected to top level port. Synthesis is ignored for DRIVE but preserved for implementation.
WARNING: [Constraints 18-550] Could not create 'SLEW' constraint because net 'trimac_fifo_block/trimac_sup_block/tri_mode_ethernet_mac_i/mii_txd[2]' is not directly connected to top level port. Synthesis is ignored for SLEW but preserved for implementation.
WARNING: [Constraints 18-550] Could not create 'DRIVE' constraint because net 'trimac_fifo_block/trimac_sup_block/tri_mode_ethernet_mac_i/mii_txd[3]' is not directly connected to top level port. Synthesis is ignored for DRIVE but preserved for implementation.
WARNING: [Constraints 18-550] Could not create 'SLEW' constraint because net 'trimac_fifo_block/trimac_sup_block/tri_mode_ethernet_mac_i/mii_txd[3]' is not directly connected to top level port. Synthesis is ignored for SLEW but preserved for implementation.
INFO: [Chipscope 16-324] Core: vio UUID: 1be27d51-1a4c-50dc-974f-3e22d2c609b9 
Parsing XDC File [/home/quinn/ece532-project/accelerator/tri_mode_ethernet_mac_0_ex/tri_mode_ethernet_mac_0_ex.srcs/sources_1/ip/tri_mode_ethernet_mac_0/synth/tri_mode_ethernet_mac_0_board.xdc] for cell 'trimac_fifo_block/trimac_sup_block/tri_mode_ethernet_mac_i/inst'
Finished Parsing XDC File [/home/quinn/ece532-project/accelerator/tri_mode_ethernet_mac_0_ex/tri_mode_ethernet_mac_0_ex.srcs/sources_1/ip/tri_mode_ethernet_mac_0/synth/tri_mode_ethernet_mac_0_board.xdc] for cell 'trimac_fifo_block/trimac_sup_block/tri_mode_ethernet_mac_i/inst'
Parsing XDC File [/home/quinn/ece532-project/accelerator/tri_mode_ethernet_mac_0_ex/tri_mode_ethernet_mac_0_ex.srcs/sources_1/ip/tri_mode_ethernet_mac_0/synth/tri_mode_ethernet_mac_0.xdc] for cell 'trimac_fifo_block/trimac_sup_block/tri_mode_ethernet_mac_i/inst'
Finished Parsing XDC File [/home/quinn/ece532-project/accelerator/tri_mode_ethernet_mac_0_ex/tri_mode_ethernet_mac_0_ex.srcs/sources_1/ip/tri_mode_ethernet_mac_0/synth/tri_mode_ethernet_mac_0.xdc] for cell 'trimac_fifo_block/trimac_sup_block/tri_mode_ethernet_mac_i/inst'
Parsing XDC File [/home/quinn/ece532-project/accelerator/tri_mode_ethernet_mac_0_ex/tri_mode_ethernet_mac_0_ex.srcs/sources_1/ip/accelerator_controls/accelerator_controls.xdc] for cell 'vio'
Finished Parsing XDC File [/home/quinn/ece532-project/accelerator/tri_mode_ethernet_mac_0_ex/tri_mode_ethernet_mac_0_ex.srcs/sources_1/ip/accelerator_controls/accelerator_controls.xdc] for cell 'vio'
Parsing XDC File [/home/quinn/ece532-project/accelerator/tri_mode_ethernet_mac_0_ex/tri_mode_ethernet_mac_0_ex.srcs/sources_1/ip/clk_wiz_0/clk_wiz_0_board.xdc] for cell 'clocking_wizard/inst'
Finished Parsing XDC File [/home/quinn/ece532-project/accelerator/tri_mode_ethernet_mac_0_ex/tri_mode_ethernet_mac_0_ex.srcs/sources_1/ip/clk_wiz_0/clk_wiz_0_board.xdc] for cell 'clocking_wizard/inst'
Parsing XDC File [/home/quinn/ece532-project/accelerator/tri_mode_ethernet_mac_0_ex/tri_mode_ethernet_mac_0_ex.srcs/sources_1/ip/clk_wiz_0/clk_wiz_0.xdc] for cell 'clocking_wizard/inst'
INFO: [Timing 38-35] Done setting XDC timing constraints. [/home/quinn/ece532-project/accelerator/tri_mode_ethernet_mac_0_ex/tri_mode_ethernet_mac_0_ex.srcs/sources_1/ip/clk_wiz_0/clk_wiz_0.xdc:57]
INFO: [Timing 38-2] Deriving generated clocks [/home/quinn/ece532-project/accelerator/tri_mode_ethernet_mac_0_ex/tri_mode_ethernet_mac_0_ex.srcs/sources_1/ip/clk_wiz_0/clk_wiz_0.xdc:57]
Finished Parsing XDC File [/home/quinn/ece532-project/accelerator/tri_mode_ethernet_mac_0_ex/tri_mode_ethernet_mac_0_ex.srcs/sources_1/ip/clk_wiz_0/clk_wiz_0.xdc] for cell 'clocking_wizard/inst'
Parsing XDC File [/home/quinn/ece532-project/accelerator/tri_mode_ethernet_mac_0_ex/tri_mode_ethernet_mac_0_ex.srcs/sources_1/ip/mii_to_rmii_0/mii_to_rmii_0_board.xdc] for cell 'mii_to_rmii/U0'
Finished Parsing XDC File [/home/quinn/ece532-project/accelerator/tri_mode_ethernet_mac_0_ex/tri_mode_ethernet_mac_0_ex.srcs/sources_1/ip/mii_to_rmii_0/mii_to_rmii_0_board.xdc] for cell 'mii_to_rmii/U0'
Parsing XDC File [/home/quinn/ece532-project/accelerator/tri_mode_ethernet_mac_0_ex/imports/tri_mode_ethernet_mac_0_example_design.xdc]
INFO: [Timing 38-2] Deriving generated clocks [/home/quinn/ece532-project/accelerator/tri_mode_ethernet_mac_0_ex/imports/tri_mode_ethernet_mac_0_example_design.xdc:57]
CRITICAL WARNING: [Constraints 18-376] set_output_delay: more than one reference clocks specified. [/home/quinn/ece532-project/accelerator/tri_mode_ethernet_mac_0_ex/imports/tri_mode_ethernet_mac_0_example_design.xdc:92]
Finished Parsing XDC File [/home/quinn/ece532-project/accelerator/tri_mode_ethernet_mac_0_ex/imports/tri_mode_ethernet_mac_0_example_design.xdc]
Parsing XDC File [/home/quinn/ece532-project/accelerator/tri_mode_ethernet_mac_0_ex/imports/tri_mode_ethernet_mac_0_user_phytiming.xdc]
WARNING: [Vivado 12-1008] No clocks found for command 'get_clocks -of [get_nets mii_rx_clk]'. [/home/quinn/ece532-project/accelerator/tri_mode_ethernet_mac_0_ex/imports/tri_mode_ethernet_mac_0_user_phytiming.xdc:2]
Resolution: Verify the create_clock command was called to create the clock object before it is referenced.
INFO: [Vivado 12-626] No clocks found. Please use 'create_clock' or 'create_generated_clock' command to create clocks. [/home/quinn/ece532-project/accelerator/tri_mode_ethernet_mac_0_ex/imports/tri_mode_ethernet_mac_0_user_phytiming.xdc:2]
Finished Parsing XDC File [/home/quinn/ece532-project/accelerator/tri_mode_ethernet_mac_0_ex/imports/tri_mode_ethernet_mac_0_user_phytiming.xdc]
Parsing XDC File [/home/quinn/ece532-project/accelerator/tri_mode_ethernet_mac_0_ex/tri_mode_ethernet_mac_0_ex.srcs/sources_1/ip/tri_mode_ethernet_mac_0/synth/tri_mode_ethernet_mac_0_clocks.xdc] for cell 'trimac_fifo_block/trimac_sup_block/tri_mode_ethernet_mac_i/inst'
CRITICAL WARNING: [Constraints 18-602] set_input_delay: list contains '6' objects of types '(pin)' other than the types '(input port,internal pin)' supported by the constraint. These objects will not be used for this constraint. Please review the object list and ensure unsupported object types are removed. [/home/quinn/ece532-project/accelerator/tri_mode_ethernet_mac_0_ex/tri_mode_ethernet_mac_0_ex.srcs/sources_1/ip/tri_mode_ethernet_mac_0/synth/tri_mode_ethernet_mac_0_clocks.xdc:27]
CRITICAL WARNING: [Constraints 18-472] set_input_delay: list does not contain any object of type(s) '(input port,internal pin)' supported by the constraint. The constraint will not be applied. Please check to make sure that this is intended. [/home/quinn/ece532-project/accelerator/tri_mode_ethernet_mac_0_ex/tri_mode_ethernet_mac_0_ex.srcs/sources_1/ip/tri_mode_ethernet_mac_0/synth/tri_mode_ethernet_mac_0_clocks.xdc:27]
CRITICAL WARNING: [Constraints 18-602] set_input_delay: list contains '6' objects of types '(pin)' other than the types '(input port,internal pin)' supported by the constraint. These objects will not be used for this constraint. Please review the object list and ensure unsupported object types are removed. [/home/quinn/ece532-project/accelerator/tri_mode_ethernet_mac_0_ex/tri_mode_ethernet_mac_0_ex.srcs/sources_1/ip/tri_mode_ethernet_mac_0/synth/tri_mode_ethernet_mac_0_clocks.xdc:28]
CRITICAL WARNING: [Constraints 18-472] set_input_delay: list does not contain any object of type(s) '(input port,internal pin)' supported by the constraint. The constraint will not be applied. Please check to make sure that this is intended. [/home/quinn/ece532-project/accelerator/tri_mode_ethernet_mac_0_ex/tri_mode_ethernet_mac_0_ex.srcs/sources_1/ip/tri_mode_ethernet_mac_0/synth/tri_mode_ethernet_mac_0_clocks.xdc:28]
Finished Parsing XDC File [/home/quinn/ece532-project/accelerator/tri_mode_ethernet_mac_0_ex/tri_mode_ethernet_mac_0_ex.srcs/sources_1/ip/tri_mode_ethernet_mac_0/synth/tri_mode_ethernet_mac_0_clocks.xdc] for cell 'trimac_fifo_block/trimac_sup_block/tri_mode_ethernet_mac_i/inst'
INFO: [Opt 31-138] Pushed 0 inverter(s) to 0 load pin(s).
Netlist sorting complete. Time (s): cpu = 00:00:00 ; elapsed = 00:00:00 . Memory (MB): peak = 8065.664 ; gain = 0.000 ; free physical = 2385 ; free virtual = 4325
INFO: [Project 1-111] Unisim Transformation Summary:
  A total of 161 instances were transformed.
  IOBUF => IOBUF (IBUF, OBUFT): 1 instances
  RAM64X1D => RAM64X1D (RAMD64E, RAMD64E): 160 instances

open_run: Time (s): cpu = 00:00:07 ; elapsed = 00:00:06 . Memory (MB): peak = 8107.688 ; gain = 42.023 ; free physical = 2940 ; free virtual = 4886
get_pins clocking_wizard/clk_out4
clocking_wizard/clk_out4
get_clocks -of [get_pins clocking_wizard/clk_out4]
INFO: [Timing 38-35] Done setting XDC timing constraints.
clk_out4_clk_wiz_0_1 clk_out4_clk_wiz_0
file copy -force /home/quinn/ece532-project/accelerator/tri_mode_ethernet_mac_0_ex/tri_mode_ethernet_mac_0_ex.runs/impl_1/tri_mode_ethernet_mac_0_example_design_ddr.bit /home/quinn/ecf-share/accelerator/accelerator.bit
reset_run synth_1
launch_runs impl_1 -to_step write_bitstream -jobs 3
INFO: [Vivado 12-4149] The synthesis checkpoint for IP '/home/quinn/ece532-project/accelerator/tri_mode_ethernet_mac_0_ex/tri_mode_ethernet_mac_0_ex.srcs/sources_1/ip/Mult_Add_COL/Mult_Add_COL.xci' is already up-to-date
INFO: [Vivado 12-4149] The synthesis checkpoint for IP '/home/quinn/ece532-project/accelerator/tri_mode_ethernet_mac_0_ex/tri_mode_ethernet_mac_0_ex.srcs/sources_1/ip/Mult_Add_NC/Mult_Add_NC.xci' is already up-to-date
WARNING: [Project 1-478] Design 'synth_1' is stale and will not be used when launching 'impl_1'
[Sat Feb 27 19:40:34 2021] Launched synth_1...
Run output will be captured here: /home/quinn/ece532-project/accelerator/tri_mode_ethernet_mac_0_ex/tri_mode_ethernet_mac_0_ex.runs/synth_1/runme.log
[Sat Feb 27 19:40:34 2021] Launched impl_1...
Run output will be captured here: /home/quinn/ece532-project/accelerator/tri_mode_ethernet_mac_0_ex/tri_mode_ethernet_mac_0_ex.runs/impl_1/runme.log
file copy -force /home/quinn/ece532-project/accelerator/tri_mode_ethernet_mac_0_ex/tri_mode_ethernet_mac_0_ex.runs/impl_1/tri_mode_ethernet_mac_0_example_design_ddr.bit /home/quinn/ecf-share/accelerator/accelerator.bit
