INFO: [VRFC 10-2263] Analyzing Verilog file "/home/quinn/ece532-project/accelerator/tri_mode_ethernet_mac_0_ex/tri_mode_ethernet_mac_0_ex.srcs/sources_1/ip/tri_mode_ethernet_mac_0/synth/tri_mode_ethernet_mac_0_axi4_lite_ipif_wrapper.v" into library xil_defaultlib
INFO: [VRFC 10-311] analyzing module tri_mode_ethernet_mac_0_axi4_lite_ipif_wrapper
INFO: [VRFC 10-2263] Analyzing Verilog file "/home/quinn/ece532-project/accelerator/tri_mode_ethernet_mac_0_ex/tri_mode_ethernet_mac_0_ex.srcs/sources_1/ip/tri_mode_ethernet_mac_0/synth/physical/tri_mode_ethernet_mac_0_mii_if.v" into library xil_defaultlib
INFO: [VRFC 10-311] analyzing module tri_mode_ethernet_mac_0_mii_if
INFO: [VRFC 10-2263] Analyzing Verilog file "/home/quinn/ece532-project/accelerator/tri_mode_ethernet_mac_0_ex/tri_mode_ethernet_mac_0_ex.srcs/sources_1/ip/tri_mode_ethernet_mac_0/synth/statistics/tri_mode_ethernet_mac_0_vector_decode.v" into library xil_defaultlib
INFO: [VRFC 10-311] analyzing module tri_mode_ethernet_mac_0_vector_decode
INFO: [VRFC 10-2458] undeclared symbol multiple_attempt, assumed default net type wire [/home/quinn/ece532-project/accelerator/tri_mode_ethernet_mac_0_ex/tri_mode_ethernet_mac_0_ex.srcs/sources_1/ip/tri_mode_ethernet_mac_0/synth/statistics/tri_mode_ethernet_mac_0_vector_decode.v:575]
INFO: [VRFC 10-2458] undeclared symbol single_attempt, assumed default net type wire [/home/quinn/ece532-project/accelerator/tri_mode_ethernet_mac_0_ex/tri_mode_ethernet_mac_0_ex.srcs/sources_1/ip/tri_mode_ethernet_mac_0/synth/statistics/tri_mode_ethernet_mac_0_vector_decode.v:581]
INFO: [VRFC 10-2263] Analyzing Verilog file "/home/quinn/ece532-project/accelerator/tri_mode_ethernet_mac_0_ex/tri_mode_ethernet_mac_0_ex.srcs/sources_1/ip/tri_mode_ethernet_mac_0/synth/tri_mode_ethernet_mac_0_block.v" into library xil_defaultlib
INFO: [VRFC 10-311] analyzing module tri_mode_ethernet_mac_0_block
INFO: [VRFC 10-2263] Analyzing Verilog file "/home/quinn/ece532-project/accelerator/tri_mode_ethernet_mac_0_ex/tri_mode_ethernet_mac_0_ex.srcs/sources_1/ip/tri_mode_ethernet_mac_0/synth/tri_mode_ethernet_mac_0.v" into library xil_defaultlib
INFO: [VRFC 10-311] analyzing module tri_mode_ethernet_mac_0
INFO: [VRFC 10-2263] Analyzing Verilog file "/home/quinn/ece532-project/accelerator/tri_mode_ethernet_mac_0_ex/imports/tri_mode_ethernet_mac_0_axi_lite_sm.v" into library xil_defaultlib
INFO: [VRFC 10-311] analyzing module tri_mode_ethernet_mac_0_axi_lite_sm
INFO: [VRFC 10-2263] Analyzing Verilog file "/home/quinn/ece532-project/accelerator/tri_mode_ethernet_mac_0_ex/imports/tri_mode_ethernet_mac_0_bram_tdp.v" into library xil_defaultlib
INFO: [VRFC 10-311] analyzing module tri_mode_ethernet_mac_0_bram_tdp
INFO: [VRFC 10-2263] Analyzing Verilog file "/home/quinn/ece532-project/accelerator/tri_mode_ethernet_mac_0_ex/imports/tri_mode_ethernet_mac_0_clk_wiz.v" into library xil_defaultlib
INFO: [VRFC 10-311] analyzing module tri_mode_ethernet_mac_0_clk_wiz
INFO: [VRFC 10-2458] undeclared symbol clkout0, assumed default net type wire [/home/quinn/ece532-project/accelerator/tri_mode_ethernet_mac_0_ex/imports/tri_mode_ethernet_mac_0_clk_wiz.v:126]
INFO: [VRFC 10-2458] undeclared symbol clkout1, assumed default net type wire [/home/quinn/ece532-project/accelerator/tri_mode_ethernet_mac_0_ex/imports/tri_mode_ethernet_mac_0_clk_wiz.v:128]
INFO: [VRFC 10-2458] undeclared symbol clkout2, assumed default net type wire [/home/quinn/ece532-project/accelerator/tri_mode_ethernet_mac_0_ex/imports/tri_mode_ethernet_mac_0_clk_wiz.v:130]
INFO: [VRFC 10-2263] Analyzing Verilog file "/home/quinn/ece532-project/accelerator/tri_mode_ethernet_mac_0_ex/imports/tri_mode_ethernet_mac_0_example_design.v" into library xil_defaultlib
INFO: [VRFC 10-311] analyzing module tri_mode_ethernet_mac_0_example_design
INFO: [VRFC 10-2263] Analyzing Verilog file "/home/quinn/ece532-project/accelerator/tri_mode_ethernet_mac_0_ex/imports/tri_mode_ethernet_mac_0_example_design_clocks.v" into library xil_defaultlib
INFO: [VRFC 10-311] analyzing module tri_mode_ethernet_mac_0_example_design_clocks
INFO: [VRFC 10-2263] Analyzing Verilog file "/home/quinn/ece532-project/accelerator/tri_mode_ethernet_mac_0_ex/imports/tri_mode_ethernet_mac_0_example_design_resets.v" into library xil_defaultlib
INFO: [VRFC 10-311] analyzing module tri_mode_ethernet_mac_0_example_design_resets
INFO: [VRFC 10-2458] undeclared symbol glbl_rst_int, assumed default net type wire [/home/quinn/ece532-project/accelerator/tri_mode_ethernet_mac_0_ex/imports/tri_mode_ethernet_mac_0_example_design_resets.v:113]
INFO: [VRFC 10-2263] Analyzing Verilog file "/home/quinn/ece532-project/accelerator/tri_mode_ethernet_mac_0_ex/imports/tri_mode_ethernet_mac_0_fifo_block.v" into library xil_defaultlib
INFO: [VRFC 10-311] analyzing module tri_mode_ethernet_mac_0_fifo_block
INFO: [VRFC 10-2458] undeclared symbol rx_mac_reset, assumed default net type wire [/home/quinn/ece532-project/accelerator/tri_mode_ethernet_mac_0_ex/imports/tri_mode_ethernet_mac_0_fifo_block.v:314]
INFO: [VRFC 10-2458] undeclared symbol tx_mac_reset, assumed default net type wire [/home/quinn/ece532-project/accelerator/tri_mode_ethernet_mac_0_ex/imports/tri_mode_ethernet_mac_0_fifo_block.v:321]
INFO: [VRFC 10-2458] undeclared symbol tx_mac_resetn, assumed default net type wire [/home/quinn/ece532-project/accelerator/tri_mode_ethernet_mac_0_ex/imports/tri_mode_ethernet_mac_0_fifo_block.v:325]
INFO: [VRFC 10-2458] undeclared symbol rx_mac_resetn, assumed default net type wire [/home/quinn/ece532-project/accelerator/tri_mode_ethernet_mac_0_ex/imports/tri_mode_ethernet_mac_0_fifo_block.v:326]
INFO: [VRFC 10-2263] Analyzing Verilog file "/home/quinn/ece532-project/accelerator/tri_mode_ethernet_mac_0_ex/imports/tri_mode_ethernet_mac_0_frame_typ.v" into library xil_defaultlib
INFO: [VRFC 10-311] analyzing module tri_mode_ethernet_mac_0_frame_typ
INFO: [VRFC 10-2263] Analyzing Verilog file "/home/quinn/ece532-project/accelerator/tri_mode_ethernet_mac_0_ex/imports/tri_mode_ethernet_mac_0_reset_sync.v" into library xil_defaultlib
INFO: [VRFC 10-311] analyzing module tri_mode_ethernet_mac_0_reset_sync
INFO: [VRFC 10-2263] Analyzing Verilog file "/home/quinn/ece532-project/accelerator/tri_mode_ethernet_mac_0_ex/imports/tri_mode_ethernet_mac_0_rx_client_fifo.v" into library xil_defaultlib
INFO: [VRFC 10-311] analyzing module tri_mode_ethernet_mac_0_rx_client_fifo
INFO: [VRFC 10-2263] Analyzing Verilog file "/home/quinn/ece532-project/accelerator/tri_mode_ethernet_mac_0_ex/imports/tri_mode_ethernet_mac_0_support.v" into library xil_defaultlib
INFO: [VRFC 10-311] analyzing module tri_mode_ethernet_mac_0_support
INFO: [VRFC 10-2263] Analyzing Verilog file "/home/quinn/ece532-project/accelerator/tri_mode_ethernet_mac_0_ex/imports/tri_mode_ethernet_mac_0_sync_block.v" into library xil_defaultlib
INFO: [VRFC 10-311] analyzing module tri_mode_ethernet_mac_0_sync_block
INFO: [VRFC 10-2263] Analyzing Verilog file "/home/quinn/ece532-project/accelerator/tri_mode_ethernet_mac_0_ex/imports/tri_mode_ethernet_mac_0_ten_100_1g_eth_fifo.v" into library xil_defaultlib
INFO: [VRFC 10-311] analyzing module tri_mode_ethernet_mac_0_ten_100_1g_eth_fifo
INFO: [VRFC 10-2263] Analyzing Verilog file "/home/quinn/ece532-project/accelerator/tri_mode_ethernet_mac_0_ex/imports/tri_mode_ethernet_mac_0_tx_client_fifo.v" into library xil_defaultlib
INFO: [VRFC 10-311] analyzing module tri_mode_ethernet_mac_0_tx_client_fifo
INFO: [VRFC 10-2263] Analyzing SystemVerilog file "/home/quinn/ece532-project/misc/XOR_NN/XOR_NN.srcs/sources_1/new/FW_FP_Converter.sv" into library xil_defaultlib
INFO: [VRFC 10-311] analyzing module FW_FP_Converter
INFO: [VRFC 10-2263] Analyzing SystemVerilog file "/home/quinn/ece532-project/misc/XOR_NN/XOR_NN.srcs/sources_1/new/XOR_NN.sv" into library xil_defaultlib
INFO: [VRFC 10-311] analyzing module XOR_NN
INFO: [VRFC 10-311] analyzing module FC_Neuron
INFO: [VRFC 10-311] analyzing module Hard_Threshold
INFO: [VRFC 10-2263] Analyzing SystemVerilog file "/home/quinn/ece532-project/accelerator/rtl/byte_write_register.sv" into library xil_defaultlib
INFO: [VRFC 10-311] analyzing module byte_write_register
INFO: [VRFC 10-2263] Analyzing SystemVerilog file "/home/quinn/ece532-project/accelerator/rtl/ip_layer.sv" into library xil_defaultlib
INFO: [VRFC 10-311] analyzing module ip_layer
INFO: [VRFC 10-2263] Analyzing SystemVerilog file "/home/quinn/ece532-project/accelerator/rtl/ip_packet_checksum.sv" into library xil_defaultlib
INFO: [VRFC 10-311] analyzing module ipv4_checksum_calculator
INFO: [VRFC 10-2263] Analyzing SystemVerilog file "/home/quinn/ece532-project/accelerator/rtl/ip_packet_rx.sv" into library xil_defaultlib
INFO: [VRFC 10-311] analyzing module ip_packet_rx
INFO: [VRFC 10-2263] Analyzing SystemVerilog file "/home/quinn/ece532-project/accelerator/rtl/ip_packet_tx.sv" into library xil_defaultlib
INFO: [VRFC 10-311] analyzing module ip_packet_tx
INFO: [VRFC 10-2263] Analyzing SystemVerilog file "/home/quinn/ece532-project/util/rtl/util.sv" into library xil_defaultlib
INFO: [VRFC 10-311] analyzing module counter_sync_reset
INFO: [VRFC 10-2263] Analyzing SystemVerilog file "/home/quinn/ece532-project/accelerator/tri_mode_ethernet_mac_0_ex/imports/demo_tb_integration.sv" into library xil_defaultlib
INFO: [VRFC 10-311] analyzing module demo_tb_integration
