Vivado Simulator 2018.3
Time resolution is 1 ps
 Block Memory Generator module loading initial data...
 Block Memory Generator data initialization complete.
Block Memory Generator module ip_nn_integ_tb.dut2.rx_data_buffer.inst.native_mem_module.blk_mem_gen_v8_4_2_inst is using a behavioral model for simulation which will not precisely model memory collision behavior.
 Block Memory Generator module loading initial data...
 Block Memory Generator data initialization complete.
Block Memory Generator module ip_nn_integ_tb.dut3.in_buf.ram.inst.native_mem_module.blk_mem_gen_v8_4_2_inst is using a behavioral model for simulation which will not precisely model memory collision behavior.
 Block Memory Generator module loading initial data...
 Block Memory Generator data initialization complete.
Block Memory Generator module ip_nn_integ_tb.dut3.obuf_gen[0].c1_obuf.ram.inst.native_mem_module.blk_mem_gen_v8_4_2_inst is using a behavioral model for simulation which will not precisely model memory collision behavior.
 Block Memory Generator module loading initial data...
 Block Memory Generator data initialization complete.
Block Memory Generator module ip_nn_integ_tb.dut3.obuf_gen[0].mp_obuf.ram.inst.native_mem_module.blk_mem_gen_v8_4_2_inst is using a behavioral model for simulation which will not precisely model memory collision behavior.
 Block Memory Generator module loading initial data...
 Block Memory Generator data initialization complete.
Block Memory Generator module ip_nn_integ_tb.dut3.obuf_gen[1].c1_obuf.ram.inst.native_mem_module.blk_mem_gen_v8_4_2_inst is using a behavioral model for simulation which will not precisely model memory collision behavior.
 Block Memory Generator module loading initial data...
 Block Memory Generator data initialization complete.
Block Memory Generator module ip_nn_integ_tb.dut3.obuf_gen[1].mp_obuf.ram.inst.native_mem_module.blk_mem_gen_v8_4_2_inst is using a behavioral model for simulation which will not precisely model memory collision behavior.
 Block Memory Generator module loading initial data...
 Block Memory Generator data initialization complete.
Block Memory Generator module ip_nn_integ_tb.dut3.obuf_gen[2].c1_obuf.ram.inst.native_mem_module.blk_mem_gen_v8_4_2_inst is using a behavioral model for simulation which will not precisely model memory collision behavior.
 Block Memory Generator module loading initial data...
 Block Memory Generator data initialization complete.
Block Memory Generator module ip_nn_integ_tb.dut3.obuf_gen[2].mp_obuf.ram.inst.native_mem_module.blk_mem_gen_v8_4_2_inst is using a behavioral model for simulation which will not precisely model memory collision behavior.
 Block Memory Generator module loading initial data...
 Block Memory Generator data initialization complete.
Block Memory Generator module ip_nn_integ_tb.dut3.obuf_gen[3].c1_obuf.ram.inst.native_mem_module.blk_mem_gen_v8_4_2_inst is using a behavioral model for simulation which will not precisely model memory collision behavior.
 Block Memory Generator module loading initial data...
 Block Memory Generator data initialization complete.
Block Memory Generator module ip_nn_integ_tb.dut3.obuf_gen[3].mp_obuf.ram.inst.native_mem_module.blk_mem_gen_v8_4_2_inst is using a behavioral model for simulation which will not precisely model memory collision behavior.
 Block Memory Generator module loading initial data...
 Block Memory Generator data initialization complete.
Block Memory Generator module ip_nn_integ_tb.dut3.obuf_gen[4].c1_obuf.ram.inst.native_mem_module.blk_mem_gen_v8_4_2_inst is using a behavioral model for simulation which will not precisely model memory collision behavior.
 Block Memory Generator module loading initial data...
 Block Memory Generator data initialization complete.
Block Memory Generator module ip_nn_integ_tb.dut3.obuf_gen[4].mp_obuf.ram.inst.native_mem_module.blk_mem_gen_v8_4_2_inst is using a behavioral model for simulation which will not precisely model memory collision behavior.
 Block Memory Generator module loading initial data...
 Block Memory Generator data initialization complete.
Block Memory Generator module ip_nn_integ_tb.dut3.obuf_gen[5].c1_obuf.ram.inst.native_mem_module.blk_mem_gen_v8_4_2_inst is using a behavioral model for simulation which will not precisely model memory collision behavior.
 Block Memory Generator module loading initial data...
 Block Memory Generator data initialization complete.
Block Memory Generator module ip_nn_integ_tb.dut3.obuf_gen[5].mp_obuf.ram.inst.native_mem_module.blk_mem_gen_v8_4_2_inst is using a behavioral model for simulation which will not precisely model memory collision behavior.
 Block Memory Generator module loading initial data...
 Block Memory Generator data initialization complete.
Block Memory Generator module ip_nn_integ_tb.dut3.conv_2_obuf_gen[0].c2_obuf.ram.inst.native_mem_module.blk_mem_gen_v8_4_2_inst is using a behavioral model for simulation which will not precisely model memory collision behavior.
 Block Memory Generator module loading initial data...
 Block Memory Generator data initialization complete.
Block Memory Generator module ip_nn_integ_tb.dut3.conv_2_obuf_gen[1].c2_obuf.ram.inst.native_mem_module.blk_mem_gen_v8_4_2_inst is using a behavioral model for simulation which will not precisely model memory collision behavior.
 Block Memory Generator module loading initial data...
 Block Memory Generator data initialization complete.
Block Memory Generator module ip_nn_integ_tb.dut3.conv_2_obuf_gen[2].c2_obuf.ram.inst.native_mem_module.blk_mem_gen_v8_4_2_inst is using a behavioral model for simulation which will not precisely model memory collision behavior.
 Block Memory Generator module loading initial data...
 Block Memory Generator data initialization complete.
Block Memory Generator module ip_nn_integ_tb.dut3.conv_2_obuf_gen[3].c2_obuf.ram.inst.native_mem_module.blk_mem_gen_v8_4_2_inst is using a behavioral model for simulation which will not precisely model memory collision behavior.
 Block Memory Generator module loading initial data...
 Block Memory Generator data initialization complete.
Block Memory Generator module ip_nn_integ_tb.dut3.conv_2_obuf_gen[4].c2_obuf.ram.inst.native_mem_module.blk_mem_gen_v8_4_2_inst is using a behavioral model for simulation which will not precisely model memory collision behavior.
 Block Memory Generator module loading initial data...
 Block Memory Generator data initialization complete.
Block Memory Generator module ip_nn_integ_tb.dut3.conv_2_obuf_gen[5].c2_obuf.ram.inst.native_mem_module.blk_mem_gen_v8_4_2_inst is using a behavioral model for simulation which will not precisely model memory collision behavior.
 Block Memory Generator module loading initial data...
 Block Memory Generator data initialization complete.
Block Memory Generator module ip_nn_integ_tb.dut3.conv_2_obuf_gen[6].c2_obuf.ram.inst.native_mem_module.blk_mem_gen_v8_4_2_inst is using a behavioral model for simulation which will not precisely model memory collision behavior.
 Block Memory Generator module loading initial data...
 Block Memory Generator data initialization complete.
Block Memory Generator module ip_nn_integ_tb.dut3.conv_2_obuf_gen[7].c2_obuf.ram.inst.native_mem_module.blk_mem_gen_v8_4_2_inst is using a behavioral model for simulation which will not precisely model memory collision behavior.
 Block Memory Generator module loading initial data...
 Block Memory Generator data initialization complete.
Block Memory Generator module ip_nn_integ_tb.dut3.conv_2_obuf_gen[8].c2_obuf.ram.inst.native_mem_module.blk_mem_gen_v8_4_2_inst is using a behavioral model for simulation which will not precisely model memory collision behavior.
 Block Memory Generator module loading initial data...
 Block Memory Generator data initialization complete.
Block Memory Generator module ip_nn_integ_tb.dut3.conv_2_obuf_gen[9].c2_obuf.ram.inst.native_mem_module.blk_mem_gen_v8_4_2_inst is using a behavioral model for simulation which will not precisely model memory collision behavior.
 Block Memory Generator module loading initial data...
 Block Memory Generator data initialization complete.
Block Memory Generator module ip_nn_integ_tb.dut3.conv_2_obuf_gen[10].c2_obuf.ram.inst.native_mem_module.blk_mem_gen_v8_4_2_inst is using a behavioral model for simulation which will not precisely model memory collision behavior.
 Block Memory Generator module loading initial data...
 Block Memory Generator data initialization complete.
Block Memory Generator module ip_nn_integ_tb.dut3.conv_2_obuf_gen[11].c2_obuf.ram.inst.native_mem_module.blk_mem_gen_v8_4_2_inst is using a behavioral model for simulation which will not precisely model memory collision behavior.
 Block Memory Generator module loading initial data...
 Block Memory Generator data initialization complete.
Block Memory Generator module ip_nn_integ_tb.dut3.conv_2_obuf_gen[12].c2_obuf.ram.inst.native_mem_module.blk_mem_gen_v8_4_2_inst is using a behavioral model for simulation which will not precisely model memory collision behavior.
 Block Memory Generator module loading initial data...
 Block Memory Generator data initialization complete.
Block Memory Generator module ip_nn_integ_tb.dut3.conv_2_obuf_gen[13].c2_obuf.ram.inst.native_mem_module.blk_mem_gen_v8_4_2_inst is using a behavioral model for simulation which will not precisely model memory collision behavior.
 Block Memory Generator module loading initial data...
 Block Memory Generator data initialization complete.
Block Memory Generator module ip_nn_integ_tb.dut3.conv_2_obuf_gen[14].c2_obuf.ram.inst.native_mem_module.blk_mem_gen_v8_4_2_inst is using a behavioral model for simulation which will not precisely model memory collision behavior.
 Block Memory Generator module loading initial data...
 Block Memory Generator data initialization complete.
Block Memory Generator module ip_nn_integ_tb.dut3.conv_2_obuf_gen[15].c2_obuf.ram.inst.native_mem_module.blk_mem_gen_v8_4_2_inst is using a behavioral model for simulation which will not precisely model memory collision behavior.
 Block Memory Generator module loading initial data...
 Block Memory Generator data initialization complete.
Block Memory Generator module ip_nn_integ_tb.dut3.conv_2_obuf_gen[16].c2_obuf.ram.inst.native_mem_module.blk_mem_gen_v8_4_2_inst is using a behavioral model for simulation which will not precisely model memory collision behavior.
 Block Memory Generator module loading initial data...
 Block Memory Generator data initialization complete.
Block Memory Generator module ip_nn_integ_tb.dut3.conv_2_obuf_gen[17].c2_obuf.ram.inst.native_mem_module.blk_mem_gen_v8_4_2_inst is using a behavioral model for simulation which will not precisely model memory collision behavior.
 Block Memory Generator module loading initial data...
 Block Memory Generator data initialization complete.
Block Memory Generator module ip_nn_integ_tb.dut3.conv_2_obuf_gen[18].c2_obuf.ram.inst.native_mem_module.blk_mem_gen_v8_4_2_inst is using a behavioral model for simulation which will not precisely model memory collision behavior.
 Block Memory Generator module loading initial data...
 Block Memory Generator data initialization complete.
Block Memory Generator module ip_nn_integ_tb.dut3.conv_2_obuf_gen[19].c2_obuf.ram.inst.native_mem_module.blk_mem_gen_v8_4_2_inst is using a behavioral model for simulation which will not precisely model memory collision behavior.
Case 1:
stream sizes: eth:         14 data:        784 ip:         20 udp:          8, axi:        826
blk_mem_gen_v8_4_2 collision detected at time: 450000, Instance: ip_nn_integ_tb.dut2.rx_data_buffer.inst.native_mem_module.blk_mem_gen_v8_4_2_inst, A write address: 0, B read address: 0
expected:01010201 result:01010201
blk_mem_gen_v8_4_2 collision detected at time: 8300000, Instance: ip_nn_integ_tb.dut3.in_buf.ram.inst.native_mem_module.blk_mem_gen_v8_4_2_inst, A write address: 0, B read address: 0
blk_mem_gen_v8_4_2 collision detected at time: 8310000, Instance: ip_nn_integ_tb.dut3.in_buf.ram.inst.native_mem_module.blk_mem_gen_v8_4_2_inst, A write address: 0, B read address: 0
Glue logic done processing frame sending to NN
blk_mem_gen_v8_4_2 collision detected at time: 16280000, Instance: ip_nn_integ_tb.dut3.obuf_gen[0].c1_obuf.ram.inst.native_mem_module.blk_mem_gen_v8_4_2_inst, A write address: 0, B read address: 0
blk_mem_gen_v8_4_2 collision detected at time: 16280000, Instance: ip_nn_integ_tb.dut3.obuf_gen[1].c1_obuf.ram.inst.native_mem_module.blk_mem_gen_v8_4_2_inst, A write address: 0, B read address: 0
blk_mem_gen_v8_4_2 collision detected at time: 16280000, Instance: ip_nn_integ_tb.dut3.obuf_gen[2].c1_obuf.ram.inst.native_mem_module.blk_mem_gen_v8_4_2_inst, A write address: 0, B read address: 0
blk_mem_gen_v8_4_2 collision detected at time: 16280000, Instance: ip_nn_integ_tb.dut3.obuf_gen[3].c1_obuf.ram.inst.native_mem_module.blk_mem_gen_v8_4_2_inst, A write address: 0, B read address: 0
blk_mem_gen_v8_4_2 collision detected at time: 16280000, Instance: ip_nn_integ_tb.dut3.obuf_gen[4].c1_obuf.ram.inst.native_mem_module.blk_mem_gen_v8_4_2_inst, A write address: 0, B read address: 0
blk_mem_gen_v8_4_2 collision detected at time: 16280000, Instance: ip_nn_integ_tb.dut3.obuf_gen[5].c1_obuf.ram.inst.native_mem_module.blk_mem_gen_v8_4_2_inst, A write address: 0, B read address: 0
blk_mem_gen_v8_4_2 collision detected at time: 126030000, Instance: ip_nn_integ_tb.dut3.obuf_gen[0].mp_obuf.ram.inst.native_mem_module.blk_mem_gen_v8_4_2_inst, A write address: 0, B read address: 0
blk_mem_gen_v8_4_2 collision detected at time: 126030000, Instance: ip_nn_integ_tb.dut3.obuf_gen[1].mp_obuf.ram.inst.native_mem_module.blk_mem_gen_v8_4_2_inst, A write address: 0, B read address: 0
blk_mem_gen_v8_4_2 collision detected at time: 126030000, Instance: ip_nn_integ_tb.dut3.obuf_gen[2].mp_obuf.ram.inst.native_mem_module.blk_mem_gen_v8_4_2_inst, A write address: 0, B read address: 0
blk_mem_gen_v8_4_2 collision detected at time: 126030000, Instance: ip_nn_integ_tb.dut3.obuf_gen[3].mp_obuf.ram.inst.native_mem_module.blk_mem_gen_v8_4_2_inst, A write address: 0, B read address: 0
blk_mem_gen_v8_4_2 collision detected at time: 126030000, Instance: ip_nn_integ_tb.dut3.obuf_gen[4].mp_obuf.ram.inst.native_mem_module.blk_mem_gen_v8_4_2_inst, A write address: 0, B read address: 0
blk_mem_gen_v8_4_2 collision detected at time: 126030000, Instance: ip_nn_integ_tb.dut3.obuf_gen[5].mp_obuf.ram.inst.native_mem_module.blk_mem_gen_v8_4_2_inst, A write address: 0, B read address: 0
blk_mem_gen_v8_4_2 collision detected at time: 134570000, Instance: ip_nn_integ_tb.dut3.conv_2_obuf_gen[0].c2_obuf.ram.inst.native_mem_module.blk_mem_gen_v8_4_2_inst, A write address: 0, B read address: 0
blk_mem_gen_v8_4_2 collision detected at time: 134570000, Instance: ip_nn_integ_tb.dut3.conv_2_obuf_gen[1].c2_obuf.ram.inst.native_mem_module.blk_mem_gen_v8_4_2_inst, A write address: 0, B read address: 0
blk_mem_gen_v8_4_2 collision detected at time: 134570000, Instance: ip_nn_integ_tb.dut3.conv_2_obuf_gen[2].c2_obuf.ram.inst.native_mem_module.blk_mem_gen_v8_4_2_inst, A write address: 0, B read address: 0
blk_mem_gen_v8_4_2 collision detected at time: 134570000, Instance: ip_nn_integ_tb.dut3.conv_2_obuf_gen[3].c2_obuf.ram.inst.native_mem_module.blk_mem_gen_v8_4_2_inst, A write address: 0, B read address: 0
blk_mem_gen_v8_4_2 collision detected at time: 134570000, Instance: ip_nn_integ_tb.dut3.conv_2_obuf_gen[4].c2_obuf.ram.inst.native_mem_module.blk_mem_gen_v8_4_2_inst, A write address: 0, B read address: 0
blk_mem_gen_v8_4_2 collision detected at time: 134570000, Instance: ip_nn_integ_tb.dut3.conv_2_obuf_gen[5].c2_obuf.ram.inst.native_mem_module.blk_mem_gen_v8_4_2_inst, A write address: 0, B read address: 0
blk_mem_gen_v8_4_2 collision detected at time: 134570000, Instance: ip_nn_integ_tb.dut3.conv_2_obuf_gen[6].c2_obuf.ram.inst.native_mem_module.blk_mem_gen_v8_4_2_inst, A write address: 0, B read address: 0
blk_mem_gen_v8_4_2 collision detected at time: 134570000, Instance: ip_nn_integ_tb.dut3.conv_2_obuf_gen[7].c2_obuf.ram.inst.native_mem_module.blk_mem_gen_v8_4_2_inst, A write address: 0, B read address: 0
blk_mem_gen_v8_4_2 collision detected at time: 134570000, Instance: ip_nn_integ_tb.dut3.conv_2_obuf_gen[8].c2_obuf.ram.inst.native_mem_module.blk_mem_gen_v8_4_2_inst, A write address: 0, B read address: 0
blk_mem_gen_v8_4_2 collision detected at time: 134570000, Instance: ip_nn_integ_tb.dut3.conv_2_obuf_gen[9].c2_obuf.ram.inst.native_mem_module.blk_mem_gen_v8_4_2_inst, A write address: 0, B read address: 0
blk_mem_gen_v8_4_2 collision detected at time: 134570000, Instance: ip_nn_integ_tb.dut3.conv_2_obuf_gen[10].c2_obuf.ram.inst.native_mem_module.blk_mem_gen_v8_4_2_inst, A write address: 0, B read address: 0
blk_mem_gen_v8_4_2 collision detected at time: 134570000, Instance: ip_nn_integ_tb.dut3.conv_2_obuf_gen[11].c2_obuf.ram.inst.native_mem_module.blk_mem_gen_v8_4_2_inst, A write address: 0, B read address: 0
blk_mem_gen_v8_4_2 collision detected at time: 134570000, Instance: ip_nn_integ_tb.dut3.conv_2_obuf_gen[12].c2_obuf.ram.inst.native_mem_module.blk_mem_gen_v8_4_2_inst, A write address: 0, B read address: 0
blk_mem_gen_v8_4_2 collision detected at time: 134570000, Instance: ip_nn_integ_tb.dut3.conv_2_obuf_gen[13].c2_obuf.ram.inst.native_mem_module.blk_mem_gen_v8_4_2_inst, A write address: 0, B read address: 0
blk_mem_gen_v8_4_2 collision detected at time: 134570000, Instance: ip_nn_integ_tb.dut3.conv_2_obuf_gen[14].c2_obuf.ram.inst.native_mem_module.blk_mem_gen_v8_4_2_inst, A write address: 0, B read address: 0
blk_mem_gen_v8_4_2 collision detected at time: 134570000, Instance: ip_nn_integ_tb.dut3.conv_2_obuf_gen[15].c2_obuf.ram.inst.native_mem_module.blk_mem_gen_v8_4_2_inst, A write address: 0, B read address: 0
blk_mem_gen_v8_4_2 collision detected at time: 134570000, Instance: ip_nn_integ_tb.dut3.conv_2_obuf_gen[16].c2_obuf.ram.inst.native_mem_module.blk_mem_gen_v8_4_2_inst, A write address: 0, B read address: 0
blk_mem_gen_v8_4_2 collision detected at time: 134570000, Instance: ip_nn_integ_tb.dut3.conv_2_obuf_gen[17].c2_obuf.ram.inst.native_mem_module.blk_mem_gen_v8_4_2_inst, A write address: 0, B read address: 0
blk_mem_gen_v8_4_2 collision detected at time: 134570000, Instance: ip_nn_integ_tb.dut3.conv_2_obuf_gen[18].c2_obuf.ram.inst.native_mem_module.blk_mem_gen_v8_4_2_inst, A write address: 0, B read address: 0
blk_mem_gen_v8_4_2 collision detected at time: 134570000, Instance: ip_nn_integ_tb.dut3.conv_2_obuf_gen[19].c2_obuf.ram.inst.native_mem_module.blk_mem_gen_v8_4_2_inst, A write address: 0, B read address: 0
Neural Net is done processing a frame!
NN output 0100000000
Case 2:
stream sizes: eth:         14 data:        764 ip:         20 udp:          8, axi:        806
blk_mem_gen_v8_4_2 collision detected at time: 184580000, Instance: ip_nn_integ_tb.dut2.rx_data_buffer.inst.native_mem_module.blk_mem_gen_v8_4_2_inst, A write address: 0, B read address: 0
stream sizes: eth:         14 data:        784 ip:         20 udp:          8, axi:        826
blk_mem_gen_v8_4_2 collision detected at time: 192750000, Instance: ip_nn_integ_tb.dut2.rx_data_buffer.inst.native_mem_module.blk_mem_gen_v8_4_2_inst, A write address: 0, B read address: 0
expected:01010201 result:01010201
blk_mem_gen_v8_4_2 collision detected at time: 200600000, Instance: ip_nn_integ_tb.dut3.in_buf.ram.inst.native_mem_module.blk_mem_gen_v8_4_2_inst, A write address: 0, B read address: 0
blk_mem_gen_v8_4_2 collision detected at time: 200610000, Instance: ip_nn_integ_tb.dut3.in_buf.ram.inst.native_mem_module.blk_mem_gen_v8_4_2_inst, A write address: 0, B read address: 0
Glue logic done processing frame sending to NN
blk_mem_gen_v8_4_2 collision detected at time: 208580000, Instance: ip_nn_integ_tb.dut3.obuf_gen[0].c1_obuf.ram.inst.native_mem_module.blk_mem_gen_v8_4_2_inst, A write address: 0, B read address: 0
blk_mem_gen_v8_4_2 collision detected at time: 208580000, Instance: ip_nn_integ_tb.dut3.obuf_gen[1].c1_obuf.ram.inst.native_mem_module.blk_mem_gen_v8_4_2_inst, A write address: 0, B read address: 0
blk_mem_gen_v8_4_2 collision detected at time: 208580000, Instance: ip_nn_integ_tb.dut3.obuf_gen[2].c1_obuf.ram.inst.native_mem_module.blk_mem_gen_v8_4_2_inst, A write address: 0, B read address: 0
blk_mem_gen_v8_4_2 collision detected at time: 208580000, Instance: ip_nn_integ_tb.dut3.obuf_gen[3].c1_obuf.ram.inst.native_mem_module.blk_mem_gen_v8_4_2_inst, A write address: 0, B read address: 0
blk_mem_gen_v8_4_2 collision detected at time: 208580000, Instance: ip_nn_integ_tb.dut3.obuf_gen[4].c1_obuf.ram.inst.native_mem_module.blk_mem_gen_v8_4_2_inst, A write address: 0, B read address: 0
blk_mem_gen_v8_4_2 collision detected at time: 208580000, Instance: ip_nn_integ_tb.dut3.obuf_gen[5].c1_obuf.ram.inst.native_mem_module.blk_mem_gen_v8_4_2_inst, A write address: 0, B read address: 0
blk_mem_gen_v8_4_2 collision detected at time: 318330000, Instance: ip_nn_integ_tb.dut3.obuf_gen[0].mp_obuf.ram.inst.native_mem_module.blk_mem_gen_v8_4_2_inst, A write address: 0, B read address: 0
blk_mem_gen_v8_4_2 collision detected at time: 318330000, Instance: ip_nn_integ_tb.dut3.obuf_gen[1].mp_obuf.ram.inst.native_mem_module.blk_mem_gen_v8_4_2_inst, A write address: 0, B read address: 0
blk_mem_gen_v8_4_2 collision detected at time: 318330000, Instance: ip_nn_integ_tb.dut3.obuf_gen[2].mp_obuf.ram.inst.native_mem_module.blk_mem_gen_v8_4_2_inst, A write address: 0, B read address: 0
blk_mem_gen_v8_4_2 collision detected at time: 318330000, Instance: ip_nn_integ_tb.dut3.obuf_gen[3].mp_obuf.ram.inst.native_mem_module.blk_mem_gen_v8_4_2_inst, A write address: 0, B read address: 0
blk_mem_gen_v8_4_2 collision detected at time: 318330000, Instance: ip_nn_integ_tb.dut3.obuf_gen[4].mp_obuf.ram.inst.native_mem_module.blk_mem_gen_v8_4_2_inst, A write address: 0, B read address: 0
blk_mem_gen_v8_4_2 collision detected at time: 318330000, Instance: ip_nn_integ_tb.dut3.obuf_gen[5].mp_obuf.ram.inst.native_mem_module.blk_mem_gen_v8_4_2_inst, A write address: 0, B read address: 0
blk_mem_gen_v8_4_2 collision detected at time: 327410000, Instance: ip_nn_integ_tb.dut3.conv_2_obuf_gen[0].c2_obuf.ram.inst.native_mem_module.blk_mem_gen_v8_4_2_inst, A write address: 1, B read address: 1
blk_mem_gen_v8_4_2 collision detected at time: 327410000, Instance: ip_nn_integ_tb.dut3.conv_2_obuf_gen[1].c2_obuf.ram.inst.native_mem_module.blk_mem_gen_v8_4_2_inst, A write address: 1, B read address: 1
blk_mem_gen_v8_4_2 collision detected at time: 327410000, Instance: ip_nn_integ_tb.dut3.conv_2_obuf_gen[2].c2_obuf.ram.inst.native_mem_module.blk_mem_gen_v8_4_2_inst, A write address: 1, B read address: 1
blk_mem_gen_v8_4_2 collision detected at time: 327410000, Instance: ip_nn_integ_tb.dut3.conv_2_obuf_gen[3].c2_obuf.ram.inst.native_mem_module.blk_mem_gen_v8_4_2_inst, A write address: 1, B read address: 1
blk_mem_gen_v8_4_2 collision detected at time: 327410000, Instance: ip_nn_integ_tb.dut3.conv_2_obuf_gen[4].c2_obuf.ram.inst.native_mem_module.blk_mem_gen_v8_4_2_inst, A write address: 1, B read address: 1
blk_mem_gen_v8_4_2 collision detected at time: 327410000, Instance: ip_nn_integ_tb.dut3.conv_2_obuf_gen[5].c2_obuf.ram.inst.native_mem_module.blk_mem_gen_v8_4_2_inst, A write address: 1, B read address: 1
blk_mem_gen_v8_4_2 collision detected at time: 327410000, Instance: ip_nn_integ_tb.dut3.conv_2_obuf_gen[6].c2_obuf.ram.inst.native_mem_module.blk_mem_gen_v8_4_2_inst, A write address: 1, B read address: 1
blk_mem_gen_v8_4_2 collision detected at time: 327410000, Instance: ip_nn_integ_tb.dut3.conv_2_obuf_gen[7].c2_obuf.ram.inst.native_mem_module.blk_mem_gen_v8_4_2_inst, A write address: 1, B read address: 1
blk_mem_gen_v8_4_2 collision detected at time: 327410000, Instance: ip_nn_integ_tb.dut3.conv_2_obuf_gen[8].c2_obuf.ram.inst.native_mem_module.blk_mem_gen_v8_4_2_inst, A write address: 1, B read address: 1
blk_mem_gen_v8_4_2 collision detected at time: 327410000, Instance: ip_nn_integ_tb.dut3.conv_2_obuf_gen[9].c2_obuf.ram.inst.native_mem_module.blk_mem_gen_v8_4_2_inst, A write address: 1, B read address: 1
blk_mem_gen_v8_4_2 collision detected at time: 327410000, Instance: ip_nn_integ_tb.dut3.conv_2_obuf_gen[10].c2_obuf.ram.inst.native_mem_module.blk_mem_gen_v8_4_2_inst, A write address: 1, B read address: 1
blk_mem_gen_v8_4_2 collision detected at time: 327410000, Instance: ip_nn_integ_tb.dut3.conv_2_obuf_gen[11].c2_obuf.ram.inst.native_mem_module.blk_mem_gen_v8_4_2_inst, A write address: 1, B read address: 1
blk_mem_gen_v8_4_2 collision detected at time: 327410000, Instance: ip_nn_integ_tb.dut3.conv_2_obuf_gen[12].c2_obuf.ram.inst.native_mem_module.blk_mem_gen_v8_4_2_inst, A write address: 1, B read address: 1
blk_mem_gen_v8_4_2 collision detected at time: 327410000, Instance: ip_nn_integ_tb.dut3.conv_2_obuf_gen[13].c2_obuf.ram.inst.native_mem_module.blk_mem_gen_v8_4_2_inst, A write address: 1, B read address: 1
blk_mem_gen_v8_4_2 collision detected at time: 327410000, Instance: ip_nn_integ_tb.dut3.conv_2_obuf_gen[14].c2_obuf.ram.inst.native_mem_module.blk_mem_gen_v8_4_2_inst, A write address: 1, B read address: 1
blk_mem_gen_v8_4_2 collision detected at time: 327410000, Instance: ip_nn_integ_tb.dut3.conv_2_obuf_gen[15].c2_obuf.ram.inst.native_mem_module.blk_mem_gen_v8_4_2_inst, A write address: 1, B read address: 1
blk_mem_gen_v8_4_2 collision detected at time: 327410000, Instance: ip_nn_integ_tb.dut3.conv_2_obuf_gen[16].c2_obuf.ram.inst.native_mem_module.blk_mem_gen_v8_4_2_inst, A write address: 1, B read address: 1
blk_mem_gen_v8_4_2 collision detected at time: 327410000, Instance: ip_nn_integ_tb.dut3.conv_2_obuf_gen[17].c2_obuf.ram.inst.native_mem_module.blk_mem_gen_v8_4_2_inst, A write address: 1, B read address: 1
blk_mem_gen_v8_4_2 collision detected at time: 327410000, Instance: ip_nn_integ_tb.dut3.conv_2_obuf_gen[18].c2_obuf.ram.inst.native_mem_module.blk_mem_gen_v8_4_2_inst, A write address: 1, B read address: 1
blk_mem_gen_v8_4_2 collision detected at time: 327410000, Instance: ip_nn_integ_tb.dut3.conv_2_obuf_gen[19].c2_obuf.ram.inst.native_mem_module.blk_mem_gen_v8_4_2_inst, A write address: 1, B read address: 1
Neural Net is done processing a frame!
NN output 0100000000
Case 3:
stream sizes: eth:         14 data:        783 ip:         20 udp:          8, axi:        825
blk_mem_gen_v8_4_2 collision detected at time: 376820000, Instance: ip_nn_integ_tb.dut2.rx_data_buffer.inst.native_mem_module.blk_mem_gen_v8_4_2_inst, A write address: 0, B read address: 0
stream sizes: eth:         14 data:        784 ip:         20 udp:          8, axi:        826
blk_mem_gen_v8_4_2 collision detected at time: 385180000, Instance: ip_nn_integ_tb.dut2.rx_data_buffer.inst.native_mem_module.blk_mem_gen_v8_4_2_inst, A write address: 0, B read address: 0
expected:01010201 result:01010201
blk_mem_gen_v8_4_2 collision detected at time: 393030000, Instance: ip_nn_integ_tb.dut3.in_buf.ram.inst.native_mem_module.blk_mem_gen_v8_4_2_inst, A write address: 0, B read address: 0
blk_mem_gen_v8_4_2 collision detected at time: 393040000, Instance: ip_nn_integ_tb.dut3.in_buf.ram.inst.native_mem_module.blk_mem_gen_v8_4_2_inst, A write address: 0, B read address: 0
Glue logic done processing frame sending to NN
blk_mem_gen_v8_4_2 collision detected at time: 401010000, Instance: ip_nn_integ_tb.dut3.obuf_gen[0].c1_obuf.ram.inst.native_mem_module.blk_mem_gen_v8_4_2_inst, A write address: 0, B read address: 0
blk_mem_gen_v8_4_2 collision detected at time: 401010000, Instance: ip_nn_integ_tb.dut3.obuf_gen[1].c1_obuf.ram.inst.native_mem_module.blk_mem_gen_v8_4_2_inst, A write address: 0, B read address: 0
blk_mem_gen_v8_4_2 collision detected at time: 401010000, Instance: ip_nn_integ_tb.dut3.obuf_gen[2].c1_obuf.ram.inst.native_mem_module.blk_mem_gen_v8_4_2_inst, A write address: 0, B read address: 0
blk_mem_gen_v8_4_2 collision detected at time: 401010000, Instance: ip_nn_integ_tb.dut3.obuf_gen[3].c1_obuf.ram.inst.native_mem_module.blk_mem_gen_v8_4_2_inst, A write address: 0, B read address: 0
blk_mem_gen_v8_4_2 collision detected at time: 401010000, Instance: ip_nn_integ_tb.dut3.obuf_gen[4].c1_obuf.ram.inst.native_mem_module.blk_mem_gen_v8_4_2_inst, A write address: 0, B read address: 0
blk_mem_gen_v8_4_2 collision detected at time: 401010000, Instance: ip_nn_integ_tb.dut3.obuf_gen[5].c1_obuf.ram.inst.native_mem_module.blk_mem_gen_v8_4_2_inst, A write address: 0, B read address: 0
blk_mem_gen_v8_4_2 collision detected at time: 510760000, Instance: ip_nn_integ_tb.dut3.obuf_gen[0].mp_obuf.ram.inst.native_mem_module.blk_mem_gen_v8_4_2_inst, A write address: 0, B read address: 0
blk_mem_gen_v8_4_2 collision detected at time: 510760000, Instance: ip_nn_integ_tb.dut3.obuf_gen[1].mp_obuf.ram.inst.native_mem_module.blk_mem_gen_v8_4_2_inst, A write address: 0, B read address: 0
blk_mem_gen_v8_4_2 collision detected at time: 510760000, Instance: ip_nn_integ_tb.dut3.obuf_gen[2].mp_obuf.ram.inst.native_mem_module.blk_mem_gen_v8_4_2_inst, A write address: 0, B read address: 0
blk_mem_gen_v8_4_2 collision detected at time: 510760000, Instance: ip_nn_integ_tb.dut3.obuf_gen[3].mp_obuf.ram.inst.native_mem_module.blk_mem_gen_v8_4_2_inst, A write address: 0, B read address: 0
blk_mem_gen_v8_4_2 collision detected at time: 510760000, Instance: ip_nn_integ_tb.dut3.obuf_gen[4].mp_obuf.ram.inst.native_mem_module.blk_mem_gen_v8_4_2_inst, A write address: 0, B read address: 0
blk_mem_gen_v8_4_2 collision detected at time: 510760000, Instance: ip_nn_integ_tb.dut3.obuf_gen[5].mp_obuf.ram.inst.native_mem_module.blk_mem_gen_v8_4_2_inst, A write address: 0, B read address: 0
blk_mem_gen_v8_4_2 collision detected at time: 519840000, Instance: ip_nn_integ_tb.dut3.conv_2_obuf_gen[0].c2_obuf.ram.inst.native_mem_module.blk_mem_gen_v8_4_2_inst, A write address: 1, B read address: 1
blk_mem_gen_v8_4_2 collision detected at time: 519840000, Instance: ip_nn_integ_tb.dut3.conv_2_obuf_gen[1].c2_obuf.ram.inst.native_mem_module.blk_mem_gen_v8_4_2_inst, A write address: 1, B read address: 1
blk_mem_gen_v8_4_2 collision detected at time: 519840000, Instance: ip_nn_integ_tb.dut3.conv_2_obuf_gen[2].c2_obuf.ram.inst.native_mem_module.blk_mem_gen_v8_4_2_inst, A write address: 1, B read address: 1
blk_mem_gen_v8_4_2 collision detected at time: 519840000, Instance: ip_nn_integ_tb.dut3.conv_2_obuf_gen[3].c2_obuf.ram.inst.native_mem_module.blk_mem_gen_v8_4_2_inst, A write address: 1, B read address: 1
blk_mem_gen_v8_4_2 collision detected at time: 519840000, Instance: ip_nn_integ_tb.dut3.conv_2_obuf_gen[4].c2_obuf.ram.inst.native_mem_module.blk_mem_gen_v8_4_2_inst, A write address: 1, B read address: 1
blk_mem_gen_v8_4_2 collision detected at time: 519840000, Instance: ip_nn_integ_tb.dut3.conv_2_obuf_gen[5].c2_obuf.ram.inst.native_mem_module.blk_mem_gen_v8_4_2_inst, A write address: 1, B read address: 1
blk_mem_gen_v8_4_2 collision detected at time: 519840000, Instance: ip_nn_integ_tb.dut3.conv_2_obuf_gen[6].c2_obuf.ram.inst.native_mem_module.blk_mem_gen_v8_4_2_inst, A write address: 1, B read address: 1
blk_mem_gen_v8_4_2 collision detected at time: 519840000, Instance: ip_nn_integ_tb.dut3.conv_2_obuf_gen[7].c2_obuf.ram.inst.native_mem_module.blk_mem_gen_v8_4_2_inst, A write address: 1, B read address: 1
blk_mem_gen_v8_4_2 collision detected at time: 519840000, Instance: ip_nn_integ_tb.dut3.conv_2_obuf_gen[8].c2_obuf.ram.inst.native_mem_module.blk_mem_gen_v8_4_2_inst, A write address: 1, B read address: 1
blk_mem_gen_v8_4_2 collision detected at time: 519840000, Instance: ip_nn_integ_tb.dut3.conv_2_obuf_gen[9].c2_obuf.ram.inst.native_mem_module.blk_mem_gen_v8_4_2_inst, A write address: 1, B read address: 1
blk_mem_gen_v8_4_2 collision detected at time: 519840000, Instance: ip_nn_integ_tb.dut3.conv_2_obuf_gen[10].c2_obuf.ram.inst.native_mem_module.blk_mem_gen_v8_4_2_inst, A write address: 1, B read address: 1
blk_mem_gen_v8_4_2 collision detected at time: 519840000, Instance: ip_nn_integ_tb.dut3.conv_2_obuf_gen[11].c2_obuf.ram.inst.native_mem_module.blk_mem_gen_v8_4_2_inst, A write address: 1, B read address: 1
blk_mem_gen_v8_4_2 collision detected at time: 519840000, Instance: ip_nn_integ_tb.dut3.conv_2_obuf_gen[12].c2_obuf.ram.inst.native_mem_module.blk_mem_gen_v8_4_2_inst, A write address: 1, B read address: 1
blk_mem_gen_v8_4_2 collision detected at time: 519840000, Instance: ip_nn_integ_tb.dut3.conv_2_obuf_gen[13].c2_obuf.ram.inst.native_mem_module.blk_mem_gen_v8_4_2_inst, A write address: 1, B read address: 1
blk_mem_gen_v8_4_2 collision detected at time: 519840000, Instance: ip_nn_integ_tb.dut3.conv_2_obuf_gen[14].c2_obuf.ram.inst.native_mem_module.blk_mem_gen_v8_4_2_inst, A write address: 1, B read address: 1
blk_mem_gen_v8_4_2 collision detected at time: 519840000, Instance: ip_nn_integ_tb.dut3.conv_2_obuf_gen[15].c2_obuf.ram.inst.native_mem_module.blk_mem_gen_v8_4_2_inst, A write address: 1, B read address: 1
blk_mem_gen_v8_4_2 collision detected at time: 519840000, Instance: ip_nn_integ_tb.dut3.conv_2_obuf_gen[16].c2_obuf.ram.inst.native_mem_module.blk_mem_gen_v8_4_2_inst, A write address: 1, B read address: 1
blk_mem_gen_v8_4_2 collision detected at time: 519840000, Instance: ip_nn_integ_tb.dut3.conv_2_obuf_gen[17].c2_obuf.ram.inst.native_mem_module.blk_mem_gen_v8_4_2_inst, A write address: 1, B read address: 1
blk_mem_gen_v8_4_2 collision detected at time: 519840000, Instance: ip_nn_integ_tb.dut3.conv_2_obuf_gen[18].c2_obuf.ram.inst.native_mem_module.blk_mem_gen_v8_4_2_inst, A write address: 1, B read address: 1
blk_mem_gen_v8_4_2 collision detected at time: 519840000, Instance: ip_nn_integ_tb.dut3.conv_2_obuf_gen[19].c2_obuf.ram.inst.native_mem_module.blk_mem_gen_v8_4_2_inst, A write address: 1, B read address: 1
Neural Net is done processing a frame!
NN output 0100000000
Case 4:
stream sizes: eth:         14 data:        785 ip:         20 udp:          8, axi:        827
blk_mem_gen_v8_4_2 collision detected at time: 569250000, Instance: ip_nn_integ_tb.dut2.rx_data_buffer.inst.native_mem_module.blk_mem_gen_v8_4_2_inst, A write address: 0, B read address: 0
blk_mem_gen_v8_4_2 WARNING: Address 310 is outside range for A Write
stream sizes: eth:         14 data:        784 ip:         20 udp:          8, axi:        826
blk_mem_gen_v8_4_2 collision detected at time: 577630000, Instance: ip_nn_integ_tb.dut2.rx_data_buffer.inst.native_mem_module.blk_mem_gen_v8_4_2_inst, A write address: 0, B read address: 0
expected:01010201 result:01010201
blk_mem_gen_v8_4_2 collision detected at time: 585480000, Instance: ip_nn_integ_tb.dut3.in_buf.ram.inst.native_mem_module.blk_mem_gen_v8_4_2_inst, A write address: 0, B read address: 0
blk_mem_gen_v8_4_2 collision detected at time: 585490000, Instance: ip_nn_integ_tb.dut3.in_buf.ram.inst.native_mem_module.blk_mem_gen_v8_4_2_inst, A write address: 0, B read address: 0
Glue logic done processing frame sending to NN
blk_mem_gen_v8_4_2 collision detected at time: 593460000, Instance: ip_nn_integ_tb.dut3.obuf_gen[0].c1_obuf.ram.inst.native_mem_module.blk_mem_gen_v8_4_2_inst, A write address: 0, B read address: 0
blk_mem_gen_v8_4_2 collision detected at time: 593460000, Instance: ip_nn_integ_tb.dut3.obuf_gen[1].c1_obuf.ram.inst.native_mem_module.blk_mem_gen_v8_4_2_inst, A write address: 0, B read address: 0
blk_mem_gen_v8_4_2 collision detected at time: 593460000, Instance: ip_nn_integ_tb.dut3.obuf_gen[2].c1_obuf.ram.inst.native_mem_module.blk_mem_gen_v8_4_2_inst, A write address: 0, B read address: 0
blk_mem_gen_v8_4_2 collision detected at time: 593460000, Instance: ip_nn_integ_tb.dut3.obuf_gen[3].c1_obuf.ram.inst.native_mem_module.blk_mem_gen_v8_4_2_inst, A write address: 0, B read address: 0
blk_mem_gen_v8_4_2 collision detected at time: 593460000, Instance: ip_nn_integ_tb.dut3.obuf_gen[4].c1_obuf.ram.inst.native_mem_module.blk_mem_gen_v8_4_2_inst, A write address: 0, B read address: 0
blk_mem_gen_v8_4_2 collision detected at time: 593460000, Instance: ip_nn_integ_tb.dut3.obuf_gen[5].c1_obuf.ram.inst.native_mem_module.blk_mem_gen_v8_4_2_inst, A write address: 0, B read address: 0
blk_mem_gen_v8_4_2 collision detected at time: 703210000, Instance: ip_nn_integ_tb.dut3.obuf_gen[0].mp_obuf.ram.inst.native_mem_module.blk_mem_gen_v8_4_2_inst, A write address: 0, B read address: 0
blk_mem_gen_v8_4_2 collision detected at time: 703210000, Instance: ip_nn_integ_tb.dut3.obuf_gen[1].mp_obuf.ram.inst.native_mem_module.blk_mem_gen_v8_4_2_inst, A write address: 0, B read address: 0
blk_mem_gen_v8_4_2 collision detected at time: 703210000, Instance: ip_nn_integ_tb.dut3.obuf_gen[2].mp_obuf.ram.inst.native_mem_module.blk_mem_gen_v8_4_2_inst, A write address: 0, B read address: 0
blk_mem_gen_v8_4_2 collision detected at time: 703210000, Instance: ip_nn_integ_tb.dut3.obuf_gen[3].mp_obuf.ram.inst.native_mem_module.blk_mem_gen_v8_4_2_inst, A write address: 0, B read address: 0
blk_mem_gen_v8_4_2 collision detected at time: 703210000, Instance: ip_nn_integ_tb.dut3.obuf_gen[4].mp_obuf.ram.inst.native_mem_module.blk_mem_gen_v8_4_2_inst, A write address: 0, B read address: 0
blk_mem_gen_v8_4_2 collision detected at time: 703210000, Instance: ip_nn_integ_tb.dut3.obuf_gen[5].mp_obuf.ram.inst.native_mem_module.blk_mem_gen_v8_4_2_inst, A write address: 0, B read address: 0
blk_mem_gen_v8_4_2 collision detected at time: 712290000, Instance: ip_nn_integ_tb.dut3.conv_2_obuf_gen[0].c2_obuf.ram.inst.native_mem_module.blk_mem_gen_v8_4_2_inst, A write address: 1, B read address: 1
blk_mem_gen_v8_4_2 collision detected at time: 712290000, Instance: ip_nn_integ_tb.dut3.conv_2_obuf_gen[1].c2_obuf.ram.inst.native_mem_module.blk_mem_gen_v8_4_2_inst, A write address: 1, B read address: 1
blk_mem_gen_v8_4_2 collision detected at time: 712290000, Instance: ip_nn_integ_tb.dut3.conv_2_obuf_gen[2].c2_obuf.ram.inst.native_mem_module.blk_mem_gen_v8_4_2_inst, A write address: 1, B read address: 1
blk_mem_gen_v8_4_2 collision detected at time: 712290000, Instance: ip_nn_integ_tb.dut3.conv_2_obuf_gen[3].c2_obuf.ram.inst.native_mem_module.blk_mem_gen_v8_4_2_inst, A write address: 1, B read address: 1
blk_mem_gen_v8_4_2 collision detected at time: 712290000, Instance: ip_nn_integ_tb.dut3.conv_2_obuf_gen[4].c2_obuf.ram.inst.native_mem_module.blk_mem_gen_v8_4_2_inst, A write address: 1, B read address: 1
blk_mem_gen_v8_4_2 collision detected at time: 712290000, Instance: ip_nn_integ_tb.dut3.conv_2_obuf_gen[5].c2_obuf.ram.inst.native_mem_module.blk_mem_gen_v8_4_2_inst, A write address: 1, B read address: 1
blk_mem_gen_v8_4_2 collision detected at time: 712290000, Instance: ip_nn_integ_tb.dut3.conv_2_obuf_gen[6].c2_obuf.ram.inst.native_mem_module.blk_mem_gen_v8_4_2_inst, A write address: 1, B read address: 1
blk_mem_gen_v8_4_2 collision detected at time: 712290000, Instance: ip_nn_integ_tb.dut3.conv_2_obuf_gen[7].c2_obuf.ram.inst.native_mem_module.blk_mem_gen_v8_4_2_inst, A write address: 1, B read address: 1
blk_mem_gen_v8_4_2 collision detected at time: 712290000, Instance: ip_nn_integ_tb.dut3.conv_2_obuf_gen[8].c2_obuf.ram.inst.native_mem_module.blk_mem_gen_v8_4_2_inst, A write address: 1, B read address: 1
blk_mem_gen_v8_4_2 collision detected at time: 712290000, Instance: ip_nn_integ_tb.dut3.conv_2_obuf_gen[9].c2_obuf.ram.inst.native_mem_module.blk_mem_gen_v8_4_2_inst, A write address: 1, B read address: 1
blk_mem_gen_v8_4_2 collision detected at time: 712290000, Instance: ip_nn_integ_tb.dut3.conv_2_obuf_gen[10].c2_obuf.ram.inst.native_mem_module.blk_mem_gen_v8_4_2_inst, A write address: 1, B read address: 1
blk_mem_gen_v8_4_2 collision detected at time: 712290000, Instance: ip_nn_integ_tb.dut3.conv_2_obuf_gen[11].c2_obuf.ram.inst.native_mem_module.blk_mem_gen_v8_4_2_inst, A write address: 1, B read address: 1
blk_mem_gen_v8_4_2 collision detected at time: 712290000, Instance: ip_nn_integ_tb.dut3.conv_2_obuf_gen[12].c2_obuf.ram.inst.native_mem_module.blk_mem_gen_v8_4_2_inst, A write address: 1, B read address: 1
blk_mem_gen_v8_4_2 collision detected at time: 712290000, Instance: ip_nn_integ_tb.dut3.conv_2_obuf_gen[13].c2_obuf.ram.inst.native_mem_module.blk_mem_gen_v8_4_2_inst, A write address: 1, B read address: 1
blk_mem_gen_v8_4_2 collision detected at time: 712290000, Instance: ip_nn_integ_tb.dut3.conv_2_obuf_gen[14].c2_obuf.ram.inst.native_mem_module.blk_mem_gen_v8_4_2_inst, A write address: 1, B read address: 1
blk_mem_gen_v8_4_2 collision detected at time: 712290000, Instance: ip_nn_integ_tb.dut3.conv_2_obuf_gen[15].c2_obuf.ram.inst.native_mem_module.blk_mem_gen_v8_4_2_inst, A write address: 1, B read address: 1
blk_mem_gen_v8_4_2 collision detected at time: 712290000, Instance: ip_nn_integ_tb.dut3.conv_2_obuf_gen[16].c2_obuf.ram.inst.native_mem_module.blk_mem_gen_v8_4_2_inst, A write address: 1, B read address: 1
blk_mem_gen_v8_4_2 collision detected at time: 712290000, Instance: ip_nn_integ_tb.dut3.conv_2_obuf_gen[17].c2_obuf.ram.inst.native_mem_module.blk_mem_gen_v8_4_2_inst, A write address: 1, B read address: 1
blk_mem_gen_v8_4_2 collision detected at time: 712290000, Instance: ip_nn_integ_tb.dut3.conv_2_obuf_gen[18].c2_obuf.ram.inst.native_mem_module.blk_mem_gen_v8_4_2_inst, A write address: 1, B read address: 1
blk_mem_gen_v8_4_2 collision detected at time: 712290000, Instance: ip_nn_integ_tb.dut3.conv_2_obuf_gen[19].c2_obuf.ram.inst.native_mem_module.blk_mem_gen_v8_4_2_inst, A write address: 1, B read address: 1
Neural Net is done processing a frame!
NN output 0100000000
Case 5:
stream sizes: eth:         14 data:        804 ip:         20 udp:          8, axi:        846
blk_mem_gen_v8_4_2 collision detected at time: 761700000, Instance: ip_nn_integ_tb.dut2.rx_data_buffer.inst.native_mem_module.blk_mem_gen_v8_4_2_inst, A write address: 0, B read address: 0
blk_mem_gen_v8_4_2 WARNING: Address 310 is outside range for A Write
stream sizes: eth:         14 data:        784 ip:         20 udp:          8, axi:        826
blk_mem_gen_v8_4_2 collision detected at time: 770270000, Instance: ip_nn_integ_tb.dut2.rx_data_buffer.inst.native_mem_module.blk_mem_gen_v8_4_2_inst, A write address: 0, B read address: 0
expected:01010201 result:01010201
blk_mem_gen_v8_4_2 collision detected at time: 778120000, Instance: ip_nn_integ_tb.dut3.in_buf.ram.inst.native_mem_module.blk_mem_gen_v8_4_2_inst, A write address: 0, B read address: 0
blk_mem_gen_v8_4_2 collision detected at time: 778130000, Instance: ip_nn_integ_tb.dut3.in_buf.ram.inst.native_mem_module.blk_mem_gen_v8_4_2_inst, A write address: 0, B read address: 0
Glue logic done processing frame sending to NN
blk_mem_gen_v8_4_2 collision detected at time: 786100000, Instance: ip_nn_integ_tb.dut3.obuf_gen[0].c1_obuf.ram.inst.native_mem_module.blk_mem_gen_v8_4_2_inst, A write address: 0, B read address: 0
blk_mem_gen_v8_4_2 collision detected at time: 786100000, Instance: ip_nn_integ_tb.dut3.obuf_gen[1].c1_obuf.ram.inst.native_mem_module.blk_mem_gen_v8_4_2_inst, A write address: 0, B read address: 0
blk_mem_gen_v8_4_2 collision detected at time: 786100000, Instance: ip_nn_integ_tb.dut3.obuf_gen[2].c1_obuf.ram.inst.native_mem_module.blk_mem_gen_v8_4_2_inst, A write address: 0, B read address: 0
blk_mem_gen_v8_4_2 collision detected at time: 786100000, Instance: ip_nn_integ_tb.dut3.obuf_gen[3].c1_obuf.ram.inst.native_mem_module.blk_mem_gen_v8_4_2_inst, A write address: 0, B read address: 0
blk_mem_gen_v8_4_2 collision detected at time: 786100000, Instance: ip_nn_integ_tb.dut3.obuf_gen[4].c1_obuf.ram.inst.native_mem_module.blk_mem_gen_v8_4_2_inst, A write address: 0, B read address: 0
blk_mem_gen_v8_4_2 collision detected at time: 786100000, Instance: ip_nn_integ_tb.dut3.obuf_gen[5].c1_obuf.ram.inst.native_mem_module.blk_mem_gen_v8_4_2_inst, A write address: 0, B read address: 0
blk_mem_gen_v8_4_2 collision detected at time: 895850000, Instance: ip_nn_integ_tb.dut3.obuf_gen[0].mp_obuf.ram.inst.native_mem_module.blk_mem_gen_v8_4_2_inst, A write address: 0, B read address: 0
blk_mem_gen_v8_4_2 collision detected at time: 895850000, Instance: ip_nn_integ_tb.dut3.obuf_gen[1].mp_obuf.ram.inst.native_mem_module.blk_mem_gen_v8_4_2_inst, A write address: 0, B read address: 0
blk_mem_gen_v8_4_2 collision detected at time: 895850000, Instance: ip_nn_integ_tb.dut3.obuf_gen[2].mp_obuf.ram.inst.native_mem_module.blk_mem_gen_v8_4_2_inst, A write address: 0, B read address: 0
blk_mem_gen_v8_4_2 collision detected at time: 895850000, Instance: ip_nn_integ_tb.dut3.obuf_gen[3].mp_obuf.ram.inst.native_mem_module.blk_mem_gen_v8_4_2_inst, A write address: 0, B read address: 0
blk_mem_gen_v8_4_2 collision detected at time: 895850000, Instance: ip_nn_integ_tb.dut3.obuf_gen[4].mp_obuf.ram.inst.native_mem_module.blk_mem_gen_v8_4_2_inst, A write address: 0, B read address: 0
blk_mem_gen_v8_4_2 collision detected at time: 895850000, Instance: ip_nn_integ_tb.dut3.obuf_gen[5].mp_obuf.ram.inst.native_mem_module.blk_mem_gen_v8_4_2_inst, A write address: 0, B read address: 0
blk_mem_gen_v8_4_2 collision detected at time: 904930000, Instance: ip_nn_integ_tb.dut3.conv_2_obuf_gen[0].c2_obuf.ram.inst.native_mem_module.blk_mem_gen_v8_4_2_inst, A write address: 1, B read address: 1
blk_mem_gen_v8_4_2 collision detected at time: 904930000, Instance: ip_nn_integ_tb.dut3.conv_2_obuf_gen[1].c2_obuf.ram.inst.native_mem_module.blk_mem_gen_v8_4_2_inst, A write address: 1, B read address: 1
blk_mem_gen_v8_4_2 collision detected at time: 904930000, Instance: ip_nn_integ_tb.dut3.conv_2_obuf_gen[2].c2_obuf.ram.inst.native_mem_module.blk_mem_gen_v8_4_2_inst, A write address: 1, B read address: 1
blk_mem_gen_v8_4_2 collision detected at time: 904930000, Instance: ip_nn_integ_tb.dut3.conv_2_obuf_gen[3].c2_obuf.ram.inst.native_mem_module.blk_mem_gen_v8_4_2_inst, A write address: 1, B read address: 1
blk_mem_gen_v8_4_2 collision detected at time: 904930000, Instance: ip_nn_integ_tb.dut3.conv_2_obuf_gen[4].c2_obuf.ram.inst.native_mem_module.blk_mem_gen_v8_4_2_inst, A write address: 1, B read address: 1
blk_mem_gen_v8_4_2 collision detected at time: 904930000, Instance: ip_nn_integ_tb.dut3.conv_2_obuf_gen[5].c2_obuf.ram.inst.native_mem_module.blk_mem_gen_v8_4_2_inst, A write address: 1, B read address: 1
blk_mem_gen_v8_4_2 collision detected at time: 904930000, Instance: ip_nn_integ_tb.dut3.conv_2_obuf_gen[6].c2_obuf.ram.inst.native_mem_module.blk_mem_gen_v8_4_2_inst, A write address: 1, B read address: 1
blk_mem_gen_v8_4_2 collision detected at time: 904930000, Instance: ip_nn_integ_tb.dut3.conv_2_obuf_gen[7].c2_obuf.ram.inst.native_mem_module.blk_mem_gen_v8_4_2_inst, A write address: 1, B read address: 1
blk_mem_gen_v8_4_2 collision detected at time: 904930000, Instance: ip_nn_integ_tb.dut3.conv_2_obuf_gen[8].c2_obuf.ram.inst.native_mem_module.blk_mem_gen_v8_4_2_inst, A write address: 1, B read address: 1
blk_mem_gen_v8_4_2 collision detected at time: 904930000, Instance: ip_nn_integ_tb.dut3.conv_2_obuf_gen[9].c2_obuf.ram.inst.native_mem_module.blk_mem_gen_v8_4_2_inst, A write address: 1, B read address: 1
blk_mem_gen_v8_4_2 collision detected at time: 904930000, Instance: ip_nn_integ_tb.dut3.conv_2_obuf_gen[10].c2_obuf.ram.inst.native_mem_module.blk_mem_gen_v8_4_2_inst, A write address: 1, B read address: 1
blk_mem_gen_v8_4_2 collision detected at time: 904930000, Instance: ip_nn_integ_tb.dut3.conv_2_obuf_gen[11].c2_obuf.ram.inst.native_mem_module.blk_mem_gen_v8_4_2_inst, A write address: 1, B read address: 1
blk_mem_gen_v8_4_2 collision detected at time: 904930000, Instance: ip_nn_integ_tb.dut3.conv_2_obuf_gen[12].c2_obuf.ram.inst.native_mem_module.blk_mem_gen_v8_4_2_inst, A write address: 1, B read address: 1
blk_mem_gen_v8_4_2 collision detected at time: 904930000, Instance: ip_nn_integ_tb.dut3.conv_2_obuf_gen[13].c2_obuf.ram.inst.native_mem_module.blk_mem_gen_v8_4_2_inst, A write address: 1, B read address: 1
blk_mem_gen_v8_4_2 collision detected at time: 904930000, Instance: ip_nn_integ_tb.dut3.conv_2_obuf_gen[14].c2_obuf.ram.inst.native_mem_module.blk_mem_gen_v8_4_2_inst, A write address: 1, B read address: 1
blk_mem_gen_v8_4_2 collision detected at time: 904930000, Instance: ip_nn_integ_tb.dut3.conv_2_obuf_gen[15].c2_obuf.ram.inst.native_mem_module.blk_mem_gen_v8_4_2_inst, A write address: 1, B read address: 1
blk_mem_gen_v8_4_2 collision detected at time: 904930000, Instance: ip_nn_integ_tb.dut3.conv_2_obuf_gen[16].c2_obuf.ram.inst.native_mem_module.blk_mem_gen_v8_4_2_inst, A write address: 1, B read address: 1
blk_mem_gen_v8_4_2 collision detected at time: 904930000, Instance: ip_nn_integ_tb.dut3.conv_2_obuf_gen[17].c2_obuf.ram.inst.native_mem_module.blk_mem_gen_v8_4_2_inst, A write address: 1, B read address: 1
blk_mem_gen_v8_4_2 collision detected at time: 904930000, Instance: ip_nn_integ_tb.dut3.conv_2_obuf_gen[18].c2_obuf.ram.inst.native_mem_module.blk_mem_gen_v8_4_2_inst, A write address: 1, B read address: 1
blk_mem_gen_v8_4_2 collision detected at time: 904930000, Instance: ip_nn_integ_tb.dut3.conv_2_obuf_gen[19].c2_obuf.ram.inst.native_mem_module.blk_mem_gen_v8_4_2_inst, A write address: 1, B read address: 1
Neural Net is done processing a frame!
NN output 0100000000
Case 6:
stream sizes: eth:         14 data:        784 ip:         20 udp:          8, axi:        826
blk_mem_gen_v8_4_2 collision detected at time: 954340000, Instance: ip_nn_integ_tb.dut2.rx_data_buffer.inst.native_mem_module.blk_mem_gen_v8_4_2_inst, A write address: 0, B read address: 0
stream sizes: eth:         14 data:        784 ip:         20 udp:          8, axi:        826
blk_mem_gen_v8_4_2 collision detected at time: 962710000, Instance: ip_nn_integ_tb.dut2.rx_data_buffer.inst.native_mem_module.blk_mem_gen_v8_4_2_inst, A write address: 0, B read address: 0
expected:01010201 result:01010201
blk_mem_gen_v8_4_2 collision detected at time: 970560000, Instance: ip_nn_integ_tb.dut3.in_buf.ram.inst.native_mem_module.blk_mem_gen_v8_4_2_inst, A write address: 0, B read address: 0
blk_mem_gen_v8_4_2 collision detected at time: 970570000, Instance: ip_nn_integ_tb.dut3.in_buf.ram.inst.native_mem_module.blk_mem_gen_v8_4_2_inst, A write address: 0, B read address: 0
Glue logic done processing frame sending to NN
blk_mem_gen_v8_4_2 collision detected at time: 978540000, Instance: ip_nn_integ_tb.dut3.obuf_gen[0].c1_obuf.ram.inst.native_mem_module.blk_mem_gen_v8_4_2_inst, A write address: 0, B read address: 0
blk_mem_gen_v8_4_2 collision detected at time: 978540000, Instance: ip_nn_integ_tb.dut3.obuf_gen[1].c1_obuf.ram.inst.native_mem_module.blk_mem_gen_v8_4_2_inst, A write address: 0, B read address: 0
blk_mem_gen_v8_4_2 collision detected at time: 978540000, Instance: ip_nn_integ_tb.dut3.obuf_gen[2].c1_obuf.ram.inst.native_mem_module.blk_mem_gen_v8_4_2_inst, A write address: 0, B read address: 0
blk_mem_gen_v8_4_2 collision detected at time: 978540000, Instance: ip_nn_integ_tb.dut3.obuf_gen[3].c1_obuf.ram.inst.native_mem_module.blk_mem_gen_v8_4_2_inst, A write address: 0, B read address: 0
blk_mem_gen_v8_4_2 collision detected at time: 978540000, Instance: ip_nn_integ_tb.dut3.obuf_gen[4].c1_obuf.ram.inst.native_mem_module.blk_mem_gen_v8_4_2_inst, A write address: 0, B read address: 0
blk_mem_gen_v8_4_2 collision detected at time: 978540000, Instance: ip_nn_integ_tb.dut3.obuf_gen[5].c1_obuf.ram.inst.native_mem_module.blk_mem_gen_v8_4_2_inst, A write address: 0, B read address: 0
blk_mem_gen_v8_4_2 collision detected at time: 1088290000, Instance: ip_nn_integ_tb.dut3.obuf_gen[0].mp_obuf.ram.inst.native_mem_module.blk_mem_gen_v8_4_2_inst, A write address: 0, B read address: 0
blk_mem_gen_v8_4_2 collision detected at time: 1088290000, Instance: ip_nn_integ_tb.dut3.obuf_gen[1].mp_obuf.ram.inst.native_mem_module.blk_mem_gen_v8_4_2_inst, A write address: 0, B read address: 0
blk_mem_gen_v8_4_2 collision detected at time: 1088290000, Instance: ip_nn_integ_tb.dut3.obuf_gen[2].mp_obuf.ram.inst.native_mem_module.blk_mem_gen_v8_4_2_inst, A write address: 0, B read address: 0
blk_mem_gen_v8_4_2 collision detected at time: 1088290000, Instance: ip_nn_integ_tb.dut3.obuf_gen[3].mp_obuf.ram.inst.native_mem_module.blk_mem_gen_v8_4_2_inst, A write address: 0, B read address: 0
blk_mem_gen_v8_4_2 collision detected at time: 1088290000, Instance: ip_nn_integ_tb.dut3.obuf_gen[4].mp_obuf.ram.inst.native_mem_module.blk_mem_gen_v8_4_2_inst, A write address: 0, B read address: 0
blk_mem_gen_v8_4_2 collision detected at time: 1088290000, Instance: ip_nn_integ_tb.dut3.obuf_gen[5].mp_obuf.ram.inst.native_mem_module.blk_mem_gen_v8_4_2_inst, A write address: 0, B read address: 0
blk_mem_gen_v8_4_2 collision detected at time: 1097370000, Instance: ip_nn_integ_tb.dut3.conv_2_obuf_gen[0].c2_obuf.ram.inst.native_mem_module.blk_mem_gen_v8_4_2_inst, A write address: 1, B read address: 1
blk_mem_gen_v8_4_2 collision detected at time: 1097370000, Instance: ip_nn_integ_tb.dut3.conv_2_obuf_gen[1].c2_obuf.ram.inst.native_mem_module.blk_mem_gen_v8_4_2_inst, A write address: 1, B read address: 1
blk_mem_gen_v8_4_2 collision detected at time: 1097370000, Instance: ip_nn_integ_tb.dut3.conv_2_obuf_gen[2].c2_obuf.ram.inst.native_mem_module.blk_mem_gen_v8_4_2_inst, A write address: 1, B read address: 1
blk_mem_gen_v8_4_2 collision detected at time: 1097370000, Instance: ip_nn_integ_tb.dut3.conv_2_obuf_gen[3].c2_obuf.ram.inst.native_mem_module.blk_mem_gen_v8_4_2_inst, A write address: 1, B read address: 1
blk_mem_gen_v8_4_2 collision detected at time: 1097370000, Instance: ip_nn_integ_tb.dut3.conv_2_obuf_gen[4].c2_obuf.ram.inst.native_mem_module.blk_mem_gen_v8_4_2_inst, A write address: 1, B read address: 1
blk_mem_gen_v8_4_2 collision detected at time: 1097370000, Instance: ip_nn_integ_tb.dut3.conv_2_obuf_gen[5].c2_obuf.ram.inst.native_mem_module.blk_mem_gen_v8_4_2_inst, A write address: 1, B read address: 1
blk_mem_gen_v8_4_2 collision detected at time: 1097370000, Instance: ip_nn_integ_tb.dut3.conv_2_obuf_gen[6].c2_obuf.ram.inst.native_mem_module.blk_mem_gen_v8_4_2_inst, A write address: 1, B read address: 1
blk_mem_gen_v8_4_2 collision detected at time: 1097370000, Instance: ip_nn_integ_tb.dut3.conv_2_obuf_gen[7].c2_obuf.ram.inst.native_mem_module.blk_mem_gen_v8_4_2_inst, A write address: 1, B read address: 1
blk_mem_gen_v8_4_2 collision detected at time: 1097370000, Instance: ip_nn_integ_tb.dut3.conv_2_obuf_gen[8].c2_obuf.ram.inst.native_mem_module.blk_mem_gen_v8_4_2_inst, A write address: 1, B read address: 1
blk_mem_gen_v8_4_2 collision detected at time: 1097370000, Instance: ip_nn_integ_tb.dut3.conv_2_obuf_gen[9].c2_obuf.ram.inst.native_mem_module.blk_mem_gen_v8_4_2_inst, A write address: 1, B read address: 1
blk_mem_gen_v8_4_2 collision detected at time: 1097370000, Instance: ip_nn_integ_tb.dut3.conv_2_obuf_gen[10].c2_obuf.ram.inst.native_mem_module.blk_mem_gen_v8_4_2_inst, A write address: 1, B read address: 1
blk_mem_gen_v8_4_2 collision detected at time: 1097370000, Instance: ip_nn_integ_tb.dut3.conv_2_obuf_gen[11].c2_obuf.ram.inst.native_mem_module.blk_mem_gen_v8_4_2_inst, A write address: 1, B read address: 1
blk_mem_gen_v8_4_2 collision detected at time: 1097370000, Instance: ip_nn_integ_tb.dut3.conv_2_obuf_gen[12].c2_obuf.ram.inst.native_mem_module.blk_mem_gen_v8_4_2_inst, A write address: 1, B read address: 1
blk_mem_gen_v8_4_2 collision detected at time: 1097370000, Instance: ip_nn_integ_tb.dut3.conv_2_obuf_gen[13].c2_obuf.ram.inst.native_mem_module.blk_mem_gen_v8_4_2_inst, A write address: 1, B read address: 1
blk_mem_gen_v8_4_2 collision detected at time: 1097370000, Instance: ip_nn_integ_tb.dut3.conv_2_obuf_gen[14].c2_obuf.ram.inst.native_mem_module.blk_mem_gen_v8_4_2_inst, A write address: 1, B read address: 1
blk_mem_gen_v8_4_2 collision detected at time: 1097370000, Instance: ip_nn_integ_tb.dut3.conv_2_obuf_gen[15].c2_obuf.ram.inst.native_mem_module.blk_mem_gen_v8_4_2_inst, A write address: 1, B read address: 1
blk_mem_gen_v8_4_2 collision detected at time: 1097370000, Instance: ip_nn_integ_tb.dut3.conv_2_obuf_gen[16].c2_obuf.ram.inst.native_mem_module.blk_mem_gen_v8_4_2_inst, A write address: 1, B read address: 1
blk_mem_gen_v8_4_2 collision detected at time: 1097370000, Instance: ip_nn_integ_tb.dut3.conv_2_obuf_gen[17].c2_obuf.ram.inst.native_mem_module.blk_mem_gen_v8_4_2_inst, A write address: 1, B read address: 1
blk_mem_gen_v8_4_2 collision detected at time: 1097370000, Instance: ip_nn_integ_tb.dut3.conv_2_obuf_gen[18].c2_obuf.ram.inst.native_mem_module.blk_mem_gen_v8_4_2_inst, A write address: 1, B read address: 1
blk_mem_gen_v8_4_2 collision detected at time: 1097370000, Instance: ip_nn_integ_tb.dut3.conv_2_obuf_gen[19].c2_obuf.ram.inst.native_mem_module.blk_mem_gen_v8_4_2_inst, A write address: 1, B read address: 1
Neural Net is done processing a frame!
NN output 0100000000
Case 7:
stream sizes: eth:         14 data:        784 ip:         20 udp:          8, axi:        826
blk_mem_gen_v8_4_2 collision detected at time: 1146780000, Instance: ip_nn_integ_tb.dut2.rx_data_buffer.inst.native_mem_module.blk_mem_gen_v8_4_2_inst, A write address: 0, B read address: 0
stream sizes: eth:         14 data:        784 ip:         20 udp:          8, axi:        826
blk_mem_gen_v8_4_2 collision detected at time: 1155150000, Instance: ip_nn_integ_tb.dut2.rx_data_buffer.inst.native_mem_module.blk_mem_gen_v8_4_2_inst, A write address: 0, B read address: 0
expected:01010201 result:01010201
blk_mem_gen_v8_4_2 collision detected at time: 1163000000, Instance: ip_nn_integ_tb.dut3.in_buf.ram.inst.native_mem_module.blk_mem_gen_v8_4_2_inst, A write address: 0, B read address: 0
blk_mem_gen_v8_4_2 collision detected at time: 1163010000, Instance: ip_nn_integ_tb.dut3.in_buf.ram.inst.native_mem_module.blk_mem_gen_v8_4_2_inst, A write address: 0, B read address: 0
Glue logic done processing frame sending to NN
blk_mem_gen_v8_4_2 collision detected at time: 1170980000, Instance: ip_nn_integ_tb.dut3.obuf_gen[0].c1_obuf.ram.inst.native_mem_module.blk_mem_gen_v8_4_2_inst, A write address: 0, B read address: 0
blk_mem_gen_v8_4_2 collision detected at time: 1170980000, Instance: ip_nn_integ_tb.dut3.obuf_gen[1].c1_obuf.ram.inst.native_mem_module.blk_mem_gen_v8_4_2_inst, A write address: 0, B read address: 0
blk_mem_gen_v8_4_2 collision detected at time: 1170980000, Instance: ip_nn_integ_tb.dut3.obuf_gen[2].c1_obuf.ram.inst.native_mem_module.blk_mem_gen_v8_4_2_inst, A write address: 0, B read address: 0
blk_mem_gen_v8_4_2 collision detected at time: 1170980000, Instance: ip_nn_integ_tb.dut3.obuf_gen[3].c1_obuf.ram.inst.native_mem_module.blk_mem_gen_v8_4_2_inst, A write address: 0, B read address: 0
blk_mem_gen_v8_4_2 collision detected at time: 1170980000, Instance: ip_nn_integ_tb.dut3.obuf_gen[4].c1_obuf.ram.inst.native_mem_module.blk_mem_gen_v8_4_2_inst, A write address: 0, B read address: 0
blk_mem_gen_v8_4_2 collision detected at time: 1170980000, Instance: ip_nn_integ_tb.dut3.obuf_gen[5].c1_obuf.ram.inst.native_mem_module.blk_mem_gen_v8_4_2_inst, A write address: 0, B read address: 0
blk_mem_gen_v8_4_2 collision detected at time: 1280730000, Instance: ip_nn_integ_tb.dut3.obuf_gen[0].mp_obuf.ram.inst.native_mem_module.blk_mem_gen_v8_4_2_inst, A write address: 0, B read address: 0
blk_mem_gen_v8_4_2 collision detected at time: 1280730000, Instance: ip_nn_integ_tb.dut3.obuf_gen[1].mp_obuf.ram.inst.native_mem_module.blk_mem_gen_v8_4_2_inst, A write address: 0, B read address: 0
blk_mem_gen_v8_4_2 collision detected at time: 1280730000, Instance: ip_nn_integ_tb.dut3.obuf_gen[2].mp_obuf.ram.inst.native_mem_module.blk_mem_gen_v8_4_2_inst, A write address: 0, B read address: 0
blk_mem_gen_v8_4_2 collision detected at time: 1280730000, Instance: ip_nn_integ_tb.dut3.obuf_gen[3].mp_obuf.ram.inst.native_mem_module.blk_mem_gen_v8_4_2_inst, A write address: 0, B read address: 0
blk_mem_gen_v8_4_2 collision detected at time: 1280730000, Instance: ip_nn_integ_tb.dut3.obuf_gen[4].mp_obuf.ram.inst.native_mem_module.blk_mem_gen_v8_4_2_inst, A write address: 0, B read address: 0
blk_mem_gen_v8_4_2 collision detected at time: 1280730000, Instance: ip_nn_integ_tb.dut3.obuf_gen[5].mp_obuf.ram.inst.native_mem_module.blk_mem_gen_v8_4_2_inst, A write address: 0, B read address: 0
blk_mem_gen_v8_4_2 collision detected at time: 1289810000, Instance: ip_nn_integ_tb.dut3.conv_2_obuf_gen[0].c2_obuf.ram.inst.native_mem_module.blk_mem_gen_v8_4_2_inst, A write address: 1, B read address: 1
blk_mem_gen_v8_4_2 collision detected at time: 1289810000, Instance: ip_nn_integ_tb.dut3.conv_2_obuf_gen[1].c2_obuf.ram.inst.native_mem_module.blk_mem_gen_v8_4_2_inst, A write address: 1, B read address: 1
blk_mem_gen_v8_4_2 collision detected at time: 1289810000, Instance: ip_nn_integ_tb.dut3.conv_2_obuf_gen[2].c2_obuf.ram.inst.native_mem_module.blk_mem_gen_v8_4_2_inst, A write address: 1, B read address: 1
blk_mem_gen_v8_4_2 collision detected at time: 1289810000, Instance: ip_nn_integ_tb.dut3.conv_2_obuf_gen[3].c2_obuf.ram.inst.native_mem_module.blk_mem_gen_v8_4_2_inst, A write address: 1, B read address: 1
blk_mem_gen_v8_4_2 collision detected at time: 1289810000, Instance: ip_nn_integ_tb.dut3.conv_2_obuf_gen[4].c2_obuf.ram.inst.native_mem_module.blk_mem_gen_v8_4_2_inst, A write address: 1, B read address: 1
blk_mem_gen_v8_4_2 collision detected at time: 1289810000, Instance: ip_nn_integ_tb.dut3.conv_2_obuf_gen[5].c2_obuf.ram.inst.native_mem_module.blk_mem_gen_v8_4_2_inst, A write address: 1, B read address: 1
blk_mem_gen_v8_4_2 collision detected at time: 1289810000, Instance: ip_nn_integ_tb.dut3.conv_2_obuf_gen[6].c2_obuf.ram.inst.native_mem_module.blk_mem_gen_v8_4_2_inst, A write address: 1, B read address: 1
blk_mem_gen_v8_4_2 collision detected at time: 1289810000, Instance: ip_nn_integ_tb.dut3.conv_2_obuf_gen[7].c2_obuf.ram.inst.native_mem_module.blk_mem_gen_v8_4_2_inst, A write address: 1, B read address: 1
blk_mem_gen_v8_4_2 collision detected at time: 1289810000, Instance: ip_nn_integ_tb.dut3.conv_2_obuf_gen[8].c2_obuf.ram.inst.native_mem_module.blk_mem_gen_v8_4_2_inst, A write address: 1, B read address: 1
blk_mem_gen_v8_4_2 collision detected at time: 1289810000, Instance: ip_nn_integ_tb.dut3.conv_2_obuf_gen[9].c2_obuf.ram.inst.native_mem_module.blk_mem_gen_v8_4_2_inst, A write address: 1, B read address: 1
blk_mem_gen_v8_4_2 collision detected at time: 1289810000, Instance: ip_nn_integ_tb.dut3.conv_2_obuf_gen[10].c2_obuf.ram.inst.native_mem_module.blk_mem_gen_v8_4_2_inst, A write address: 1, B read address: 1
blk_mem_gen_v8_4_2 collision detected at time: 1289810000, Instance: ip_nn_integ_tb.dut3.conv_2_obuf_gen[11].c2_obuf.ram.inst.native_mem_module.blk_mem_gen_v8_4_2_inst, A write address: 1, B read address: 1
blk_mem_gen_v8_4_2 collision detected at time: 1289810000, Instance: ip_nn_integ_tb.dut3.conv_2_obuf_gen[12].c2_obuf.ram.inst.native_mem_module.blk_mem_gen_v8_4_2_inst, A write address: 1, B read address: 1
blk_mem_gen_v8_4_2 collision detected at time: 1289810000, Instance: ip_nn_integ_tb.dut3.conv_2_obuf_gen[13].c2_obuf.ram.inst.native_mem_module.blk_mem_gen_v8_4_2_inst, A write address: 1, B read address: 1
blk_mem_gen_v8_4_2 collision detected at time: 1289810000, Instance: ip_nn_integ_tb.dut3.conv_2_obuf_gen[14].c2_obuf.ram.inst.native_mem_module.blk_mem_gen_v8_4_2_inst, A write address: 1, B read address: 1
blk_mem_gen_v8_4_2 collision detected at time: 1289810000, Instance: ip_nn_integ_tb.dut3.conv_2_obuf_gen[15].c2_obuf.ram.inst.native_mem_module.blk_mem_gen_v8_4_2_inst, A write address: 1, B read address: 1
blk_mem_gen_v8_4_2 collision detected at time: 1289810000, Instance: ip_nn_integ_tb.dut3.conv_2_obuf_gen[16].c2_obuf.ram.inst.native_mem_module.blk_mem_gen_v8_4_2_inst, A write address: 1, B read address: 1
blk_mem_gen_v8_4_2 collision detected at time: 1289810000, Instance: ip_nn_integ_tb.dut3.conv_2_obuf_gen[17].c2_obuf.ram.inst.native_mem_module.blk_mem_gen_v8_4_2_inst, A write address: 1, B read address: 1
blk_mem_gen_v8_4_2 collision detected at time: 1289810000, Instance: ip_nn_integ_tb.dut3.conv_2_obuf_gen[18].c2_obuf.ram.inst.native_mem_module.blk_mem_gen_v8_4_2_inst, A write address: 1, B read address: 1
blk_mem_gen_v8_4_2 collision detected at time: 1289810000, Instance: ip_nn_integ_tb.dut3.conv_2_obuf_gen[19].c2_obuf.ram.inst.native_mem_module.blk_mem_gen_v8_4_2_inst, A write address: 1, B read address: 1
Neural Net is done processing a frame!
NN output 0100000000
Case 8:
stream sizes: eth:         14 data:        784 ip:         20 udp:          8, axi:         13
stream sizes: eth:         14 data:        784 ip:         20 udp:          8, axi:        826
blk_mem_gen_v8_4_2 collision detected at time: 1339460000, Instance: ip_nn_integ_tb.dut2.rx_data_buffer.inst.native_mem_module.blk_mem_gen_v8_4_2_inst, A write address: 0, B read address: 0
expected:01010201 result:01010201
blk_mem_gen_v8_4_2 collision detected at time: 1347310000, Instance: ip_nn_integ_tb.dut3.in_buf.ram.inst.native_mem_module.blk_mem_gen_v8_4_2_inst, A write address: 0, B read address: 0
blk_mem_gen_v8_4_2 collision detected at time: 1347320000, Instance: ip_nn_integ_tb.dut3.in_buf.ram.inst.native_mem_module.blk_mem_gen_v8_4_2_inst, A write address: 0, B read address: 0
Glue logic done processing frame sending to NN
blk_mem_gen_v8_4_2 collision detected at time: 1355290000, Instance: ip_nn_integ_tb.dut3.obuf_gen[0].c1_obuf.ram.inst.native_mem_module.blk_mem_gen_v8_4_2_inst, A write address: 0, B read address: 0
blk_mem_gen_v8_4_2 collision detected at time: 1355290000, Instance: ip_nn_integ_tb.dut3.obuf_gen[1].c1_obuf.ram.inst.native_mem_module.blk_mem_gen_v8_4_2_inst, A write address: 0, B read address: 0
blk_mem_gen_v8_4_2 collision detected at time: 1355290000, Instance: ip_nn_integ_tb.dut3.obuf_gen[2].c1_obuf.ram.inst.native_mem_module.blk_mem_gen_v8_4_2_inst, A write address: 0, B read address: 0
blk_mem_gen_v8_4_2 collision detected at time: 1355290000, Instance: ip_nn_integ_tb.dut3.obuf_gen[3].c1_obuf.ram.inst.native_mem_module.blk_mem_gen_v8_4_2_inst, A write address: 0, B read address: 0
blk_mem_gen_v8_4_2 collision detected at time: 1355290000, Instance: ip_nn_integ_tb.dut3.obuf_gen[4].c1_obuf.ram.inst.native_mem_module.blk_mem_gen_v8_4_2_inst, A write address: 0, B read address: 0
blk_mem_gen_v8_4_2 collision detected at time: 1355290000, Instance: ip_nn_integ_tb.dut3.obuf_gen[5].c1_obuf.ram.inst.native_mem_module.blk_mem_gen_v8_4_2_inst, A write address: 0, B read address: 0
blk_mem_gen_v8_4_2 collision detected at time: 1465040000, Instance: ip_nn_integ_tb.dut3.obuf_gen[0].mp_obuf.ram.inst.native_mem_module.blk_mem_gen_v8_4_2_inst, A write address: 0, B read address: 0
blk_mem_gen_v8_4_2 collision detected at time: 1465040000, Instance: ip_nn_integ_tb.dut3.obuf_gen[1].mp_obuf.ram.inst.native_mem_module.blk_mem_gen_v8_4_2_inst, A write address: 0, B read address: 0
blk_mem_gen_v8_4_2 collision detected at time: 1465040000, Instance: ip_nn_integ_tb.dut3.obuf_gen[2].mp_obuf.ram.inst.native_mem_module.blk_mem_gen_v8_4_2_inst, A write address: 0, B read address: 0
blk_mem_gen_v8_4_2 collision detected at time: 1465040000, Instance: ip_nn_integ_tb.dut3.obuf_gen[3].mp_obuf.ram.inst.native_mem_module.blk_mem_gen_v8_4_2_inst, A write address: 0, B read address: 0
blk_mem_gen_v8_4_2 collision detected at time: 1465040000, Instance: ip_nn_integ_tb.dut3.obuf_gen[4].mp_obuf.ram.inst.native_mem_module.blk_mem_gen_v8_4_2_inst, A write address: 0, B read address: 0
blk_mem_gen_v8_4_2 collision detected at time: 1465040000, Instance: ip_nn_integ_tb.dut3.obuf_gen[5].mp_obuf.ram.inst.native_mem_module.blk_mem_gen_v8_4_2_inst, A write address: 0, B read address: 0
blk_mem_gen_v8_4_2 collision detected at time: 1474120000, Instance: ip_nn_integ_tb.dut3.conv_2_obuf_gen[0].c2_obuf.ram.inst.native_mem_module.blk_mem_gen_v8_4_2_inst, A write address: 1, B read address: 1
blk_mem_gen_v8_4_2 collision detected at time: 1474120000, Instance: ip_nn_integ_tb.dut3.conv_2_obuf_gen[1].c2_obuf.ram.inst.native_mem_module.blk_mem_gen_v8_4_2_inst, A write address: 1, B read address: 1
blk_mem_gen_v8_4_2 collision detected at time: 1474120000, Instance: ip_nn_integ_tb.dut3.conv_2_obuf_gen[2].c2_obuf.ram.inst.native_mem_module.blk_mem_gen_v8_4_2_inst, A write address: 1, B read address: 1
blk_mem_gen_v8_4_2 collision detected at time: 1474120000, Instance: ip_nn_integ_tb.dut3.conv_2_obuf_gen[3].c2_obuf.ram.inst.native_mem_module.blk_mem_gen_v8_4_2_inst, A write address: 1, B read address: 1
blk_mem_gen_v8_4_2 collision detected at time: 1474120000, Instance: ip_nn_integ_tb.dut3.conv_2_obuf_gen[4].c2_obuf.ram.inst.native_mem_module.blk_mem_gen_v8_4_2_inst, A write address: 1, B read address: 1
blk_mem_gen_v8_4_2 collision detected at time: 1474120000, Instance: ip_nn_integ_tb.dut3.conv_2_obuf_gen[5].c2_obuf.ram.inst.native_mem_module.blk_mem_gen_v8_4_2_inst, A write address: 1, B read address: 1
blk_mem_gen_v8_4_2 collision detected at time: 1474120000, Instance: ip_nn_integ_tb.dut3.conv_2_obuf_gen[6].c2_obuf.ram.inst.native_mem_module.blk_mem_gen_v8_4_2_inst, A write address: 1, B read address: 1
blk_mem_gen_v8_4_2 collision detected at time: 1474120000, Instance: ip_nn_integ_tb.dut3.conv_2_obuf_gen[7].c2_obuf.ram.inst.native_mem_module.blk_mem_gen_v8_4_2_inst, A write address: 1, B read address: 1
blk_mem_gen_v8_4_2 collision detected at time: 1474120000, Instance: ip_nn_integ_tb.dut3.conv_2_obuf_gen[8].c2_obuf.ram.inst.native_mem_module.blk_mem_gen_v8_4_2_inst, A write address: 1, B read address: 1
blk_mem_gen_v8_4_2 collision detected at time: 1474120000, Instance: ip_nn_integ_tb.dut3.conv_2_obuf_gen[9].c2_obuf.ram.inst.native_mem_module.blk_mem_gen_v8_4_2_inst, A write address: 1, B read address: 1
blk_mem_gen_v8_4_2 collision detected at time: 1474120000, Instance: ip_nn_integ_tb.dut3.conv_2_obuf_gen[10].c2_obuf.ram.inst.native_mem_module.blk_mem_gen_v8_4_2_inst, A write address: 1, B read address: 1
blk_mem_gen_v8_4_2 collision detected at time: 1474120000, Instance: ip_nn_integ_tb.dut3.conv_2_obuf_gen[11].c2_obuf.ram.inst.native_mem_module.blk_mem_gen_v8_4_2_inst, A write address: 1, B read address: 1
blk_mem_gen_v8_4_2 collision detected at time: 1474120000, Instance: ip_nn_integ_tb.dut3.conv_2_obuf_gen[12].c2_obuf.ram.inst.native_mem_module.blk_mem_gen_v8_4_2_inst, A write address: 1, B read address: 1
blk_mem_gen_v8_4_2 collision detected at time: 1474120000, Instance: ip_nn_integ_tb.dut3.conv_2_obuf_gen[13].c2_obuf.ram.inst.native_mem_module.blk_mem_gen_v8_4_2_inst, A write address: 1, B read address: 1
blk_mem_gen_v8_4_2 collision detected at time: 1474120000, Instance: ip_nn_integ_tb.dut3.conv_2_obuf_gen[14].c2_obuf.ram.inst.native_mem_module.blk_mem_gen_v8_4_2_inst, A write address: 1, B read address: 1
blk_mem_gen_v8_4_2 collision detected at time: 1474120000, Instance: ip_nn_integ_tb.dut3.conv_2_obuf_gen[15].c2_obuf.ram.inst.native_mem_module.blk_mem_gen_v8_4_2_inst, A write address: 1, B read address: 1
blk_mem_gen_v8_4_2 collision detected at time: 1474120000, Instance: ip_nn_integ_tb.dut3.conv_2_obuf_gen[16].c2_obuf.ram.inst.native_mem_module.blk_mem_gen_v8_4_2_inst, A write address: 1, B read address: 1
blk_mem_gen_v8_4_2 collision detected at time: 1474120000, Instance: ip_nn_integ_tb.dut3.conv_2_obuf_gen[17].c2_obuf.ram.inst.native_mem_module.blk_mem_gen_v8_4_2_inst, A write address: 1, B read address: 1
blk_mem_gen_v8_4_2 collision detected at time: 1474120000, Instance: ip_nn_integ_tb.dut3.conv_2_obuf_gen[18].c2_obuf.ram.inst.native_mem_module.blk_mem_gen_v8_4_2_inst, A write address: 1, B read address: 1
blk_mem_gen_v8_4_2 collision detected at time: 1474120000, Instance: ip_nn_integ_tb.dut3.conv_2_obuf_gen[19].c2_obuf.ram.inst.native_mem_module.blk_mem_gen_v8_4_2_inst, A write address: 1, B read address: 1
Neural Net is done processing a frame!
NN output 0100000000
Case 9:
stream sizes: eth:         14 data:        784 ip:         20 udp:          8, axi:         33
stream sizes: eth:         14 data:        784 ip:         20 udp:          8, axi:        826
blk_mem_gen_v8_4_2 collision detected at time: 1523970000, Instance: ip_nn_integ_tb.dut2.rx_data_buffer.inst.native_mem_module.blk_mem_gen_v8_4_2_inst, A write address: 0, B read address: 0
expected:01010201 result:01010201
blk_mem_gen_v8_4_2 collision detected at time: 1531820000, Instance: ip_nn_integ_tb.dut3.in_buf.ram.inst.native_mem_module.blk_mem_gen_v8_4_2_inst, A write address: 0, B read address: 0
blk_mem_gen_v8_4_2 collision detected at time: 1531830000, Instance: ip_nn_integ_tb.dut3.in_buf.ram.inst.native_mem_module.blk_mem_gen_v8_4_2_inst, A write address: 0, B read address: 0
Glue logic done processing frame sending to NN
blk_mem_gen_v8_4_2 collision detected at time: 1539800000, Instance: ip_nn_integ_tb.dut3.obuf_gen[0].c1_obuf.ram.inst.native_mem_module.blk_mem_gen_v8_4_2_inst, A write address: 0, B read address: 0
blk_mem_gen_v8_4_2 collision detected at time: 1539800000, Instance: ip_nn_integ_tb.dut3.obuf_gen[1].c1_obuf.ram.inst.native_mem_module.blk_mem_gen_v8_4_2_inst, A write address: 0, B read address: 0
blk_mem_gen_v8_4_2 collision detected at time: 1539800000, Instance: ip_nn_integ_tb.dut3.obuf_gen[2].c1_obuf.ram.inst.native_mem_module.blk_mem_gen_v8_4_2_inst, A write address: 0, B read address: 0
blk_mem_gen_v8_4_2 collision detected at time: 1539800000, Instance: ip_nn_integ_tb.dut3.obuf_gen[3].c1_obuf.ram.inst.native_mem_module.blk_mem_gen_v8_4_2_inst, A write address: 0, B read address: 0
blk_mem_gen_v8_4_2 collision detected at time: 1539800000, Instance: ip_nn_integ_tb.dut3.obuf_gen[4].c1_obuf.ram.inst.native_mem_module.blk_mem_gen_v8_4_2_inst, A write address: 0, B read address: 0
blk_mem_gen_v8_4_2 collision detected at time: 1539800000, Instance: ip_nn_integ_tb.dut3.obuf_gen[5].c1_obuf.ram.inst.native_mem_module.blk_mem_gen_v8_4_2_inst, A write address: 0, B read address: 0
blk_mem_gen_v8_4_2 collision detected at time: 1649550000, Instance: ip_nn_integ_tb.dut3.obuf_gen[0].mp_obuf.ram.inst.native_mem_module.blk_mem_gen_v8_4_2_inst, A write address: 0, B read address: 0
blk_mem_gen_v8_4_2 collision detected at time: 1649550000, Instance: ip_nn_integ_tb.dut3.obuf_gen[1].mp_obuf.ram.inst.native_mem_module.blk_mem_gen_v8_4_2_inst, A write address: 0, B read address: 0
blk_mem_gen_v8_4_2 collision detected at time: 1649550000, Instance: ip_nn_integ_tb.dut3.obuf_gen[2].mp_obuf.ram.inst.native_mem_module.blk_mem_gen_v8_4_2_inst, A write address: 0, B read address: 0
blk_mem_gen_v8_4_2 collision detected at time: 1649550000, Instance: ip_nn_integ_tb.dut3.obuf_gen[3].mp_obuf.ram.inst.native_mem_module.blk_mem_gen_v8_4_2_inst, A write address: 0, B read address: 0
blk_mem_gen_v8_4_2 collision detected at time: 1649550000, Instance: ip_nn_integ_tb.dut3.obuf_gen[4].mp_obuf.ram.inst.native_mem_module.blk_mem_gen_v8_4_2_inst, A write address: 0, B read address: 0
blk_mem_gen_v8_4_2 collision detected at time: 1649550000, Instance: ip_nn_integ_tb.dut3.obuf_gen[5].mp_obuf.ram.inst.native_mem_module.blk_mem_gen_v8_4_2_inst, A write address: 0, B read address: 0
blk_mem_gen_v8_4_2 collision detected at time: 1658630000, Instance: ip_nn_integ_tb.dut3.conv_2_obuf_gen[0].c2_obuf.ram.inst.native_mem_module.blk_mem_gen_v8_4_2_inst, A write address: 1, B read address: 1
blk_mem_gen_v8_4_2 collision detected at time: 1658630000, Instance: ip_nn_integ_tb.dut3.conv_2_obuf_gen[1].c2_obuf.ram.inst.native_mem_module.blk_mem_gen_v8_4_2_inst, A write address: 1, B read address: 1
blk_mem_gen_v8_4_2 collision detected at time: 1658630000, Instance: ip_nn_integ_tb.dut3.conv_2_obuf_gen[2].c2_obuf.ram.inst.native_mem_module.blk_mem_gen_v8_4_2_inst, A write address: 1, B read address: 1
blk_mem_gen_v8_4_2 collision detected at time: 1658630000, Instance: ip_nn_integ_tb.dut3.conv_2_obuf_gen[3].c2_obuf.ram.inst.native_mem_module.blk_mem_gen_v8_4_2_inst, A write address: 1, B read address: 1
blk_mem_gen_v8_4_2 collision detected at time: 1658630000, Instance: ip_nn_integ_tb.dut3.conv_2_obuf_gen[4].c2_obuf.ram.inst.native_mem_module.blk_mem_gen_v8_4_2_inst, A write address: 1, B read address: 1
blk_mem_gen_v8_4_2 collision detected at time: 1658630000, Instance: ip_nn_integ_tb.dut3.conv_2_obuf_gen[5].c2_obuf.ram.inst.native_mem_module.blk_mem_gen_v8_4_2_inst, A write address: 1, B read address: 1
blk_mem_gen_v8_4_2 collision detected at time: 1658630000, Instance: ip_nn_integ_tb.dut3.conv_2_obuf_gen[6].c2_obuf.ram.inst.native_mem_module.blk_mem_gen_v8_4_2_inst, A write address: 1, B read address: 1
blk_mem_gen_v8_4_2 collision detected at time: 1658630000, Instance: ip_nn_integ_tb.dut3.conv_2_obuf_gen[7].c2_obuf.ram.inst.native_mem_module.blk_mem_gen_v8_4_2_inst, A write address: 1, B read address: 1
blk_mem_gen_v8_4_2 collision detected at time: 1658630000, Instance: ip_nn_integ_tb.dut3.conv_2_obuf_gen[8].c2_obuf.ram.inst.native_mem_module.blk_mem_gen_v8_4_2_inst, A write address: 1, B read address: 1
blk_mem_gen_v8_4_2 collision detected at time: 1658630000, Instance: ip_nn_integ_tb.dut3.conv_2_obuf_gen[9].c2_obuf.ram.inst.native_mem_module.blk_mem_gen_v8_4_2_inst, A write address: 1, B read address: 1
blk_mem_gen_v8_4_2 collision detected at time: 1658630000, Instance: ip_nn_integ_tb.dut3.conv_2_obuf_gen[10].c2_obuf.ram.inst.native_mem_module.blk_mem_gen_v8_4_2_inst, A write address: 1, B read address: 1
blk_mem_gen_v8_4_2 collision detected at time: 1658630000, Instance: ip_nn_integ_tb.dut3.conv_2_obuf_gen[11].c2_obuf.ram.inst.native_mem_module.blk_mem_gen_v8_4_2_inst, A write address: 1, B read address: 1
blk_mem_gen_v8_4_2 collision detected at time: 1658630000, Instance: ip_nn_integ_tb.dut3.conv_2_obuf_gen[12].c2_obuf.ram.inst.native_mem_module.blk_mem_gen_v8_4_2_inst, A write address: 1, B read address: 1
blk_mem_gen_v8_4_2 collision detected at time: 1658630000, Instance: ip_nn_integ_tb.dut3.conv_2_obuf_gen[13].c2_obuf.ram.inst.native_mem_module.blk_mem_gen_v8_4_2_inst, A write address: 1, B read address: 1
blk_mem_gen_v8_4_2 collision detected at time: 1658630000, Instance: ip_nn_integ_tb.dut3.conv_2_obuf_gen[14].c2_obuf.ram.inst.native_mem_module.blk_mem_gen_v8_4_2_inst, A write address: 1, B read address: 1
blk_mem_gen_v8_4_2 collision detected at time: 1658630000, Instance: ip_nn_integ_tb.dut3.conv_2_obuf_gen[15].c2_obuf.ram.inst.native_mem_module.blk_mem_gen_v8_4_2_inst, A write address: 1, B read address: 1
blk_mem_gen_v8_4_2 collision detected at time: 1658630000, Instance: ip_nn_integ_tb.dut3.conv_2_obuf_gen[16].c2_obuf.ram.inst.native_mem_module.blk_mem_gen_v8_4_2_inst, A write address: 1, B read address: 1
blk_mem_gen_v8_4_2 collision detected at time: 1658630000, Instance: ip_nn_integ_tb.dut3.conv_2_obuf_gen[17].c2_obuf.ram.inst.native_mem_module.blk_mem_gen_v8_4_2_inst, A write address: 1, B read address: 1
blk_mem_gen_v8_4_2 collision detected at time: 1658630000, Instance: ip_nn_integ_tb.dut3.conv_2_obuf_gen[18].c2_obuf.ram.inst.native_mem_module.blk_mem_gen_v8_4_2_inst, A write address: 1, B read address: 1
blk_mem_gen_v8_4_2 collision detected at time: 1658630000, Instance: ip_nn_integ_tb.dut3.conv_2_obuf_gen[19].c2_obuf.ram.inst.native_mem_module.blk_mem_gen_v8_4_2_inst, A write address: 1, B read address: 1
Neural Net is done processing a frame!
NN output 0100000000
Case 10:
stream sizes: eth:         14 data:        784 ip:         20 udp:          8, axi:         41
stream sizes: eth:         14 data:        784 ip:         20 udp:          8, axi:        826
blk_mem_gen_v8_4_2 collision detected at time: 1708560000, Instance: ip_nn_integ_tb.dut2.rx_data_buffer.inst.native_mem_module.blk_mem_gen_v8_4_2_inst, A write address: 0, B read address: 0
expected:01010201 result:01010201
blk_mem_gen_v8_4_2 collision detected at time: 1716410000, Instance: ip_nn_integ_tb.dut3.in_buf.ram.inst.native_mem_module.blk_mem_gen_v8_4_2_inst, A write address: 0, B read address: 0
blk_mem_gen_v8_4_2 collision detected at time: 1716420000, Instance: ip_nn_integ_tb.dut3.in_buf.ram.inst.native_mem_module.blk_mem_gen_v8_4_2_inst, A write address: 0, B read address: 0
Glue logic done processing frame sending to NN
blk_mem_gen_v8_4_2 collision detected at time: 1724390000, Instance: ip_nn_integ_tb.dut3.obuf_gen[0].c1_obuf.ram.inst.native_mem_module.blk_mem_gen_v8_4_2_inst, A write address: 0, B read address: 0
blk_mem_gen_v8_4_2 collision detected at time: 1724390000, Instance: ip_nn_integ_tb.dut3.obuf_gen[1].c1_obuf.ram.inst.native_mem_module.blk_mem_gen_v8_4_2_inst, A write address: 0, B read address: 0
blk_mem_gen_v8_4_2 collision detected at time: 1724390000, Instance: ip_nn_integ_tb.dut3.obuf_gen[2].c1_obuf.ram.inst.native_mem_module.blk_mem_gen_v8_4_2_inst, A write address: 0, B read address: 0
blk_mem_gen_v8_4_2 collision detected at time: 1724390000, Instance: ip_nn_integ_tb.dut3.obuf_gen[3].c1_obuf.ram.inst.native_mem_module.blk_mem_gen_v8_4_2_inst, A write address: 0, B read address: 0
blk_mem_gen_v8_4_2 collision detected at time: 1724390000, Instance: ip_nn_integ_tb.dut3.obuf_gen[4].c1_obuf.ram.inst.native_mem_module.blk_mem_gen_v8_4_2_inst, A write address: 0, B read address: 0
blk_mem_gen_v8_4_2 collision detected at time: 1724390000, Instance: ip_nn_integ_tb.dut3.obuf_gen[5].c1_obuf.ram.inst.native_mem_module.blk_mem_gen_v8_4_2_inst, A write address: 0, B read address: 0
blk_mem_gen_v8_4_2 collision detected at time: 1834140000, Instance: ip_nn_integ_tb.dut3.obuf_gen[0].mp_obuf.ram.inst.native_mem_module.blk_mem_gen_v8_4_2_inst, A write address: 0, B read address: 0
blk_mem_gen_v8_4_2 collision detected at time: 1834140000, Instance: ip_nn_integ_tb.dut3.obuf_gen[1].mp_obuf.ram.inst.native_mem_module.blk_mem_gen_v8_4_2_inst, A write address: 0, B read address: 0
blk_mem_gen_v8_4_2 collision detected at time: 1834140000, Instance: ip_nn_integ_tb.dut3.obuf_gen[2].mp_obuf.ram.inst.native_mem_module.blk_mem_gen_v8_4_2_inst, A write address: 0, B read address: 0
blk_mem_gen_v8_4_2 collision detected at time: 1834140000, Instance: ip_nn_integ_tb.dut3.obuf_gen[3].mp_obuf.ram.inst.native_mem_module.blk_mem_gen_v8_4_2_inst, A write address: 0, B read address: 0
blk_mem_gen_v8_4_2 collision detected at time: 1834140000, Instance: ip_nn_integ_tb.dut3.obuf_gen[4].mp_obuf.ram.inst.native_mem_module.blk_mem_gen_v8_4_2_inst, A write address: 0, B read address: 0
blk_mem_gen_v8_4_2 collision detected at time: 1834140000, Instance: ip_nn_integ_tb.dut3.obuf_gen[5].mp_obuf.ram.inst.native_mem_module.blk_mem_gen_v8_4_2_inst, A write address: 0, B read address: 0
blk_mem_gen_v8_4_2 collision detected at time: 1843220000, Instance: ip_nn_integ_tb.dut3.conv_2_obuf_gen[0].c2_obuf.ram.inst.native_mem_module.blk_mem_gen_v8_4_2_inst, A write address: 1, B read address: 1
blk_mem_gen_v8_4_2 collision detected at time: 1843220000, Instance: ip_nn_integ_tb.dut3.conv_2_obuf_gen[1].c2_obuf.ram.inst.native_mem_module.blk_mem_gen_v8_4_2_inst, A write address: 1, B read address: 1
blk_mem_gen_v8_4_2 collision detected at time: 1843220000, Instance: ip_nn_integ_tb.dut3.conv_2_obuf_gen[2].c2_obuf.ram.inst.native_mem_module.blk_mem_gen_v8_4_2_inst, A write address: 1, B read address: 1
blk_mem_gen_v8_4_2 collision detected at time: 1843220000, Instance: ip_nn_integ_tb.dut3.conv_2_obuf_gen[3].c2_obuf.ram.inst.native_mem_module.blk_mem_gen_v8_4_2_inst, A write address: 1, B read address: 1
blk_mem_gen_v8_4_2 collision detected at time: 1843220000, Instance: ip_nn_integ_tb.dut3.conv_2_obuf_gen[4].c2_obuf.ram.inst.native_mem_module.blk_mem_gen_v8_4_2_inst, A write address: 1, B read address: 1
blk_mem_gen_v8_4_2 collision detected at time: 1843220000, Instance: ip_nn_integ_tb.dut3.conv_2_obuf_gen[5].c2_obuf.ram.inst.native_mem_module.blk_mem_gen_v8_4_2_inst, A write address: 1, B read address: 1
blk_mem_gen_v8_4_2 collision detected at time: 1843220000, Instance: ip_nn_integ_tb.dut3.conv_2_obuf_gen[6].c2_obuf.ram.inst.native_mem_module.blk_mem_gen_v8_4_2_inst, A write address: 1, B read address: 1
blk_mem_gen_v8_4_2 collision detected at time: 1843220000, Instance: ip_nn_integ_tb.dut3.conv_2_obuf_gen[7].c2_obuf.ram.inst.native_mem_module.blk_mem_gen_v8_4_2_inst, A write address: 1, B read address: 1
blk_mem_gen_v8_4_2 collision detected at time: 1843220000, Instance: ip_nn_integ_tb.dut3.conv_2_obuf_gen[8].c2_obuf.ram.inst.native_mem_module.blk_mem_gen_v8_4_2_inst, A write address: 1, B read address: 1
blk_mem_gen_v8_4_2 collision detected at time: 1843220000, Instance: ip_nn_integ_tb.dut3.conv_2_obuf_gen[9].c2_obuf.ram.inst.native_mem_module.blk_mem_gen_v8_4_2_inst, A write address: 1, B read address: 1
blk_mem_gen_v8_4_2 collision detected at time: 1843220000, Instance: ip_nn_integ_tb.dut3.conv_2_obuf_gen[10].c2_obuf.ram.inst.native_mem_module.blk_mem_gen_v8_4_2_inst, A write address: 1, B read address: 1
blk_mem_gen_v8_4_2 collision detected at time: 1843220000, Instance: ip_nn_integ_tb.dut3.conv_2_obuf_gen[11].c2_obuf.ram.inst.native_mem_module.blk_mem_gen_v8_4_2_inst, A write address: 1, B read address: 1
blk_mem_gen_v8_4_2 collision detected at time: 1843220000, Instance: ip_nn_integ_tb.dut3.conv_2_obuf_gen[12].c2_obuf.ram.inst.native_mem_module.blk_mem_gen_v8_4_2_inst, A write address: 1, B read address: 1
blk_mem_gen_v8_4_2 collision detected at time: 1843220000, Instance: ip_nn_integ_tb.dut3.conv_2_obuf_gen[13].c2_obuf.ram.inst.native_mem_module.blk_mem_gen_v8_4_2_inst, A write address: 1, B read address: 1
blk_mem_gen_v8_4_2 collision detected at time: 1843220000, Instance: ip_nn_integ_tb.dut3.conv_2_obuf_gen[14].c2_obuf.ram.inst.native_mem_module.blk_mem_gen_v8_4_2_inst, A write address: 1, B read address: 1
blk_mem_gen_v8_4_2 collision detected at time: 1843220000, Instance: ip_nn_integ_tb.dut3.conv_2_obuf_gen[15].c2_obuf.ram.inst.native_mem_module.blk_mem_gen_v8_4_2_inst, A write address: 1, B read address: 1
blk_mem_gen_v8_4_2 collision detected at time: 1843220000, Instance: ip_nn_integ_tb.dut3.conv_2_obuf_gen[16].c2_obuf.ram.inst.native_mem_module.blk_mem_gen_v8_4_2_inst, A write address: 1, B read address: 1
blk_mem_gen_v8_4_2 collision detected at time: 1843220000, Instance: ip_nn_integ_tb.dut3.conv_2_obuf_gen[17].c2_obuf.ram.inst.native_mem_module.blk_mem_gen_v8_4_2_inst, A write address: 1, B read address: 1
blk_mem_gen_v8_4_2 collision detected at time: 1843220000, Instance: ip_nn_integ_tb.dut3.conv_2_obuf_gen[18].c2_obuf.ram.inst.native_mem_module.blk_mem_gen_v8_4_2_inst, A write address: 1, B read address: 1
blk_mem_gen_v8_4_2 collision detected at time: 1843220000, Instance: ip_nn_integ_tb.dut3.conv_2_obuf_gen[19].c2_obuf.ram.inst.native_mem_module.blk_mem_gen_v8_4_2_inst, A write address: 1, B read address: 1
Neural Net is done processing a frame!
NN output 0100000000
$finish called at time : 1892200 ns : File "/home/quinn/ece532-project/accelerator/rtl/ip_nn_integ_tb.sv" Line 126
