Copyright 1986-2019 Xilinx, Inc. All Rights Reserved.
--------------------------------------------------------------------------------------------------------------------
| Tool Version : Vivado v.2018.3.1 (lin64) Build 2489853 Tue Mar 26 04:18:30 MDT 2019
| Date         : Wed Feb 24 20:12:13 2021
| Host         : hw-dev running 64-bit Ubuntu 18.04.5 LTS
| Command      : report_clock_utilization -file tri_mode_ethernet_mac_0_example_design_clock_utilization_routed.rpt
| Design       : tri_mode_ethernet_mac_0_example_design
| Device       : 7a100t-csg324
| Speed File   : -1  PRODUCTION 1.23 2018-06-13
--------------------------------------------------------------------------------------------------------------------

Clock Utilization Report

Table of Contents
-----------------
1. Clock Primitive Utilization
2. Global Clock Resources
3. Global Clock Source Details
4. Clock Regions: Key Resource Utilization
5. Clock Regions : Global Clock Summary
6. Device Cell Placement Summary for Global Clock g0
7. Device Cell Placement Summary for Global Clock g1
8. Device Cell Placement Summary for Global Clock g2
9. Device Cell Placement Summary for Global Clock g3
10. Device Cell Placement Summary for Global Clock g4
11. Clock Region Cell Placement per Global Clock: Region X0Y0
12. Clock Region Cell Placement per Global Clock: Region X1Y0
13. Clock Region Cell Placement per Global Clock: Region X0Y1
14. Clock Region Cell Placement per Global Clock: Region X1Y1

1. Clock Primitive Utilization
------------------------------

+----------+------+-----------+-----+--------------+--------+
| Type     | Used | Available | LOC | Clock Region | Pblock |
+----------+------+-----------+-----+--------------+--------+
| BUFGCTRL |    3 |        32 |   0 |            0 |      0 |
| BUFH     |    0 |        96 |   0 |            0 |      0 |
| BUFIO    |    0 |        24 |   0 |            0 |      0 |
| BUFMR    |    0 |        12 |   0 |            0 |      0 |
| BUFR     |    2 |        24 |   0 |            0 |      0 |
| MMCM     |    1 |         6 |   0 |            0 |      0 |
| PLL      |    0 |         6 |   0 |            0 |      0 |
+----------+------+-----------+-----+--------------+--------+


2. Global Clock Resources
-------------------------

+-----------+-----------+-----------------+------------+---------------+--------------+-------------------+-------------+-----------------+--------------+------------+-------------------------------------------------------------------------------------------------+--------------------------------------------------------------------------------------------+
| Global Id | Source Id | Driver Type/Pin | Constraint | Site          | Clock Region | Load Clock Region | Clock Loads | Non-Clock Loads | Clock Period | Clock      | Driver Pin                                                                                      | Net                                                                                        |
+-----------+-----------+-----------------+------------+---------------+--------------+-------------------+-------------+-----------------+--------------+------------+-------------------------------------------------------------------------------------------------+--------------------------------------------------------------------------------------------+
| g0        | src0      | BUFGCTRL/O      | None       | BUFGCTRL_X0Y0 | n/a          |                 4 |        1386 |               1 |        8.000 | clkout0    | example_clocks/clock_generator/clkout1_buf/O                                                    | example_clocks/clock_generator/CLK_OUT1                                                    |
| g1        | src0      | BUFGCTRL/O      | None       | BUFGCTRL_X0Y1 | n/a          |                 2 |        1005 |               0 |       10.000 | clkout1    | example_clocks/clock_generator/clkout2_buf/O                                                    | example_clocks/clock_generator/CLK_OUT2                                                    |
| g2        | src1      | BUFR/O          | None       | BUFR_X0Y5     | X0Y1         |                 1 |         887 |               0 |       40.000 | mii_rx_clk | trimac_fifo_block/trimac_sup_block/tri_mode_ethernet_mac_i/inst/mii_interface/bufr_mii_rx_clk/O | trimac_fifo_block/trimac_sup_block/tri_mode_ethernet_mac_i/inst/mii_interface/mii_rx_clk_0 |
| g3        | src2      | BUFR/O          | None       | BUFR_X0Y6     | X0Y1         |                 1 |         875 |               0 |       40.000 | mii_tx_clk | trimac_fifo_block/trimac_sup_block/tri_mode_ethernet_mac_i/inst/mii_interface/bufr_mii_tx_clk/O | trimac_fifo_block/trimac_sup_block/tri_mode_ethernet_mac_i/inst/mii_interface/mii_tx_clk_0 |
| g4        | src3      | BUFGCTRL/O      | None       | BUFGCTRL_X0Y2 | n/a          |                 1 |          12 |               0 |        5.000 | clk_in_p   | example_clocks/bufg_clkin1/O                                                                    | example_clocks/clkin1_bufg                                                                 |
+-----------+-----------+-----------------+------------+---------------+--------------+-------------------+-------------+-----------------+--------------+------------+-------------------------------------------------------------------------------------------------+--------------------------------------------------------------------------------------------+
* Clock Loads column represents the clock pin loads (pin count)
** Non-Clock Loads column represents the non-clock pin loads (pin count)


3. Global Clock Source Details
------------------------------

+-----------+-----------+--------------------+------------+-----------------+--------------+-------------+-----------------+---------------------+--------------+---------------------------------------------------------------------------------------------------+-----------------------------------------------------------------------------------------------+
| Source Id | Global Id | Driver Type/Pin    | Constraint | Site            | Clock Region | Clock Loads | Non-Clock Loads | Source Clock Period | Source Clock | Driver Pin                                                                                        | Net                                                                                           |
+-----------+-----------+--------------------+------------+-----------------+--------------+-------------+-----------------+---------------------+--------------+---------------------------------------------------------------------------------------------------+-----------------------------------------------------------------------------------------------+
| src0      | g0        | MMCME2_ADV/CLKOUT0 | None       | MMCME2_ADV_X0Y1 | X0Y1         |           1 |               0 |               8.000 | clkout0      | example_clocks/clock_generator/mmcm_adv_inst/CLKOUT0                                              | example_clocks/clock_generator/clkout0                                                        |
| src0      | g1        | MMCME2_ADV/CLKOUT1 | None       | MMCME2_ADV_X0Y1 | X0Y1         |           1 |               0 |              10.000 | clkout1      | example_clocks/clock_generator/mmcm_adv_inst/CLKOUT1                                              | example_clocks/clock_generator/clkout1                                                        |
| src1      | g2        | IBUF/O             | None       | IOB_X0Y77       | X0Y1         |           1 |               0 |              40.000 | mii_rx_clk   | trimac_fifo_block/trimac_sup_block/tri_mode_ethernet_mac_i/inst/mii_interface/mii_rx_clk_ibuf_i/O | trimac_fifo_block/trimac_sup_block/tri_mode_ethernet_mac_i/inst/mii_interface/mii_rx_clk_ibuf |
| src2      | g3        | IBUF/O             | None       | IOB_X0Y78       | X0Y1         |           1 |               0 |              40.000 | mii_tx_clk   | trimac_fifo_block/trimac_sup_block/tri_mode_ethernet_mac_i/inst/mii_interface/mii_tx_clk_ibuf_i/O | trimac_fifo_block/trimac_sup_block/tri_mode_ethernet_mac_i/inst/mii_interface/mii_tx_clk_ibuf |
| src3      | g4        | IBUFDS/O           | None       | IOB_X0Y72       | X0Y1         |           2 |               0 |               5.000 | clk_in_p     | example_clocks/clkin1_buf/O                                                                       | example_clocks/clkin1                                                                         |
+-----------+-----------+--------------------+------------+-----------------+--------------+-------------+-----------------+---------------------+--------------+---------------------------------------------------------------------------------------------------+-----------------------------------------------------------------------------------------------+
* Clock Loads column represents the clock pin loads (pin count)
** Non-Clock Loads column represents the non-clock pin loads (pin count)


4. Clock Regions: Key Resource Utilization
------------------------------------------

+-------------------+--------------+--------------+--------------+--------------+--------------+--------------+--------------+--------------+--------------+--------------+--------------+--------------+--------------+--------------+--------------+
|                   | Global Clock |     BUFRs    |    BUFMRs    |    BUFIOs    |     MMCM     |      PLL     |      GT      |      PCI     |    ILOGIC    |    OLOGIC    |      FF      |     LUTM     |    RAMB18    |    RAMB36    |    DSP48E2   |
+-------------------+------+-------+------+-------+------+-------+------+-------+------+-------+------+-------+------+-------+------+-------+------+-------+------+-------+------+-------+------+-------+------+-------+------+-------+------+-------+
| Clock Region Name | Used | Avail | Used | Avail | Used | Avail | Used | Avail | Used | Avail | Used | Avail | Used | Avail | Used | Avail | Used | Avail | Used | Avail | Used | Avail | Used | Avail | Used | Avail | Used | Avail | Used | Avail |
+-------------------+------+-------+------+-------+------+-------+------+-------+------+-------+------+-------+------+-------+------+-------+------+-------+------+-------+------+-------+------+-------+------+-------+------+-------+------+-------+
| X0Y0              |    3 |    12 |    0 |     4 |    0 |     2 |    0 |     4 |    0 |     1 |    0 |     1 |    0 |     0 |    0 |     0 |    0 |    50 |    0 |    50 | 1280 |  2600 |  238 |   600 |    0 |    20 |    0 |    10 |    0 |    20 |
| X1Y0              |    1 |    12 |    0 |     0 |    0 |     0 |    0 |     0 |    0 |     0 |    0 |     0 |    0 |     4 |    0 |     0 |    0 |     0 |    0 |     0 |    0 |  1500 |    0 |   550 |    0 |    40 |    0 |    20 |    4 |    40 |
| X0Y1              |    4 |    12 |    2 |     4 |    0 |     2 |    0 |     4 |    0 |     1 |    0 |     1 |    0 |     0 |    0 |     0 |    6 |    50 |    6 |    50 | 2649 |  2000 |  805 |   600 |    0 |    20 |    2 |    10 |    0 |    20 |
| X1Y1              |    1 |    12 |    0 |     4 |    0 |     2 |    0 |     4 |    0 |     1 |    0 |     1 |    0 |     0 |    0 |     0 |    0 |    50 |    0 |    50 |   33 |  1900 |   12 |   650 |    0 |    60 |    0 |    30 |    2 |    40 |
| X0Y2              |    0 |    12 |    0 |     4 |    0 |     2 |    0 |     4 |    0 |     1 |    0 |     1 |    0 |     0 |    0 |     0 |    0 |    50 |    0 |    50 |    0 |  2000 |    0 |   600 |    0 |    20 |    0 |    10 |    0 |    20 |
| X1Y2              |    0 |    12 |    0 |     4 |    0 |     2 |    0 |     4 |    0 |     1 |    0 |     1 |    0 |     0 |    0 |     0 |    0 |    50 |    0 |    50 |    0 |  1900 |    0 |   650 |    0 |    60 |    0 |    30 |    0 |    40 |
| X0Y3              |    0 |    12 |    0 |     4 |    0 |     2 |    0 |     4 |    0 |     1 |    0 |     1 |    0 |     0 |    0 |     0 |    0 |    50 |    0 |    50 |    0 |  2600 |    0 |   600 |    0 |    20 |    0 |    10 |    0 |    20 |
| X1Y3              |    0 |    12 |    0 |     0 |    0 |     0 |    0 |     0 |    0 |     0 |    0 |     0 |    0 |     4 |    0 |     1 |    0 |     0 |    0 |     0 |    0 |  1350 |    0 |   500 |    0 |    30 |    0 |    15 |    0 |    40 |
+-------------------+------+-------+------+-------+------+-------+------+-------+------+-------+------+-------+------+-------+------+-------+------+-------+------+-------+------+-------+------+-------+------+-------+------+-------+------+-------+
* Global Clock column represents track count; while other columns represents cell counts


5. Clock Regions : Global Clock Summary
---------------------------------------

All Modules
+----+----+----+
|    | X0 | X1 |
+----+----+----+
| Y3 |  0 |  0 |
| Y2 |  0 |  0 |
| Y1 |  4 |  1 |
| Y0 |  3 |  1 |
+----+----+----+


6. Device Cell Placement Summary for Global Clock g0
----------------------------------------------------

+-----------+-----------------+-------------------+---------+-------------+---------------+-------------+----------+----------------+----------+-----------------------------------------+
| Global Id | Driver Type/Pin | Driver Region (D) | Clock   | Period (ns) | Waveform (ns) | Slice Loads | IO Loads | Clocking Loads | GT Loads | Net                                     |
+-----------+-----------------+-------------------+---------+-------------+---------------+-------------+----------+----------------+----------+-----------------------------------------+
| g0        | BUFGCTRL/O      | n/a               | clkout0 |       8.000 | {0.000 4.000} |        1314 |        1 |              0 |        0 | example_clocks/clock_generator/CLK_OUT1 |
+-----------+-----------------+-------------------+---------+-------------+---------------+-------------+----------+----------------+----------+-----------------------------------------+
* Logic Loads column represents load cell count of all cell types other than IO, GT and clock resources
** IO Loads column represents load cell count of IO types
*** Clocking Loads column represents load cell count that are clock resources (global clock buffer, MMCM, PLL, etc)
**** GT Loads column represents load cell count of GT types


+----+------+-----+
|    | X0   | X1  |
+----+------+-----+
| Y3 |    0 |   0 |
| Y2 |    0 |   0 |
| Y1 |  781 |  35 |
| Y0 |  495 |   4 |
+----+------+-----+


7. Device Cell Placement Summary for Global Clock g1
----------------------------------------------------

+-----------+-----------------+-------------------+---------+-------------+---------------+-------------+----------+----------------+----------+-----------------------------------------+
| Global Id | Driver Type/Pin | Driver Region (D) | Clock   | Period (ns) | Waveform (ns) | Slice Loads | IO Loads | Clocking Loads | GT Loads | Net                                     |
+-----------+-----------------+-------------------+---------+-------------+---------------+-------------+----------+----------------+----------+-----------------------------------------+
| g1        | BUFGCTRL/O      | n/a               | clkout1 |      10.000 | {0.000 5.000} |         925 |        0 |              0 |        0 | example_clocks/clock_generator/CLK_OUT2 |
+-----------+-----------------+-------------------+---------+-------------+---------------+-------------+----------+----------------+----------+-----------------------------------------+
* Logic Loads column represents load cell count of all cell types other than IO, GT and clock resources
** IO Loads column represents load cell count of IO types
*** Clocking Loads column represents load cell count that are clock resources (global clock buffer, MMCM, PLL, etc)
**** GT Loads column represents load cell count of GT types


+----+------+----+
|    | X0   | X1 |
+----+------+----+
| Y3 |    0 |  0 |
| Y2 |    0 |  0 |
| Y1 |  145 |  0 |
| Y0 |  780 |  0 |
+----+------+----+


8. Device Cell Placement Summary for Global Clock g2
----------------------------------------------------

+-----------+-----------------+-------------------+------------+-------------+----------------+-------------+----------+----------------+----------+--------------------------------------------------------------------------------------------+
| Global Id | Driver Type/Pin | Driver Region (D) | Clock      | Period (ns) | Waveform (ns)  | Slice Loads | IO Loads | Clocking Loads | GT Loads | Net                                                                                        |
+-----------+-----------------+-------------------+------------+-------------+----------------+-------------+----------+----------------+----------+--------------------------------------------------------------------------------------------+
| g2        | BUFR/O          | X0Y1              | mii_rx_clk |      40.000 | {0.000 20.000} |         879 |        0 |              0 |        0 | trimac_fifo_block/trimac_sup_block/tri_mode_ethernet_mac_i/inst/mii_interface/mii_rx_clk_0 |
+-----------+-----------------+-------------------+------------+-------------+----------------+-------------+----------+----------------+----------+--------------------------------------------------------------------------------------------+
* Logic Loads column represents load cell count of all cell types other than IO, GT and clock resources
** IO Loads column represents load cell count of IO types
*** Clocking Loads column represents load cell count that are clock resources (global clock buffer, MMCM, PLL, etc)
**** GT Loads column represents load cell count of GT types


+----+----------+----+
|    | X0       | X1 |
+----+----------+----+
| Y3 |        0 |  0 |
| Y2 |        0 |  0 |
| Y1 |  (D) 879 |  0 |
| Y0 |        0 |  0 |
+----+----------+----+


9. Device Cell Placement Summary for Global Clock g3
----------------------------------------------------

+-----------+-----------------+-------------------+------------+-------------+----------------+-------------+----------+----------------+----------+--------------------------------------------------------------------------------------------+
| Global Id | Driver Type/Pin | Driver Region (D) | Clock      | Period (ns) | Waveform (ns)  | Slice Loads | IO Loads | Clocking Loads | GT Loads | Net                                                                                        |
+-----------+-----------------+-------------------+------------+-------------+----------------+-------------+----------+----------------+----------+--------------------------------------------------------------------------------------------+
| g3        | BUFR/O          | X0Y1              | mii_tx_clk |      40.000 | {0.000 20.000} |         875 |        0 |              0 |        0 | trimac_fifo_block/trimac_sup_block/tri_mode_ethernet_mac_i/inst/mii_interface/mii_tx_clk_0 |
+-----------+-----------------+-------------------+------------+-------------+----------------+-------------+----------+----------------+----------+--------------------------------------------------------------------------------------------+
* Logic Loads column represents load cell count of all cell types other than IO, GT and clock resources
** IO Loads column represents load cell count of IO types
*** Clocking Loads column represents load cell count that are clock resources (global clock buffer, MMCM, PLL, etc)
**** GT Loads column represents load cell count of GT types


+----+----------+----+
|    | X0       | X1 |
+----+----------+----+
| Y3 |        0 |  0 |
| Y2 |        0 |  0 |
| Y1 |  (D) 875 |  0 |
| Y0 |        0 |  0 |
+----+----------+----+


10. Device Cell Placement Summary for Global Clock g4
-----------------------------------------------------

+-----------+-----------------+-------------------+----------+-------------+---------------+-------------+----------+----------------+----------+----------------------------+
| Global Id | Driver Type/Pin | Driver Region (D) | Clock    | Period (ns) | Waveform (ns) | Slice Loads | IO Loads | Clocking Loads | GT Loads | Net                        |
+-----------+-----------------+-------------------+----------+-------------+---------------+-------------+----------+----------------+----------+----------------------------+
| g4        | BUFGCTRL/O      | n/a               | clk_in_p |       5.000 | {0.000 2.500} |          12 |        0 |              0 |        0 | example_clocks/clkin1_bufg |
+-----------+-----------------+-------------------+----------+-------------+---------------+-------------+----------+----------------+----------+----------------------------+
* Logic Loads column represents load cell count of all cell types other than IO, GT and clock resources
** IO Loads column represents load cell count of IO types
*** Clocking Loads column represents load cell count that are clock resources (global clock buffer, MMCM, PLL, etc)
**** GT Loads column represents load cell count of GT types


+----+-----+----+
|    | X0  | X1 |
+----+-----+----+
| Y3 |   0 |  0 |
| Y2 |   0 |  0 |
| Y1 |   0 |  0 |
| Y0 |  12 |  0 |
+----+-----+----+


11. Clock Region Cell Placement per Global Clock: Region X0Y0
-------------------------------------------------------------

+-----------+-------+-----------------+------------+-------------+-----------------+-----+--------+------+-----+----+------+-----+---------+-----------------------------------------+
| Global Id | Track | Driver Type/Pin | Constraint | Clock Loads | Non-Clock Loads | FF  | LUTRAM | RAMB | DSP | GT | MMCM | PLL | Hard IP | Net                                     |
+-----------+-------+-----------------+------------+-------------+-----------------+-----+--------+------+-----+----+------+-----+---------+-----------------------------------------+
| g0        | n/a   | BUFGCTRL/O      | None       |         495 |               0 | 489 |      6 |    0 |   0 |  0 |    0 |   0 |       0 | example_clocks/clock_generator/CLK_OUT1 |
| g1        | n/a   | BUFGCTRL/O      | None       |         780 |               0 | 779 |      1 |    0 |   0 |  0 |    0 |   0 |       0 | example_clocks/clock_generator/CLK_OUT2 |
| g4        | n/a   | BUFGCTRL/O      | None       |          12 |               0 |  12 |      0 |    0 |   0 |  0 |    0 |   0 |       0 | example_clocks/clkin1_bufg              |
+-----------+-------+-----------------+------------+-------------+-----------------+-----+--------+------+-----+----+------+-----+---------+-----------------------------------------+
* Clock Loads column represents the clock pin loads (pin count)
** Non-Clock Loads column represents the non-clock pin loads (pin count)
*** Columns FF, LUTRAM, RAMB through 'Hard IP' represents load cell counts


12. Clock Region Cell Placement per Global Clock: Region X1Y0
-------------------------------------------------------------

+-----------+-------+-----------------+------------+-------------+-----------------+----+--------+------+-----+----+------+-----+---------+-----------------------------------------+
| Global Id | Track | Driver Type/Pin | Constraint | Clock Loads | Non-Clock Loads | FF | LUTRAM | RAMB | DSP | GT | MMCM | PLL | Hard IP | Net                                     |
+-----------+-------+-----------------+------------+-------------+-----------------+----+--------+------+-----+----+------+-----+---------+-----------------------------------------+
| g0        | n/a   | BUFGCTRL/O      | None       |           4 |               0 |  0 |      0 |    0 |   4 |  0 |    0 |   0 |       0 | example_clocks/clock_generator/CLK_OUT1 |
+-----------+-------+-----------------+------------+-------------+-----------------+----+--------+------+-----+----+------+-----+---------+-----------------------------------------+
* Clock Loads column represents the clock pin loads (pin count)
** Non-Clock Loads column represents the non-clock pin loads (pin count)
*** Columns FF, LUTRAM, RAMB through 'Hard IP' represents load cell counts


13. Clock Region Cell Placement per Global Clock: Region X0Y1
-------------------------------------------------------------

+-----------+-------+-----------------+------------+-------------+-----------------+-----+--------+------+-----+----+------+-----+---------+--------------------------------------------------------------------------------------------+
| Global Id | Track | Driver Type/Pin | Constraint | Clock Loads | Non-Clock Loads | FF  | LUTRAM | RAMB | DSP | GT | MMCM | PLL | Hard IP | Net                                                                                        |
+-----------+-------+-----------------+------------+-------------+-----------------+-----+--------+------+-----+----+------+-----+---------+--------------------------------------------------------------------------------------------+
| g0        | n/a   | BUFGCTRL/O      | None       |         780 |               1 | 778 |      0 |    2 |   0 |  0 |    0 |   0 |       0 | example_clocks/clock_generator/CLK_OUT1                                                    |
| g1        | n/a   | BUFGCTRL/O      | None       |         145 |               0 | 145 |      0 |    0 |   0 |  0 |    0 |   0 |       0 | example_clocks/clock_generator/CLK_OUT2                                                    |
| g2        | n/a   | BUFR/O          | None       |         879 |               0 | 853 |     25 |    1 |   0 |  0 |    0 |   0 |       0 | trimac_fifo_block/trimac_sup_block/tri_mode_ethernet_mac_i/inst/mii_interface/mii_rx_clk_0 |
| g3        | n/a   | BUFR/O          | None       |         875 |               0 | 873 |      1 |    1 |   0 |  0 |    0 |   0 |       0 | trimac_fifo_block/trimac_sup_block/tri_mode_ethernet_mac_i/inst/mii_interface/mii_tx_clk_0 |
+-----------+-------+-----------------+------------+-------------+-----------------+-----+--------+------+-----+----+------+-----+---------+--------------------------------------------------------------------------------------------+
* Clock Loads column represents the clock pin loads (pin count)
** Non-Clock Loads column represents the non-clock pin loads (pin count)
*** Columns FF, LUTRAM, RAMB through 'Hard IP' represents load cell counts


14. Clock Region Cell Placement per Global Clock: Region X1Y1
-------------------------------------------------------------

+-----------+-------+-----------------+------------+-------------+-----------------+----+--------+------+-----+----+------+-----+---------+-----------------------------------------+
| Global Id | Track | Driver Type/Pin | Constraint | Clock Loads | Non-Clock Loads | FF | LUTRAM | RAMB | DSP | GT | MMCM | PLL | Hard IP | Net                                     |
+-----------+-------+-----------------+------------+-------------+-----------------+----+--------+------+-----+----+------+-----+---------+-----------------------------------------+
| g0        | n/a   | BUFGCTRL/O      | None       |          35 |               0 | 33 |      0 |    0 |   2 |  0 |    0 |   0 |       0 | example_clocks/clock_generator/CLK_OUT1 |
+-----------+-------+-----------------+------------+-------------+-----------------+----+--------+------+-----+----+------+-----+---------+-----------------------------------------+
* Clock Loads column represents the clock pin loads (pin count)
** Non-Clock Loads column represents the non-clock pin loads (pin count)
*** Columns FF, LUTRAM, RAMB through 'Hard IP' represents load cell counts



# Location of BUFG Primitives 
set_property LOC BUFGCTRL_X0Y1 [get_cells example_clocks/clock_generator/clkout2_buf]
set_property LOC BUFGCTRL_X0Y0 [get_cells example_clocks/clock_generator/clkout1_buf]
set_property LOC BUFGCTRL_X0Y2 [get_cells example_clocks/bufg_clkin1]

# Location of BUFR Primitives 
set_property LOC BUFR_X0Y6 [get_cells trimac_fifo_block/trimac_sup_block/tri_mode_ethernet_mac_i/inst/mii_interface/bufr_mii_tx_clk]
set_property LOC BUFR_X0Y5 [get_cells trimac_fifo_block/trimac_sup_block/tri_mode_ethernet_mac_i/inst/mii_interface/bufr_mii_rx_clk]

# Location of IO Primitives which is load of clock spine
set_property LOC IOB_X0Y54 [get_cells gtx_clk_bufg_out_OBUF_inst]

# Location of clock ports
set_property LOC IOB_X0Y71 [get_ports clk_in_n]
set_property LOC IOB_X0Y72 [get_ports clk_in_p]
set_property LOC IOB_X0Y77 [get_ports mii_rx_clk]
set_property LOC IOB_X0Y78 [get_ports mii_tx_clk]

# Clock net "trimac_fifo_block/trimac_sup_block/tri_mode_ethernet_mac_i/inst/mii_interface/mii_tx_clk_0" driven by instance "trimac_fifo_block/trimac_sup_block/tri_mode_ethernet_mac_i/inst/mii_interface/bufr_mii_tx_clk" located at site "BUFR_X0Y6"
#startgroup
create_pblock {CLKAG_trimac_fifo_block/trimac_sup_block/tri_mode_ethernet_mac_i/inst/mii_interface/mii_tx_clk_0}
add_cells_to_pblock [get_pblocks  {CLKAG_trimac_fifo_block/trimac_sup_block/tri_mode_ethernet_mac_i/inst/mii_interface/mii_tx_clk_0}] [get_cells -filter { PRIMITIVE_GROUP != I/O && IS_PRIMITIVE==1 && PRIMITIVE_LEVEL !=INTERNAL } -of_object [get_pins -filter {DIRECTION==IN} -of_objects [get_nets -hierarchical -filter {PARENT=="trimac_fifo_block/trimac_sup_block/tri_mode_ethernet_mac_i/inst/mii_interface/mii_tx_clk_0"}]]]
resize_pblock [get_pblocks {CLKAG_trimac_fifo_block/trimac_sup_block/tri_mode_ethernet_mac_i/inst/mii_interface/mii_tx_clk_0}] -add {CLOCKREGION_X0Y1:CLOCKREGION_X0Y1}
#endgroup

# Clock net "trimac_fifo_block/trimac_sup_block/tri_mode_ethernet_mac_i/inst/mii_interface/mii_rx_clk_0" driven by instance "trimac_fifo_block/trimac_sup_block/tri_mode_ethernet_mac_i/inst/mii_interface/bufr_mii_rx_clk" located at site "BUFR_X0Y5"
#startgroup
create_pblock {CLKAG_trimac_fifo_block/trimac_sup_block/tri_mode_ethernet_mac_i/inst/mii_interface/mii_rx_clk_0}
add_cells_to_pblock [get_pblocks  {CLKAG_trimac_fifo_block/trimac_sup_block/tri_mode_ethernet_mac_i/inst/mii_interface/mii_rx_clk_0}] [get_cells -filter { PRIMITIVE_GROUP != I/O && IS_PRIMITIVE==1 && PRIMITIVE_LEVEL !=INTERNAL } -of_object [get_pins -filter {DIRECTION==IN} -of_objects [get_nets -hierarchical -filter {PARENT=="trimac_fifo_block/trimac_sup_block/tri_mode_ethernet_mac_i/inst/mii_interface/mii_rx_clk_0"}]]]
resize_pblock [get_pblocks {CLKAG_trimac_fifo_block/trimac_sup_block/tri_mode_ethernet_mac_i/inst/mii_interface/mii_rx_clk_0}] -add {CLOCKREGION_X0Y1:CLOCKREGION_X0Y1}
#endgroup

# Clock net "example_clocks/clock_generator/CLK_OUT2" driven by instance "example_clocks/clock_generator/clkout2_buf" located at site "BUFGCTRL_X0Y1"
#startgroup
create_pblock {CLKAG_example_clocks/clock_generator/CLK_OUT2}
add_cells_to_pblock [get_pblocks  {CLKAG_example_clocks/clock_generator/CLK_OUT2}] [get_cells -filter { PRIMITIVE_GROUP != I/O && IS_PRIMITIVE==1 && PRIMITIVE_LEVEL !=INTERNAL } -of_object [get_pins -filter {DIRECTION==IN} -of_objects [get_nets -hierarchical -filter {PARENT=="example_clocks/clock_generator/CLK_OUT2"}]]]
resize_pblock [get_pblocks {CLKAG_example_clocks/clock_generator/CLK_OUT2}] -add {CLOCKREGION_X0Y0:CLOCKREGION_X0Y0 CLOCKREGION_X0Y1:CLOCKREGION_X0Y1}
#endgroup

# Clock net "example_clocks/clock_generator/CLK_OUT1" driven by instance "example_clocks/clock_generator/clkout1_buf" located at site "BUFGCTRL_X0Y0"
#startgroup
create_pblock {CLKAG_example_clocks/clock_generator/CLK_OUT1}
add_cells_to_pblock [get_pblocks  {CLKAG_example_clocks/clock_generator/CLK_OUT1}] [get_cells -filter { PRIMITIVE_GROUP != I/O && IS_PRIMITIVE==1 && PRIMITIVE_LEVEL !=INTERNAL && NAME!=gtx_clk_bufg_out_OBUF_inst} -of_object [get_pins -filter {DIRECTION==IN} -of_objects [get_nets -hierarchical -filter {PARENT=="example_clocks/clock_generator/CLK_OUT1"}]]]
resize_pblock [get_pblocks {CLKAG_example_clocks/clock_generator/CLK_OUT1}] -add {CLOCKREGION_X0Y0:CLOCKREGION_X0Y0 CLOCKREGION_X0Y1:CLOCKREGION_X0Y1 CLOCKREGION_X1Y0:CLOCKREGION_X1Y0 CLOCKREGION_X1Y1:CLOCKREGION_X1Y1}
#endgroup

# Clock net "example_clocks/clkin1_bufg" driven by instance "example_clocks/bufg_clkin1" located at site "BUFGCTRL_X0Y2"
#startgroup
create_pblock {CLKAG_example_clocks/clkin1_bufg}
add_cells_to_pblock [get_pblocks  {CLKAG_example_clocks/clkin1_bufg}] [get_cells -filter { PRIMITIVE_GROUP != I/O && IS_PRIMITIVE==1 && PRIMITIVE_LEVEL !=INTERNAL } -of_object [get_pins -filter {DIRECTION==IN} -of_objects [get_nets -hierarchical -filter {PARENT=="example_clocks/clkin1_bufg"}]]]
resize_pblock [get_pblocks {CLKAG_example_clocks/clkin1_bufg}] -add {CLOCKREGION_X0Y0:CLOCKREGION_X0Y0}
#endgroup
