Copyright 1986-2019 Xilinx, Inc. All Rights Reserved.
---------------------------------------------------------------------------------------------------------------------------------------------------------------------------------------------------------------------
| Tool Version : Vivado v.2018.3.1 (lin64) Build 2489853 Tue Mar 26 04:18:30 MDT 2019
| Date         : Sun Feb 28 18:18:40 2021
| Host         : hw-dev running 64-bit Ubuntu 18.04.5 LTS
| Command      : report_drc -file tri_mode_ethernet_mac_0_example_design_ddr_drc_opted.rpt -pb tri_mode_ethernet_mac_0_example_design_ddr_drc_opted.pb -rpx tri_mode_ethernet_mac_0_example_design_ddr_drc_opted.rpx
| Design       : tri_mode_ethernet_mac_0_example_design_ddr
| Device       : xc7a100tcsg324-1
| Speed File   : -1
| Design State : Synthesized
---------------------------------------------------------------------------------------------------------------------------------------------------------------------------------------------------------------------

Report DRC

Table of Contents
-----------------
1. REPORT SUMMARY
2. REPORT DETAILS

1. REPORT SUMMARY
-----------------
            Netlist: netlist
          Floorplan: design_1
      Design limits: <entire design considered>
           Ruledeck: default
             Max violations: <unlimited>
             Violations found: 37
+-----------+----------+-------------------------------------------------------------------+------------+
| Rule      | Severity | Description                                                       | Violations |
+-----------+----------+-------------------------------------------------------------------+------------+
| CFGBVS-1  | Warning  | Missing CFGBVS and CONFIG_VOLTAGE Design Properties               | 1          |
| PLIO-6    | Warning  | Placement Constraints Check for IO constraints                    | 12         |
| REQP-1617 | Warning  | use_IOB_register                                                  | 12         |
| REQP-1839 | Warning  | RAMB36 async control check                                        | 6          |
| AVAL-4    | Advisory | enum_USE_DPORT_FALSE_enum_DREG_ADREG_0_connects_CED_CEAD_RSTD_GND | 6          |
+-----------+----------+-------------------------------------------------------------------+------------+

2. REPORT DETAILS
-----------------
CFGBVS-1#1 Warning
Missing CFGBVS and CONFIG_VOLTAGE Design Properties  
Neither the CFGBVS nor CONFIG_VOLTAGE voltage property is set in the current_design.  Configuration bank voltage select (CFGBVS) must be set to VCCO or GND, and CONFIG_VOLTAGE must be set to the correct configuration voltage, in order to determine the I/O voltage support for the pins in bank 0.  It is suggested to specify these either using the 'Edit Device Properties' function in the GUI or directly in the XDC file using the following syntax:

 set_property CFGBVS value1 [current_design]
 #where value1 is either VCCO or GND

 set_property CONFIG_VOLTAGE value2 [current_design]
 #where value2 is the voltage provided to configuration bank 0

Refer to the device configuration user guide for more information.
Related violations: <none>

PLIO-6#1 Warning
Placement Constraints Check for IO constraints  
Invalid constraint on register trimac_fifo_block/trimac_sup_block/tri_mode_ethernet_mac_i/inst/mii_interface/mii_tx_en_obuf_reg. It has the property IOB=TRUE, but it is not driving or driven by any IO element.
Related violations: <none>

PLIO-6#2 Warning
Placement Constraints Check for IO constraints  
Invalid constraint on register trimac_fifo_block/trimac_sup_block/tri_mode_ethernet_mac_i/inst/mii_interface/mii_tx_er_obuf_reg. It has the property IOB=TRUE, but it is not driving or driven by any IO element.
Related violations: <none>

PLIO-6#3 Warning
Placement Constraints Check for IO constraints  
Invalid constraint on register trimac_fifo_block/trimac_sup_block/tri_mode_ethernet_mac_i/inst/mii_interface/mii_txd_obuf_reg[0]. It has the property IOB=TRUE, but it is not driving or driven by any IO element.
Related violations: <none>

PLIO-6#4 Warning
Placement Constraints Check for IO constraints  
Invalid constraint on register trimac_fifo_block/trimac_sup_block/tri_mode_ethernet_mac_i/inst/mii_interface/mii_txd_obuf_reg[1]. It has the property IOB=TRUE, but it is not driving or driven by any IO element.
Related violations: <none>

PLIO-6#5 Warning
Placement Constraints Check for IO constraints  
Invalid constraint on register trimac_fifo_block/trimac_sup_block/tri_mode_ethernet_mac_i/inst/mii_interface/mii_txd_obuf_reg[2]. It has the property IOB=TRUE, but it is not driving or driven by any IO element.
Related violations: <none>

PLIO-6#6 Warning
Placement Constraints Check for IO constraints  
Invalid constraint on register trimac_fifo_block/trimac_sup_block/tri_mode_ethernet_mac_i/inst/mii_interface/mii_txd_obuf_reg[3]. It has the property IOB=TRUE, but it is not driving or driven by any IO element.
Related violations: <none>

PLIO-6#7 Warning
Placement Constraints Check for IO constraints  
Invalid constraint on register trimac_fifo_block/trimac_sup_block/tri_mode_ethernet_mac_i/inst/mii_interface/rx_dv_to_mac_reg. It has the property IOB=TRUE, but it is not driving or driven by any IO element.
Related violations: <none>

PLIO-6#8 Warning
Placement Constraints Check for IO constraints  
Invalid constraint on register trimac_fifo_block/trimac_sup_block/tri_mode_ethernet_mac_i/inst/mii_interface/rx_er_to_mac_reg. It has the property IOB=TRUE, but it is not driving or driven by any IO element.
Related violations: <none>

PLIO-6#9 Warning
Placement Constraints Check for IO constraints  
Invalid constraint on register trimac_fifo_block/trimac_sup_block/tri_mode_ethernet_mac_i/inst/mii_interface/rxd_to_mac_reg[0]. It has the property IOB=TRUE, but it is not driving or driven by any IO element.
Related violations: <none>

PLIO-6#10 Warning
Placement Constraints Check for IO constraints  
Invalid constraint on register trimac_fifo_block/trimac_sup_block/tri_mode_ethernet_mac_i/inst/mii_interface/rxd_to_mac_reg[1]. It has the property IOB=TRUE, but it is not driving or driven by any IO element.
Related violations: <none>

PLIO-6#11 Warning
Placement Constraints Check for IO constraints  
Invalid constraint on register trimac_fifo_block/trimac_sup_block/tri_mode_ethernet_mac_i/inst/mii_interface/rxd_to_mac_reg[2]. It has the property IOB=TRUE, but it is not driving or driven by any IO element.
Related violations: <none>

PLIO-6#12 Warning
Placement Constraints Check for IO constraints  
Invalid constraint on register trimac_fifo_block/trimac_sup_block/tri_mode_ethernet_mac_i/inst/mii_interface/rxd_to_mac_reg[3]. It has the property IOB=TRUE, but it is not driving or driven by any IO element.
Related violations: <none>

REQP-1617#1 Warning
use_IOB_register  
The FDRE cell trimac_fifo_block/trimac_sup_block/tri_mode_ethernet_mac_i/inst/mii_interface/mii_tx_en_obuf_reg has IOB set to TRUE, but does not connect directly to an IO cell. Remove the constraint or ensure the FDRE is property connected to an IO.
Related violations: <none>

REQP-1617#2 Warning
use_IOB_register  
The FDRE cell trimac_fifo_block/trimac_sup_block/tri_mode_ethernet_mac_i/inst/mii_interface/mii_tx_er_obuf_reg has IOB set to TRUE, but does not connect directly to an IO cell. Remove the constraint or ensure the FDRE is property connected to an IO.
Related violations: <none>

REQP-1617#3 Warning
use_IOB_register  
The FDRE cell trimac_fifo_block/trimac_sup_block/tri_mode_ethernet_mac_i/inst/mii_interface/mii_txd_obuf_reg[0] has IOB set to TRUE, but does not connect directly to an IO cell. Remove the constraint or ensure the FDRE is property connected to an IO.
Related violations: <none>

REQP-1617#4 Warning
use_IOB_register  
The FDRE cell trimac_fifo_block/trimac_sup_block/tri_mode_ethernet_mac_i/inst/mii_interface/mii_txd_obuf_reg[1] has IOB set to TRUE, but does not connect directly to an IO cell. Remove the constraint or ensure the FDRE is property connected to an IO.
Related violations: <none>

REQP-1617#5 Warning
use_IOB_register  
The FDRE cell trimac_fifo_block/trimac_sup_block/tri_mode_ethernet_mac_i/inst/mii_interface/mii_txd_obuf_reg[2] has IOB set to TRUE, but does not connect directly to an IO cell. Remove the constraint or ensure the FDRE is property connected to an IO.
Related violations: <none>

REQP-1617#6 Warning
use_IOB_register  
The FDRE cell trimac_fifo_block/trimac_sup_block/tri_mode_ethernet_mac_i/inst/mii_interface/mii_txd_obuf_reg[3] has IOB set to TRUE, but does not connect directly to an IO cell. Remove the constraint or ensure the FDRE is property connected to an IO.
Related violations: <none>

REQP-1617#7 Warning
use_IOB_register  
The FDRE cell trimac_fifo_block/trimac_sup_block/tri_mode_ethernet_mac_i/inst/mii_interface/rx_dv_to_mac_reg has IOB set to TRUE, but does not connect directly to an IO cell. Remove the constraint or ensure the FDRE is property connected to an IO.
Related violations: <none>

REQP-1617#8 Warning
use_IOB_register  
The FDRE cell trimac_fifo_block/trimac_sup_block/tri_mode_ethernet_mac_i/inst/mii_interface/rx_er_to_mac_reg has IOB set to TRUE, but does not connect directly to an IO cell. Remove the constraint or ensure the FDRE is property connected to an IO.
Related violations: <none>

REQP-1617#9 Warning
use_IOB_register  
The FDRE cell trimac_fifo_block/trimac_sup_block/tri_mode_ethernet_mac_i/inst/mii_interface/rxd_to_mac_reg[0] has IOB set to TRUE, but does not connect directly to an IO cell. Remove the constraint or ensure the FDRE is property connected to an IO.
Related violations: <none>

REQP-1617#10 Warning
use_IOB_register  
The FDRE cell trimac_fifo_block/trimac_sup_block/tri_mode_ethernet_mac_i/inst/mii_interface/rxd_to_mac_reg[1] has IOB set to TRUE, but does not connect directly to an IO cell. Remove the constraint or ensure the FDRE is property connected to an IO.
Related violations: <none>

REQP-1617#11 Warning
use_IOB_register  
The FDRE cell trimac_fifo_block/trimac_sup_block/tri_mode_ethernet_mac_i/inst/mii_interface/rxd_to_mac_reg[2] has IOB set to TRUE, but does not connect directly to an IO cell. Remove the constraint or ensure the FDRE is property connected to an IO.
Related violations: <none>

REQP-1617#12 Warning
use_IOB_register  
The FDRE cell trimac_fifo_block/trimac_sup_block/tri_mode_ethernet_mac_i/inst/mii_interface/rxd_to_mac_reg[3] has IOB set to TRUE, but does not connect directly to an IO cell. Remove the constraint or ensure the FDRE is property connected to an IO.
Related violations: <none>

REQP-1839#1 Warning
RAMB36 async control check  
The RAMB36E1 trimac_fifo_block/user_side_FIFO/rx_fifo_i/rx_ramgen_i/mem_reg has an input control pin trimac_fifo_block/user_side_FIFO/rx_fifo_i/rx_ramgen_i/mem_reg/ENARDEN (net: trimac_fifo_block/user_side_FIFO/rx_fifo_i/rx_ramgen_i/reset_out) which is driven by a register (trimac_fifo_block/rx_mac_reset_gen/reset_sync4) that has an active asychronous set or reset. This may cause corruption of the memory contents and/or read values when the set/reset is asserted and is not analyzed by the default static timing analysis. It is suggested to eliminate the use of a set/reset to registers driving this RAMB pin or else use a synchronous reset in which the assertion of the reset is timed by default.
Related violations: <none>

REQP-1839#2 Warning
RAMB36 async control check  
The RAMB36E1 trimac_fifo_block/user_side_FIFO/rx_fifo_i/rx_ramgen_i/mem_reg has an input control pin trimac_fifo_block/user_side_FIFO/rx_fifo_i/rx_ramgen_i/mem_reg/ENBWREN (net: trimac_fifo_block/user_side_FIFO/rx_fifo_i/rx_ramgen_i/mem_reg_i_2__0_n_0) which is driven by a register (ip_layer_inst/rx/FSM_sequential_state_reg[0]) that has an active asychronous set or reset. This may cause corruption of the memory contents and/or read values when the set/reset is asserted and is not analyzed by the default static timing analysis. It is suggested to eliminate the use of a set/reset to registers driving this RAMB pin or else use a synchronous reset in which the assertion of the reset is timed by default.
Related violations: <none>

REQP-1839#3 Warning
RAMB36 async control check  
The RAMB36E1 trimac_fifo_block/user_side_FIFO/rx_fifo_i/rx_ramgen_i/mem_reg has an input control pin trimac_fifo_block/user_side_FIFO/rx_fifo_i/rx_ramgen_i/mem_reg/ENBWREN (net: trimac_fifo_block/user_side_FIFO/rx_fifo_i/rx_ramgen_i/mem_reg_i_2__0_n_0) which is driven by a register (ip_layer_inst/rx/FSM_sequential_state_reg[1]) that has an active asychronous set or reset. This may cause corruption of the memory contents and/or read values when the set/reset is asserted and is not analyzed by the default static timing analysis. It is suggested to eliminate the use of a set/reset to registers driving this RAMB pin or else use a synchronous reset in which the assertion of the reset is timed by default.
Related violations: <none>

REQP-1839#4 Warning
RAMB36 async control check  
The RAMB36E1 trimac_fifo_block/user_side_FIFO/rx_fifo_i/rx_ramgen_i/mem_reg has an input control pin trimac_fifo_block/user_side_FIFO/rx_fifo_i/rx_ramgen_i/mem_reg/ENBWREN (net: trimac_fifo_block/user_side_FIFO/rx_fifo_i/rx_ramgen_i/mem_reg_i_2__0_n_0) which is driven by a register (ip_layer_inst/rx/FSM_sequential_state_reg[2]) that has an active asychronous set or reset. This may cause corruption of the memory contents and/or read values when the set/reset is asserted and is not analyzed by the default static timing analysis. It is suggested to eliminate the use of a set/reset to registers driving this RAMB pin or else use a synchronous reset in which the assertion of the reset is timed by default.
Related violations: <none>

REQP-1839#5 Warning
RAMB36 async control check  
The RAMB36E1 trimac_fifo_block/user_side_FIFO/tx_fifo_i/tx_ramgen_i/mem_reg has an input control pin trimac_fifo_block/user_side_FIFO/tx_fifo_i/tx_ramgen_i/mem_reg/ENBWREN (net: trimac_fifo_block/user_side_FIFO/tx_fifo_i/tx_ramgen_i/mem_reg_i_1_n_0) which is driven by a register (trimac_fifo_block/tx_mac_reset_gen/reset_sync4) that has an active asychronous set or reset. This may cause corruption of the memory contents and/or read values when the set/reset is asserted and is not analyzed by the default static timing analysis. It is suggested to eliminate the use of a set/reset to registers driving this RAMB pin or else use a synchronous reset in which the assertion of the reset is timed by default.
Related violations: <none>

REQP-1839#6 Warning
RAMB36 async control check  
The RAMB36E1 trimac_fifo_block/user_side_FIFO/tx_fifo_i/tx_ramgen_i/mem_reg has an input control pin trimac_fifo_block/user_side_FIFO/tx_fifo_i/tx_ramgen_i/mem_reg/RSTRAMB (net: trimac_fifo_block/user_side_FIFO/tx_fifo_i/tx_ramgen_i/SR[0]) which is driven by a register (trimac_fifo_block/tx_mac_reset_gen/reset_sync4) that has an active asychronous set or reset. This may cause corruption of the memory contents and/or read values when the set/reset is asserted and is not analyzed by the default static timing analysis. It is suggested to eliminate the use of a set/reset to registers driving this RAMB pin or else use a synchronous reset in which the assertion of the reset is timed by default.
Related violations: <none>

AVAL-4#1 Advisory
enum_USE_DPORT_FALSE_enum_DREG_ADREG_0_connects_CED_CEAD_RSTD_GND  
nn/N1/M0/U0/i_synth/device_supports_dsp.use_multadd_dsp/dsp48_multadd.multadd_usecase_inst/i_synth_option.i_synth_model/opt_vx7.i_uniwrap/i_primitive: DSP48E1 is not using the D port (USE_DPORT = FALSE). For improved power characteristics, set DREG and ADREG to '1', tie CED, CEAD, and RSTD to logic '0'.
Related violations: <none>

AVAL-4#2 Advisory
enum_USE_DPORT_FALSE_enum_DREG_ADREG_0_connects_CED_CEAD_RSTD_GND  
nn/N1/M1/U0/i_synth/device_supports_dsp.use_multadd_dsp/dsp48_multadd.multadd_usecase_inst/i_synth_option.i_synth_model/opt_vx7.i_uniwrap/i_primitive: DSP48E1 is not using the D port (USE_DPORT = FALSE). For improved power characteristics, set DREG and ADREG to '1', tie CED, CEAD, and RSTD to logic '0'.
Related violations: <none>

AVAL-4#3 Advisory
enum_USE_DPORT_FALSE_enum_DREG_ADREG_0_connects_CED_CEAD_RSTD_GND  
nn/N2/M0/U0/i_synth/device_supports_dsp.use_multadd_dsp/dsp48_multadd.multadd_usecase_inst/i_synth_option.i_synth_model/opt_vx7.i_uniwrap/i_primitive: DSP48E1 is not using the D port (USE_DPORT = FALSE). For improved power characteristics, set DREG and ADREG to '1', tie CED, CEAD, and RSTD to logic '0'.
Related violations: <none>

AVAL-4#4 Advisory
enum_USE_DPORT_FALSE_enum_DREG_ADREG_0_connects_CED_CEAD_RSTD_GND  
nn/N2/M1/U0/i_synth/device_supports_dsp.use_multadd_dsp/dsp48_multadd.multadd_usecase_inst/i_synth_option.i_synth_model/opt_vx7.i_uniwrap/i_primitive: DSP48E1 is not using the D port (USE_DPORT = FALSE). For improved power characteristics, set DREG and ADREG to '1', tie CED, CEAD, and RSTD to logic '0'.
Related violations: <none>

AVAL-4#5 Advisory
enum_USE_DPORT_FALSE_enum_DREG_ADREG_0_connects_CED_CEAD_RSTD_GND  
nn/N3/M0/U0/i_synth/device_supports_dsp.use_multadd_dsp/dsp48_multadd.multadd_usecase_inst/i_synth_option.i_synth_model/opt_vx7.i_uniwrap/i_primitive: DSP48E1 is not using the D port (USE_DPORT = FALSE). For improved power characteristics, set DREG and ADREG to '1', tie CED, CEAD, and RSTD to logic '0'.
Related violations: <none>

AVAL-4#6 Advisory
enum_USE_DPORT_FALSE_enum_DREG_ADREG_0_connects_CED_CEAD_RSTD_GND  
nn/N3/M1/U0/i_synth/device_supports_dsp.use_multadd_dsp/dsp48_multadd.multadd_usecase_inst/i_synth_option.i_synth_model/opt_vx7.i_uniwrap/i_primitive: DSP48E1 is not using the D port (USE_DPORT = FALSE). For improved power characteristics, set DREG and ADREG to '1', tie CED, CEAD, and RSTD to logic '0'.
Related violations: <none>


