Copyright 1986-2019 Xilinx, Inc. All Rights Reserved.
----------------------------------------------------------------------------------------------------------------------------------------------------------------------------------------------------------------------------------------------------
| Tool Version     : Vivado v.2018.3.1 (lin64) Build 2489853 Tue Mar 26 04:18:30 MDT 2019
| Date             : Sun Mar 28 21:46:20 2021
| Host             : andrew-debian running 64-bit Debian GNU/Linux 10 (buster)
| Command          : report_power -file tri_mode_ethernet_mac_0_example_design_ddr_power_routed.rpt -pb tri_mode_ethernet_mac_0_example_design_ddr_power_summary_routed.pb -rpx tri_mode_ethernet_mac_0_example_design_ddr_power_routed.rpx
| Design           : tri_mode_ethernet_mac_0_example_design_ddr
| Device           : xc7a100tcsg324-1
| Design State     : routed
| Grade            : commercial
| Process          : typical
| Characterization : Production
----------------------------------------------------------------------------------------------------------------------------------------------------------------------------------------------------------------------------------------------------

Power Report

Table of Contents
-----------------
1. Summary
1.1 On-Chip Components
1.2 Power Supply Summary
1.3 Confidence Level
2. Settings
2.1 Environment
2.2 Clock Constraints
3. Detailed Reports
3.1 By Hierarchy

1. Summary
----------

+--------------------------+--------------+
| Total On-Chip Power (W)  | 0.559        |
| Design Power Budget (W)  | Unspecified* |
| Power Budget Margin (W)  | NA           |
| Dynamic (W)              | 0.458        |
| Device Static (W)        | 0.101        |
| Effective TJA (C/W)      | 4.6          |
| Max Ambient (C)          | 82.4         |
| Junction Temperature (C) | 27.6         |
| Confidence Level         | Low          |
| Setting File             | ---          |
| Simulation Activity File | ---          |
| Design Nets Matched      | NA           |
+--------------------------+--------------+
* Specify Design Power Budget using, set_operating_conditions -design_power_budget <value in Watts>


1.1 On-Chip Components
----------------------

+--------------------------+-----------+----------+-----------+-----------------+
| On-Chip                  | Power (W) | Used     | Available | Utilization (%) |
+--------------------------+-----------+----------+-----------+-----------------+
| Clocks                   |     0.083 |       12 |       --- |             --- |
| Slice Logic              |     0.026 |    34168 |       --- |             --- |
|   LUT as Logic           |     0.020 |    11012 |     63400 |           17.37 |
|   CARRY4                 |     0.004 |     1144 |     15850 |            7.22 |
|   Register               |    <0.001 |    17201 |    126800 |           13.57 |
|   LUT as Shift Register  |    <0.001 |      874 |     19000 |            4.60 |
|   LUT as Distributed RAM |    <0.001 |      309 |     19000 |            1.63 |
|   F7/F8 Muxes            |    <0.001 |      266 |     63400 |            0.42 |
|   Others                 |     0.000 |     1777 |       --- |             --- |
| Signals                  |     0.054 |    35528 |       --- |             --- |
| Block RAM                |     0.051 |       36 |       135 |           26.67 |
| MMCM                     |     0.107 |        1 |         6 |           16.67 |
| DSPs                     |     0.131 |      164 |       240 |           68.33 |
| I/O                      |     0.006 |       11 |       210 |            5.24 |
| Static Power             |     0.101 |          |           |                 |
| Total                    |     0.559 |          |           |                 |
+--------------------------+-----------+----------+-----------+-----------------+


1.2 Power Supply Summary
------------------------

+-----------+-------------+-----------+-------------+------------+
| Source    | Voltage (V) | Total (A) | Dynamic (A) | Static (A) |
+-----------+-------------+-----------+-------------+------------+
| Vccint    |       1.000 |     0.360 |       0.342 |      0.018 |
| Vccaux    |       1.800 |     0.077 |       0.059 |      0.018 |
| Vcco33    |       3.300 |     0.006 |       0.002 |      0.004 |
| Vcco25    |       2.500 |     0.000 |       0.000 |      0.000 |
| Vcco18    |       1.800 |     0.000 |       0.000 |      0.000 |
| Vcco15    |       1.500 |     0.000 |       0.000 |      0.000 |
| Vcco135   |       1.350 |     0.000 |       0.000 |      0.000 |
| Vcco12    |       1.200 |     0.000 |       0.000 |      0.000 |
| Vccaux_io |       1.800 |     0.000 |       0.000 |      0.000 |
| Vccbram   |       1.000 |     0.006 |       0.004 |      0.001 |
| MGTAVcc   |       1.000 |     0.000 |       0.000 |      0.000 |
| MGTAVtt   |       1.200 |     0.000 |       0.000 |      0.000 |
| Vccadc    |       1.800 |     0.020 |       0.000 |      0.020 |
+-----------+-------------+-----------+-------------+------------+


1.3 Confidence Level
--------------------

+-----------------------------+------------+--------------------------------------------------------+------------------------------------------------------------------------------------------------------------+
| User Input Data             | Confidence | Details                                                | Action                                                                                                     |
+-----------------------------+------------+--------------------------------------------------------+------------------------------------------------------------------------------------------------------------+
| Design implementation state | High       | Design is routed                                       |                                                                                                            |
| Clock nodes activity        | High       | User specified more than 95% of clocks                 |                                                                                                            |
| I/O nodes activity          | Low        | More than 75% of inputs are missing user specification | Provide missing input activity with simulation results or by editing the "By Resource Type -> I/Os" view   |
| Internal nodes activity     | Medium     | User specified less than 25% of internal nodes         | Provide missing internal nodes activity with simulation results or by editing the "By Resource Type" views |
| Device models               | High       | Device models are Production                           |                                                                                                            |
|                             |            |                                                        |                                                                                                            |
| Overall confidence level    | Low        |                                                        |                                                                                                            |
+-----------------------------+------------+--------------------------------------------------------+------------------------------------------------------------------------------------------------------------+


2. Settings
-----------

2.1 Environment
---------------

+-----------------------+--------------------------+
| Ambient Temp (C)      | 25.0                     |
| ThetaJA (C/W)         | 4.6                      |
| Airflow (LFM)         | 250                      |
| Heat Sink             | medium (Medium Profile)  |
| ThetaSA (C/W)         | 4.6                      |
| Board Selection       | medium (10"x10")         |
| # of Board Layers     | 12to15 (12 to 15 Layers) |
| Board Temperature (C) | 25.0                     |
+-----------------------+--------------------------+


2.2 Clock Constraints
---------------------

+--------------------------------------------------------------------------------------------+--------------------------------------------------------------------------------------------+-----------------+
| Clock                                                                                      | Domain                                                                                     | Constraint (ns) |
+--------------------------------------------------------------------------------------------+--------------------------------------------------------------------------------------------+-----------------+
| clk_out1_clk_wiz_0                                                                         | clocking_wizard/inst/clk_out1_clk_wiz_0                                                    |             8.0 |
| clk_out2_clk_wiz_0                                                                         | clocking_wizard/inst/clk_out2_clk_wiz_0                                                    |            20.0 |
| clk_out3_clk_wiz_0                                                                         | clocking_wizard/inst/clk_out3_clk_wiz_0                                                    |            20.0 |
| clk_out4_clk_wiz_0                                                                         | clocking_wizard/inst/clk_out4_clk_wiz_0                                                    |             8.0 |
| clkfbout_clk_wiz_0                                                                         | clocking_wizard/inst/clkfbout_clk_wiz_0                                                    |            10.0 |
| dbg_hub/inst/BSCANID.u_xsdbm_id/SWITCH_N_EXT_BSCAN.bscan_inst/SERIES7_BSCAN.bscan_inst/TCK | dbg_hub/inst/BSCANID.u_xsdbm_id/SWITCH_N_EXT_BSCAN.bscan_inst/tck_bs                       |            33.0 |
| sys_clk_pin                                                                                | sys_clk                                                                                    |            10.0 |
| sys_clk_pin                                                                                | sys_clk_IBUF_BUFG                                                                          |            10.0 |
| trimac_fifo_block/trimac_sup_block/tri_mode_ethernet_mac_i/inst/mii_rx_clk                 | trimac_fifo_block/trimac_sup_block/tri_mode_ethernet_mac_i/inst/mii_interface/mii_rx_clk_0 |            40.0 |
| trimac_fifo_block/trimac_sup_block/tri_mode_ethernet_mac_i/inst/mii_tx_clk                 | trimac_fifo_block/trimac_sup_block/tri_mode_ethernet_mac_i/inst/mii_interface/mii_tx_clk_0 |            40.0 |
+--------------------------------------------------------------------------------------------+--------------------------------------------------------------------------------------------+-----------------+


3. Detailed Reports
-------------------

3.1 By Hierarchy
----------------

+--------------------------------------------+-----------+
| Name                                       | Power (W) |
+--------------------------------------------+-----------+
| tri_mode_ethernet_mac_0_example_design_ddr |     0.458 |
|   axi_lite_controller                      |     0.002 |
|   clocking_wizard                          |     0.108 |
|     inst                                   |     0.108 |
|   dbg_hub                                  |     0.003 |
|     inst                                   |     0.003 |
|       BSCANID.u_xsdbm_id                   |     0.003 |
|   ip_layer_inst                            |     0.004 |
|     rx                                     |     0.004 |
|   ip_to_nn_buffer                          |     0.002 |
|     rx_data_buffer                         |     0.001 |
|       U0                                   |     0.001 |
|   neural_net                               |     0.257 |
|     C1                                     |     0.053 |
|       conv_channels_gen[0].kernel          |     0.009 |
|       conv_channels_gen[1].kernel          |     0.008 |
|       conv_channels_gen[2].kernel          |     0.010 |
|       conv_channels_gen[3].kernel          |     0.009 |
|       conv_channels_gen[4].kernel          |     0.008 |
|       conv_channels_gen[5].kernel          |     0.009 |
|     C2                                     |     0.093 |
|       conv_channels_gen[0].kernel          |     0.004 |
|       conv_channels_gen[10].kernel         |     0.004 |
|       conv_channels_gen[11].kernel         |     0.004 |
|       conv_channels_gen[12].kernel         |     0.003 |
|       conv_channels_gen[13].kernel         |     0.004 |
|       conv_channels_gen[14].kernel         |     0.004 |
|       conv_channels_gen[15].kernel         |     0.004 |
|       conv_channels_gen[16].kernel         |     0.003 |
|       conv_channels_gen[17].kernel         |     0.004 |
|       conv_channels_gen[18].kernel         |     0.003 |
|       conv_channels_gen[19].kernel         |     0.006 |
|       conv_channels_gen[1].kernel          |     0.004 |
|       conv_channels_gen[2].kernel          |     0.004 |
|       conv_channels_gen[3].kernel          |     0.005 |
|       conv_channels_gen[4].kernel          |     0.004 |
|       conv_channels_gen[5].kernel          |     0.004 |
|       conv_channels_gen[6].kernel          |     0.004 |
|       conv_channels_gen[7].kernel          |     0.004 |
|       conv_channels_gen[8].kernel          |     0.004 |
|       conv_channels_gen[9].kernel          |     0.004 |
|     FC                                     |     0.019 |
|       fc_neuron_gen[0].mult                |     0.001 |
|       fc_neuron_gen[2].mult                |     0.001 |
|       fc_neuron_gen[4].mult                |     0.001 |
|       fc_neuron_gen[6].mult                |     0.001 |
|       fc_neuron_gen[7].mult                |     0.001 |
|       fc_neuron_gen[9].mult                |     0.001 |
|     GA                                     |     0.050 |
|       global_avg_gen[10].mult              |     0.001 |
|       global_avg_gen[15].mult              |     0.001 |
|       global_avg_gen[16].mult              |     0.001 |
|       global_avg_gen[19].mult              |     0.001 |
|       global_avg_gen[1].mult               |     0.001 |
|       global_avg_gen[2].mult               |     0.001 |
|       global_avg_gen[3].mult               |     0.001 |
|       global_avg_gen[4].mult               |     0.001 |
|       global_avg_gen[5].mult               |     0.001 |
|       global_avg_gen[6].mult               |     0.001 |
|       global_avg_gen[7].mult               |     0.001 |
|       global_avg_gen[8].mult               |     0.001 |
|     MP                                     |     0.001 |
|     c2_wbuf                                |     0.002 |
|     conv_2_obuf_gen[0].c2_obuf             |     0.001 |
|       ram                                  |     0.001 |
|     conv_2_obuf_gen[10].c2_obuf            |     0.001 |
|       ram                                  |     0.001 |
|     conv_2_obuf_gen[11].c2_obuf            |     0.001 |
|       ram                                  |     0.001 |
|     conv_2_obuf_gen[12].c2_obuf            |     0.001 |
|       ram                                  |     0.001 |
|     conv_2_obuf_gen[13].c2_obuf            |     0.001 |
|       ram                                  |     0.001 |
|     conv_2_obuf_gen[14].c2_obuf            |     0.001 |
|       ram                                  |     0.001 |
|     conv_2_obuf_gen[15].c2_obuf            |     0.001 |
|       ram                                  |     0.001 |
|     conv_2_obuf_gen[16].c2_obuf            |     0.001 |
|       ram                                  |     0.001 |
|     conv_2_obuf_gen[17].c2_obuf            |     0.001 |
|       ram                                  |     0.001 |
|     conv_2_obuf_gen[18].c2_obuf            |     0.001 |
|       ram                                  |     0.001 |
|     conv_2_obuf_gen[19].c2_obuf            |     0.001 |
|       ram                                  |     0.001 |
|     conv_2_obuf_gen[1].c2_obuf             |     0.001 |
|       ram                                  |     0.001 |
|     conv_2_obuf_gen[2].c2_obuf             |     0.001 |
|       ram                                  |     0.001 |
|     conv_2_obuf_gen[3].c2_obuf             |     0.001 |
|       ram                                  |     0.001 |
|     conv_2_obuf_gen[4].c2_obuf             |     0.001 |
|       ram                                  |     0.001 |
|     conv_2_obuf_gen[5].c2_obuf             |     0.001 |
|       ram                                  |     0.001 |
|     conv_2_obuf_gen[6].c2_obuf             |     0.001 |
|       ram                                  |     0.001 |
|     conv_2_obuf_gen[7].c2_obuf             |     0.001 |
|       ram                                  |     0.001 |
|     conv_2_obuf_gen[8].c2_obuf             |     0.001 |
|       ram                                  |     0.001 |
|     conv_2_obuf_gen[9].c2_obuf             |     0.001 |
|       ram                                  |     0.001 |
|     in_buf                                 |     0.002 |
|       ram                                  |     0.002 |
|     obuf_gen[0].c1_obuf                    |     0.001 |
|       ram                                  |     0.001 |
|     obuf_gen[0].mp_obuf                    |     0.001 |
|       ram                                  |     0.001 |
|     obuf_gen[1].c1_obuf                    |     0.001 |
|       ram                                  |     0.001 |
|     obuf_gen[1].mp_obuf                    |     0.001 |
|       ram                                  |     0.001 |
|     obuf_gen[2].c1_obuf                    |     0.001 |
|       ram                                  |     0.001 |
|     obuf_gen[2].mp_obuf                    |     0.001 |
|       ram                                  |     0.001 |
|     obuf_gen[3].c1_obuf                    |     0.001 |
|       ram                                  |     0.001 |
|     obuf_gen[3].mp_obuf                    |     0.001 |
|       ram                                  |     0.001 |
|     obuf_gen[4].c1_obuf                    |     0.001 |
|       ram                                  |     0.001 |
|     obuf_gen[4].mp_obuf                    |     0.001 |
|       ram                                  |     0.001 |
|     obuf_gen[5].c1_obuf                    |     0.001 |
|       ram                                  |     0.001 |
|     obuf_gen[5].mp_obuf                    |     0.001 |
|       ram                                  |     0.001 |
|   trimac_fifo_block                        |     0.019 |
|     trimac_sup_block                       |     0.014 |
|       tri_mode_ethernet_mac_i              |     0.014 |
|     user_side_FIFO                         |     0.005 |
|       rx_fifo_i                            |     0.003 |
|       tx_fifo_i                            |     0.002 |
|   u_ila_0                                  |     0.041 |
|     inst                                   |     0.041 |
|       ila_core_inst                        |     0.041 |
|   u_ila_1                                  |     0.007 |
|     inst                                   |     0.007 |
|       ila_core_inst                        |     0.007 |
|   u_ila_2                                  |     0.006 |
|     inst                                   |     0.006 |
|       ila_core_inst                        |     0.006 |
|   vio                                      |     0.002 |
|     inst                                   |     0.002 |
|       U_XSDB_SLAVE                         |     0.001 |
+--------------------------------------------+-----------+


