Vivado Simulator 2018.3
Time resolution is 1 ps
 Block Memory Generator module loading initial data...
 Block Memory Generator data initialization complete.
Block Memory Generator module MNIST_Solver_TB.DUT.in_buf.ram.inst.native_mem_module.blk_mem_gen_v8_4_2_inst is using a behavioral model for simulation which will not precisely model memory collision behavior.
 Block Memory Generator module loading initial data...
 Block Memory Generator data initialization complete.
Block Memory Generator module MNIST_Solver_TB.DUT.obuf_gen[0].c1_obuf.ram.inst.native_mem_module.blk_mem_gen_v8_4_2_inst is using a behavioral model for simulation which will not precisely model memory collision behavior.
 Block Memory Generator module loading initial data...
 Block Memory Generator data initialization complete.
Block Memory Generator module MNIST_Solver_TB.DUT.obuf_gen[0].mp_obuf.ram.inst.native_mem_module.blk_mem_gen_v8_4_2_inst is using a behavioral model for simulation which will not precisely model memory collision behavior.
 Block Memory Generator module loading initial data...
 Block Memory Generator data initialization complete.
Block Memory Generator module MNIST_Solver_TB.DUT.obuf_gen[1].c1_obuf.ram.inst.native_mem_module.blk_mem_gen_v8_4_2_inst is using a behavioral model for simulation which will not precisely model memory collision behavior.
 Block Memory Generator module loading initial data...
 Block Memory Generator data initialization complete.
Block Memory Generator module MNIST_Solver_TB.DUT.obuf_gen[1].mp_obuf.ram.inst.native_mem_module.blk_mem_gen_v8_4_2_inst is using a behavioral model for simulation which will not precisely model memory collision behavior.
 Block Memory Generator module loading initial data...
 Block Memory Generator data initialization complete.
Block Memory Generator module MNIST_Solver_TB.DUT.obuf_gen[2].c1_obuf.ram.inst.native_mem_module.blk_mem_gen_v8_4_2_inst is using a behavioral model for simulation which will not precisely model memory collision behavior.
 Block Memory Generator module loading initial data...
 Block Memory Generator data initialization complete.
Block Memory Generator module MNIST_Solver_TB.DUT.obuf_gen[2].mp_obuf.ram.inst.native_mem_module.blk_mem_gen_v8_4_2_inst is using a behavioral model for simulation which will not precisely model memory collision behavior.
 Block Memory Generator module loading initial data...
 Block Memory Generator data initialization complete.
Block Memory Generator module MNIST_Solver_TB.DUT.obuf_gen[3].c1_obuf.ram.inst.native_mem_module.blk_mem_gen_v8_4_2_inst is using a behavioral model for simulation which will not precisely model memory collision behavior.
 Block Memory Generator module loading initial data...
 Block Memory Generator data initialization complete.
Block Memory Generator module MNIST_Solver_TB.DUT.obuf_gen[3].mp_obuf.ram.inst.native_mem_module.blk_mem_gen_v8_4_2_inst is using a behavioral model for simulation which will not precisely model memory collision behavior.
 Block Memory Generator module loading initial data...
 Block Memory Generator data initialization complete.
Block Memory Generator module MNIST_Solver_TB.DUT.obuf_gen[4].c1_obuf.ram.inst.native_mem_module.blk_mem_gen_v8_4_2_inst is using a behavioral model for simulation which will not precisely model memory collision behavior.
 Block Memory Generator module loading initial data...
 Block Memory Generator data initialization complete.
Block Memory Generator module MNIST_Solver_TB.DUT.obuf_gen[4].mp_obuf.ram.inst.native_mem_module.blk_mem_gen_v8_4_2_inst is using a behavioral model for simulation which will not precisely model memory collision behavior.
 Block Memory Generator module loading initial data...
 Block Memory Generator data initialization complete.
Block Memory Generator module MNIST_Solver_TB.DUT.obuf_gen[5].c1_obuf.ram.inst.native_mem_module.blk_mem_gen_v8_4_2_inst is using a behavioral model for simulation which will not precisely model memory collision behavior.
 Block Memory Generator module loading initial data...
 Block Memory Generator data initialization complete.
Block Memory Generator module MNIST_Solver_TB.DUT.obuf_gen[5].mp_obuf.ram.inst.native_mem_module.blk_mem_gen_v8_4_2_inst is using a behavioral model for simulation which will not precisely model memory collision behavior.
 Block Memory Generator module loading initial data...
 Block Memory Generator data initialization complete.
Block Memory Generator module MNIST_Solver_TB.DUT.conv_2_obuf_gen[0].c2_obuf.ram.inst.native_mem_module.blk_mem_gen_v8_4_2_inst is using a behavioral model for simulation which will not precisely model memory collision behavior.
 Block Memory Generator module loading initial data...
 Block Memory Generator data initialization complete.
Block Memory Generator module MNIST_Solver_TB.DUT.conv_2_obuf_gen[1].c2_obuf.ram.inst.native_mem_module.blk_mem_gen_v8_4_2_inst is using a behavioral model for simulation which will not precisely model memory collision behavior.
 Block Memory Generator module loading initial data...
 Block Memory Generator data initialization complete.
Block Memory Generator module MNIST_Solver_TB.DUT.conv_2_obuf_gen[2].c2_obuf.ram.inst.native_mem_module.blk_mem_gen_v8_4_2_inst is using a behavioral model for simulation which will not precisely model memory collision behavior.
 Block Memory Generator module loading initial data...
 Block Memory Generator data initialization complete.
Block Memory Generator module MNIST_Solver_TB.DUT.conv_2_obuf_gen[3].c2_obuf.ram.inst.native_mem_module.blk_mem_gen_v8_4_2_inst is using a behavioral model for simulation which will not precisely model memory collision behavior.
 Block Memory Generator module loading initial data...
 Block Memory Generator data initialization complete.
Block Memory Generator module MNIST_Solver_TB.DUT.conv_2_obuf_gen[4].c2_obuf.ram.inst.native_mem_module.blk_mem_gen_v8_4_2_inst is using a behavioral model for simulation which will not precisely model memory collision behavior.
 Block Memory Generator module loading initial data...
 Block Memory Generator data initialization complete.
Block Memory Generator module MNIST_Solver_TB.DUT.conv_2_obuf_gen[5].c2_obuf.ram.inst.native_mem_module.blk_mem_gen_v8_4_2_inst is using a behavioral model for simulation which will not precisely model memory collision behavior.
 Block Memory Generator module loading initial data...
 Block Memory Generator data initialization complete.
Block Memory Generator module MNIST_Solver_TB.DUT.conv_2_obuf_gen[6].c2_obuf.ram.inst.native_mem_module.blk_mem_gen_v8_4_2_inst is using a behavioral model for simulation which will not precisely model memory collision behavior.
 Block Memory Generator module loading initial data...
 Block Memory Generator data initialization complete.
Block Memory Generator module MNIST_Solver_TB.DUT.conv_2_obuf_gen[7].c2_obuf.ram.inst.native_mem_module.blk_mem_gen_v8_4_2_inst is using a behavioral model for simulation which will not precisely model memory collision behavior.
 Block Memory Generator module loading initial data...
 Block Memory Generator data initialization complete.
Block Memory Generator module MNIST_Solver_TB.DUT.conv_2_obuf_gen[8].c2_obuf.ram.inst.native_mem_module.blk_mem_gen_v8_4_2_inst is using a behavioral model for simulation which will not precisely model memory collision behavior.
 Block Memory Generator module loading initial data...
 Block Memory Generator data initialization complete.
Block Memory Generator module MNIST_Solver_TB.DUT.conv_2_obuf_gen[9].c2_obuf.ram.inst.native_mem_module.blk_mem_gen_v8_4_2_inst is using a behavioral model for simulation which will not precisely model memory collision behavior.
 Block Memory Generator module loading initial data...
 Block Memory Generator data initialization complete.
Block Memory Generator module MNIST_Solver_TB.DUT.conv_2_obuf_gen[10].c2_obuf.ram.inst.native_mem_module.blk_mem_gen_v8_4_2_inst is using a behavioral model for simulation which will not precisely model memory collision behavior.
 Block Memory Generator module loading initial data...
 Block Memory Generator data initialization complete.
Block Memory Generator module MNIST_Solver_TB.DUT.conv_2_obuf_gen[11].c2_obuf.ram.inst.native_mem_module.blk_mem_gen_v8_4_2_inst is using a behavioral model for simulation which will not precisely model memory collision behavior.
 Block Memory Generator module loading initial data...
 Block Memory Generator data initialization complete.
Block Memory Generator module MNIST_Solver_TB.DUT.conv_2_obuf_gen[12].c2_obuf.ram.inst.native_mem_module.blk_mem_gen_v8_4_2_inst is using a behavioral model for simulation which will not precisely model memory collision behavior.
 Block Memory Generator module loading initial data...
 Block Memory Generator data initialization complete.
Block Memory Generator module MNIST_Solver_TB.DUT.conv_2_obuf_gen[13].c2_obuf.ram.inst.native_mem_module.blk_mem_gen_v8_4_2_inst is using a behavioral model for simulation which will not precisely model memory collision behavior.
 Block Memory Generator module loading initial data...
 Block Memory Generator data initialization complete.
Block Memory Generator module MNIST_Solver_TB.DUT.conv_2_obuf_gen[14].c2_obuf.ram.inst.native_mem_module.blk_mem_gen_v8_4_2_inst is using a behavioral model for simulation which will not precisely model memory collision behavior.
 Block Memory Generator module loading initial data...
 Block Memory Generator data initialization complete.
Block Memory Generator module MNIST_Solver_TB.DUT.conv_2_obuf_gen[15].c2_obuf.ram.inst.native_mem_module.blk_mem_gen_v8_4_2_inst is using a behavioral model for simulation which will not precisely model memory collision behavior.
 Block Memory Generator module loading initial data...
 Block Memory Generator data initialization complete.
Block Memory Generator module MNIST_Solver_TB.DUT.conv_2_obuf_gen[16].c2_obuf.ram.inst.native_mem_module.blk_mem_gen_v8_4_2_inst is using a behavioral model for simulation which will not precisely model memory collision behavior.
 Block Memory Generator module loading initial data...
 Block Memory Generator data initialization complete.
Block Memory Generator module MNIST_Solver_TB.DUT.conv_2_obuf_gen[17].c2_obuf.ram.inst.native_mem_module.blk_mem_gen_v8_4_2_inst is using a behavioral model for simulation which will not precisely model memory collision behavior.
 Block Memory Generator module loading initial data...
 Block Memory Generator data initialization complete.
Block Memory Generator module MNIST_Solver_TB.DUT.conv_2_obuf_gen[18].c2_obuf.ram.inst.native_mem_module.blk_mem_gen_v8_4_2_inst is using a behavioral model for simulation which will not precisely model memory collision behavior.
 Block Memory Generator module loading initial data...
 Block Memory Generator data initialization complete.
Block Memory Generator module MNIST_Solver_TB.DUT.conv_2_obuf_gen[19].c2_obuf.ram.inst.native_mem_module.blk_mem_gen_v8_4_2_inst is using a behavioral model for simulation which will not precisely model memory collision behavior.
blk_mem_gen_v8_4_2 collision detected at time: 450000, Instance: MNIST_Solver_TB.DUT.in_buf.ram.inst.native_mem_module.blk_mem_gen_v8_4_2_inst, A write address: 0, B read address: 0
blk_mem_gen_v8_4_2 collision detected at time: 80250000, Instance: MNIST_Solver_TB.DUT.obuf_gen[0].c1_obuf.ram.inst.native_mem_module.blk_mem_gen_v8_4_2_inst, A write address: 0, B read address: 0
blk_mem_gen_v8_4_2 collision detected at time: 80250000, Instance: MNIST_Solver_TB.DUT.obuf_gen[1].c1_obuf.ram.inst.native_mem_module.blk_mem_gen_v8_4_2_inst, A write address: 0, B read address: 0
blk_mem_gen_v8_4_2 collision detected at time: 80250000, Instance: MNIST_Solver_TB.DUT.obuf_gen[2].c1_obuf.ram.inst.native_mem_module.blk_mem_gen_v8_4_2_inst, A write address: 0, B read address: 0
blk_mem_gen_v8_4_2 collision detected at time: 80250000, Instance: MNIST_Solver_TB.DUT.obuf_gen[3].c1_obuf.ram.inst.native_mem_module.blk_mem_gen_v8_4_2_inst, A write address: 0, B read address: 0
blk_mem_gen_v8_4_2 collision detected at time: 80250000, Instance: MNIST_Solver_TB.DUT.obuf_gen[4].c1_obuf.ram.inst.native_mem_module.blk_mem_gen_v8_4_2_inst, A write address: 0, B read address: 0
blk_mem_gen_v8_4_2 collision detected at time: 80250000, Instance: MNIST_Solver_TB.DUT.obuf_gen[5].c1_obuf.ram.inst.native_mem_module.blk_mem_gen_v8_4_2_inst, A write address: 0, B read address: 0
blk_mem_gen_v8_4_2 collision detected at time: 1177750000, Instance: MNIST_Solver_TB.DUT.obuf_gen[0].mp_obuf.ram.inst.native_mem_module.blk_mem_gen_v8_4_2_inst, A write address: 0, B read address: 0
blk_mem_gen_v8_4_2 collision detected at time: 1177750000, Instance: MNIST_Solver_TB.DUT.obuf_gen[1].mp_obuf.ram.inst.native_mem_module.blk_mem_gen_v8_4_2_inst, A write address: 0, B read address: 0
blk_mem_gen_v8_4_2 collision detected at time: 1177750000, Instance: MNIST_Solver_TB.DUT.obuf_gen[2].mp_obuf.ram.inst.native_mem_module.blk_mem_gen_v8_4_2_inst, A write address: 0, B read address: 0
blk_mem_gen_v8_4_2 collision detected at time: 1177750000, Instance: MNIST_Solver_TB.DUT.obuf_gen[3].mp_obuf.ram.inst.native_mem_module.blk_mem_gen_v8_4_2_inst, A write address: 0, B read address: 0
blk_mem_gen_v8_4_2 collision detected at time: 1177750000, Instance: MNIST_Solver_TB.DUT.obuf_gen[4].mp_obuf.ram.inst.native_mem_module.blk_mem_gen_v8_4_2_inst, A write address: 0, B read address: 0
blk_mem_gen_v8_4_2 collision detected at time: 1177750000, Instance: MNIST_Solver_TB.DUT.obuf_gen[5].mp_obuf.ram.inst.native_mem_module.blk_mem_gen_v8_4_2_inst, A write address: 0, B read address: 0
blk_mem_gen_v8_4_2 collision detected at time: 1263150000, Instance: MNIST_Solver_TB.DUT.conv_2_obuf_gen[0].c2_obuf.ram.inst.native_mem_module.blk_mem_gen_v8_4_2_inst, A write address: 0, B read address: 0
blk_mem_gen_v8_4_2 collision detected at time: 1263150000, Instance: MNIST_Solver_TB.DUT.conv_2_obuf_gen[1].c2_obuf.ram.inst.native_mem_module.blk_mem_gen_v8_4_2_inst, A write address: 0, B read address: 0
blk_mem_gen_v8_4_2 collision detected at time: 1263150000, Instance: MNIST_Solver_TB.DUT.conv_2_obuf_gen[2].c2_obuf.ram.inst.native_mem_module.blk_mem_gen_v8_4_2_inst, A write address: 0, B read address: 0
blk_mem_gen_v8_4_2 collision detected at time: 1263150000, Instance: MNIST_Solver_TB.DUT.conv_2_obuf_gen[3].c2_obuf.ram.inst.native_mem_module.blk_mem_gen_v8_4_2_inst, A write address: 0, B read address: 0
blk_mem_gen_v8_4_2 collision detected at time: 1263150000, Instance: MNIST_Solver_TB.DUT.conv_2_obuf_gen[4].c2_obuf.ram.inst.native_mem_module.blk_mem_gen_v8_4_2_inst, A write address: 0, B read address: 0
blk_mem_gen_v8_4_2 collision detected at time: 1263150000, Instance: MNIST_Solver_TB.DUT.conv_2_obuf_gen[5].c2_obuf.ram.inst.native_mem_module.blk_mem_gen_v8_4_2_inst, A write address: 0, B read address: 0
blk_mem_gen_v8_4_2 collision detected at time: 1263150000, Instance: MNIST_Solver_TB.DUT.conv_2_obuf_gen[6].c2_obuf.ram.inst.native_mem_module.blk_mem_gen_v8_4_2_inst, A write address: 0, B read address: 0
blk_mem_gen_v8_4_2 collision detected at time: 1263150000, Instance: MNIST_Solver_TB.DUT.conv_2_obuf_gen[7].c2_obuf.ram.inst.native_mem_module.blk_mem_gen_v8_4_2_inst, A write address: 0, B read address: 0
blk_mem_gen_v8_4_2 collision detected at time: 1263150000, Instance: MNIST_Solver_TB.DUT.conv_2_obuf_gen[8].c2_obuf.ram.inst.native_mem_module.blk_mem_gen_v8_4_2_inst, A write address: 0, B read address: 0
blk_mem_gen_v8_4_2 collision detected at time: 1263150000, Instance: MNIST_Solver_TB.DUT.conv_2_obuf_gen[9].c2_obuf.ram.inst.native_mem_module.blk_mem_gen_v8_4_2_inst, A write address: 0, B read address: 0
blk_mem_gen_v8_4_2 collision detected at time: 1263150000, Instance: MNIST_Solver_TB.DUT.conv_2_obuf_gen[10].c2_obuf.ram.inst.native_mem_module.blk_mem_gen_v8_4_2_inst, A write address: 0, B read address: 0
blk_mem_gen_v8_4_2 collision detected at time: 1263150000, Instance: MNIST_Solver_TB.DUT.conv_2_obuf_gen[11].c2_obuf.ram.inst.native_mem_module.blk_mem_gen_v8_4_2_inst, A write address: 0, B read address: 0
blk_mem_gen_v8_4_2 collision detected at time: 1263150000, Instance: MNIST_Solver_TB.DUT.conv_2_obuf_gen[12].c2_obuf.ram.inst.native_mem_module.blk_mem_gen_v8_4_2_inst, A write address: 0, B read address: 0
blk_mem_gen_v8_4_2 collision detected at time: 1263150000, Instance: MNIST_Solver_TB.DUT.conv_2_obuf_gen[13].c2_obuf.ram.inst.native_mem_module.blk_mem_gen_v8_4_2_inst, A write address: 0, B read address: 0
blk_mem_gen_v8_4_2 collision detected at time: 1263150000, Instance: MNIST_Solver_TB.DUT.conv_2_obuf_gen[14].c2_obuf.ram.inst.native_mem_module.blk_mem_gen_v8_4_2_inst, A write address: 0, B read address: 0
blk_mem_gen_v8_4_2 collision detected at time: 1263150000, Instance: MNIST_Solver_TB.DUT.conv_2_obuf_gen[15].c2_obuf.ram.inst.native_mem_module.blk_mem_gen_v8_4_2_inst, A write address: 0, B read address: 0
blk_mem_gen_v8_4_2 collision detected at time: 1263150000, Instance: MNIST_Solver_TB.DUT.conv_2_obuf_gen[16].c2_obuf.ram.inst.native_mem_module.blk_mem_gen_v8_4_2_inst, A write address: 0, B read address: 0
blk_mem_gen_v8_4_2 collision detected at time: 1263150000, Instance: MNIST_Solver_TB.DUT.conv_2_obuf_gen[17].c2_obuf.ram.inst.native_mem_module.blk_mem_gen_v8_4_2_inst, A write address: 0, B read address: 0
blk_mem_gen_v8_4_2 collision detected at time: 1263150000, Instance: MNIST_Solver_TB.DUT.conv_2_obuf_gen[18].c2_obuf.ram.inst.native_mem_module.blk_mem_gen_v8_4_2_inst, A write address: 0, B read address: 0
blk_mem_gen_v8_4_2 collision detected at time: 1263150000, Instance: MNIST_Solver_TB.DUT.conv_2_obuf_gen[19].c2_obuf.ram.inst.native_mem_module.blk_mem_gen_v8_4_2_inst, A write address: 0, B read address: 0
blk_mem_gen_v8_4_2 collision detected at time: 1747950000, Instance: MNIST_Solver_TB.DUT.obuf_gen[0].c1_obuf.ram.inst.native_mem_module.blk_mem_gen_v8_4_2_inst, A write address: 0, B read address: 0
blk_mem_gen_v8_4_2 collision detected at time: 1747950000, Instance: MNIST_Solver_TB.DUT.obuf_gen[1].c1_obuf.ram.inst.native_mem_module.blk_mem_gen_v8_4_2_inst, A write address: 0, B read address: 0
blk_mem_gen_v8_4_2 collision detected at time: 1747950000, Instance: MNIST_Solver_TB.DUT.obuf_gen[2].c1_obuf.ram.inst.native_mem_module.blk_mem_gen_v8_4_2_inst, A write address: 0, B read address: 0
blk_mem_gen_v8_4_2 collision detected at time: 1747950000, Instance: MNIST_Solver_TB.DUT.obuf_gen[3].c1_obuf.ram.inst.native_mem_module.blk_mem_gen_v8_4_2_inst, A write address: 0, B read address: 0
blk_mem_gen_v8_4_2 collision detected at time: 1747950000, Instance: MNIST_Solver_TB.DUT.obuf_gen[4].c1_obuf.ram.inst.native_mem_module.blk_mem_gen_v8_4_2_inst, A write address: 0, B read address: 0
blk_mem_gen_v8_4_2 collision detected at time: 1747950000, Instance: MNIST_Solver_TB.DUT.obuf_gen[5].c1_obuf.ram.inst.native_mem_module.blk_mem_gen_v8_4_2_inst, A write address: 0, B read address: 0
blk_mem_gen_v8_4_2 collision detected at time: 2845450000, Instance: MNIST_Solver_TB.DUT.obuf_gen[0].mp_obuf.ram.inst.native_mem_module.blk_mem_gen_v8_4_2_inst, A write address: 0, B read address: 0
blk_mem_gen_v8_4_2 collision detected at time: 2845450000, Instance: MNIST_Solver_TB.DUT.obuf_gen[1].mp_obuf.ram.inst.native_mem_module.blk_mem_gen_v8_4_2_inst, A write address: 0, B read address: 0
blk_mem_gen_v8_4_2 collision detected at time: 2845450000, Instance: MNIST_Solver_TB.DUT.obuf_gen[2].mp_obuf.ram.inst.native_mem_module.blk_mem_gen_v8_4_2_inst, A write address: 0, B read address: 0
blk_mem_gen_v8_4_2 collision detected at time: 2845450000, Instance: MNIST_Solver_TB.DUT.obuf_gen[3].mp_obuf.ram.inst.native_mem_module.blk_mem_gen_v8_4_2_inst, A write address: 0, B read address: 0
blk_mem_gen_v8_4_2 collision detected at time: 2845450000, Instance: MNIST_Solver_TB.DUT.obuf_gen[4].mp_obuf.ram.inst.native_mem_module.blk_mem_gen_v8_4_2_inst, A write address: 0, B read address: 0
blk_mem_gen_v8_4_2 collision detected at time: 2845450000, Instance: MNIST_Solver_TB.DUT.obuf_gen[5].mp_obuf.ram.inst.native_mem_module.blk_mem_gen_v8_4_2_inst, A write address: 0, B read address: 0
blk_mem_gen_v8_4_2 collision detected at time: 2936250000, Instance: MNIST_Solver_TB.DUT.conv_2_obuf_gen[0].c2_obuf.ram.inst.native_mem_module.blk_mem_gen_v8_4_2_inst, A write address: 1, B read address: 1
blk_mem_gen_v8_4_2 collision detected at time: 2936250000, Instance: MNIST_Solver_TB.DUT.conv_2_obuf_gen[1].c2_obuf.ram.inst.native_mem_module.blk_mem_gen_v8_4_2_inst, A write address: 1, B read address: 1
blk_mem_gen_v8_4_2 collision detected at time: 2936250000, Instance: MNIST_Solver_TB.DUT.conv_2_obuf_gen[2].c2_obuf.ram.inst.native_mem_module.blk_mem_gen_v8_4_2_inst, A write address: 1, B read address: 1
blk_mem_gen_v8_4_2 collision detected at time: 2936250000, Instance: MNIST_Solver_TB.DUT.conv_2_obuf_gen[3].c2_obuf.ram.inst.native_mem_module.blk_mem_gen_v8_4_2_inst, A write address: 1, B read address: 1
blk_mem_gen_v8_4_2 collision detected at time: 2936250000, Instance: MNIST_Solver_TB.DUT.conv_2_obuf_gen[4].c2_obuf.ram.inst.native_mem_module.blk_mem_gen_v8_4_2_inst, A write address: 1, B read address: 1
blk_mem_gen_v8_4_2 collision detected at time: 2936250000, Instance: MNIST_Solver_TB.DUT.conv_2_obuf_gen[5].c2_obuf.ram.inst.native_mem_module.blk_mem_gen_v8_4_2_inst, A write address: 1, B read address: 1
blk_mem_gen_v8_4_2 collision detected at time: 2936250000, Instance: MNIST_Solver_TB.DUT.conv_2_obuf_gen[6].c2_obuf.ram.inst.native_mem_module.blk_mem_gen_v8_4_2_inst, A write address: 1, B read address: 1
blk_mem_gen_v8_4_2 collision detected at time: 2936250000, Instance: MNIST_Solver_TB.DUT.conv_2_obuf_gen[7].c2_obuf.ram.inst.native_mem_module.blk_mem_gen_v8_4_2_inst, A write address: 1, B read address: 1
blk_mem_gen_v8_4_2 collision detected at time: 2936250000, Instance: MNIST_Solver_TB.DUT.conv_2_obuf_gen[8].c2_obuf.ram.inst.native_mem_module.blk_mem_gen_v8_4_2_inst, A write address: 1, B read address: 1
blk_mem_gen_v8_4_2 collision detected at time: 2936250000, Instance: MNIST_Solver_TB.DUT.conv_2_obuf_gen[9].c2_obuf.ram.inst.native_mem_module.blk_mem_gen_v8_4_2_inst, A write address: 1, B read address: 1
blk_mem_gen_v8_4_2 collision detected at time: 2936250000, Instance: MNIST_Solver_TB.DUT.conv_2_obuf_gen[10].c2_obuf.ram.inst.native_mem_module.blk_mem_gen_v8_4_2_inst, A write address: 1, B read address: 1
blk_mem_gen_v8_4_2 collision detected at time: 2936250000, Instance: MNIST_Solver_TB.DUT.conv_2_obuf_gen[11].c2_obuf.ram.inst.native_mem_module.blk_mem_gen_v8_4_2_inst, A write address: 1, B read address: 1
blk_mem_gen_v8_4_2 collision detected at time: 2936250000, Instance: MNIST_Solver_TB.DUT.conv_2_obuf_gen[12].c2_obuf.ram.inst.native_mem_module.blk_mem_gen_v8_4_2_inst, A write address: 1, B read address: 1
blk_mem_gen_v8_4_2 collision detected at time: 2936250000, Instance: MNIST_Solver_TB.DUT.conv_2_obuf_gen[13].c2_obuf.ram.inst.native_mem_module.blk_mem_gen_v8_4_2_inst, A write address: 1, B read address: 1
blk_mem_gen_v8_4_2 collision detected at time: 2936250000, Instance: MNIST_Solver_TB.DUT.conv_2_obuf_gen[14].c2_obuf.ram.inst.native_mem_module.blk_mem_gen_v8_4_2_inst, A write address: 1, B read address: 1
blk_mem_gen_v8_4_2 collision detected at time: 2936250000, Instance: MNIST_Solver_TB.DUT.conv_2_obuf_gen[15].c2_obuf.ram.inst.native_mem_module.blk_mem_gen_v8_4_2_inst, A write address: 1, B read address: 1
blk_mem_gen_v8_4_2 collision detected at time: 2936250000, Instance: MNIST_Solver_TB.DUT.conv_2_obuf_gen[16].c2_obuf.ram.inst.native_mem_module.blk_mem_gen_v8_4_2_inst, A write address: 1, B read address: 1
blk_mem_gen_v8_4_2 collision detected at time: 2936250000, Instance: MNIST_Solver_TB.DUT.conv_2_obuf_gen[17].c2_obuf.ram.inst.native_mem_module.blk_mem_gen_v8_4_2_inst, A write address: 1, B read address: 1
blk_mem_gen_v8_4_2 collision detected at time: 2936250000, Instance: MNIST_Solver_TB.DUT.conv_2_obuf_gen[18].c2_obuf.ram.inst.native_mem_module.blk_mem_gen_v8_4_2_inst, A write address: 1, B read address: 1
blk_mem_gen_v8_4_2 collision detected at time: 2936250000, Instance: MNIST_Solver_TB.DUT.conv_2_obuf_gen[19].c2_obuf.ram.inst.native_mem_module.blk_mem_gen_v8_4_2_inst, A write address: 1, B read address: 1
blk_mem_gen_v8_4_2 collision detected at time: 3415050000, Instance: MNIST_Solver_TB.DUT.obuf_gen[0].c1_obuf.ram.inst.native_mem_module.blk_mem_gen_v8_4_2_inst, A write address: 0, B read address: 0
blk_mem_gen_v8_4_2 collision detected at time: 3415050000, Instance: MNIST_Solver_TB.DUT.obuf_gen[1].c1_obuf.ram.inst.native_mem_module.blk_mem_gen_v8_4_2_inst, A write address: 0, B read address: 0
blk_mem_gen_v8_4_2 collision detected at time: 3415050000, Instance: MNIST_Solver_TB.DUT.obuf_gen[2].c1_obuf.ram.inst.native_mem_module.blk_mem_gen_v8_4_2_inst, A write address: 0, B read address: 0
blk_mem_gen_v8_4_2 collision detected at time: 3415050000, Instance: MNIST_Solver_TB.DUT.obuf_gen[3].c1_obuf.ram.inst.native_mem_module.blk_mem_gen_v8_4_2_inst, A write address: 0, B read address: 0
blk_mem_gen_v8_4_2 collision detected at time: 3415050000, Instance: MNIST_Solver_TB.DUT.obuf_gen[4].c1_obuf.ram.inst.native_mem_module.blk_mem_gen_v8_4_2_inst, A write address: 0, B read address: 0
blk_mem_gen_v8_4_2 collision detected at time: 3415050000, Instance: MNIST_Solver_TB.DUT.obuf_gen[5].c1_obuf.ram.inst.native_mem_module.blk_mem_gen_v8_4_2_inst, A write address: 0, B read address: 0
blk_mem_gen_v8_4_2 collision detected at time: 4512550000, Instance: MNIST_Solver_TB.DUT.obuf_gen[0].mp_obuf.ram.inst.native_mem_module.blk_mem_gen_v8_4_2_inst, A write address: 0, B read address: 0
blk_mem_gen_v8_4_2 collision detected at time: 4512550000, Instance: MNIST_Solver_TB.DUT.obuf_gen[1].mp_obuf.ram.inst.native_mem_module.blk_mem_gen_v8_4_2_inst, A write address: 0, B read address: 0
blk_mem_gen_v8_4_2 collision detected at time: 4512550000, Instance: MNIST_Solver_TB.DUT.obuf_gen[2].mp_obuf.ram.inst.native_mem_module.blk_mem_gen_v8_4_2_inst, A write address: 0, B read address: 0
blk_mem_gen_v8_4_2 collision detected at time: 4512550000, Instance: MNIST_Solver_TB.DUT.obuf_gen[3].mp_obuf.ram.inst.native_mem_module.blk_mem_gen_v8_4_2_inst, A write address: 0, B read address: 0
blk_mem_gen_v8_4_2 collision detected at time: 4512550000, Instance: MNIST_Solver_TB.DUT.obuf_gen[4].mp_obuf.ram.inst.native_mem_module.blk_mem_gen_v8_4_2_inst, A write address: 0, B read address: 0
blk_mem_gen_v8_4_2 collision detected at time: 4512550000, Instance: MNIST_Solver_TB.DUT.obuf_gen[5].mp_obuf.ram.inst.native_mem_module.blk_mem_gen_v8_4_2_inst, A write address: 0, B read address: 0
blk_mem_gen_v8_4_2 collision detected at time: 4603350000, Instance: MNIST_Solver_TB.DUT.conv_2_obuf_gen[0].c2_obuf.ram.inst.native_mem_module.blk_mem_gen_v8_4_2_inst, A write address: 1, B read address: 1
blk_mem_gen_v8_4_2 collision detected at time: 4603350000, Instance: MNIST_Solver_TB.DUT.conv_2_obuf_gen[1].c2_obuf.ram.inst.native_mem_module.blk_mem_gen_v8_4_2_inst, A write address: 1, B read address: 1
blk_mem_gen_v8_4_2 collision detected at time: 4603350000, Instance: MNIST_Solver_TB.DUT.conv_2_obuf_gen[2].c2_obuf.ram.inst.native_mem_module.blk_mem_gen_v8_4_2_inst, A write address: 1, B read address: 1
blk_mem_gen_v8_4_2 collision detected at time: 4603350000, Instance: MNIST_Solver_TB.DUT.conv_2_obuf_gen[3].c2_obuf.ram.inst.native_mem_module.blk_mem_gen_v8_4_2_inst, A write address: 1, B read address: 1
blk_mem_gen_v8_4_2 collision detected at time: 4603350000, Instance: MNIST_Solver_TB.DUT.conv_2_obuf_gen[4].c2_obuf.ram.inst.native_mem_module.blk_mem_gen_v8_4_2_inst, A write address: 1, B read address: 1
blk_mem_gen_v8_4_2 collision detected at time: 4603350000, Instance: MNIST_Solver_TB.DUT.conv_2_obuf_gen[5].c2_obuf.ram.inst.native_mem_module.blk_mem_gen_v8_4_2_inst, A write address: 1, B read address: 1
blk_mem_gen_v8_4_2 collision detected at time: 4603350000, Instance: MNIST_Solver_TB.DUT.conv_2_obuf_gen[6].c2_obuf.ram.inst.native_mem_module.blk_mem_gen_v8_4_2_inst, A write address: 1, B read address: 1
blk_mem_gen_v8_4_2 collision detected at time: 4603350000, Instance: MNIST_Solver_TB.DUT.conv_2_obuf_gen[7].c2_obuf.ram.inst.native_mem_module.blk_mem_gen_v8_4_2_inst, A write address: 1, B read address: 1
blk_mem_gen_v8_4_2 collision detected at time: 4603350000, Instance: MNIST_Solver_TB.DUT.conv_2_obuf_gen[8].c2_obuf.ram.inst.native_mem_module.blk_mem_gen_v8_4_2_inst, A write address: 1, B read address: 1
blk_mem_gen_v8_4_2 collision detected at time: 4603350000, Instance: MNIST_Solver_TB.DUT.conv_2_obuf_gen[9].c2_obuf.ram.inst.native_mem_module.blk_mem_gen_v8_4_2_inst, A write address: 1, B read address: 1
blk_mem_gen_v8_4_2 collision detected at time: 4603350000, Instance: MNIST_Solver_TB.DUT.conv_2_obuf_gen[10].c2_obuf.ram.inst.native_mem_module.blk_mem_gen_v8_4_2_inst, A write address: 1, B read address: 1
blk_mem_gen_v8_4_2 collision detected at time: 4603350000, Instance: MNIST_Solver_TB.DUT.conv_2_obuf_gen[11].c2_obuf.ram.inst.native_mem_module.blk_mem_gen_v8_4_2_inst, A write address: 1, B read address: 1
blk_mem_gen_v8_4_2 collision detected at time: 4603350000, Instance: MNIST_Solver_TB.DUT.conv_2_obuf_gen[12].c2_obuf.ram.inst.native_mem_module.blk_mem_gen_v8_4_2_inst, A write address: 1, B read address: 1
blk_mem_gen_v8_4_2 collision detected at time: 4603350000, Instance: MNIST_Solver_TB.DUT.conv_2_obuf_gen[13].c2_obuf.ram.inst.native_mem_module.blk_mem_gen_v8_4_2_inst, A write address: 1, B read address: 1
blk_mem_gen_v8_4_2 collision detected at time: 4603350000, Instance: MNIST_Solver_TB.DUT.conv_2_obuf_gen[14].c2_obuf.ram.inst.native_mem_module.blk_mem_gen_v8_4_2_inst, A write address: 1, B read address: 1
blk_mem_gen_v8_4_2 collision detected at time: 4603350000, Instance: MNIST_Solver_TB.DUT.conv_2_obuf_gen[15].c2_obuf.ram.inst.native_mem_module.blk_mem_gen_v8_4_2_inst, A write address: 1, B read address: 1
blk_mem_gen_v8_4_2 collision detected at time: 4603350000, Instance: MNIST_Solver_TB.DUT.conv_2_obuf_gen[16].c2_obuf.ram.inst.native_mem_module.blk_mem_gen_v8_4_2_inst, A write address: 1, B read address: 1
blk_mem_gen_v8_4_2 collision detected at time: 4603350000, Instance: MNIST_Solver_TB.DUT.conv_2_obuf_gen[17].c2_obuf.ram.inst.native_mem_module.blk_mem_gen_v8_4_2_inst, A write address: 1, B read address: 1
blk_mem_gen_v8_4_2 collision detected at time: 4603350000, Instance: MNIST_Solver_TB.DUT.conv_2_obuf_gen[18].c2_obuf.ram.inst.native_mem_module.blk_mem_gen_v8_4_2_inst, A write address: 1, B read address: 1
blk_mem_gen_v8_4_2 collision detected at time: 4603350000, Instance: MNIST_Solver_TB.DUT.conv_2_obuf_gen[19].c2_obuf.ram.inst.native_mem_module.blk_mem_gen_v8_4_2_inst, A write address: 1, B read address: 1
blk_mem_gen_v8_4_2 collision detected at time: 5080750000, Instance: MNIST_Solver_TB.DUT.in_buf.ram.inst.native_mem_module.blk_mem_gen_v8_4_2_inst, A write address: 0, B read address: 0
blk_mem_gen_v8_4_2 collision detected at time: 5160550000, Instance: MNIST_Solver_TB.DUT.obuf_gen[0].c1_obuf.ram.inst.native_mem_module.blk_mem_gen_v8_4_2_inst, A write address: 0, B read address: 0
blk_mem_gen_v8_4_2 collision detected at time: 5160550000, Instance: MNIST_Solver_TB.DUT.obuf_gen[1].c1_obuf.ram.inst.native_mem_module.blk_mem_gen_v8_4_2_inst, A write address: 0, B read address: 0
blk_mem_gen_v8_4_2 collision detected at time: 5160550000, Instance: MNIST_Solver_TB.DUT.obuf_gen[2].c1_obuf.ram.inst.native_mem_module.blk_mem_gen_v8_4_2_inst, A write address: 0, B read address: 0
blk_mem_gen_v8_4_2 collision detected at time: 5160550000, Instance: MNIST_Solver_TB.DUT.obuf_gen[3].c1_obuf.ram.inst.native_mem_module.blk_mem_gen_v8_4_2_inst, A write address: 0, B read address: 0
blk_mem_gen_v8_4_2 collision detected at time: 5160550000, Instance: MNIST_Solver_TB.DUT.obuf_gen[4].c1_obuf.ram.inst.native_mem_module.blk_mem_gen_v8_4_2_inst, A write address: 0, B read address: 0
blk_mem_gen_v8_4_2 collision detected at time: 5160550000, Instance: MNIST_Solver_TB.DUT.obuf_gen[5].c1_obuf.ram.inst.native_mem_module.blk_mem_gen_v8_4_2_inst, A write address: 0, B read address: 0
blk_mem_gen_v8_4_2 collision detected at time: 6258050000, Instance: MNIST_Solver_TB.DUT.obuf_gen[0].mp_obuf.ram.inst.native_mem_module.blk_mem_gen_v8_4_2_inst, A write address: 0, B read address: 0
blk_mem_gen_v8_4_2 collision detected at time: 6258050000, Instance: MNIST_Solver_TB.DUT.obuf_gen[1].mp_obuf.ram.inst.native_mem_module.blk_mem_gen_v8_4_2_inst, A write address: 0, B read address: 0
blk_mem_gen_v8_4_2 collision detected at time: 6258050000, Instance: MNIST_Solver_TB.DUT.obuf_gen[2].mp_obuf.ram.inst.native_mem_module.blk_mem_gen_v8_4_2_inst, A write address: 0, B read address: 0
blk_mem_gen_v8_4_2 collision detected at time: 6258050000, Instance: MNIST_Solver_TB.DUT.obuf_gen[3].mp_obuf.ram.inst.native_mem_module.blk_mem_gen_v8_4_2_inst, A write address: 0, B read address: 0
blk_mem_gen_v8_4_2 collision detected at time: 6258050000, Instance: MNIST_Solver_TB.DUT.obuf_gen[4].mp_obuf.ram.inst.native_mem_module.blk_mem_gen_v8_4_2_inst, A write address: 0, B read address: 0
blk_mem_gen_v8_4_2 collision detected at time: 6258050000, Instance: MNIST_Solver_TB.DUT.obuf_gen[5].mp_obuf.ram.inst.native_mem_module.blk_mem_gen_v8_4_2_inst, A write address: 0, B read address: 0
blk_mem_gen_v8_4_2 collision detected at time: 6348850000, Instance: MNIST_Solver_TB.DUT.conv_2_obuf_gen[0].c2_obuf.ram.inst.native_mem_module.blk_mem_gen_v8_4_2_inst, A write address: 1, B read address: 1
blk_mem_gen_v8_4_2 collision detected at time: 6348850000, Instance: MNIST_Solver_TB.DUT.conv_2_obuf_gen[1].c2_obuf.ram.inst.native_mem_module.blk_mem_gen_v8_4_2_inst, A write address: 1, B read address: 1
blk_mem_gen_v8_4_2 collision detected at time: 6348850000, Instance: MNIST_Solver_TB.DUT.conv_2_obuf_gen[2].c2_obuf.ram.inst.native_mem_module.blk_mem_gen_v8_4_2_inst, A write address: 1, B read address: 1
blk_mem_gen_v8_4_2 collision detected at time: 6348850000, Instance: MNIST_Solver_TB.DUT.conv_2_obuf_gen[3].c2_obuf.ram.inst.native_mem_module.blk_mem_gen_v8_4_2_inst, A write address: 1, B read address: 1
blk_mem_gen_v8_4_2 collision detected at time: 6348850000, Instance: MNIST_Solver_TB.DUT.conv_2_obuf_gen[4].c2_obuf.ram.inst.native_mem_module.blk_mem_gen_v8_4_2_inst, A write address: 1, B read address: 1
blk_mem_gen_v8_4_2 collision detected at time: 6348850000, Instance: MNIST_Solver_TB.DUT.conv_2_obuf_gen[5].c2_obuf.ram.inst.native_mem_module.blk_mem_gen_v8_4_2_inst, A write address: 1, B read address: 1
blk_mem_gen_v8_4_2 collision detected at time: 6348850000, Instance: MNIST_Solver_TB.DUT.conv_2_obuf_gen[6].c2_obuf.ram.inst.native_mem_module.blk_mem_gen_v8_4_2_inst, A write address: 1, B read address: 1
blk_mem_gen_v8_4_2 collision detected at time: 6348850000, Instance: MNIST_Solver_TB.DUT.conv_2_obuf_gen[7].c2_obuf.ram.inst.native_mem_module.blk_mem_gen_v8_4_2_inst, A write address: 1, B read address: 1
blk_mem_gen_v8_4_2 collision detected at time: 6348850000, Instance: MNIST_Solver_TB.DUT.conv_2_obuf_gen[8].c2_obuf.ram.inst.native_mem_module.blk_mem_gen_v8_4_2_inst, A write address: 1, B read address: 1
blk_mem_gen_v8_4_2 collision detected at time: 6348850000, Instance: MNIST_Solver_TB.DUT.conv_2_obuf_gen[9].c2_obuf.ram.inst.native_mem_module.blk_mem_gen_v8_4_2_inst, A write address: 1, B read address: 1
blk_mem_gen_v8_4_2 collision detected at time: 6348850000, Instance: MNIST_Solver_TB.DUT.conv_2_obuf_gen[10].c2_obuf.ram.inst.native_mem_module.blk_mem_gen_v8_4_2_inst, A write address: 1, B read address: 1
blk_mem_gen_v8_4_2 collision detected at time: 6348850000, Instance: MNIST_Solver_TB.DUT.conv_2_obuf_gen[11].c2_obuf.ram.inst.native_mem_module.blk_mem_gen_v8_4_2_inst, A write address: 1, B read address: 1
blk_mem_gen_v8_4_2 collision detected at time: 6348850000, Instance: MNIST_Solver_TB.DUT.conv_2_obuf_gen[12].c2_obuf.ram.inst.native_mem_module.blk_mem_gen_v8_4_2_inst, A write address: 1, B read address: 1
blk_mem_gen_v8_4_2 collision detected at time: 6348850000, Instance: MNIST_Solver_TB.DUT.conv_2_obuf_gen[13].c2_obuf.ram.inst.native_mem_module.blk_mem_gen_v8_4_2_inst, A write address: 1, B read address: 1
blk_mem_gen_v8_4_2 collision detected at time: 6348850000, Instance: MNIST_Solver_TB.DUT.conv_2_obuf_gen[14].c2_obuf.ram.inst.native_mem_module.blk_mem_gen_v8_4_2_inst, A write address: 1, B read address: 1
blk_mem_gen_v8_4_2 collision detected at time: 6348850000, Instance: MNIST_Solver_TB.DUT.conv_2_obuf_gen[15].c2_obuf.ram.inst.native_mem_module.blk_mem_gen_v8_4_2_inst, A write address: 1, B read address: 1
blk_mem_gen_v8_4_2 collision detected at time: 6348850000, Instance: MNIST_Solver_TB.DUT.conv_2_obuf_gen[16].c2_obuf.ram.inst.native_mem_module.blk_mem_gen_v8_4_2_inst, A write address: 1, B read address: 1
blk_mem_gen_v8_4_2 collision detected at time: 6348850000, Instance: MNIST_Solver_TB.DUT.conv_2_obuf_gen[17].c2_obuf.ram.inst.native_mem_module.blk_mem_gen_v8_4_2_inst, A write address: 1, B read address: 1
blk_mem_gen_v8_4_2 collision detected at time: 6348850000, Instance: MNIST_Solver_TB.DUT.conv_2_obuf_gen[18].c2_obuf.ram.inst.native_mem_module.blk_mem_gen_v8_4_2_inst, A write address: 1, B read address: 1
blk_mem_gen_v8_4_2 collision detected at time: 6348850000, Instance: MNIST_Solver_TB.DUT.conv_2_obuf_gen[19].c2_obuf.ram.inst.native_mem_module.blk_mem_gen_v8_4_2_inst, A write address: 1, B read address: 1
blk_mem_gen_v8_4_2 collision detected at time: 6827650000, Instance: MNIST_Solver_TB.DUT.obuf_gen[0].c1_obuf.ram.inst.native_mem_module.blk_mem_gen_v8_4_2_inst, A write address: 0, B read address: 0
blk_mem_gen_v8_4_2 collision detected at time: 6827650000, Instance: MNIST_Solver_TB.DUT.obuf_gen[1].c1_obuf.ram.inst.native_mem_module.blk_mem_gen_v8_4_2_inst, A write address: 0, B read address: 0
blk_mem_gen_v8_4_2 collision detected at time: 6827650000, Instance: MNIST_Solver_TB.DUT.obuf_gen[2].c1_obuf.ram.inst.native_mem_module.blk_mem_gen_v8_4_2_inst, A write address: 0, B read address: 0
blk_mem_gen_v8_4_2 collision detected at time: 6827650000, Instance: MNIST_Solver_TB.DUT.obuf_gen[3].c1_obuf.ram.inst.native_mem_module.blk_mem_gen_v8_4_2_inst, A write address: 0, B read address: 0
blk_mem_gen_v8_4_2 collision detected at time: 6827650000, Instance: MNIST_Solver_TB.DUT.obuf_gen[4].c1_obuf.ram.inst.native_mem_module.blk_mem_gen_v8_4_2_inst, A write address: 0, B read address: 0
blk_mem_gen_v8_4_2 collision detected at time: 6827650000, Instance: MNIST_Solver_TB.DUT.obuf_gen[5].c1_obuf.ram.inst.native_mem_module.blk_mem_gen_v8_4_2_inst, A write address: 0, B read address: 0
blk_mem_gen_v8_4_2 collision detected at time: 7925150000, Instance: MNIST_Solver_TB.DUT.obuf_gen[0].mp_obuf.ram.inst.native_mem_module.blk_mem_gen_v8_4_2_inst, A write address: 0, B read address: 0
blk_mem_gen_v8_4_2 collision detected at time: 7925150000, Instance: MNIST_Solver_TB.DUT.obuf_gen[1].mp_obuf.ram.inst.native_mem_module.blk_mem_gen_v8_4_2_inst, A write address: 0, B read address: 0
blk_mem_gen_v8_4_2 collision detected at time: 7925150000, Instance: MNIST_Solver_TB.DUT.obuf_gen[2].mp_obuf.ram.inst.native_mem_module.blk_mem_gen_v8_4_2_inst, A write address: 0, B read address: 0
blk_mem_gen_v8_4_2 collision detected at time: 7925150000, Instance: MNIST_Solver_TB.DUT.obuf_gen[3].mp_obuf.ram.inst.native_mem_module.blk_mem_gen_v8_4_2_inst, A write address: 0, B read address: 0
blk_mem_gen_v8_4_2 collision detected at time: 7925150000, Instance: MNIST_Solver_TB.DUT.obuf_gen[4].mp_obuf.ram.inst.native_mem_module.blk_mem_gen_v8_4_2_inst, A write address: 0, B read address: 0
blk_mem_gen_v8_4_2 collision detected at time: 7925150000, Instance: MNIST_Solver_TB.DUT.obuf_gen[5].mp_obuf.ram.inst.native_mem_module.blk_mem_gen_v8_4_2_inst, A write address: 0, B read address: 0
blk_mem_gen_v8_4_2 collision detected at time: 8015950000, Instance: MNIST_Solver_TB.DUT.conv_2_obuf_gen[0].c2_obuf.ram.inst.native_mem_module.blk_mem_gen_v8_4_2_inst, A write address: 1, B read address: 1
blk_mem_gen_v8_4_2 collision detected at time: 8015950000, Instance: MNIST_Solver_TB.DUT.conv_2_obuf_gen[1].c2_obuf.ram.inst.native_mem_module.blk_mem_gen_v8_4_2_inst, A write address: 1, B read address: 1
blk_mem_gen_v8_4_2 collision detected at time: 8015950000, Instance: MNIST_Solver_TB.DUT.conv_2_obuf_gen[2].c2_obuf.ram.inst.native_mem_module.blk_mem_gen_v8_4_2_inst, A write address: 1, B read address: 1
blk_mem_gen_v8_4_2 collision detected at time: 8015950000, Instance: MNIST_Solver_TB.DUT.conv_2_obuf_gen[3].c2_obuf.ram.inst.native_mem_module.blk_mem_gen_v8_4_2_inst, A write address: 1, B read address: 1
blk_mem_gen_v8_4_2 collision detected at time: 8015950000, Instance: MNIST_Solver_TB.DUT.conv_2_obuf_gen[4].c2_obuf.ram.inst.native_mem_module.blk_mem_gen_v8_4_2_inst, A write address: 1, B read address: 1
blk_mem_gen_v8_4_2 collision detected at time: 8015950000, Instance: MNIST_Solver_TB.DUT.conv_2_obuf_gen[5].c2_obuf.ram.inst.native_mem_module.blk_mem_gen_v8_4_2_inst, A write address: 1, B read address: 1
blk_mem_gen_v8_4_2 collision detected at time: 8015950000, Instance: MNIST_Solver_TB.DUT.conv_2_obuf_gen[6].c2_obuf.ram.inst.native_mem_module.blk_mem_gen_v8_4_2_inst, A write address: 1, B read address: 1
blk_mem_gen_v8_4_2 collision detected at time: 8015950000, Instance: MNIST_Solver_TB.DUT.conv_2_obuf_gen[7].c2_obuf.ram.inst.native_mem_module.blk_mem_gen_v8_4_2_inst, A write address: 1, B read address: 1
blk_mem_gen_v8_4_2 collision detected at time: 8015950000, Instance: MNIST_Solver_TB.DUT.conv_2_obuf_gen[8].c2_obuf.ram.inst.native_mem_module.blk_mem_gen_v8_4_2_inst, A write address: 1, B read address: 1
blk_mem_gen_v8_4_2 collision detected at time: 8015950000, Instance: MNIST_Solver_TB.DUT.conv_2_obuf_gen[9].c2_obuf.ram.inst.native_mem_module.blk_mem_gen_v8_4_2_inst, A write address: 1, B read address: 1
blk_mem_gen_v8_4_2 collision detected at time: 8015950000, Instance: MNIST_Solver_TB.DUT.conv_2_obuf_gen[10].c2_obuf.ram.inst.native_mem_module.blk_mem_gen_v8_4_2_inst, A write address: 1, B read address: 1
blk_mem_gen_v8_4_2 collision detected at time: 8015950000, Instance: MNIST_Solver_TB.DUT.conv_2_obuf_gen[11].c2_obuf.ram.inst.native_mem_module.blk_mem_gen_v8_4_2_inst, A write address: 1, B read address: 1
blk_mem_gen_v8_4_2 collision detected at time: 8015950000, Instance: MNIST_Solver_TB.DUT.conv_2_obuf_gen[12].c2_obuf.ram.inst.native_mem_module.blk_mem_gen_v8_4_2_inst, A write address: 1, B read address: 1
blk_mem_gen_v8_4_2 collision detected at time: 8015950000, Instance: MNIST_Solver_TB.DUT.conv_2_obuf_gen[13].c2_obuf.ram.inst.native_mem_module.blk_mem_gen_v8_4_2_inst, A write address: 1, B read address: 1
blk_mem_gen_v8_4_2 collision detected at time: 8015950000, Instance: MNIST_Solver_TB.DUT.conv_2_obuf_gen[14].c2_obuf.ram.inst.native_mem_module.blk_mem_gen_v8_4_2_inst, A write address: 1, B read address: 1
blk_mem_gen_v8_4_2 collision detected at time: 8015950000, Instance: MNIST_Solver_TB.DUT.conv_2_obuf_gen[15].c2_obuf.ram.inst.native_mem_module.blk_mem_gen_v8_4_2_inst, A write address: 1, B read address: 1
blk_mem_gen_v8_4_2 collision detected at time: 8015950000, Instance: MNIST_Solver_TB.DUT.conv_2_obuf_gen[16].c2_obuf.ram.inst.native_mem_module.blk_mem_gen_v8_4_2_inst, A write address: 1, B read address: 1
blk_mem_gen_v8_4_2 collision detected at time: 8015950000, Instance: MNIST_Solver_TB.DUT.conv_2_obuf_gen[17].c2_obuf.ram.inst.native_mem_module.blk_mem_gen_v8_4_2_inst, A write address: 1, B read address: 1
blk_mem_gen_v8_4_2 collision detected at time: 8015950000, Instance: MNIST_Solver_TB.DUT.conv_2_obuf_gen[18].c2_obuf.ram.inst.native_mem_module.blk_mem_gen_v8_4_2_inst, A write address: 1, B read address: 1
blk_mem_gen_v8_4_2 collision detected at time: 8015950000, Instance: MNIST_Solver_TB.DUT.conv_2_obuf_gen[19].c2_obuf.ram.inst.native_mem_module.blk_mem_gen_v8_4_2_inst, A write address: 1, B read address: 1
blk_mem_gen_v8_4_2 collision detected at time: 8494750000, Instance: MNIST_Solver_TB.DUT.obuf_gen[0].c1_obuf.ram.inst.native_mem_module.blk_mem_gen_v8_4_2_inst, A write address: 0, B read address: 0
blk_mem_gen_v8_4_2 collision detected at time: 8494750000, Instance: MNIST_Solver_TB.DUT.obuf_gen[1].c1_obuf.ram.inst.native_mem_module.blk_mem_gen_v8_4_2_inst, A write address: 0, B read address: 0
blk_mem_gen_v8_4_2 collision detected at time: 8494750000, Instance: MNIST_Solver_TB.DUT.obuf_gen[2].c1_obuf.ram.inst.native_mem_module.blk_mem_gen_v8_4_2_inst, A write address: 0, B read address: 0
blk_mem_gen_v8_4_2 collision detected at time: 8494750000, Instance: MNIST_Solver_TB.DUT.obuf_gen[3].c1_obuf.ram.inst.native_mem_module.blk_mem_gen_v8_4_2_inst, A write address: 0, B read address: 0
blk_mem_gen_v8_4_2 collision detected at time: 8494750000, Instance: MNIST_Solver_TB.DUT.obuf_gen[4].c1_obuf.ram.inst.native_mem_module.blk_mem_gen_v8_4_2_inst, A write address: 0, B read address: 0
blk_mem_gen_v8_4_2 collision detected at time: 8494750000, Instance: MNIST_Solver_TB.DUT.obuf_gen[5].c1_obuf.ram.inst.native_mem_module.blk_mem_gen_v8_4_2_inst, A write address: 0, B read address: 0
blk_mem_gen_v8_4_2 collision detected at time: 9592250000, Instance: MNIST_Solver_TB.DUT.obuf_gen[0].mp_obuf.ram.inst.native_mem_module.blk_mem_gen_v8_4_2_inst, A write address: 0, B read address: 0
blk_mem_gen_v8_4_2 collision detected at time: 9592250000, Instance: MNIST_Solver_TB.DUT.obuf_gen[1].mp_obuf.ram.inst.native_mem_module.blk_mem_gen_v8_4_2_inst, A write address: 0, B read address: 0
blk_mem_gen_v8_4_2 collision detected at time: 9592250000, Instance: MNIST_Solver_TB.DUT.obuf_gen[2].mp_obuf.ram.inst.native_mem_module.blk_mem_gen_v8_4_2_inst, A write address: 0, B read address: 0
blk_mem_gen_v8_4_2 collision detected at time: 9592250000, Instance: MNIST_Solver_TB.DUT.obuf_gen[3].mp_obuf.ram.inst.native_mem_module.blk_mem_gen_v8_4_2_inst, A write address: 0, B read address: 0
blk_mem_gen_v8_4_2 collision detected at time: 9592250000, Instance: MNIST_Solver_TB.DUT.obuf_gen[4].mp_obuf.ram.inst.native_mem_module.blk_mem_gen_v8_4_2_inst, A write address: 0, B read address: 0
blk_mem_gen_v8_4_2 collision detected at time: 9592250000, Instance: MNIST_Solver_TB.DUT.obuf_gen[5].mp_obuf.ram.inst.native_mem_module.blk_mem_gen_v8_4_2_inst, A write address: 0, B read address: 0
blk_mem_gen_v8_4_2 collision detected at time: 9683050000, Instance: MNIST_Solver_TB.DUT.conv_2_obuf_gen[0].c2_obuf.ram.inst.native_mem_module.blk_mem_gen_v8_4_2_inst, A write address: 1, B read address: 1
blk_mem_gen_v8_4_2 collision detected at time: 9683050000, Instance: MNIST_Solver_TB.DUT.conv_2_obuf_gen[1].c2_obuf.ram.inst.native_mem_module.blk_mem_gen_v8_4_2_inst, A write address: 1, B read address: 1
blk_mem_gen_v8_4_2 collision detected at time: 9683050000, Instance: MNIST_Solver_TB.DUT.conv_2_obuf_gen[2].c2_obuf.ram.inst.native_mem_module.blk_mem_gen_v8_4_2_inst, A write address: 1, B read address: 1
blk_mem_gen_v8_4_2 collision detected at time: 9683050000, Instance: MNIST_Solver_TB.DUT.conv_2_obuf_gen[3].c2_obuf.ram.inst.native_mem_module.blk_mem_gen_v8_4_2_inst, A write address: 1, B read address: 1
blk_mem_gen_v8_4_2 collision detected at time: 9683050000, Instance: MNIST_Solver_TB.DUT.conv_2_obuf_gen[4].c2_obuf.ram.inst.native_mem_module.blk_mem_gen_v8_4_2_inst, A write address: 1, B read address: 1
blk_mem_gen_v8_4_2 collision detected at time: 9683050000, Instance: MNIST_Solver_TB.DUT.conv_2_obuf_gen[5].c2_obuf.ram.inst.native_mem_module.blk_mem_gen_v8_4_2_inst, A write address: 1, B read address: 1
blk_mem_gen_v8_4_2 collision detected at time: 9683050000, Instance: MNIST_Solver_TB.DUT.conv_2_obuf_gen[6].c2_obuf.ram.inst.native_mem_module.blk_mem_gen_v8_4_2_inst, A write address: 1, B read address: 1
blk_mem_gen_v8_4_2 collision detected at time: 9683050000, Instance: MNIST_Solver_TB.DUT.conv_2_obuf_gen[7].c2_obuf.ram.inst.native_mem_module.blk_mem_gen_v8_4_2_inst, A write address: 1, B read address: 1
blk_mem_gen_v8_4_2 collision detected at time: 9683050000, Instance: MNIST_Solver_TB.DUT.conv_2_obuf_gen[8].c2_obuf.ram.inst.native_mem_module.blk_mem_gen_v8_4_2_inst, A write address: 1, B read address: 1
blk_mem_gen_v8_4_2 collision detected at time: 9683050000, Instance: MNIST_Solver_TB.DUT.conv_2_obuf_gen[9].c2_obuf.ram.inst.native_mem_module.blk_mem_gen_v8_4_2_inst, A write address: 1, B read address: 1
blk_mem_gen_v8_4_2 collision detected at time: 9683050000, Instance: MNIST_Solver_TB.DUT.conv_2_obuf_gen[10].c2_obuf.ram.inst.native_mem_module.blk_mem_gen_v8_4_2_inst, A write address: 1, B read address: 1
blk_mem_gen_v8_4_2 collision detected at time: 9683050000, Instance: MNIST_Solver_TB.DUT.conv_2_obuf_gen[11].c2_obuf.ram.inst.native_mem_module.blk_mem_gen_v8_4_2_inst, A write address: 1, B read address: 1
blk_mem_gen_v8_4_2 collision detected at time: 9683050000, Instance: MNIST_Solver_TB.DUT.conv_2_obuf_gen[12].c2_obuf.ram.inst.native_mem_module.blk_mem_gen_v8_4_2_inst, A write address: 1, B read address: 1
blk_mem_gen_v8_4_2 collision detected at time: 9683050000, Instance: MNIST_Solver_TB.DUT.conv_2_obuf_gen[13].c2_obuf.ram.inst.native_mem_module.blk_mem_gen_v8_4_2_inst, A write address: 1, B read address: 1
blk_mem_gen_v8_4_2 collision detected at time: 9683050000, Instance: MNIST_Solver_TB.DUT.conv_2_obuf_gen[14].c2_obuf.ram.inst.native_mem_module.blk_mem_gen_v8_4_2_inst, A write address: 1, B read address: 1
blk_mem_gen_v8_4_2 collision detected at time: 9683050000, Instance: MNIST_Solver_TB.DUT.conv_2_obuf_gen[15].c2_obuf.ram.inst.native_mem_module.blk_mem_gen_v8_4_2_inst, A write address: 1, B read address: 1
blk_mem_gen_v8_4_2 collision detected at time: 9683050000, Instance: MNIST_Solver_TB.DUT.conv_2_obuf_gen[16].c2_obuf.ram.inst.native_mem_module.blk_mem_gen_v8_4_2_inst, A write address: 1, B read address: 1
blk_mem_gen_v8_4_2 collision detected at time: 9683050000, Instance: MNIST_Solver_TB.DUT.conv_2_obuf_gen[17].c2_obuf.ram.inst.native_mem_module.blk_mem_gen_v8_4_2_inst, A write address: 1, B read address: 1
blk_mem_gen_v8_4_2 collision detected at time: 9683050000, Instance: MNIST_Solver_TB.DUT.conv_2_obuf_gen[18].c2_obuf.ram.inst.native_mem_module.blk_mem_gen_v8_4_2_inst, A write address: 1, B read address: 1
blk_mem_gen_v8_4_2 collision detected at time: 9683050000, Instance: MNIST_Solver_TB.DUT.conv_2_obuf_gen[19].c2_obuf.ram.inst.native_mem_module.blk_mem_gen_v8_4_2_inst, A write address: 1, B read address: 1
blk_mem_gen_v8_4_2 collision detected at time: 10160450000, Instance: MNIST_Solver_TB.DUT.in_buf.ram.inst.native_mem_module.blk_mem_gen_v8_4_2_inst, A write address: 0, B read address: 0
blk_mem_gen_v8_4_2 collision detected at time: 10240250000, Instance: MNIST_Solver_TB.DUT.obuf_gen[0].c1_obuf.ram.inst.native_mem_module.blk_mem_gen_v8_4_2_inst, A write address: 0, B read address: 0
blk_mem_gen_v8_4_2 collision detected at time: 10240250000, Instance: MNIST_Solver_TB.DUT.obuf_gen[1].c1_obuf.ram.inst.native_mem_module.blk_mem_gen_v8_4_2_inst, A write address: 0, B read address: 0
blk_mem_gen_v8_4_2 collision detected at time: 10240250000, Instance: MNIST_Solver_TB.DUT.obuf_gen[2].c1_obuf.ram.inst.native_mem_module.blk_mem_gen_v8_4_2_inst, A write address: 0, B read address: 0
blk_mem_gen_v8_4_2 collision detected at time: 10240250000, Instance: MNIST_Solver_TB.DUT.obuf_gen[3].c1_obuf.ram.inst.native_mem_module.blk_mem_gen_v8_4_2_inst, A write address: 0, B read address: 0
blk_mem_gen_v8_4_2 collision detected at time: 10240250000, Instance: MNIST_Solver_TB.DUT.obuf_gen[4].c1_obuf.ram.inst.native_mem_module.blk_mem_gen_v8_4_2_inst, A write address: 0, B read address: 0
blk_mem_gen_v8_4_2 collision detected at time: 10240250000, Instance: MNIST_Solver_TB.DUT.obuf_gen[5].c1_obuf.ram.inst.native_mem_module.blk_mem_gen_v8_4_2_inst, A write address: 0, B read address: 0
blk_mem_gen_v8_4_2 collision detected at time: 11337750000, Instance: MNIST_Solver_TB.DUT.obuf_gen[0].mp_obuf.ram.inst.native_mem_module.blk_mem_gen_v8_4_2_inst, A write address: 0, B read address: 0
blk_mem_gen_v8_4_2 collision detected at time: 11337750000, Instance: MNIST_Solver_TB.DUT.obuf_gen[1].mp_obuf.ram.inst.native_mem_module.blk_mem_gen_v8_4_2_inst, A write address: 0, B read address: 0
blk_mem_gen_v8_4_2 collision detected at time: 11337750000, Instance: MNIST_Solver_TB.DUT.obuf_gen[2].mp_obuf.ram.inst.native_mem_module.blk_mem_gen_v8_4_2_inst, A write address: 0, B read address: 0
blk_mem_gen_v8_4_2 collision detected at time: 11337750000, Instance: MNIST_Solver_TB.DUT.obuf_gen[3].mp_obuf.ram.inst.native_mem_module.blk_mem_gen_v8_4_2_inst, A write address: 0, B read address: 0
blk_mem_gen_v8_4_2 collision detected at time: 11337750000, Instance: MNIST_Solver_TB.DUT.obuf_gen[4].mp_obuf.ram.inst.native_mem_module.blk_mem_gen_v8_4_2_inst, A write address: 0, B read address: 0
blk_mem_gen_v8_4_2 collision detected at time: 11337750000, Instance: MNIST_Solver_TB.DUT.obuf_gen[5].mp_obuf.ram.inst.native_mem_module.blk_mem_gen_v8_4_2_inst, A write address: 0, B read address: 0
blk_mem_gen_v8_4_2 collision detected at time: 11428550000, Instance: MNIST_Solver_TB.DUT.conv_2_obuf_gen[0].c2_obuf.ram.inst.native_mem_module.blk_mem_gen_v8_4_2_inst, A write address: 1, B read address: 1
blk_mem_gen_v8_4_2 collision detected at time: 11428550000, Instance: MNIST_Solver_TB.DUT.conv_2_obuf_gen[1].c2_obuf.ram.inst.native_mem_module.blk_mem_gen_v8_4_2_inst, A write address: 1, B read address: 1
blk_mem_gen_v8_4_2 collision detected at time: 11428550000, Instance: MNIST_Solver_TB.DUT.conv_2_obuf_gen[2].c2_obuf.ram.inst.native_mem_module.blk_mem_gen_v8_4_2_inst, A write address: 1, B read address: 1
blk_mem_gen_v8_4_2 collision detected at time: 11428550000, Instance: MNIST_Solver_TB.DUT.conv_2_obuf_gen[3].c2_obuf.ram.inst.native_mem_module.blk_mem_gen_v8_4_2_inst, A write address: 1, B read address: 1
blk_mem_gen_v8_4_2 collision detected at time: 11428550000, Instance: MNIST_Solver_TB.DUT.conv_2_obuf_gen[4].c2_obuf.ram.inst.native_mem_module.blk_mem_gen_v8_4_2_inst, A write address: 1, B read address: 1
blk_mem_gen_v8_4_2 collision detected at time: 11428550000, Instance: MNIST_Solver_TB.DUT.conv_2_obuf_gen[5].c2_obuf.ram.inst.native_mem_module.blk_mem_gen_v8_4_2_inst, A write address: 1, B read address: 1
blk_mem_gen_v8_4_2 collision detected at time: 11428550000, Instance: MNIST_Solver_TB.DUT.conv_2_obuf_gen[6].c2_obuf.ram.inst.native_mem_module.blk_mem_gen_v8_4_2_inst, A write address: 1, B read address: 1
blk_mem_gen_v8_4_2 collision detected at time: 11428550000, Instance: MNIST_Solver_TB.DUT.conv_2_obuf_gen[7].c2_obuf.ram.inst.native_mem_module.blk_mem_gen_v8_4_2_inst, A write address: 1, B read address: 1
blk_mem_gen_v8_4_2 collision detected at time: 11428550000, Instance: MNIST_Solver_TB.DUT.conv_2_obuf_gen[8].c2_obuf.ram.inst.native_mem_module.blk_mem_gen_v8_4_2_inst, A write address: 1, B read address: 1
blk_mem_gen_v8_4_2 collision detected at time: 11428550000, Instance: MNIST_Solver_TB.DUT.conv_2_obuf_gen[9].c2_obuf.ram.inst.native_mem_module.blk_mem_gen_v8_4_2_inst, A write address: 1, B read address: 1
blk_mem_gen_v8_4_2 collision detected at time: 11428550000, Instance: MNIST_Solver_TB.DUT.conv_2_obuf_gen[10].c2_obuf.ram.inst.native_mem_module.blk_mem_gen_v8_4_2_inst, A write address: 1, B read address: 1
blk_mem_gen_v8_4_2 collision detected at time: 11428550000, Instance: MNIST_Solver_TB.DUT.conv_2_obuf_gen[11].c2_obuf.ram.inst.native_mem_module.blk_mem_gen_v8_4_2_inst, A write address: 1, B read address: 1
blk_mem_gen_v8_4_2 collision detected at time: 11428550000, Instance: MNIST_Solver_TB.DUT.conv_2_obuf_gen[12].c2_obuf.ram.inst.native_mem_module.blk_mem_gen_v8_4_2_inst, A write address: 1, B read address: 1
blk_mem_gen_v8_4_2 collision detected at time: 11428550000, Instance: MNIST_Solver_TB.DUT.conv_2_obuf_gen[13].c2_obuf.ram.inst.native_mem_module.blk_mem_gen_v8_4_2_inst, A write address: 1, B read address: 1
blk_mem_gen_v8_4_2 collision detected at time: 11428550000, Instance: MNIST_Solver_TB.DUT.conv_2_obuf_gen[14].c2_obuf.ram.inst.native_mem_module.blk_mem_gen_v8_4_2_inst, A write address: 1, B read address: 1
blk_mem_gen_v8_4_2 collision detected at time: 11428550000, Instance: MNIST_Solver_TB.DUT.conv_2_obuf_gen[15].c2_obuf.ram.inst.native_mem_module.blk_mem_gen_v8_4_2_inst, A write address: 1, B read address: 1
blk_mem_gen_v8_4_2 collision detected at time: 11428550000, Instance: MNIST_Solver_TB.DUT.conv_2_obuf_gen[16].c2_obuf.ram.inst.native_mem_module.blk_mem_gen_v8_4_2_inst, A write address: 1, B read address: 1
blk_mem_gen_v8_4_2 collision detected at time: 11428550000, Instance: MNIST_Solver_TB.DUT.conv_2_obuf_gen[17].c2_obuf.ram.inst.native_mem_module.blk_mem_gen_v8_4_2_inst, A write address: 1, B read address: 1
blk_mem_gen_v8_4_2 collision detected at time: 11428550000, Instance: MNIST_Solver_TB.DUT.conv_2_obuf_gen[18].c2_obuf.ram.inst.native_mem_module.blk_mem_gen_v8_4_2_inst, A write address: 1, B read address: 1
blk_mem_gen_v8_4_2 collision detected at time: 11428550000, Instance: MNIST_Solver_TB.DUT.conv_2_obuf_gen[19].c2_obuf.ram.inst.native_mem_module.blk_mem_gen_v8_4_2_inst, A write address: 1, B read address: 1
blk_mem_gen_v8_4_2 collision detected at time: 11907350000, Instance: MNIST_Solver_TB.DUT.obuf_gen[0].c1_obuf.ram.inst.native_mem_module.blk_mem_gen_v8_4_2_inst, A write address: 0, B read address: 0
blk_mem_gen_v8_4_2 collision detected at time: 11907350000, Instance: MNIST_Solver_TB.DUT.obuf_gen[1].c1_obuf.ram.inst.native_mem_module.blk_mem_gen_v8_4_2_inst, A write address: 0, B read address: 0
blk_mem_gen_v8_4_2 collision detected at time: 11907350000, Instance: MNIST_Solver_TB.DUT.obuf_gen[2].c1_obuf.ram.inst.native_mem_module.blk_mem_gen_v8_4_2_inst, A write address: 0, B read address: 0
blk_mem_gen_v8_4_2 collision detected at time: 11907350000, Instance: MNIST_Solver_TB.DUT.obuf_gen[3].c1_obuf.ram.inst.native_mem_module.blk_mem_gen_v8_4_2_inst, A write address: 0, B read address: 0
blk_mem_gen_v8_4_2 collision detected at time: 11907350000, Instance: MNIST_Solver_TB.DUT.obuf_gen[4].c1_obuf.ram.inst.native_mem_module.blk_mem_gen_v8_4_2_inst, A write address: 0, B read address: 0
blk_mem_gen_v8_4_2 collision detected at time: 11907350000, Instance: MNIST_Solver_TB.DUT.obuf_gen[5].c1_obuf.ram.inst.native_mem_module.blk_mem_gen_v8_4_2_inst, A write address: 0, B read address: 0
blk_mem_gen_v8_4_2 collision detected at time: 13004850000, Instance: MNIST_Solver_TB.DUT.obuf_gen[0].mp_obuf.ram.inst.native_mem_module.blk_mem_gen_v8_4_2_inst, A write address: 0, B read address: 0
blk_mem_gen_v8_4_2 collision detected at time: 13004850000, Instance: MNIST_Solver_TB.DUT.obuf_gen[1].mp_obuf.ram.inst.native_mem_module.blk_mem_gen_v8_4_2_inst, A write address: 0, B read address: 0
blk_mem_gen_v8_4_2 collision detected at time: 13004850000, Instance: MNIST_Solver_TB.DUT.obuf_gen[2].mp_obuf.ram.inst.native_mem_module.blk_mem_gen_v8_4_2_inst, A write address: 0, B read address: 0
blk_mem_gen_v8_4_2 collision detected at time: 13004850000, Instance: MNIST_Solver_TB.DUT.obuf_gen[3].mp_obuf.ram.inst.native_mem_module.blk_mem_gen_v8_4_2_inst, A write address: 0, B read address: 0
blk_mem_gen_v8_4_2 collision detected at time: 13004850000, Instance: MNIST_Solver_TB.DUT.obuf_gen[4].mp_obuf.ram.inst.native_mem_module.blk_mem_gen_v8_4_2_inst, A write address: 0, B read address: 0
blk_mem_gen_v8_4_2 collision detected at time: 13004850000, Instance: MNIST_Solver_TB.DUT.obuf_gen[5].mp_obuf.ram.inst.native_mem_module.blk_mem_gen_v8_4_2_inst, A write address: 0, B read address: 0
blk_mem_gen_v8_4_2 collision detected at time: 13095650000, Instance: MNIST_Solver_TB.DUT.conv_2_obuf_gen[0].c2_obuf.ram.inst.native_mem_module.blk_mem_gen_v8_4_2_inst, A write address: 1, B read address: 1
blk_mem_gen_v8_4_2 collision detected at time: 13095650000, Instance: MNIST_Solver_TB.DUT.conv_2_obuf_gen[1].c2_obuf.ram.inst.native_mem_module.blk_mem_gen_v8_4_2_inst, A write address: 1, B read address: 1
blk_mem_gen_v8_4_2 collision detected at time: 13095650000, Instance: MNIST_Solver_TB.DUT.conv_2_obuf_gen[2].c2_obuf.ram.inst.native_mem_module.blk_mem_gen_v8_4_2_inst, A write address: 1, B read address: 1
blk_mem_gen_v8_4_2 collision detected at time: 13095650000, Instance: MNIST_Solver_TB.DUT.conv_2_obuf_gen[3].c2_obuf.ram.inst.native_mem_module.blk_mem_gen_v8_4_2_inst, A write address: 1, B read address: 1
blk_mem_gen_v8_4_2 collision detected at time: 13095650000, Instance: MNIST_Solver_TB.DUT.conv_2_obuf_gen[4].c2_obuf.ram.inst.native_mem_module.blk_mem_gen_v8_4_2_inst, A write address: 1, B read address: 1
blk_mem_gen_v8_4_2 collision detected at time: 13095650000, Instance: MNIST_Solver_TB.DUT.conv_2_obuf_gen[5].c2_obuf.ram.inst.native_mem_module.blk_mem_gen_v8_4_2_inst, A write address: 1, B read address: 1
blk_mem_gen_v8_4_2 collision detected at time: 13095650000, Instance: MNIST_Solver_TB.DUT.conv_2_obuf_gen[6].c2_obuf.ram.inst.native_mem_module.blk_mem_gen_v8_4_2_inst, A write address: 1, B read address: 1
blk_mem_gen_v8_4_2 collision detected at time: 13095650000, Instance: MNIST_Solver_TB.DUT.conv_2_obuf_gen[7].c2_obuf.ram.inst.native_mem_module.blk_mem_gen_v8_4_2_inst, A write address: 1, B read address: 1
blk_mem_gen_v8_4_2 collision detected at time: 13095650000, Instance: MNIST_Solver_TB.DUT.conv_2_obuf_gen[8].c2_obuf.ram.inst.native_mem_module.blk_mem_gen_v8_4_2_inst, A write address: 1, B read address: 1
blk_mem_gen_v8_4_2 collision detected at time: 13095650000, Instance: MNIST_Solver_TB.DUT.conv_2_obuf_gen[9].c2_obuf.ram.inst.native_mem_module.blk_mem_gen_v8_4_2_inst, A write address: 1, B read address: 1
blk_mem_gen_v8_4_2 collision detected at time: 13095650000, Instance: MNIST_Solver_TB.DUT.conv_2_obuf_gen[10].c2_obuf.ram.inst.native_mem_module.blk_mem_gen_v8_4_2_inst, A write address: 1, B read address: 1
blk_mem_gen_v8_4_2 collision detected at time: 13095650000, Instance: MNIST_Solver_TB.DUT.conv_2_obuf_gen[11].c2_obuf.ram.inst.native_mem_module.blk_mem_gen_v8_4_2_inst, A write address: 1, B read address: 1
blk_mem_gen_v8_4_2 collision detected at time: 13095650000, Instance: MNIST_Solver_TB.DUT.conv_2_obuf_gen[12].c2_obuf.ram.inst.native_mem_module.blk_mem_gen_v8_4_2_inst, A write address: 1, B read address: 1
blk_mem_gen_v8_4_2 collision detected at time: 13095650000, Instance: MNIST_Solver_TB.DUT.conv_2_obuf_gen[13].c2_obuf.ram.inst.native_mem_module.blk_mem_gen_v8_4_2_inst, A write address: 1, B read address: 1
blk_mem_gen_v8_4_2 collision detected at time: 13095650000, Instance: MNIST_Solver_TB.DUT.conv_2_obuf_gen[14].c2_obuf.ram.inst.native_mem_module.blk_mem_gen_v8_4_2_inst, A write address: 1, B read address: 1
blk_mem_gen_v8_4_2 collision detected at time: 13095650000, Instance: MNIST_Solver_TB.DUT.conv_2_obuf_gen[15].c2_obuf.ram.inst.native_mem_module.blk_mem_gen_v8_4_2_inst, A write address: 1, B read address: 1
blk_mem_gen_v8_4_2 collision detected at time: 13095650000, Instance: MNIST_Solver_TB.DUT.conv_2_obuf_gen[16].c2_obuf.ram.inst.native_mem_module.blk_mem_gen_v8_4_2_inst, A write address: 1, B read address: 1
blk_mem_gen_v8_4_2 collision detected at time: 13095650000, Instance: MNIST_Solver_TB.DUT.conv_2_obuf_gen[17].c2_obuf.ram.inst.native_mem_module.blk_mem_gen_v8_4_2_inst, A write address: 1, B read address: 1
blk_mem_gen_v8_4_2 collision detected at time: 13095650000, Instance: MNIST_Solver_TB.DUT.conv_2_obuf_gen[18].c2_obuf.ram.inst.native_mem_module.blk_mem_gen_v8_4_2_inst, A write address: 1, B read address: 1
blk_mem_gen_v8_4_2 collision detected at time: 13095650000, Instance: MNIST_Solver_TB.DUT.conv_2_obuf_gen[19].c2_obuf.ram.inst.native_mem_module.blk_mem_gen_v8_4_2_inst, A write address: 1, B read address: 1
blk_mem_gen_v8_4_2 collision detected at time: 13574450000, Instance: MNIST_Solver_TB.DUT.obuf_gen[0].c1_obuf.ram.inst.native_mem_module.blk_mem_gen_v8_4_2_inst, A write address: 0, B read address: 0
blk_mem_gen_v8_4_2 collision detected at time: 13574450000, Instance: MNIST_Solver_TB.DUT.obuf_gen[1].c1_obuf.ram.inst.native_mem_module.blk_mem_gen_v8_4_2_inst, A write address: 0, B read address: 0
blk_mem_gen_v8_4_2 collision detected at time: 13574450000, Instance: MNIST_Solver_TB.DUT.obuf_gen[2].c1_obuf.ram.inst.native_mem_module.blk_mem_gen_v8_4_2_inst, A write address: 0, B read address: 0
blk_mem_gen_v8_4_2 collision detected at time: 13574450000, Instance: MNIST_Solver_TB.DUT.obuf_gen[3].c1_obuf.ram.inst.native_mem_module.blk_mem_gen_v8_4_2_inst, A write address: 0, B read address: 0
blk_mem_gen_v8_4_2 collision detected at time: 13574450000, Instance: MNIST_Solver_TB.DUT.obuf_gen[4].c1_obuf.ram.inst.native_mem_module.blk_mem_gen_v8_4_2_inst, A write address: 0, B read address: 0
blk_mem_gen_v8_4_2 collision detected at time: 13574450000, Instance: MNIST_Solver_TB.DUT.obuf_gen[5].c1_obuf.ram.inst.native_mem_module.blk_mem_gen_v8_4_2_inst, A write address: 0, B read address: 0
blk_mem_gen_v8_4_2 collision detected at time: 14671950000, Instance: MNIST_Solver_TB.DUT.obuf_gen[0].mp_obuf.ram.inst.native_mem_module.blk_mem_gen_v8_4_2_inst, A write address: 0, B read address: 0
blk_mem_gen_v8_4_2 collision detected at time: 14671950000, Instance: MNIST_Solver_TB.DUT.obuf_gen[1].mp_obuf.ram.inst.native_mem_module.blk_mem_gen_v8_4_2_inst, A write address: 0, B read address: 0
blk_mem_gen_v8_4_2 collision detected at time: 14671950000, Instance: MNIST_Solver_TB.DUT.obuf_gen[2].mp_obuf.ram.inst.native_mem_module.blk_mem_gen_v8_4_2_inst, A write address: 0, B read address: 0
blk_mem_gen_v8_4_2 collision detected at time: 14671950000, Instance: MNIST_Solver_TB.DUT.obuf_gen[3].mp_obuf.ram.inst.native_mem_module.blk_mem_gen_v8_4_2_inst, A write address: 0, B read address: 0
blk_mem_gen_v8_4_2 collision detected at time: 14671950000, Instance: MNIST_Solver_TB.DUT.obuf_gen[4].mp_obuf.ram.inst.native_mem_module.blk_mem_gen_v8_4_2_inst, A write address: 0, B read address: 0
blk_mem_gen_v8_4_2 collision detected at time: 14671950000, Instance: MNIST_Solver_TB.DUT.obuf_gen[5].mp_obuf.ram.inst.native_mem_module.blk_mem_gen_v8_4_2_inst, A write address: 0, B read address: 0
blk_mem_gen_v8_4_2 collision detected at time: 14762750000, Instance: MNIST_Solver_TB.DUT.conv_2_obuf_gen[0].c2_obuf.ram.inst.native_mem_module.blk_mem_gen_v8_4_2_inst, A write address: 1, B read address: 1
blk_mem_gen_v8_4_2 collision detected at time: 14762750000, Instance: MNIST_Solver_TB.DUT.conv_2_obuf_gen[1].c2_obuf.ram.inst.native_mem_module.blk_mem_gen_v8_4_2_inst, A write address: 1, B read address: 1
blk_mem_gen_v8_4_2 collision detected at time: 14762750000, Instance: MNIST_Solver_TB.DUT.conv_2_obuf_gen[2].c2_obuf.ram.inst.native_mem_module.blk_mem_gen_v8_4_2_inst, A write address: 1, B read address: 1
blk_mem_gen_v8_4_2 collision detected at time: 14762750000, Instance: MNIST_Solver_TB.DUT.conv_2_obuf_gen[3].c2_obuf.ram.inst.native_mem_module.blk_mem_gen_v8_4_2_inst, A write address: 1, B read address: 1
blk_mem_gen_v8_4_2 collision detected at time: 14762750000, Instance: MNIST_Solver_TB.DUT.conv_2_obuf_gen[4].c2_obuf.ram.inst.native_mem_module.blk_mem_gen_v8_4_2_inst, A write address: 1, B read address: 1
blk_mem_gen_v8_4_2 collision detected at time: 14762750000, Instance: MNIST_Solver_TB.DUT.conv_2_obuf_gen[5].c2_obuf.ram.inst.native_mem_module.blk_mem_gen_v8_4_2_inst, A write address: 1, B read address: 1
blk_mem_gen_v8_4_2 collision detected at time: 14762750000, Instance: MNIST_Solver_TB.DUT.conv_2_obuf_gen[6].c2_obuf.ram.inst.native_mem_module.blk_mem_gen_v8_4_2_inst, A write address: 1, B read address: 1
blk_mem_gen_v8_4_2 collision detected at time: 14762750000, Instance: MNIST_Solver_TB.DUT.conv_2_obuf_gen[7].c2_obuf.ram.inst.native_mem_module.blk_mem_gen_v8_4_2_inst, A write address: 1, B read address: 1
blk_mem_gen_v8_4_2 collision detected at time: 14762750000, Instance: MNIST_Solver_TB.DUT.conv_2_obuf_gen[8].c2_obuf.ram.inst.native_mem_module.blk_mem_gen_v8_4_2_inst, A write address: 1, B read address: 1
blk_mem_gen_v8_4_2 collision detected at time: 14762750000, Instance: MNIST_Solver_TB.DUT.conv_2_obuf_gen[9].c2_obuf.ram.inst.native_mem_module.blk_mem_gen_v8_4_2_inst, A write address: 1, B read address: 1
blk_mem_gen_v8_4_2 collision detected at time: 14762750000, Instance: MNIST_Solver_TB.DUT.conv_2_obuf_gen[10].c2_obuf.ram.inst.native_mem_module.blk_mem_gen_v8_4_2_inst, A write address: 1, B read address: 1
blk_mem_gen_v8_4_2 collision detected at time: 14762750000, Instance: MNIST_Solver_TB.DUT.conv_2_obuf_gen[11].c2_obuf.ram.inst.native_mem_module.blk_mem_gen_v8_4_2_inst, A write address: 1, B read address: 1
blk_mem_gen_v8_4_2 collision detected at time: 14762750000, Instance: MNIST_Solver_TB.DUT.conv_2_obuf_gen[12].c2_obuf.ram.inst.native_mem_module.blk_mem_gen_v8_4_2_inst, A write address: 1, B read address: 1
blk_mem_gen_v8_4_2 collision detected at time: 14762750000, Instance: MNIST_Solver_TB.DUT.conv_2_obuf_gen[13].c2_obuf.ram.inst.native_mem_module.blk_mem_gen_v8_4_2_inst, A write address: 1, B read address: 1
blk_mem_gen_v8_4_2 collision detected at time: 14762750000, Instance: MNIST_Solver_TB.DUT.conv_2_obuf_gen[14].c2_obuf.ram.inst.native_mem_module.blk_mem_gen_v8_4_2_inst, A write address: 1, B read address: 1
blk_mem_gen_v8_4_2 collision detected at time: 14762750000, Instance: MNIST_Solver_TB.DUT.conv_2_obuf_gen[15].c2_obuf.ram.inst.native_mem_module.blk_mem_gen_v8_4_2_inst, A write address: 1, B read address: 1
blk_mem_gen_v8_4_2 collision detected at time: 14762750000, Instance: MNIST_Solver_TB.DUT.conv_2_obuf_gen[16].c2_obuf.ram.inst.native_mem_module.blk_mem_gen_v8_4_2_inst, A write address: 1, B read address: 1
blk_mem_gen_v8_4_2 collision detected at time: 14762750000, Instance: MNIST_Solver_TB.DUT.conv_2_obuf_gen[17].c2_obuf.ram.inst.native_mem_module.blk_mem_gen_v8_4_2_inst, A write address: 1, B read address: 1
blk_mem_gen_v8_4_2 collision detected at time: 14762750000, Instance: MNIST_Solver_TB.DUT.conv_2_obuf_gen[18].c2_obuf.ram.inst.native_mem_module.blk_mem_gen_v8_4_2_inst, A write address: 1, B read address: 1
blk_mem_gen_v8_4_2 collision detected at time: 14762750000, Instance: MNIST_Solver_TB.DUT.conv_2_obuf_gen[19].c2_obuf.ram.inst.native_mem_module.blk_mem_gen_v8_4_2_inst, A write address: 1, B read address: 1
PASS! All outputs within 000000000100000000 tolerance to expected.
$finish called at time : 15240100 ns : File "/home/andrew/infernet/accelerator/MNIST_Solver/MNIST_Solver.srcs/sim_1/new/MNIST_Solver_TB.sv" Line 136
