Copyright 1986-2019 Xilinx, Inc. All Rights Reserved.
------------------------------------------------------------------------------------------------------------------------------
| Tool Version : Vivado v.2018.3.1 (lin64) Build 2489853 Tue Mar 26 04:18:30 MDT 2019
| Date         : Mon Mar 15 16:06:13 2021
| Host         : andrew-debian running 64-bit Debian GNU/Linux 10 (buster)
| Command      : report_drc -file MNIST_Solver_drc_routed.rpt -pb MNIST_Solver_drc_routed.pb -rpx MNIST_Solver_drc_routed.rpx
| Design       : MNIST_Solver
| Device       : xc7a100tcsg324-1
| Speed File   : -1
| Design State : Fully Routed
------------------------------------------------------------------------------------------------------------------------------

Report DRC

Table of Contents
-----------------
1. REPORT SUMMARY
2. REPORT DETAILS

1. REPORT SUMMARY
-----------------
            Netlist: netlist
          Floorplan: design_1
      Design limits: <entire design considered>
           Ruledeck: default
             Max violations: <unlimited>
             Violations found: 67
+----------+------------------+-------------------------------------------------------------------+------------+
| Rule     | Severity         | Description                                                       | Violations |
+----------+------------------+-------------------------------------------------------------------+------------+
| NSTD-1   | Critical Warning | Unspecified I/O Standard                                          | 1          |
| UCIO-1   | Critical Warning | Unconstrained Logical Port                                        | 1          |
| CFGBVS-1 | Warning          | Missing CFGBVS and CONFIG_VOLTAGE Design Properties               | 1          |
| DPOP-1   | Warning          | PREG Output pipelining                                            | 5          |
| AVAL-4   | Advisory         | enum_USE_DPORT_FALSE_enum_DREG_ADREG_0_connects_CED_CEAD_RSTD_GND | 54         |
| REQP-31  | Advisory         | enum_PREG_0_connects_CEP_GND                                      | 5          |
+----------+------------------+-------------------------------------------------------------------+------------+

2. REPORT DETAILS
-----------------
NSTD-1#1 Critical Warning
Unspecified I/O Standard  
151 out of 151 logical ports use I/O standard (IOSTANDARD) value 'DEFAULT', instead of a user assigned specific value. This may cause I/O contention or incompatibility with the board power or connectivity affecting performance, signal integrity or in extreme cases cause damage to the device or the components to which it is connected. To correct this violation, specify all I/O standards. This design will fail to generate a bitstream unless all logical ports have a user specified I/O standard value defined. To allow bitstream creation with unspecified I/O standard values (not recommended), use this command: set_property SEVERITY {Warning} [get_drc_checks NSTD-1].  NOTE: When using the Vivado Runs infrastructure (e.g. launch_runs Tcl command), add this command to a .tcl file and add that file as a pre-hook for write_bitstream step for the implementation run. Problem ports: clock, done, start, r_data[2][17:0], r_data[5][17:0], r_data[4][17:0], r_data[1][17:0], r_data[3][17:0], r_row[4:0], r_col[4:0], r_data[0][17:0], reset_n, w_row[4:0], w_col[4:0], w_data[17:0] (the first 15 of 16 listed).
Related violations: <none>

UCIO-1#1 Critical Warning
Unconstrained Logical Port  
151 out of 151 logical ports have no user assigned specific location constraint (LOC). This may cause I/O contention or incompatibility with the board power or connectivity affecting performance, signal integrity or in extreme cases cause damage to the device or the components to which it is connected. To correct this violation, specify all pin locations. This design will fail to generate a bitstream unless all logical ports have a user specified site LOC constraint defined.  To allow bitstream creation with unspecified pin locations (not recommended), use this command: set_property SEVERITY {Warning} [get_drc_checks UCIO-1].  NOTE: When using the Vivado Runs infrastructure (e.g. launch_runs Tcl command), add this command to a .tcl file and add that file as a pre-hook for write_bitstream step for the implementation run.  Problem ports: clock, done, start, r_data[2][17:0], r_data[5][17:0], r_data[4][17:0], r_data[1][17:0], r_data[3][17:0], r_row[4:0], r_col[4:0], r_data[0][17:0], reset_n, w_row[4:0], w_col[4:0], w_data[17:0] (the first 15 of 16 listed).
Related violations: <none>

CFGBVS-1#1 Warning
Missing CFGBVS and CONFIG_VOLTAGE Design Properties  
Neither the CFGBVS nor CONFIG_VOLTAGE voltage property is set in the current_design.  Configuration bank voltage select (CFGBVS) must be set to VCCO or GND, and CONFIG_VOLTAGE must be set to the correct configuration voltage, in order to determine the I/O voltage support for the pins in bank 0.  It is suggested to specify these either using the 'Edit Device Properties' function in the GUI or directly in the XDC file using the following syntax:

 set_property CFGBVS value1 [current_design]
 #where value1 is either VCCO or GND

 set_property CONFIG_VOLTAGE value2 [current_design]
 #where value2 is the voltage provided to configuration bank 0

Refer to the device configuration user guide for more information.
Related violations: <none>

DPOP-1#1 Warning
PREG Output pipelining  
DSP DUT/conv_channels_gen[1].kernel/M2_2/U0/i_synth/device_supports_dsp.use_multadd_dsp/dsp48_multadd.multadd_usecase_inst/i_synth_option.i_synth_model/opt_vx7.i_uniwrap/i_primitive output DUT/conv_channels_gen[1].kernel/M2_2/U0/i_synth/device_supports_dsp.use_multadd_dsp/dsp48_multadd.multadd_usecase_inst/i_synth_option.i_synth_model/opt_vx7.i_uniwrap/i_primitive/P[47:0] is not pipelined (PREG=0). Pipelining the DSP48 output will improve performance and often saves power so it is suggested whenever possible to fully pipeline this function.  If this DSP48 function was inferred, it is suggested to describe an additional register stage after this function.  If the DSP48 was instantiated in the design, it is suggested to set the PREG attribute to 1.
Related violations: <none>

DPOP-1#2 Warning
PREG Output pipelining  
DSP DUT/conv_channels_gen[2].kernel/M2_2/U0/i_synth/device_supports_dsp.use_multadd_dsp/dsp48_multadd.multadd_usecase_inst/i_synth_option.i_synth_model/opt_vx7.i_uniwrap/i_primitive output DUT/conv_channels_gen[2].kernel/M2_2/U0/i_synth/device_supports_dsp.use_multadd_dsp/dsp48_multadd.multadd_usecase_inst/i_synth_option.i_synth_model/opt_vx7.i_uniwrap/i_primitive/P[47:0] is not pipelined (PREG=0). Pipelining the DSP48 output will improve performance and often saves power so it is suggested whenever possible to fully pipeline this function.  If this DSP48 function was inferred, it is suggested to describe an additional register stage after this function.  If the DSP48 was instantiated in the design, it is suggested to set the PREG attribute to 1.
Related violations: <none>

DPOP-1#3 Warning
PREG Output pipelining  
DSP DUT/conv_channels_gen[3].kernel/M2_2/U0/i_synth/device_supports_dsp.use_multadd_dsp/dsp48_multadd.multadd_usecase_inst/i_synth_option.i_synth_model/opt_vx7.i_uniwrap/i_primitive output DUT/conv_channels_gen[3].kernel/M2_2/U0/i_synth/device_supports_dsp.use_multadd_dsp/dsp48_multadd.multadd_usecase_inst/i_synth_option.i_synth_model/opt_vx7.i_uniwrap/i_primitive/P[47:0] is not pipelined (PREG=0). Pipelining the DSP48 output will improve performance and often saves power so it is suggested whenever possible to fully pipeline this function.  If this DSP48 function was inferred, it is suggested to describe an additional register stage after this function.  If the DSP48 was instantiated in the design, it is suggested to set the PREG attribute to 1.
Related violations: <none>

DPOP-1#4 Warning
PREG Output pipelining  
DSP DUT/conv_channels_gen[4].kernel/M2_2/U0/i_synth/device_supports_dsp.use_multadd_dsp/dsp48_multadd.multadd_usecase_inst/i_synth_option.i_synth_model/opt_vx7.i_uniwrap/i_primitive output DUT/conv_channels_gen[4].kernel/M2_2/U0/i_synth/device_supports_dsp.use_multadd_dsp/dsp48_multadd.multadd_usecase_inst/i_synth_option.i_synth_model/opt_vx7.i_uniwrap/i_primitive/P[47:0] is not pipelined (PREG=0). Pipelining the DSP48 output will improve performance and often saves power so it is suggested whenever possible to fully pipeline this function.  If this DSP48 function was inferred, it is suggested to describe an additional register stage after this function.  If the DSP48 was instantiated in the design, it is suggested to set the PREG attribute to 1.
Related violations: <none>

DPOP-1#5 Warning
PREG Output pipelining  
DSP DUT/conv_channels_gen[5].kernel/M2_2/U0/i_synth/device_supports_dsp.use_multadd_dsp/dsp48_multadd.multadd_usecase_inst/i_synth_option.i_synth_model/opt_vx7.i_uniwrap/i_primitive output DUT/conv_channels_gen[5].kernel/M2_2/U0/i_synth/device_supports_dsp.use_multadd_dsp/dsp48_multadd.multadd_usecase_inst/i_synth_option.i_synth_model/opt_vx7.i_uniwrap/i_primitive/P[47:0] is not pipelined (PREG=0). Pipelining the DSP48 output will improve performance and often saves power so it is suggested whenever possible to fully pipeline this function.  If this DSP48 function was inferred, it is suggested to describe an additional register stage after this function.  If the DSP48 was instantiated in the design, it is suggested to set the PREG attribute to 1.
Related violations: <none>

AVAL-4#1 Advisory
enum_USE_DPORT_FALSE_enum_DREG_ADREG_0_connects_CED_CEAD_RSTD_GND  
DUT/conv_channels_gen[0].kernel/M0_0/U0/i_synth/device_supports_dsp.use_multadd_dsp/dsp48_multadd.multadd_usecase_inst/i_synth_option.i_synth_model/opt_vx7.i_uniwrap/i_primitive: DSP48E1 is not using the D port (USE_DPORT = FALSE). For improved power characteristics, set DREG and ADREG to '1', tie CED, CEAD, and RSTD to logic '0'.
Related violations: <none>

AVAL-4#2 Advisory
enum_USE_DPORT_FALSE_enum_DREG_ADREG_0_connects_CED_CEAD_RSTD_GND  
DUT/conv_channels_gen[0].kernel/M0_1/U0/i_synth/device_supports_dsp.use_multadd_dsp/dsp48_multadd.multadd_usecase_inst/i_synth_option.i_synth_model/opt_vx7.i_uniwrap/i_primitive: DSP48E1 is not using the D port (USE_DPORT = FALSE). For improved power characteristics, set DREG and ADREG to '1', tie CED, CEAD, and RSTD to logic '0'.
Related violations: <none>

AVAL-4#3 Advisory
enum_USE_DPORT_FALSE_enum_DREG_ADREG_0_connects_CED_CEAD_RSTD_GND  
DUT/conv_channels_gen[0].kernel/M0_2/U0/i_synth/device_supports_dsp.use_multadd_dsp/dsp48_multadd.multadd_usecase_inst/i_synth_option.i_synth_model/opt_vx7.i_uniwrap/i_primitive: DSP48E1 is not using the D port (USE_DPORT = FALSE). For improved power characteristics, set DREG and ADREG to '1', tie CED, CEAD, and RSTD to logic '0'.
Related violations: <none>

AVAL-4#4 Advisory
enum_USE_DPORT_FALSE_enum_DREG_ADREG_0_connects_CED_CEAD_RSTD_GND  
DUT/conv_channels_gen[0].kernel/M1_0/U0/i_synth/device_supports_dsp.use_multadd_dsp/dsp48_multadd.multadd_usecase_inst/i_synth_option.i_synth_model/opt_vx7.i_uniwrap/i_primitive: DSP48E1 is not using the D port (USE_DPORT = FALSE). For improved power characteristics, set DREG and ADREG to '1', tie CED, CEAD, and RSTD to logic '0'.
Related violations: <none>

AVAL-4#5 Advisory
enum_USE_DPORT_FALSE_enum_DREG_ADREG_0_connects_CED_CEAD_RSTD_GND  
DUT/conv_channels_gen[0].kernel/M1_1/U0/i_synth/device_supports_dsp.use_multadd_dsp/dsp48_multadd.multadd_usecase_inst/i_synth_option.i_synth_model/opt_vx7.i_uniwrap/i_primitive: DSP48E1 is not using the D port (USE_DPORT = FALSE). For improved power characteristics, set DREG and ADREG to '1', tie CED, CEAD, and RSTD to logic '0'.
Related violations: <none>

AVAL-4#6 Advisory
enum_USE_DPORT_FALSE_enum_DREG_ADREG_0_connects_CED_CEAD_RSTD_GND  
DUT/conv_channels_gen[0].kernel/M1_2/U0/i_synth/device_supports_dsp.use_multadd_dsp/dsp48_multadd.multadd_usecase_inst/i_synth_option.i_synth_model/opt_vx7.i_uniwrap/i_primitive: DSP48E1 is not using the D port (USE_DPORT = FALSE). For improved power characteristics, set DREG and ADREG to '1', tie CED, CEAD, and RSTD to logic '0'.
Related violations: <none>

AVAL-4#7 Advisory
enum_USE_DPORT_FALSE_enum_DREG_ADREG_0_connects_CED_CEAD_RSTD_GND  
DUT/conv_channels_gen[0].kernel/M2_0/U0/i_synth/device_supports_dsp.use_multadd_dsp/dsp48_multadd.multadd_usecase_inst/i_synth_option.i_synth_model/opt_vx7.i_uniwrap/i_primitive: DSP48E1 is not using the D port (USE_DPORT = FALSE). For improved power characteristics, set DREG and ADREG to '1', tie CED, CEAD, and RSTD to logic '0'.
Related violations: <none>

AVAL-4#8 Advisory
enum_USE_DPORT_FALSE_enum_DREG_ADREG_0_connects_CED_CEAD_RSTD_GND  
DUT/conv_channels_gen[0].kernel/M2_1/U0/i_synth/device_supports_dsp.use_multadd_dsp/dsp48_multadd.multadd_usecase_inst/i_synth_option.i_synth_model/opt_vx7.i_uniwrap/i_primitive: DSP48E1 is not using the D port (USE_DPORT = FALSE). For improved power characteristics, set DREG and ADREG to '1', tie CED, CEAD, and RSTD to logic '0'.
Related violations: <none>

AVAL-4#9 Advisory
enum_USE_DPORT_FALSE_enum_DREG_ADREG_0_connects_CED_CEAD_RSTD_GND  
DUT/conv_channels_gen[0].kernel/M2_2/U0/i_synth/device_supports_dsp.use_multadd_dsp/dsp48_multadd.multadd_usecase_inst/i_synth_option.i_synth_model/opt_vx7.i_uniwrap/i_primitive: DSP48E1 is not using the D port (USE_DPORT = FALSE). For improved power characteristics, set DREG and ADREG to '1', tie CED, CEAD, and RSTD to logic '0'.
Related violations: <none>

AVAL-4#10 Advisory
enum_USE_DPORT_FALSE_enum_DREG_ADREG_0_connects_CED_CEAD_RSTD_GND  
DUT/conv_channels_gen[1].kernel/M0_0/U0/i_synth/device_supports_dsp.use_multadd_dsp/dsp48_multadd.multadd_usecase_inst/i_synth_option.i_synth_model/opt_vx7.i_uniwrap/i_primitive: DSP48E1 is not using the D port (USE_DPORT = FALSE). For improved power characteristics, set DREG and ADREG to '1', tie CED, CEAD, and RSTD to logic '0'.
Related violations: <none>

AVAL-4#11 Advisory
enum_USE_DPORT_FALSE_enum_DREG_ADREG_0_connects_CED_CEAD_RSTD_GND  
DUT/conv_channels_gen[1].kernel/M0_1/U0/i_synth/device_supports_dsp.use_multadd_dsp/dsp48_multadd.multadd_usecase_inst/i_synth_option.i_synth_model/opt_vx7.i_uniwrap/i_primitive: DSP48E1 is not using the D port (USE_DPORT = FALSE). For improved power characteristics, set DREG and ADREG to '1', tie CED, CEAD, and RSTD to logic '0'.
Related violations: <none>

AVAL-4#12 Advisory
enum_USE_DPORT_FALSE_enum_DREG_ADREG_0_connects_CED_CEAD_RSTD_GND  
DUT/conv_channels_gen[1].kernel/M0_2/U0/i_synth/device_supports_dsp.use_multadd_dsp/dsp48_multadd.multadd_usecase_inst/i_synth_option.i_synth_model/opt_vx7.i_uniwrap/i_primitive: DSP48E1 is not using the D port (USE_DPORT = FALSE). For improved power characteristics, set DREG and ADREG to '1', tie CED, CEAD, and RSTD to logic '0'.
Related violations: <none>

AVAL-4#13 Advisory
enum_USE_DPORT_FALSE_enum_DREG_ADREG_0_connects_CED_CEAD_RSTD_GND  
DUT/conv_channels_gen[1].kernel/M1_0/U0/i_synth/device_supports_dsp.use_multadd_dsp/dsp48_multadd.multadd_usecase_inst/i_synth_option.i_synth_model/opt_vx7.i_uniwrap/i_primitive: DSP48E1 is not using the D port (USE_DPORT = FALSE). For improved power characteristics, set DREG and ADREG to '1', tie CED, CEAD, and RSTD to logic '0'.
Related violations: <none>

AVAL-4#14 Advisory
enum_USE_DPORT_FALSE_enum_DREG_ADREG_0_connects_CED_CEAD_RSTD_GND  
DUT/conv_channels_gen[1].kernel/M1_1/U0/i_synth/device_supports_dsp.use_multadd_dsp/dsp48_multadd.multadd_usecase_inst/i_synth_option.i_synth_model/opt_vx7.i_uniwrap/i_primitive: DSP48E1 is not using the D port (USE_DPORT = FALSE). For improved power characteristics, set DREG and ADREG to '1', tie CED, CEAD, and RSTD to logic '0'.
Related violations: <none>

AVAL-4#15 Advisory
enum_USE_DPORT_FALSE_enum_DREG_ADREG_0_connects_CED_CEAD_RSTD_GND  
DUT/conv_channels_gen[1].kernel/M1_2/U0/i_synth/device_supports_dsp.use_multadd_dsp/dsp48_multadd.multadd_usecase_inst/i_synth_option.i_synth_model/opt_vx7.i_uniwrap/i_primitive: DSP48E1 is not using the D port (USE_DPORT = FALSE). For improved power characteristics, set DREG and ADREG to '1', tie CED, CEAD, and RSTD to logic '0'.
Related violations: <none>

AVAL-4#16 Advisory
enum_USE_DPORT_FALSE_enum_DREG_ADREG_0_connects_CED_CEAD_RSTD_GND  
DUT/conv_channels_gen[1].kernel/M2_0/U0/i_synth/device_supports_dsp.use_multadd_dsp/dsp48_multadd.multadd_usecase_inst/i_synth_option.i_synth_model/opt_vx7.i_uniwrap/i_primitive: DSP48E1 is not using the D port (USE_DPORT = FALSE). For improved power characteristics, set DREG and ADREG to '1', tie CED, CEAD, and RSTD to logic '0'.
Related violations: <none>

AVAL-4#17 Advisory
enum_USE_DPORT_FALSE_enum_DREG_ADREG_0_connects_CED_CEAD_RSTD_GND  
DUT/conv_channels_gen[1].kernel/M2_1/U0/i_synth/device_supports_dsp.use_multadd_dsp/dsp48_multadd.multadd_usecase_inst/i_synth_option.i_synth_model/opt_vx7.i_uniwrap/i_primitive: DSP48E1 is not using the D port (USE_DPORT = FALSE). For improved power characteristics, set DREG and ADREG to '1', tie CED, CEAD, and RSTD to logic '0'.
Related violations: <none>

AVAL-4#18 Advisory
enum_USE_DPORT_FALSE_enum_DREG_ADREG_0_connects_CED_CEAD_RSTD_GND  
DUT/conv_channels_gen[1].kernel/M2_2/U0/i_synth/device_supports_dsp.use_multadd_dsp/dsp48_multadd.multadd_usecase_inst/i_synth_option.i_synth_model/opt_vx7.i_uniwrap/i_primitive: DSP48E1 is not using the D port (USE_DPORT = FALSE). For improved power characteristics, set DREG and ADREG to '1', tie CED, CEAD, and RSTD to logic '0'.
Related violations: <none>

AVAL-4#19 Advisory
enum_USE_DPORT_FALSE_enum_DREG_ADREG_0_connects_CED_CEAD_RSTD_GND  
DUT/conv_channels_gen[2].kernel/M0_0/U0/i_synth/device_supports_dsp.use_multadd_dsp/dsp48_multadd.multadd_usecase_inst/i_synth_option.i_synth_model/opt_vx7.i_uniwrap/i_primitive: DSP48E1 is not using the D port (USE_DPORT = FALSE). For improved power characteristics, set DREG and ADREG to '1', tie CED, CEAD, and RSTD to logic '0'.
Related violations: <none>

AVAL-4#20 Advisory
enum_USE_DPORT_FALSE_enum_DREG_ADREG_0_connects_CED_CEAD_RSTD_GND  
DUT/conv_channels_gen[2].kernel/M0_1/U0/i_synth/device_supports_dsp.use_multadd_dsp/dsp48_multadd.multadd_usecase_inst/i_synth_option.i_synth_model/opt_vx7.i_uniwrap/i_primitive: DSP48E1 is not using the D port (USE_DPORT = FALSE). For improved power characteristics, set DREG and ADREG to '1', tie CED, CEAD, and RSTD to logic '0'.
Related violations: <none>

AVAL-4#21 Advisory
enum_USE_DPORT_FALSE_enum_DREG_ADREG_0_connects_CED_CEAD_RSTD_GND  
DUT/conv_channels_gen[2].kernel/M0_2/U0/i_synth/device_supports_dsp.use_multadd_dsp/dsp48_multadd.multadd_usecase_inst/i_synth_option.i_synth_model/opt_vx7.i_uniwrap/i_primitive: DSP48E1 is not using the D port (USE_DPORT = FALSE). For improved power characteristics, set DREG and ADREG to '1', tie CED, CEAD, and RSTD to logic '0'.
Related violations: <none>

AVAL-4#22 Advisory
enum_USE_DPORT_FALSE_enum_DREG_ADREG_0_connects_CED_CEAD_RSTD_GND  
DUT/conv_channels_gen[2].kernel/M1_0/U0/i_synth/device_supports_dsp.use_multadd_dsp/dsp48_multadd.multadd_usecase_inst/i_synth_option.i_synth_model/opt_vx7.i_uniwrap/i_primitive: DSP48E1 is not using the D port (USE_DPORT = FALSE). For improved power characteristics, set DREG and ADREG to '1', tie CED, CEAD, and RSTD to logic '0'.
Related violations: <none>

AVAL-4#23 Advisory
enum_USE_DPORT_FALSE_enum_DREG_ADREG_0_connects_CED_CEAD_RSTD_GND  
DUT/conv_channels_gen[2].kernel/M1_1/U0/i_synth/device_supports_dsp.use_multadd_dsp/dsp48_multadd.multadd_usecase_inst/i_synth_option.i_synth_model/opt_vx7.i_uniwrap/i_primitive: DSP48E1 is not using the D port (USE_DPORT = FALSE). For improved power characteristics, set DREG and ADREG to '1', tie CED, CEAD, and RSTD to logic '0'.
Related violations: <none>

AVAL-4#24 Advisory
enum_USE_DPORT_FALSE_enum_DREG_ADREG_0_connects_CED_CEAD_RSTD_GND  
DUT/conv_channels_gen[2].kernel/M1_2/U0/i_synth/device_supports_dsp.use_multadd_dsp/dsp48_multadd.multadd_usecase_inst/i_synth_option.i_synth_model/opt_vx7.i_uniwrap/i_primitive: DSP48E1 is not using the D port (USE_DPORT = FALSE). For improved power characteristics, set DREG and ADREG to '1', tie CED, CEAD, and RSTD to logic '0'.
Related violations: <none>

AVAL-4#25 Advisory
enum_USE_DPORT_FALSE_enum_DREG_ADREG_0_connects_CED_CEAD_RSTD_GND  
DUT/conv_channels_gen[2].kernel/M2_0/U0/i_synth/device_supports_dsp.use_multadd_dsp/dsp48_multadd.multadd_usecase_inst/i_synth_option.i_synth_model/opt_vx7.i_uniwrap/i_primitive: DSP48E1 is not using the D port (USE_DPORT = FALSE). For improved power characteristics, set DREG and ADREG to '1', tie CED, CEAD, and RSTD to logic '0'.
Related violations: <none>

AVAL-4#26 Advisory
enum_USE_DPORT_FALSE_enum_DREG_ADREG_0_connects_CED_CEAD_RSTD_GND  
DUT/conv_channels_gen[2].kernel/M2_1/U0/i_synth/device_supports_dsp.use_multadd_dsp/dsp48_multadd.multadd_usecase_inst/i_synth_option.i_synth_model/opt_vx7.i_uniwrap/i_primitive: DSP48E1 is not using the D port (USE_DPORT = FALSE). For improved power characteristics, set DREG and ADREG to '1', tie CED, CEAD, and RSTD to logic '0'.
Related violations: <none>

AVAL-4#27 Advisory
enum_USE_DPORT_FALSE_enum_DREG_ADREG_0_connects_CED_CEAD_RSTD_GND  
DUT/conv_channels_gen[2].kernel/M2_2/U0/i_synth/device_supports_dsp.use_multadd_dsp/dsp48_multadd.multadd_usecase_inst/i_synth_option.i_synth_model/opt_vx7.i_uniwrap/i_primitive: DSP48E1 is not using the D port (USE_DPORT = FALSE). For improved power characteristics, set DREG and ADREG to '1', tie CED, CEAD, and RSTD to logic '0'.
Related violations: <none>

AVAL-4#28 Advisory
enum_USE_DPORT_FALSE_enum_DREG_ADREG_0_connects_CED_CEAD_RSTD_GND  
DUT/conv_channels_gen[3].kernel/M0_0/U0/i_synth/device_supports_dsp.use_multadd_dsp/dsp48_multadd.multadd_usecase_inst/i_synth_option.i_synth_model/opt_vx7.i_uniwrap/i_primitive: DSP48E1 is not using the D port (USE_DPORT = FALSE). For improved power characteristics, set DREG and ADREG to '1', tie CED, CEAD, and RSTD to logic '0'.
Related violations: <none>

AVAL-4#29 Advisory
enum_USE_DPORT_FALSE_enum_DREG_ADREG_0_connects_CED_CEAD_RSTD_GND  
DUT/conv_channels_gen[3].kernel/M0_1/U0/i_synth/device_supports_dsp.use_multadd_dsp/dsp48_multadd.multadd_usecase_inst/i_synth_option.i_synth_model/opt_vx7.i_uniwrap/i_primitive: DSP48E1 is not using the D port (USE_DPORT = FALSE). For improved power characteristics, set DREG and ADREG to '1', tie CED, CEAD, and RSTD to logic '0'.
Related violations: <none>

AVAL-4#30 Advisory
enum_USE_DPORT_FALSE_enum_DREG_ADREG_0_connects_CED_CEAD_RSTD_GND  
DUT/conv_channels_gen[3].kernel/M0_2/U0/i_synth/device_supports_dsp.use_multadd_dsp/dsp48_multadd.multadd_usecase_inst/i_synth_option.i_synth_model/opt_vx7.i_uniwrap/i_primitive: DSP48E1 is not using the D port (USE_DPORT = FALSE). For improved power characteristics, set DREG and ADREG to '1', tie CED, CEAD, and RSTD to logic '0'.
Related violations: <none>

AVAL-4#31 Advisory
enum_USE_DPORT_FALSE_enum_DREG_ADREG_0_connects_CED_CEAD_RSTD_GND  
DUT/conv_channels_gen[3].kernel/M1_0/U0/i_synth/device_supports_dsp.use_multadd_dsp/dsp48_multadd.multadd_usecase_inst/i_synth_option.i_synth_model/opt_vx7.i_uniwrap/i_primitive: DSP48E1 is not using the D port (USE_DPORT = FALSE). For improved power characteristics, set DREG and ADREG to '1', tie CED, CEAD, and RSTD to logic '0'.
Related violations: <none>

AVAL-4#32 Advisory
enum_USE_DPORT_FALSE_enum_DREG_ADREG_0_connects_CED_CEAD_RSTD_GND  
DUT/conv_channels_gen[3].kernel/M1_1/U0/i_synth/device_supports_dsp.use_multadd_dsp/dsp48_multadd.multadd_usecase_inst/i_synth_option.i_synth_model/opt_vx7.i_uniwrap/i_primitive: DSP48E1 is not using the D port (USE_DPORT = FALSE). For improved power characteristics, set DREG and ADREG to '1', tie CED, CEAD, and RSTD to logic '0'.
Related violations: <none>

AVAL-4#33 Advisory
enum_USE_DPORT_FALSE_enum_DREG_ADREG_0_connects_CED_CEAD_RSTD_GND  
DUT/conv_channels_gen[3].kernel/M1_2/U0/i_synth/device_supports_dsp.use_multadd_dsp/dsp48_multadd.multadd_usecase_inst/i_synth_option.i_synth_model/opt_vx7.i_uniwrap/i_primitive: DSP48E1 is not using the D port (USE_DPORT = FALSE). For improved power characteristics, set DREG and ADREG to '1', tie CED, CEAD, and RSTD to logic '0'.
Related violations: <none>

AVAL-4#34 Advisory
enum_USE_DPORT_FALSE_enum_DREG_ADREG_0_connects_CED_CEAD_RSTD_GND  
DUT/conv_channels_gen[3].kernel/M2_0/U0/i_synth/device_supports_dsp.use_multadd_dsp/dsp48_multadd.multadd_usecase_inst/i_synth_option.i_synth_model/opt_vx7.i_uniwrap/i_primitive: DSP48E1 is not using the D port (USE_DPORT = FALSE). For improved power characteristics, set DREG and ADREG to '1', tie CED, CEAD, and RSTD to logic '0'.
Related violations: <none>

AVAL-4#35 Advisory
enum_USE_DPORT_FALSE_enum_DREG_ADREG_0_connects_CED_CEAD_RSTD_GND  
DUT/conv_channels_gen[3].kernel/M2_1/U0/i_synth/device_supports_dsp.use_multadd_dsp/dsp48_multadd.multadd_usecase_inst/i_synth_option.i_synth_model/opt_vx7.i_uniwrap/i_primitive: DSP48E1 is not using the D port (USE_DPORT = FALSE). For improved power characteristics, set DREG and ADREG to '1', tie CED, CEAD, and RSTD to logic '0'.
Related violations: <none>

AVAL-4#36 Advisory
enum_USE_DPORT_FALSE_enum_DREG_ADREG_0_connects_CED_CEAD_RSTD_GND  
DUT/conv_channels_gen[3].kernel/M2_2/U0/i_synth/device_supports_dsp.use_multadd_dsp/dsp48_multadd.multadd_usecase_inst/i_synth_option.i_synth_model/opt_vx7.i_uniwrap/i_primitive: DSP48E1 is not using the D port (USE_DPORT = FALSE). For improved power characteristics, set DREG and ADREG to '1', tie CED, CEAD, and RSTD to logic '0'.
Related violations: <none>

AVAL-4#37 Advisory
enum_USE_DPORT_FALSE_enum_DREG_ADREG_0_connects_CED_CEAD_RSTD_GND  
DUT/conv_channels_gen[4].kernel/M0_0/U0/i_synth/device_supports_dsp.use_multadd_dsp/dsp48_multadd.multadd_usecase_inst/i_synth_option.i_synth_model/opt_vx7.i_uniwrap/i_primitive: DSP48E1 is not using the D port (USE_DPORT = FALSE). For improved power characteristics, set DREG and ADREG to '1', tie CED, CEAD, and RSTD to logic '0'.
Related violations: <none>

AVAL-4#38 Advisory
enum_USE_DPORT_FALSE_enum_DREG_ADREG_0_connects_CED_CEAD_RSTD_GND  
DUT/conv_channels_gen[4].kernel/M0_1/U0/i_synth/device_supports_dsp.use_multadd_dsp/dsp48_multadd.multadd_usecase_inst/i_synth_option.i_synth_model/opt_vx7.i_uniwrap/i_primitive: DSP48E1 is not using the D port (USE_DPORT = FALSE). For improved power characteristics, set DREG and ADREG to '1', tie CED, CEAD, and RSTD to logic '0'.
Related violations: <none>

AVAL-4#39 Advisory
enum_USE_DPORT_FALSE_enum_DREG_ADREG_0_connects_CED_CEAD_RSTD_GND  
DUT/conv_channels_gen[4].kernel/M0_2/U0/i_synth/device_supports_dsp.use_multadd_dsp/dsp48_multadd.multadd_usecase_inst/i_synth_option.i_synth_model/opt_vx7.i_uniwrap/i_primitive: DSP48E1 is not using the D port (USE_DPORT = FALSE). For improved power characteristics, set DREG and ADREG to '1', tie CED, CEAD, and RSTD to logic '0'.
Related violations: <none>

AVAL-4#40 Advisory
enum_USE_DPORT_FALSE_enum_DREG_ADREG_0_connects_CED_CEAD_RSTD_GND  
DUT/conv_channels_gen[4].kernel/M1_0/U0/i_synth/device_supports_dsp.use_multadd_dsp/dsp48_multadd.multadd_usecase_inst/i_synth_option.i_synth_model/opt_vx7.i_uniwrap/i_primitive: DSP48E1 is not using the D port (USE_DPORT = FALSE). For improved power characteristics, set DREG and ADREG to '1', tie CED, CEAD, and RSTD to logic '0'.
Related violations: <none>

AVAL-4#41 Advisory
enum_USE_DPORT_FALSE_enum_DREG_ADREG_0_connects_CED_CEAD_RSTD_GND  
DUT/conv_channels_gen[4].kernel/M1_1/U0/i_synth/device_supports_dsp.use_multadd_dsp/dsp48_multadd.multadd_usecase_inst/i_synth_option.i_synth_model/opt_vx7.i_uniwrap/i_primitive: DSP48E1 is not using the D port (USE_DPORT = FALSE). For improved power characteristics, set DREG and ADREG to '1', tie CED, CEAD, and RSTD to logic '0'.
Related violations: <none>

AVAL-4#42 Advisory
enum_USE_DPORT_FALSE_enum_DREG_ADREG_0_connects_CED_CEAD_RSTD_GND  
DUT/conv_channels_gen[4].kernel/M1_2/U0/i_synth/device_supports_dsp.use_multadd_dsp/dsp48_multadd.multadd_usecase_inst/i_synth_option.i_synth_model/opt_vx7.i_uniwrap/i_primitive: DSP48E1 is not using the D port (USE_DPORT = FALSE). For improved power characteristics, set DREG and ADREG to '1', tie CED, CEAD, and RSTD to logic '0'.
Related violations: <none>

AVAL-4#43 Advisory
enum_USE_DPORT_FALSE_enum_DREG_ADREG_0_connects_CED_CEAD_RSTD_GND  
DUT/conv_channels_gen[4].kernel/M2_0/U0/i_synth/device_supports_dsp.use_multadd_dsp/dsp48_multadd.multadd_usecase_inst/i_synth_option.i_synth_model/opt_vx7.i_uniwrap/i_primitive: DSP48E1 is not using the D port (USE_DPORT = FALSE). For improved power characteristics, set DREG and ADREG to '1', tie CED, CEAD, and RSTD to logic '0'.
Related violations: <none>

AVAL-4#44 Advisory
enum_USE_DPORT_FALSE_enum_DREG_ADREG_0_connects_CED_CEAD_RSTD_GND  
DUT/conv_channels_gen[4].kernel/M2_1/U0/i_synth/device_supports_dsp.use_multadd_dsp/dsp48_multadd.multadd_usecase_inst/i_synth_option.i_synth_model/opt_vx7.i_uniwrap/i_primitive: DSP48E1 is not using the D port (USE_DPORT = FALSE). For improved power characteristics, set DREG and ADREG to '1', tie CED, CEAD, and RSTD to logic '0'.
Related violations: <none>

AVAL-4#45 Advisory
enum_USE_DPORT_FALSE_enum_DREG_ADREG_0_connects_CED_CEAD_RSTD_GND  
DUT/conv_channels_gen[4].kernel/M2_2/U0/i_synth/device_supports_dsp.use_multadd_dsp/dsp48_multadd.multadd_usecase_inst/i_synth_option.i_synth_model/opt_vx7.i_uniwrap/i_primitive: DSP48E1 is not using the D port (USE_DPORT = FALSE). For improved power characteristics, set DREG and ADREG to '1', tie CED, CEAD, and RSTD to logic '0'.
Related violations: <none>

AVAL-4#46 Advisory
enum_USE_DPORT_FALSE_enum_DREG_ADREG_0_connects_CED_CEAD_RSTD_GND  
DUT/conv_channels_gen[5].kernel/M0_0/U0/i_synth/device_supports_dsp.use_multadd_dsp/dsp48_multadd.multadd_usecase_inst/i_synth_option.i_synth_model/opt_vx7.i_uniwrap/i_primitive: DSP48E1 is not using the D port (USE_DPORT = FALSE). For improved power characteristics, set DREG and ADREG to '1', tie CED, CEAD, and RSTD to logic '0'.
Related violations: <none>

AVAL-4#47 Advisory
enum_USE_DPORT_FALSE_enum_DREG_ADREG_0_connects_CED_CEAD_RSTD_GND  
DUT/conv_channels_gen[5].kernel/M0_1/U0/i_synth/device_supports_dsp.use_multadd_dsp/dsp48_multadd.multadd_usecase_inst/i_synth_option.i_synth_model/opt_vx7.i_uniwrap/i_primitive: DSP48E1 is not using the D port (USE_DPORT = FALSE). For improved power characteristics, set DREG and ADREG to '1', tie CED, CEAD, and RSTD to logic '0'.
Related violations: <none>

AVAL-4#48 Advisory
enum_USE_DPORT_FALSE_enum_DREG_ADREG_0_connects_CED_CEAD_RSTD_GND  
DUT/conv_channels_gen[5].kernel/M0_2/U0/i_synth/device_supports_dsp.use_multadd_dsp/dsp48_multadd.multadd_usecase_inst/i_synth_option.i_synth_model/opt_vx7.i_uniwrap/i_primitive: DSP48E1 is not using the D port (USE_DPORT = FALSE). For improved power characteristics, set DREG and ADREG to '1', tie CED, CEAD, and RSTD to logic '0'.
Related violations: <none>

AVAL-4#49 Advisory
enum_USE_DPORT_FALSE_enum_DREG_ADREG_0_connects_CED_CEAD_RSTD_GND  
DUT/conv_channels_gen[5].kernel/M1_0/U0/i_synth/device_supports_dsp.use_multadd_dsp/dsp48_multadd.multadd_usecase_inst/i_synth_option.i_synth_model/opt_vx7.i_uniwrap/i_primitive: DSP48E1 is not using the D port (USE_DPORT = FALSE). For improved power characteristics, set DREG and ADREG to '1', tie CED, CEAD, and RSTD to logic '0'.
Related violations: <none>

AVAL-4#50 Advisory
enum_USE_DPORT_FALSE_enum_DREG_ADREG_0_connects_CED_CEAD_RSTD_GND  
DUT/conv_channels_gen[5].kernel/M1_1/U0/i_synth/device_supports_dsp.use_multadd_dsp/dsp48_multadd.multadd_usecase_inst/i_synth_option.i_synth_model/opt_vx7.i_uniwrap/i_primitive: DSP48E1 is not using the D port (USE_DPORT = FALSE). For improved power characteristics, set DREG and ADREG to '1', tie CED, CEAD, and RSTD to logic '0'.
Related violations: <none>

AVAL-4#51 Advisory
enum_USE_DPORT_FALSE_enum_DREG_ADREG_0_connects_CED_CEAD_RSTD_GND  
DUT/conv_channels_gen[5].kernel/M1_2/U0/i_synth/device_supports_dsp.use_multadd_dsp/dsp48_multadd.multadd_usecase_inst/i_synth_option.i_synth_model/opt_vx7.i_uniwrap/i_primitive: DSP48E1 is not using the D port (USE_DPORT = FALSE). For improved power characteristics, set DREG and ADREG to '1', tie CED, CEAD, and RSTD to logic '0'.
Related violations: <none>

AVAL-4#52 Advisory
enum_USE_DPORT_FALSE_enum_DREG_ADREG_0_connects_CED_CEAD_RSTD_GND  
DUT/conv_channels_gen[5].kernel/M2_0/U0/i_synth/device_supports_dsp.use_multadd_dsp/dsp48_multadd.multadd_usecase_inst/i_synth_option.i_synth_model/opt_vx7.i_uniwrap/i_primitive: DSP48E1 is not using the D port (USE_DPORT = FALSE). For improved power characteristics, set DREG and ADREG to '1', tie CED, CEAD, and RSTD to logic '0'.
Related violations: <none>

AVAL-4#53 Advisory
enum_USE_DPORT_FALSE_enum_DREG_ADREG_0_connects_CED_CEAD_RSTD_GND  
DUT/conv_channels_gen[5].kernel/M2_1/U0/i_synth/device_supports_dsp.use_multadd_dsp/dsp48_multadd.multadd_usecase_inst/i_synth_option.i_synth_model/opt_vx7.i_uniwrap/i_primitive: DSP48E1 is not using the D port (USE_DPORT = FALSE). For improved power characteristics, set DREG and ADREG to '1', tie CED, CEAD, and RSTD to logic '0'.
Related violations: <none>

AVAL-4#54 Advisory
enum_USE_DPORT_FALSE_enum_DREG_ADREG_0_connects_CED_CEAD_RSTD_GND  
DUT/conv_channels_gen[5].kernel/M2_2/U0/i_synth/device_supports_dsp.use_multadd_dsp/dsp48_multadd.multadd_usecase_inst/i_synth_option.i_synth_model/opt_vx7.i_uniwrap/i_primitive: DSP48E1 is not using the D port (USE_DPORT = FALSE). For improved power characteristics, set DREG and ADREG to '1', tie CED, CEAD, and RSTD to logic '0'.
Related violations: <none>

REQP-31#1 Advisory
enum_PREG_0_connects_CEP_GND  
DUT/conv_channels_gen[1].kernel/M2_2/U0/i_synth/device_supports_dsp.use_multadd_dsp/dsp48_multadd.multadd_usecase_inst/i_synth_option.i_synth_model/opt_vx7.i_uniwrap/i_primitive: When the DSP48E1 PREG attribute is set to 0, the CEP input pin should be tied to GND to save power.
Related violations: <none>

REQP-31#2 Advisory
enum_PREG_0_connects_CEP_GND  
DUT/conv_channels_gen[2].kernel/M2_2/U0/i_synth/device_supports_dsp.use_multadd_dsp/dsp48_multadd.multadd_usecase_inst/i_synth_option.i_synth_model/opt_vx7.i_uniwrap/i_primitive: When the DSP48E1 PREG attribute is set to 0, the CEP input pin should be tied to GND to save power.
Related violations: <none>

REQP-31#3 Advisory
enum_PREG_0_connects_CEP_GND  
DUT/conv_channels_gen[3].kernel/M2_2/U0/i_synth/device_supports_dsp.use_multadd_dsp/dsp48_multadd.multadd_usecase_inst/i_synth_option.i_synth_model/opt_vx7.i_uniwrap/i_primitive: When the DSP48E1 PREG attribute is set to 0, the CEP input pin should be tied to GND to save power.
Related violations: <none>

REQP-31#4 Advisory
enum_PREG_0_connects_CEP_GND  
DUT/conv_channels_gen[4].kernel/M2_2/U0/i_synth/device_supports_dsp.use_multadd_dsp/dsp48_multadd.multadd_usecase_inst/i_synth_option.i_synth_model/opt_vx7.i_uniwrap/i_primitive: When the DSP48E1 PREG attribute is set to 0, the CEP input pin should be tied to GND to save power.
Related violations: <none>

REQP-31#5 Advisory
enum_PREG_0_connects_CEP_GND  
DUT/conv_channels_gen[5].kernel/M2_2/U0/i_synth/device_supports_dsp.use_multadd_dsp/dsp48_multadd.multadd_usecase_inst/i_synth_option.i_synth_model/opt_vx7.i_uniwrap/i_primitive: When the DSP48E1 PREG attribute is set to 0, the CEP input pin should be tied to GND to save power.
Related violations: <none>


