Copyright 1986-2019 Xilinx, Inc. All Rights Reserved.
----------------------------------------------------------------------------------------------------------------------------------------------------------
| Tool Version     : Vivado v.2018.3.1 (lin64) Build 2489853 Tue Mar 26 04:18:30 MDT 2019
| Date             : Fri Mar 26 13:05:33 2021
| Host             : andrew-debian running 64-bit Debian GNU/Linux 10 (buster)
| Command          : report_power -file MNIST_Solver_power_routed.rpt -pb MNIST_Solver_power_summary_routed.pb -rpx MNIST_Solver_power_routed.rpx
| Design           : MNIST_Solver
| Device           : xc7a100tcsg324-1
| Design State     : routed
| Grade            : commercial
| Process          : typical
| Characterization : Production
----------------------------------------------------------------------------------------------------------------------------------------------------------

Power Report

Table of Contents
-----------------
1. Summary
1.1 On-Chip Components
1.2 Power Supply Summary
1.3 Confidence Level
2. Settings
2.1 Environment
2.2 Clock Constraints
3. Detailed Reports
3.1 By Hierarchy

1. Summary
----------

+--------------------------+--------------+
| Total On-Chip Power (W)  | 0.301        |
| Design Power Budget (W)  | Unspecified* |
| Power Budget Margin (W)  | NA           |
| Dynamic (W)              | 0.215        |
| Device Static (W)        | 0.086        |
| Effective TJA (C/W)      | 4.6          |
| Max Ambient (C)          | 83.6         |
| Junction Temperature (C) | 26.4         |
| Confidence Level         | Low          |
| Setting File             | ---          |
| Simulation Activity File | ---          |
| Design Nets Matched      | NA           |
+--------------------------+--------------+
* Specify Design Power Budget using, set_operating_conditions -design_power_budget <value in Watts>


1.1 On-Chip Components
----------------------

+----------------+-----------+----------+-----------+-----------------+
| On-Chip        | Power (W) | Used     | Available | Utilization (%) |
+----------------+-----------+----------+-----------+-----------------+
| Clocks         |     0.024 |        3 |       --- |             --- |
| Slice Logic    |     0.012 |    11592 |       --- |             --- |
|   LUT as Logic |     0.009 |     3535 |     63400 |            5.58 |
|   CARRY4       |     0.002 |      878 |     15850 |            5.54 |
|   Register     |    <0.001 |     5034 |    126800 |            3.97 |
|   Others       |     0.000 |      484 |       --- |             --- |
|   F7/F8 Muxes  |     0.000 |       36 |     63400 |            0.06 |
| Signals        |     0.031 |    18713 |       --- |             --- |
| Block RAM      |     0.041 |     16.5 |       135 |           12.22 |
| DSPs           |     0.106 |      164 |       240 |           68.33 |
| I/O            |    <0.001 |       55 |       210 |           26.19 |
| Static Power   |     0.086 |          |           |                 |
| Total          |     0.301 |          |           |                 |
+----------------+-----------+----------+-----------+-----------------+


1.2 Power Supply Summary
------------------------

+-----------+-------------+-----------+-------------+------------+
| Source    | Voltage (V) | Total (A) | Dynamic (A) | Static (A) |
+-----------+-------------+-----------+-------------+------------+
| Vccint    |       1.000 |     0.228 |       0.212 |      0.016 |
| Vccaux    |       1.800 |     0.018 |       0.000 |      0.018 |
| Vcco33    |       3.300 |     0.000 |       0.000 |      0.000 |
| Vcco25    |       2.500 |     0.000 |       0.000 |      0.000 |
| Vcco18    |       1.800 |     0.000 |       0.000 |      0.000 |
| Vcco15    |       1.500 |     0.000 |       0.000 |      0.000 |
| Vcco135   |       1.350 |     0.000 |       0.000 |      0.000 |
| Vcco12    |       1.200 |     0.000 |       0.000 |      0.000 |
| Vccaux_io |       1.800 |     0.000 |       0.000 |      0.000 |
| Vccbram   |       1.000 |     0.004 |       0.003 |      0.001 |
| MGTAVcc   |       1.000 |     0.000 |       0.000 |      0.000 |
| MGTAVtt   |       1.200 |     0.000 |       0.000 |      0.000 |
| Vccadc    |       1.800 |     0.020 |       0.000 |      0.020 |
+-----------+-------------+-----------+-------------+------------+


1.3 Confidence Level
--------------------

+-----------------------------+------------+--------------------------------------------------------+------------------------------------------------------------------------------------------------------------+
| User Input Data             | Confidence | Details                                                | Action                                                                                                     |
+-----------------------------+------------+--------------------------------------------------------+------------------------------------------------------------------------------------------------------------+
| Design implementation state | High       | Design is routed                                       |                                                                                                            |
| Clock nodes activity        | High       | User specified more than 95% of clocks                 |                                                                                                            |
| I/O nodes activity          | Low        | More than 75% of inputs are missing user specification | Provide missing input activity with simulation results or by editing the "By Resource Type -> I/Os" view   |
| Internal nodes activity     | Medium     | User specified less than 25% of internal nodes         | Provide missing internal nodes activity with simulation results or by editing the "By Resource Type" views |
| Device models               | High       | Device models are Production                           |                                                                                                            |
|                             |            |                                                        |                                                                                                            |
| Overall confidence level    | Low        |                                                        |                                                                                                            |
+-----------------------------+------------+--------------------------------------------------------+------------------------------------------------------------------------------------------------------------+


2. Settings
-----------

2.1 Environment
---------------

+-----------------------+--------------------------+
| Ambient Temp (C)      | 25.0                     |
| ThetaJA (C/W)         | 4.6                      |
| Airflow (LFM)         | 250                      |
| Heat Sink             | medium (Medium Profile)  |
| ThetaSA (C/W)         | 4.6                      |
| Board Selection       | medium (10"x10")         |
| # of Board Layers     | 12to15 (12 to 15 Layers) |
| Board Temperature (C) | 25.0                     |
+-----------------------+--------------------------+


2.2 Clock Constraints
---------------------

+-------+--------+-----------------+
| Clock | Domain | Constraint (ns) |
+-------+--------+-----------------+
| clock | clock  |             8.0 |
+-------+--------+-----------------+


3. Detailed Reports
-------------------

3.1 By Hierarchy
----------------

+----------------------------------+-----------+
| Name                             | Power (W) |
+----------------------------------+-----------+
| MNIST_Solver                     |     0.215 |
|   C1                             |     0.055 |
|     conv_channels_gen[0].kernel  |     0.009 |
|       M2_1                       |     0.001 |
|       M2_2                       |     0.001 |
|     conv_channels_gen[1].kernel  |     0.008 |
|       M2_2                       |     0.001 |
|     conv_channels_gen[2].kernel  |     0.009 |
|       M2_1                       |     0.001 |
|       M2_2                       |     0.001 |
|     conv_channels_gen[3].kernel  |     0.009 |
|       M2_2                       |     0.001 |
|     conv_channels_gen[4].kernel  |     0.008 |
|       M2_2                       |     0.001 |
|     conv_channels_gen[5].kernel  |     0.009 |
|       M2_1                       |     0.001 |
|       M2_2                       |     0.001 |
|   C2                             |     0.093 |
|     conv_channels_gen[0].kernel  |     0.004 |
|       M3                         |     0.001 |
|     conv_channels_gen[10].kernel |     0.004 |
|       M3                         |     0.001 |
|     conv_channels_gen[11].kernel |     0.004 |
|       M3                         |     0.001 |
|     conv_channels_gen[12].kernel |     0.004 |
|       M3                         |     0.001 |
|     conv_channels_gen[13].kernel |     0.004 |
|       M3                         |     0.001 |
|     conv_channels_gen[14].kernel |     0.004 |
|       M3                         |     0.001 |
|     conv_channels_gen[15].kernel |     0.004 |
|       M3                         |     0.001 |
|     conv_channels_gen[16].kernel |     0.004 |
|       M3                         |     0.001 |
|     conv_channels_gen[17].kernel |     0.004 |
|       M3                         |     0.001 |
|     conv_channels_gen[18].kernel |     0.004 |
|       M3                         |     0.001 |
|     conv_channels_gen[19].kernel |     0.005 |
|       M3                         |     0.002 |
|     conv_channels_gen[1].kernel  |     0.004 |
|       M3                         |     0.001 |
|     conv_channels_gen[2].kernel  |     0.005 |
|       M3                         |     0.001 |
|     conv_channels_gen[3].kernel  |     0.004 |
|       M3                         |     0.001 |
|     conv_channels_gen[4].kernel  |     0.004 |
|       M3                         |     0.001 |
|     conv_channels_gen[5].kernel  |     0.004 |
|       M3                         |     0.001 |
|     conv_channels_gen[6].kernel  |     0.004 |
|       M3                         |     0.001 |
|     conv_channels_gen[7].kernel  |     0.004 |
|       M3                         |     0.001 |
|     conv_channels_gen[8].kernel  |     0.004 |
|       M3                         |     0.001 |
|     conv_channels_gen[9].kernel  |     0.004 |
|       M3                         |     0.001 |
|   FC                             |     0.003 |
|   GA                             |     0.009 |
|   MP                             |     0.003 |
|   c2_wbuf                        |     0.006 |
|   conv_2_obuf_gen[0].c2_obuf     |     0.001 |
|     ram                          |     0.001 |
|       U0                         |     0.001 |
|   conv_2_obuf_gen[10].c2_obuf    |     0.001 |
|     ram                          |     0.001 |
|       U0                         |     0.001 |
|   conv_2_obuf_gen[11].c2_obuf    |     0.001 |
|     ram                          |     0.001 |
|       U0                         |     0.001 |
|   conv_2_obuf_gen[12].c2_obuf    |     0.001 |
|     ram                          |     0.001 |
|       U0                         |     0.001 |
|   conv_2_obuf_gen[13].c2_obuf    |     0.001 |
|     ram                          |     0.001 |
|       U0                         |     0.001 |
|   conv_2_obuf_gen[14].c2_obuf    |     0.001 |
|     ram                          |     0.001 |
|       U0                         |     0.001 |
|   conv_2_obuf_gen[15].c2_obuf    |     0.001 |
|     ram                          |     0.001 |
|       U0                         |     0.001 |
|   conv_2_obuf_gen[16].c2_obuf    |     0.001 |
|     ram                          |     0.001 |
|       U0                         |     0.001 |
|   conv_2_obuf_gen[17].c2_obuf    |     0.001 |
|     ram                          |     0.001 |
|       U0                         |     0.001 |
|   conv_2_obuf_gen[18].c2_obuf    |     0.001 |
|     ram                          |     0.001 |
|       U0                         |     0.001 |
|   conv_2_obuf_gen[19].c2_obuf    |     0.001 |
|     ram                          |     0.001 |
|       U0                         |     0.001 |
|   conv_2_obuf_gen[1].c2_obuf     |     0.001 |
|     ram                          |     0.001 |
|       U0                         |     0.001 |
|   conv_2_obuf_gen[2].c2_obuf     |     0.001 |
|     ram                          |     0.001 |
|       U0                         |     0.001 |
|   conv_2_obuf_gen[3].c2_obuf     |     0.001 |
|     ram                          |     0.001 |
|       U0                         |     0.001 |
|   conv_2_obuf_gen[4].c2_obuf     |     0.001 |
|     ram                          |     0.001 |
|       U0                         |     0.001 |
|   conv_2_obuf_gen[5].c2_obuf     |     0.001 |
|     ram                          |     0.001 |
|       U0                         |     0.001 |
|   conv_2_obuf_gen[6].c2_obuf     |     0.001 |
|     ram                          |     0.001 |
|       U0                         |     0.001 |
|   conv_2_obuf_gen[7].c2_obuf     |     0.001 |
|     ram                          |     0.001 |
|       U0                         |     0.001 |
|   conv_2_obuf_gen[8].c2_obuf     |     0.001 |
|     ram                          |     0.001 |
|       U0                         |     0.001 |
|   conv_2_obuf_gen[9].c2_obuf     |     0.001 |
|     ram                          |     0.001 |
|       U0                         |     0.001 |
|   in_buf                         |     0.003 |
|     ram                          |     0.003 |
|       U0                         |     0.003 |
|   obuf_gen[0].c1_obuf            |     0.002 |
|     ram                          |     0.002 |
|       U0                         |     0.002 |
|   obuf_gen[0].mp_obuf            |     0.001 |
|     ram                          |     0.001 |
|       U0                         |     0.001 |
|   obuf_gen[1].c1_obuf            |     0.002 |
|     ram                          |     0.002 |
|       U0                         |     0.002 |
|   obuf_gen[1].mp_obuf            |     0.001 |
|     ram                          |     0.001 |
|       U0                         |     0.001 |
|   obuf_gen[2].c1_obuf            |     0.002 |
|     ram                          |     0.002 |
|       U0                         |     0.002 |
|   obuf_gen[2].mp_obuf            |     0.001 |
|     ram                          |     0.001 |
|       U0                         |     0.001 |
|   obuf_gen[3].c1_obuf            |     0.002 |
|     ram                          |     0.002 |
|       U0                         |     0.002 |
|   obuf_gen[3].mp_obuf            |     0.001 |
|     ram                          |     0.001 |
|       U0                         |     0.001 |
|   obuf_gen[4].c1_obuf            |     0.002 |
|     ram                          |     0.002 |
|       U0                         |     0.002 |
|   obuf_gen[4].mp_obuf            |     0.001 |
|     ram                          |     0.001 |
|       U0                         |     0.001 |
|   obuf_gen[5].c1_obuf            |     0.002 |
|     ram                          |     0.002 |
|       U0                         |     0.002 |
|   obuf_gen[5].mp_obuf            |     0.001 |
|     ram                          |     0.001 |
|       U0                         |     0.001 |
+----------------------------------+-----------+


